GATEWAY	2018-05-10 13:25:25	[SEND REQUEST]

FORM	2018-05-10 13:25:25	[REQUEST FILE]
- Report : D:/project/sabok/com/help/hlp01001.jrf

DATA	2018-05-10 13:25:25	DATA QUERY START
- sql id : LIST
- Db charset : KSC5601
- Sql
<
{ call SABOWNER.PR_COMTB_HELP01_LIST( 'LIST003',  ? ,  ? ,   ? ,  ? ,  ? ,  ? ,  ? ,  ? ,  ? ,  ? ,  ? , ? , ? ,  *CURSOR) }
 #String#SABOK01#String##String##String##String##String##String##String##String##String##String##String##String##
>
DATA	2018-05-10 13:25:25	GET DATA
- Row size : 77
DATA	2018-05-10 13:25:25	DATA QUERY END
GATEWAY	2018-05-10 13:25:26	[SEND RESPONSE]

GATEWAY	2018-05-10 13:25:34	[SEND REQUEST]

GATEWAY	2018-05-10 13:26:07	[SEND RESPONSE]

GATEWAY	2018-05-10 13:27:06	[SEND REQUEST]

GATEWAY	2018-05-10 13:27:39	[SEND RESPONSE]

GATEWAY	2018-05-10 13:27:55	[SEND REQUEST]

GATEWAY	2018-05-10 13:28:06	[SEND RESPONSE]

GATEWAY	2018-05-10 13:28:06	[SEND REQUEST]

GATEWAY	2018-05-10 13:28:08	[SEND RESPONSE]

GATEWAY	2018-05-10 13:28:34	[SEND REQUEST]

GATEWAY	2018-05-10 13:29:10	[SEND RESPONSE]

GATEWAY	2018-05-10 14:11:50	[SEND REQUEST]

GATEWAY	2018-05-10 14:12:25	[SEND RESPONSE]

GATEWAY	2018-05-10 14:28:51	[SEND REQUEST]

GATEWAY	2018-05-10 14:28:51	[SEND REQUEST]

GATEWAY	2018-05-10 14:28:51	[SEND REQUEST]

GATEWAY	2018-05-10 14:28:51	[SEND RESPONSE]

GATEWAY	2018-05-10 14:28:51	[SEND RESPONSE]

GATEWAY	2018-05-10 14:28:51	[SEND RESPONSE]

GATEWAY	2018-05-10 14:28:52	[SEND REQUEST]

GATEWAY	2018-05-10 14:28:52	[SEND RESPONSE]

GATEWAY	2018-05-10 14:28:53	[SEND REQUEST]

GATEWAY	2018-05-10 14:28:53	[SEND REQUEST]

GATEWAY	2018-05-10 14:28:53	[SEND RESPONSE]

GATEWAY	2018-05-10 14:28:53	[SEND RESPONSE]

GATEWAY	2018-05-10 14:28:54	[SEND REQUEST]

GATEWAY	2018-05-10 14:28:54	[SEND RESPONSE]

GATEWAY	2018-05-10 14:28:54	[SEND REQUEST]

GATEWAY	2018-05-10 14:28:54	[SEND REQUEST]

GATEWAY	2018-05-10 14:28:54	[SEND RESPONSE]

GATEWAY	2018-05-10 14:28:54	[SEND RESPONSE]

GATEWAY	2018-05-10 14:28:54	[SEND REQUEST]

GATEWAY	2018-05-10 14:28:54	[SEND RESPONSE]

GATEWAY	2018-05-10 14:28:55	[SEND REQUEST]

GATEWAY	2018-05-10 14:28:55	[SEND REQUEST]

GATEWAY	2018-05-10 14:28:55	[SEND RESPONSE]

GATEWAY	2018-05-10 14:28:55	[SEND RESPONSE]

GATEWAY	2018-05-10 14:28:55	[SEND REQUEST]

GATEWAY	2018-05-10 14:28:55	[SEND RESPONSE]

GATEWAY	2018-05-10 14:28:55	[SEND REQUEST]

GATEWAY	2018-05-10 14:28:55	[SEND REQUEST]

GATEWAY	2018-05-10 14:28:55	[SEND RESPONSE]

GATEWAY	2018-05-10 14:28:55	[SEND RESPONSE]

GATEWAY	2018-05-10 14:28:56	[SEND REQUEST]

GATEWAY	2018-05-10 14:28:56	[SEND RESPONSE]

GATEWAY	2018-05-10 14:28:56	[SEND REQUEST]

GATEWAY	2018-05-10 14:28:56	[SEND REQUEST]

GATEWAY	2018-05-10 14:28:56	[SEND RESPONSE]

GATEWAY	2018-05-10 14:28:56	[SEND RESPONSE]

GATEWAY	2018-05-10 14:28:57	[SEND REQUEST]

GATEWAY	2018-05-10 14:28:57	[SEND RESPONSE]

GATEWAY	2018-05-10 14:28:57	[SEND REQUEST]

GATEWAY	2018-05-10 14:28:57	[SEND REQUEST]

GATEWAY	2018-05-10 14:28:57	[SEND RESPONSE]

GATEWAY	2018-05-10 14:28:57	[SEND RESPONSE]

GATEWAY	2018-05-10 14:28:58	[SEND REQUEST]

GATEWAY	2018-05-10 14:28:58	[SEND RESPONSE]

GATEWAY	2018-05-10 14:28:58	[SEND REQUEST]

GATEWAY	2018-05-10 14:28:58	[SEND RESPONSE]

GATEWAY	2018-05-10 14:28:58	[SEND REQUEST]

GATEWAY	2018-05-10 14:28:58	[SEND RESPONSE]

GATEWAY	2018-05-10 14:28:59	[SEND REQUEST]

GATEWAY	2018-05-10 14:28:59	[SEND REQUEST]

GATEWAY	2018-05-10 14:28:59	[SEND RESPONSE]

GATEWAY	2018-05-10 14:28:59	[SEND RESPONSE]

GATEWAY	2018-05-10 14:29:00	[SEND REQUEST]

GATEWAY	2018-05-10 14:29:00	[SEND RESPONSE]

GATEWAY	2018-05-10 14:29:01	[SEND REQUEST]

GATEWAY	2018-05-10 14:29:01	[SEND REQUEST]

GATEWAY	2018-05-10 14:29:01	[SEND RESPONSE]

GATEWAY	2018-05-10 14:29:01	[SEND RESPONSE]

GATEWAY	2018-05-10 14:29:01	[SEND REQUEST]

GATEWAY	2018-05-10 14:29:01	[SEND REQUEST]

GATEWAY	2018-05-10 14:29:01	[SEND RESPONSE]

GATEWAY	2018-05-10 14:29:01	[SEND RESPONSE]

GATEWAY	2018-05-10 14:29:02	[SEND REQUEST]

GATEWAY	2018-05-10 14:29:02	[SEND RESPONSE]

GATEWAY	2018-05-10 14:29:02	[SEND REQUEST]

GATEWAY	2018-05-10 14:29:02	[SEND REQUEST]

GATEWAY	2018-05-10 14:29:02	[SEND RESPONSE]

GATEWAY	2018-05-10 14:29:02	[SEND RESPONSE]

GATEWAY	2018-05-10 14:29:03	[SEND REQUEST]

GATEWAY	2018-05-10 14:29:03	[SEND RESPONSE]

GATEWAY	2018-05-10 14:29:03	[SEND REQUEST]

GATEWAY	2018-05-10 14:29:03	[SEND REQUEST]

GATEWAY	2018-05-10 14:29:03	[SEND RESPONSE]

GATEWAY	2018-05-10 14:29:03	[SEND RESPONSE]

GATEWAY	2018-05-10 14:29:04	[SEND REQUEST]

GATEWAY	2018-05-10 14:29:04	[SEND RESPONSE]

GATEWAY	2018-05-10 14:29:05	[SEND REQUEST]

GATEWAY	2018-05-10 14:29:05	[SEND REQUEST]

GATEWAY	2018-05-10 14:29:05	[SEND RESPONSE]

GATEWAY	2018-05-10 14:29:05	[SEND RESPONSE]

GATEWAY	2018-05-10 14:29:09	[SEND REQUEST]

GATEWAY	2018-05-10 14:29:09	[SEND RESPONSE]

GATEWAY	2018-05-10 14:29:09	[SEND REQUEST]

GATEWAY	2018-05-10 14:29:09	[SEND RESPONSE]

GATEWAY	2018-05-10 14:29:09	[SEND REQUEST]

GATEWAY	2018-05-10 14:29:09	[SEND RESPONSE]

GATEWAY	2018-05-10 14:30:11	[SEND REQUEST]

GATEWAY	2018-05-10 14:30:11	[SEND REQUEST]

GATEWAY	2018-05-10 14:30:11	[SEND RESPONSE]

GATEWAY	2018-05-10 14:30:11	[SEND RESPONSE]

GATEWAY	2018-05-10 14:30:19	[SEND REQUEST]

GATEWAY	2018-05-10 14:30:19	[SEND RESPONSE]

GATEWAY	2018-05-10 14:30:21	[SEND REQUEST]

GATEWAY	2018-05-10 14:30:21	[SEND RESPONSE]

GATEWAY	2018-05-10 14:30:23	[SEND REQUEST]

GATEWAY	2018-05-10 14:30:36	[SEND RESPONSE]

GATEWAY	2018-05-10 14:30:36	[SEND REQUEST]

GATEWAY	2018-05-10 14:30:38	[SEND RESPONSE]

GATEWAY	2018-05-10 14:31:03	[SEND REQUEST]

GATEWAY	2018-05-10 14:31:40	[SEND RESPONSE]

