2019-12-22 01:08:25 오전 DEBUG [egovframework.cbiz.service.impl.CommDBDAO] {call PR_COMTB_NOTI01_LIST (? ,? ,? ,? ,? ,? ,? ,? ,? ,? ,? ,? ,? ,? ,? )}
 PARAM NAME : [action_type]   VAL : [LIST002]
2019-12-22 01:08:43 오전 DEBUG [egovframework.cbiz.service.impl.CommDBDAO] {call PR_INSTB_EMPL01 (? ,? ,? ,? ,? ,? ,? ,? ,? ,? ,? ,? ,? ,? ,? ,? ,? ,? ,? ,? ,? ,? ,? ,? ,? ,? ,? ,? ,? ,? ,? ,? ,? )}
 PARAM NAME : [action_type]   VAL : [SELECT_LOGIN]
 PARAM NAME : [dbo]   VAL : [SABOK01]
 PARAM NAME : [user_id]   VAL : [admin]
 PARAM NAME : [pswd]   VAL : [$u9o3767]
 PARAM NAME : [connect_ip]   VAL : [114.205.242.224]
2019-12-22 01:08:43 오전 DEBUG [egovframework.cbiz.service.impl.CommDBDAO] {call PR_INSTB_EMPL01 (? ,? ,? ,? ,? ,? ,? ,? ,? ,? ,? ,? ,? ,? ,? ,? ,? ,? ,? ,? ,? ,? ,? ,? ,? ,? ,? ,? ,? ,? ,? ,? ,? )}
 PARAM NAME : [action_type]   VAL : [UPDATE_CNT]
 PARAM NAME : [dbo]   VAL : [SABOK01]
 PARAM NAME : [empl_no]   VAL : [admin]
 PARAM NAME : [user_id]   VAL : [admin]
 PARAM NAME : [pswd]   VAL : [$u9o3767]
 PARAM NAME : [connect_ip]   VAL : [114.205.242.224]
2019-12-22 01:08:43 오전 DEBUG [egovframework.cbiz.service.impl.CommDBDAO] {call PR_SYSTB_DATE01 (? ,? ,? ,? ,? ,? ,? ,? )}
 PARAM NAME : [action_type]   VAL : [UPDATE_CNT]
 PARAM NAME : [dbo]   VAL : [SABOK01]
2019-12-22 01:08:43 오전 DEBUG [egovframework.cbiz.service.impl.CommDBDAO] {call PR_SYSTB_MENU01_LIST (? ,? ,? ,? ,? ,? ,? ,? ,? ,? ,? ,? ,? ,? ,? )}
 PARAM NAME : [action_type]   VAL : [LIST001]
 PARAM NAME : [dbo]   VAL : [SABOK01]
 PARAM NAME : [param01]   VAL : [admin]
2019-12-22 01:08:43 오전 DEBUG [egovframework.cbiz.service.impl.CommDBDAO] {call PR_COMTB_MESG02 (? ,? ,? ,? ,? ,? ,? ,? ,? ,? ,? ,? ,? ,? )}
 PARAM NAME : [action_type]   VAL : [SELECT_RECEIVE_COUNT]
 PARAM NAME : [dbo]   VAL : [SABOK01]
 PARAM NAME : [sign_empl_no]   VAL : [admin]
 PARAM NAME : [sys_reg_id]   VAL : [admin]
2019-12-22 01:08:43 오전 DEBUG [egovframework.cbiz.service.impl.CommDBDAO] {call PR_INSTB_EMPL01 (? ,? ,? ,? ,? ,? ,? ,? ,? ,? ,? ,? ,? ,? ,? ,? ,? ,? ,? ,? ,? ,? ,? ,? ,? ,? ,? ,? ,? ,? ,? ,? ,? )}
 PARAM NAME : [action_type]   VAL : [SELECT]
 PARAM NAME : [dbo]   VAL : [SABOK01]
 PARAM NAME : [empl_no]   VAL : [admin]
 PARAM NAME : [connect_ip]   VAL : [114.205.242.224]
 PARAM NAME : [sys_reg_id]   VAL : [admin]
2019-12-22 01:08:43 오전 DEBUG [egovframework.cbiz.service.impl.CommDBDAO] {call PR_COMTB_CORP01 (? ,? ,? ,? ,? ,? ,? ,? ,? ,? ,? ,? ,? ,? ,? ,? ,? ,? ,? ,? ,? ,? ,? ,? ,? ,? ,? ,? ,? ,? ,? ,? ,? ,? ,? ,? ,? ,? ,? ,? ,? ,? ,? ,? ,? ,? ,? ,? ,? ,? ,? ,? ,? ,? ,? ,? ,? )}
 PARAM NAME : [action_type]   VAL : [SELECT]
 PARAM NAME : [dbo]   VAL : [SABOK01]
 PARAM NAME : [corp_cd]   VAL : [SABOK01]
 PARAM NAME : [sys_reg_id]   VAL : [admin]
2019-12-22 01:08:43 오전 DEBUG [egovframework.cbiz.service.impl.CommDBDAO] {call PR_COMTB_NOTI01_LIST (? ,? ,? ,? ,? ,? ,? ,? ,? ,? ,? ,? ,? ,? ,? )}
 PARAM NAME : [action_type]   VAL : [LIST002]
 PARAM NAME : [dbo]   VAL : [SABOK01]
2019-12-22 01:08:43 오전 DEBUG [egovframework.cbiz.service.impl.CommDBDAO] {call PR_COMTB_CORP01_LIST (? ,? ,? ,? ,? ,? ,? ,? ,? ,? ,? ,? ,? ,? )}
 PARAM NAME : [action_type]   VAL : [LISTCODE]
2019-12-22 01:08:43 오전 DEBUG [egovframework.cbiz.service.impl.CommDBDAO] {call PR_COMTB_MESG01_LIST (? ,? ,? ,? ,? ,? ,? ,? ,? ,? ,? ,? ,? ,? ,? )}
 PARAM NAME : [action_type]   VAL : [LIST001]
 PARAM NAME : [dbo]   VAL : [SABOK01]
 PARAM NAME : [param01]   VAL : [admin]
 PARAM NAME : [param07]   VAL : [1,2]
2019-12-22 01:08:44 오전 DEBUG [egovframework.cbiz.service.impl.CommDBDAO] {call PR_BOKTB_MAST01_LIST (? ,? ,? ,? ,? ,? ,? ,? ,? ,? ,? ,? ,? ,? ,? )}
 PARAM NAME : [action_type]   VAL : [LIST004]
 PARAM NAME : [dbo]   VAL : [SABOK01]
 PARAM NAME : [param01]   VAL : [admin]
 PARAM NAME : [param07]   VAL : [1,2]
2019-12-22 01:08:44 오전 DEBUG [egovframework.cbiz.service.impl.CommDBDAO] {call PR_SYSTB_MEMO01_LIST (? ,? ,? ,? ,? ,? ,? ,? ,? ,? ,? ,? ,? ,? ,? )}
 PARAM NAME : [action_type]   VAL : [LIST002]
 PARAM NAME : [dbo]   VAL : [SABOK01]
 PARAM NAME : [param01]   VAL : [admin]
 PARAM NAME : [param02]   VAL : [201912]
 PARAM NAME : [param07]   VAL : [1,2]
2019-12-22 01:08:44 오전 DEBUG [egovframework.cbiz.service.impl.CommDBDAO] {call PR_SYSTB_DATE01 (? ,? ,? ,? ,? ,? ,? ,? )}
 PARAM NAME : [action_type]   VAL : [SELECT_WEEKLY]
 PARAM NAME : [dbo]   VAL : [SABOK01]
 PARAM NAME : [sys_ymd]   VAL : [20191222]
 PARAM NAME : [sys_reg_id]   VAL : [admin]
2019-12-22 01:08:44 오전 DEBUG [egovframework.cbiz.service.impl.CommDBDAO] {call PR_BUDTB_CODE01_LIST (? ,? ,? ,? ,? ,? ,? ,? ,? ,? ,? ,? ,? ,? ,? )}
 PARAM NAME : [action_type]   VAL : [LIST001]
 PARAM NAME : [dbo]   VAL : [SABOK01]
2019-12-22 01:10:57 오전 DEBUG [egovframework.cbiz.service.impl.CommDBDAO] {call PR_INSTB_EMPL01_LIST (? ,? ,? ,? ,? ,? ,? ,? ,? ,? ,? ,? ,? ,? ,? )}
 PARAM NAME : [action_type]   VAL : [LIST001]
 PARAM NAME : [dbo]   VAL : [SABOK01]
2019-12-22 01:10:57 오전 DEBUG [egovframework.cbiz.service.impl.CommDBDAO] {call PR_COMTB_CODE02_LIST (? ,? ,? ,? ,? ,? ,? ,? ,? ,? ,? ,? ,? ,? )}
 PARAM NAME : [action_type]   VAL : [LISTCODE]
 PARAM NAME : [param01]   VAL : [empl_class@SABOK01]
2019-12-22 01:10:57 오전 DEBUG [egovframework.cbiz.service.impl.CommDBDAO] {call PR_INSTB_DEPT01_LIST (? ,? ,? ,? ,? ,? ,? ,? ,? ,? ,? ,? ,? ,? ,? )}
 PARAM NAME : [action_type]   VAL : [LISTCODE]
 PARAM NAME : [dbo]   VAL : [SABOK01]
2019-12-22 01:10:57 오전 DEBUG [egovframework.cbiz.service.impl.CommDBDAO] {call PR_INSTB_EMPL01 (? ,? ,? ,? ,? ,? ,? ,? ,? ,? ,? ,? ,? ,? ,? ,? ,? ,? ,? ,? ,? ,? ,? ,? ,? ,? ,? ,? ,? ,? ,? ,? ,? )}
 PARAM NAME : [action_type]   VAL : [SELECT]
 PARAM NAME : [dbo]   VAL : [SABOK01]
 PARAM NAME : [empl_no]   VAL : [2013111170]
 PARAM NAME : [connect_ip]   VAL : [114.205.242.224]
 PARAM NAME : [sys_reg_id]   VAL : [admin]
2019-12-22 02:03:54 오전 DEBUG [egovframework.cbiz.service.impl.CommDBDAO] {call PR_COMTB_CORP01_LIST (? ,? ,? ,? ,? ,? ,? ,? ,? ,? ,? ,? ,? ,? )}
 PARAM NAME : [action_type]   VAL : [LIST001]
2019-12-22 02:03:55 오전 DEBUG [egovframework.cbiz.service.impl.CommDBDAO] {call PR_COMTB_CODE02_LIST (? ,? ,? ,? ,? ,? ,? ,? ,? ,? ,? ,? ,? ,? )}
 PARAM NAME : [action_type]   VAL : [LISTCODE]
 PARAM NAME : [param01]   VAL : [corp_scale]
2019-12-22 02:03:55 오전 DEBUG [egovframework.cbiz.service.impl.CommDBDAO] {call PR_COMTB_CODE02_LIST (? ,? ,? ,? ,? ,? ,? ,? ,? ,? ,? ,? ,? ,? )}
 PARAM NAME : [action_type]   VAL : [LISTCODE]
 PARAM NAME : [param01]   VAL : [repl_cycle]
2019-12-22 02:03:59 오전 DEBUG [egovframework.cbiz.service.impl.CommDBDAO] {call PR_COMTB_CODE02_LIST (? ,? ,? ,? ,? ,? ,? ,? ,? ,? ,? ,? ,? ,? )}
 PARAM NAME : [action_type]   VAL : [LIST001]
 PARAM NAME : [param01]   VAL : [tax_report]
 PARAM NAME : [param05]   VAL : [Y]
2019-12-22 02:03:59 오전 DEBUG [egovframework.cbiz.service.impl.CommDBDAO] {call PR_COMTB_CORP01 (? ,? ,? ,? ,? ,? ,? ,? ,? ,? ,? ,? ,? ,? ,? ,? ,? ,? ,? ,? ,? ,? ,? ,? ,? ,? ,? ,? ,? ,? ,? ,? ,? ,? ,? ,? ,? ,? ,? ,? ,? ,? ,? ,? ,? ,? ,? ,? ,? ,? ,? ,? ,? ,? ,? ,? ,? )}
 PARAM NAME : [action_type]   VAL : [SELECT]
 PARAM NAME : [dbo]   VAL : [SABOK01]
 PARAM NAME : [sys_reg_id]   VAL : [admin]
 PARAM NAME : [std_yy]   VAL : [2018]
2019-12-22 02:03:59 오전 DEBUG [egovframework.cbiz.service.impl.CommDBDAO] {call PR_ACC_TAX_REPORT (? ,? ,? ,? ,? ,? ,? ,? ,? ,? ,? ,? ,? ,? ,? )}
 PARAM NAME : [action_type]   VAL : [LIST002]
 PARAM NAME : [dbo]   VAL : [SABOK01]
 PARAM NAME : [param01]   VAL : [201812]
 PARAM NAME : [param03]   VAL : [61001]
2019-12-22 02:03:59 오전 DEBUG [egovframework.cbiz.service.impl.CommDBDAO] {call PR_ACC_TAX_REPORT (? ,? ,? ,? ,? ,? ,? ,? ,? ,? ,? ,? ,? ,? ,? )}
 PARAM NAME : [action_type]   VAL : [LIST002]
 PARAM NAME : [dbo]   VAL : [SABOK01]
 PARAM NAME : [param01]   VAL : [201812]
 PARAM NAME : [param03]   VAL : [61002]
2019-12-22 02:03:59 오전 DEBUG [egovframework.cbiz.service.impl.CommDBDAO] {call PR_ACC_TAX_REPORT (? ,? ,? ,? ,? ,? ,? ,? ,? ,? ,? ,? ,? ,? ,? )}
 PARAM NAME : [action_type]   VAL : [LIST002]
 PARAM NAME : [dbo]   VAL : [SABOK01]
 PARAM NAME : [param01]   VAL : [201812]
 PARAM NAME : [param03]   VAL : [1110901]
2019-12-22 02:03:59 오전 DEBUG [egovframework.cbiz.service.impl.CommDBDAO] {call PR_COMTB_REPT01 (? ,? ,? ,? ,? ,? ,? )}
 PARAM NAME : [action_type]   VAL : [UPDATE_XML]
 PARAM NAME : [dbo]   VAL : [SABOK01]
 PARAM NAME : [std_yy]   VAL : [2018]
 PARAM NAME : [report_id]   VAL : [ADJ02001_1]
 PARAM NAME : [xml_body]   VAL : [<?xml version="1.0" encoding="euc-kr" ?>
<ADJ02001_1>
<saupja_no>107-87-38832</saupja_no>
<corp_reg_no>110111-1210121</corp_reg_no>
<corp_nm>사복금테스트</corp_nm>
<tel_no>070-4250-5413</tel_no>
<rep_person_nm>정진수</rep_person_nm>
<email_id>sinjinitc@naver.com</email_id>
<addr>경기도 고양시 일산서구 중앙로 1455, 대우씨티프라자 719호 (주엽동)</addr>
<uptae>서비스,도소매</uptae>
<upjong>소프트웨어개발</upjong>
<saup_ymd>2018-01-01 ~ 2018-12-31</saup_ymd>
<report_ymd>2019-03-30</report_ymd>
<tax_report_ymd>2019-03-31</tax_report_ymd>
<amt_6>484,391</amt_6>
<amt_1111202>11,546,671</amt_1111202>
<amt_1111202_min>-11,546,671</amt_1111202_min>
<bank_nm>기업은행 주엽지점</bank_nm>
<account_type>자유저축예금</account_type>
<account_no>010-3025-0810</account_no>
<today_ymd>2019년 12월 22일</today_ymd>
<tax_office>고양</tax_office>
</ADJ02001_1>]
 PARAM NAME : [sys_reg_id]   VAL : [admin]
2019-12-22 02:04:06 오전 DEBUG [egovframework.cbiz.service.impl.CommDBDAO] {call PR_FINTB_ACNO01_LIST (? ,? ,? ,? ,? ,? ,? ,? ,? ,? ,? ,? ,? ,? ,? )}
 PARAM NAME : [action_type]   VAL : [LIST001]
 PARAM NAME : [dbo]   VAL : [SABOK01]
2019-12-22 02:04:06 오전 DEBUG [egovframework.cbiz.service.impl.CommDBDAO] {call PR_COMTB_CODE02_LIST (? ,? ,? ,? ,? ,? ,? ,? ,? ,? ,? ,? ,? ,? )}
 PARAM NAME : [action_type]   VAL : [LISTCODE]
 PARAM NAME : [param01]   VAL : [bank_cd]
 PARAM NAME : [param05]   VAL : [A]
2019-12-22 02:04:06 오전 DEBUG [egovframework.cbiz.service.impl.CommDBDAO] {call PR_ACCTB_CODE01_LIST (? ,? ,? ,? ,? ,? ,? ,? ,? ,? ,? ,? ,? ,? ,? )}
 PARAM NAME : [action_type]   VAL : [LISTCODE]
 PARAM NAME : [dbo]   VAL : [SABOK01]
 PARAM NAME : [param01]   VAL : [1]
 PARAM NAME : [param03]   VAL : [11]
2019-12-22 02:04:06 오전 DEBUG [egovframework.cbiz.service.impl.CommDBDAO] {call PR_FINTB_ACNO01 (? ,? ,? ,? ,? ,? ,? ,? ,? ,? ,? ,? ,? ,? ,? )}
 PARAM NAME : [action_type]   VAL : [SELECT]
 PARAM NAME : [dbo]   VAL : [SABOK01]
 PARAM NAME : [account_no]   VAL : [103320722401]
 PARAM NAME : [sys_reg_id]   VAL : [admin]
2019-12-22 02:04:06 오전 DEBUG [egovframework.cbiz.service.impl.CommDBDAO] {call PR_COMTB_CODE02_LIST (? ,? ,? ,? ,? ,? ,? ,? ,? ,? ,? ,? ,? ,? )}
 PARAM NAME : [action_type]   VAL : [MULTCODE]
 PARAM NAME : [param01]   VAL : [acct_cd|bank_cd@@@@A|]
2019-12-22 02:04:06 오전 DEBUG [egovframework.cbiz.service.impl.CommDBDAO] {call PR_ACCTB_CODE01_LIST (? ,? ,? ,? ,? ,? ,? ,? ,? ,? ,? ,? ,? ,? ,? )}
 PARAM NAME : [action_type]   VAL : [LISTCODE]
 PARAM NAME : [dbo]   VAL : [SABOK01]
 PARAM NAME : [param01]   VAL : [1]
 PARAM NAME : [param03]   VAL : [11]
2019-12-22 02:04:07 오전 DEBUG [egovframework.cbiz.service.impl.CommDBDAO] {call PR_ACCTB_CUST01_LIST (? ,? ,? ,? ,? ,? ,? ,? ,? ,? ,? ,? ,? ,? ,? )}
 PARAM NAME : [action_type]   VAL : [LIST001]
 PARAM NAME : [dbo]   VAL : [SABOK01]
2019-12-22 02:04:07 오전 DEBUG [egovframework.cbiz.service.impl.CommDBDAO] {call PR_COMTB_CODE02_LIST (? ,? ,? ,? ,? ,? ,? ,? ,? ,? ,? ,? ,? ,? )}
 PARAM NAME : [action_type]   VAL : [LISTCODE]
 PARAM NAME : [param01]   VAL : [cust_type]
2019-12-22 02:04:08 오전 DEBUG [egovframework.cbiz.service.impl.CommDBDAO] {call PR_ACCTB_CUST01 (? ,? ,? ,? ,? ,? ,? ,? ,? ,? ,? ,? ,? ,? ,? ,? ,? ,? ,? ,? ,? ,? ,? ,? ,? ,? ,? ,? ,? )}
 PARAM NAME : [action_type]   VAL : [SELECT]
 PARAM NAME : [dbo]   VAL : [SABOK01]
 PARAM NAME : [cust_cd]   VAL : [1]
 PARAM NAME : [sys_reg_id]   VAL : [admin]
2019-12-22 02:04:08 오전 DEBUG [egovframework.cbiz.service.impl.CommDBDAO] {call PR_COMTB_CODE02_LIST (? ,? ,? ,? ,? ,? ,? ,? ,? ,? ,? ,? ,? ,? )}
 PARAM NAME : [action_type]   VAL : [MULTCODE]
 PARAM NAME : [param01]   VAL : [bank_cd|cust_type|nation_cd|tel_no|hp_no|]
2019-12-22 02:04:38 오전 DEBUG [egovframework.cbiz.service.impl.CommDBDAO] {call PR_BUDTB_CODE01_LIST (? ,? ,? ,? ,? ,? ,? ,? ,? ,? ,? ,? ,? ,? ,? )}
 PARAM NAME : [action_type]   VAL : [LIST001]
 PARAM NAME : [dbo]   VAL : [SABOK01]
 PARAM NAME : [param01]   VAL : [S]
2019-12-22 02:04:38 오전 DEBUG [egovframework.cbiz.service.impl.CommDBDAO] {call PR_BUDTB_CODE01 (? ,? ,? ,? ,? ,? ,? ,? ,? ,? ,? ,? ,? )}
 PARAM NAME : [action_type]   VAL : [SELECT]
 PARAM NAME : [dbo]   VAL : [SABOK01]
 PARAM NAME : [bugt_cd]   VAL : [S00100]
 PARAM NAME : [sys_reg_id]   VAL : [admin]
2019-12-22 02:04:38 오전 DEBUG [egovframework.cbiz.service.impl.CommDBDAO] {call PR_BUDTB_CODE01_LIST (? ,? ,? ,? ,? ,? ,? ,? ,? ,? ,? ,? ,? ,? ,? )}
 PARAM NAME : [action_type]   VAL : [LIST002]
 PARAM NAME : [dbo]   VAL : [SABOK01]
 PARAM NAME : [param01]   VAL : [S00100]
2019-12-22 02:04:39 오전 DEBUG [egovframework.cbiz.service.impl.CommDBDAO] {call PR_BUDTB_BUGT02_LIST (? ,? ,? ,? ,? ,? ,? ,? ,? ,? ,? ,? ,? ,? ,? )}
 PARAM NAME : [action_type]   VAL : [LIST004]
 PARAM NAME : [dbo]   VAL : [SABOK01]
 PARAM NAME : [param01]   VAL : [2019]
2019-12-22 02:04:39 오전 DEBUG [egovframework.cbiz.service.impl.CommDBDAO] {call PR_BUDTB_BUGT02_LIST (? ,? ,? ,? ,? ,? ,? ,? ,? ,? ,? ,? ,? ,? ,? )}
 PARAM NAME : [action_type]   VAL : [LIST001]
 PARAM NAME : [dbo]   VAL : [SABOK01]
 PARAM NAME : [param01]   VAL : [2019]
 PARAM NAME : [param02]   VAL : [6100101]
2019-12-22 02:04:40 오전 DEBUG [egovframework.cbiz.service.impl.CommDBDAO] {call PR_BUDTB_BUGT02_LIST (? ,? ,? ,? ,? ,? ,? ,? ,? ,? ,? ,? ,? ,? ,? )}
 PARAM NAME : [action_type]   VAL : [LIST003]
 PARAM NAME : [dbo]   VAL : [SABOK01]
 PARAM NAME : [param01]   VAL : [ACC001P]
 PARAM NAME : [param02]   VAL : [2019]
2019-12-22 02:04:42 오전 DEBUG [egovframework.cbiz.service.impl.CommDBDAO] {call PR_INSTB_DEPT01_LIST (? ,? ,? ,? ,? ,? ,? ,? ,? ,? ,? ,? ,? ,? ,? )}
 PARAM NAME : [action_type]   VAL : [LISTCODE]
 PARAM NAME : [dbo]   VAL : [SABOK01]
 PARAM NAME : [param05]   VAL : [Y]
2019-12-22 02:04:42 오전 DEBUG [egovframework.cbiz.service.impl.CommDBDAO] {call PR_COMTB_CODE02_LIST (? ,? ,? ,? ,? ,? ,? ,? ,? ,? ,? ,? ,? ,? )}
 PARAM NAME : [action_type]   VAL : [LISTCODE]
 PARAM NAME : [param01]   VAL : [vat_cd]
2019-12-22 02:04:42 오전 DEBUG [egovframework.cbiz.service.impl.CommDBDAO] {call PR_ACCTB_SLIP01_LIST (? ,? ,? ,? ,? ,? ,? ,? ,? ,? ,? ,? ,? ,? ,? )}
 PARAM NAME : [action_type]   VAL : [LIST002]
 PARAM NAME : [dbo]   VAL : [SABOK01]
 PARAM NAME : [param01]   VAL : [20191122]
 PARAM NAME : [param02]   VAL : [20191222]
 PARAM NAME : [param03]   VAL : [A]
 PARAM NAME : [param04]   VAL : [1170403]
2019-12-22 02:04:43 오전 DEBUG [egovframework.cbiz.service.impl.CommDBDAO] {call PR_ACCTB_SLIP01_LIST (? ,? ,? ,? ,? ,? ,? ,? ,? ,? ,? ,? ,? ,? ,? )}
 PARAM NAME : [action_type]   VAL : [LISTCODE]
 PARAM NAME : [dbo]   VAL : [SABOK01]
 PARAM NAME : [param01]   VAL : [20191222]
2019-12-22 02:04:44 오전 DEBUG [egovframework.cbiz.service.impl.CommDBDAO] {call PR_ACCTB_SLIP01_LIST (? ,? ,? ,? ,? ,? ,? ,? ,? ,? ,? ,? ,? ,? ,? )}
 PARAM NAME : [action_type]   VAL : [LIST001]
 PARAM NAME : [dbo]   VAL : [SABOK01]
 PARAM NAME : [param01]   VAL : [||]
 PARAM NAME : [param04]   VAL : [1170403]
2019-12-22 02:04:44 오전 DEBUG [egovframework.cbiz.service.impl.CommDBDAO] {call PR_COMTB_CODE02_LIST (? ,? ,? ,? ,? ,? ,? ,? ,? ,? ,? ,? ,? ,? )}
 PARAM NAME : [action_type]   VAL : [MULTCODE]
 PARAM NAME : [param01]   VAL : [biz_type|sign_status|]
2019-12-22 02:04:44 오전 DEBUG [egovframework.cbiz.service.impl.CommDBDAO] {call PR_INSTB_DEPT01_LIST (? ,? ,? ,? ,? ,? ,? ,? ,? ,? ,? ,? ,? ,? ,? )}
 PARAM NAME : [action_type]   VAL : [LISTCODE]
 PARAM NAME : [dbo]   VAL : [SABOK01]
 PARAM NAME : [param05]   VAL : [Y]
2019-12-22 02:04:44 오전 DEBUG [egovframework.cbiz.service.impl.CommDBDAO] {call PR_ACCTB_SLIP02_LIST (? ,? ,? ,? ,? ,? ,? ,? ,? ,? ,? ,? ,? ,? ,? )}
 PARAM NAME : [action_type]   VAL : [LIST006]
 PARAM NAME : [dbo]   VAL : [SABOK01]
 PARAM NAME : [param01]   VAL : [2]
 PARAM NAME : [param02]   VAL : [20191122]
 PARAM NAME : [param03]   VAL : [20191222]
2019-12-22 02:04:45 오전 DEBUG [egovframework.cbiz.service.impl.CommDBDAO] {call PR_ACCTB_SLIP01_LIST (? ,? ,? ,? ,? ,? ,? ,? ,? ,? ,? ,? ,? ,? ,? )}
 PARAM NAME : [action_type]   VAL : [LIST001]
 PARAM NAME : [dbo]   VAL : [SABOK01]
 PARAM NAME : [param01]   VAL : [1|20191122|20191222]
 PARAM NAME : [param03]   VAL : [B30]
2019-12-22 02:04:45 오전 DEBUG [egovframework.cbiz.service.impl.CommDBDAO] {call PR_COMTB_CODE02_LIST (? ,? ,? ,? ,? ,? ,? ,? ,? ,? ,? ,? ,? ,? )}
 PARAM NAME : [action_type]   VAL : [LISTCODE]
 PARAM NAME : [param01]   VAL : [account_type]
2019-12-22 02:04:45 오전 DEBUG [egovframework.cbiz.service.impl.CommDBDAO] {call PR_FINTB_ACNO01_LIST (? ,? ,? ,? ,? ,? ,? ,? ,? ,? ,? ,? ,? ,? ,? )}
 PARAM NAME : [action_type]   VAL : [LISTCODE]
 PARAM NAME : [dbo]   VAL : [SABOK01]
2019-12-22 02:04:46 오전 DEBUG [egovframework.cbiz.service.impl.CommDBDAO] {call PR_ACCTB_SLIP01_LIST (? ,? ,? ,? ,? ,? ,? ,? ,? ,? ,? ,? ,? ,? ,? )}
 PARAM NAME : [action_type]   VAL : [LIST001]
 PARAM NAME : [dbo]   VAL : [SABOK01]
 PARAM NAME : [param01]   VAL : [1|20191122|20191222]
 PARAM NAME : [param03]   VAL : [C10]
 PARAM NAME : [param04]   VAL : [1170403]
2019-12-22 02:04:46 오전 DEBUG [egovframework.cbiz.service.impl.CommDBDAO] {call PR_COMTB_CODE02_LIST (? ,? ,? ,? ,? ,? ,? ,? ,? ,? ,? ,? ,? ,? )}
 PARAM NAME : [action_type]   VAL : [LISTCODE]
 PARAM NAME : [param01]   VAL : [vat_cd]
2019-12-22 02:04:46 오전 DEBUG [egovframework.cbiz.service.impl.CommDBDAO] {call PR_ACCTB_CODE01_LIST (? ,? ,? ,? ,? ,? ,? ,? ,? ,? ,? ,? ,? ,? ,? )}
 PARAM NAME : [action_type]   VAL : [LISTCODE]
 PARAM NAME : [dbo]   VAL : [SABOK01]
 PARAM NAME : [param01]   VAL : [722]
 PARAM NAME : [param02]   VAL : [A]
2019-12-22 02:04:46 오전 DEBUG [egovframework.cbiz.service.impl.CommDBDAO] {call PR_COMTB_CODE02_LIST (? ,? ,? ,? ,? ,? ,? ,? ,? ,? ,? ,? ,? ,? )}
 PARAM NAME : [action_type]   VAL : [LISTCODE]
 PARAM NAME : [param01]   VAL : [sign_acct_cd]
2019-12-22 02:04:46 오전 DEBUG [egovframework.cbiz.service.impl.CommDBDAO] {call PR_FINTB_ACNO01_LIST (? ,? ,? ,? ,? ,? ,? ,? ,? ,? ,? ,? ,? ,? ,? )}
 PARAM NAME : [action_type]   VAL : [LISTCODE]
 PARAM NAME : [dbo]   VAL : [SABOK01]
 PARAM NAME : [param01]   VAL : [1110103]
2019-12-22 02:04:49 오전 DEBUG [egovframework.cbiz.service.impl.CommDBDAO] {call PR_COMTB_CODE02_LIST (? ,? ,? ,? ,? ,? ,? ,? ,? ,? ,? ,? ,? ,? )}
 PARAM NAME : [action_type]   VAL : [LISTCODE]
 PARAM NAME : [param01]   VAL : [rel_no_type]
2019-12-22 02:04:50 오전 DEBUG [egovframework.cbiz.service.impl.CommDBDAO] {call PR_COMTB_CODE02_LIST (? ,? ,? ,? ,? ,? ,? ,? ,? ,? ,? ,? ,? ,? )}
 PARAM NAME : [action_type]   VAL : [LISTCODE]
 PARAM NAME : [param01]   VAL : [rel_no_type]
2019-12-22 02:04:51 오전 DEBUG [egovframework.cbiz.service.impl.CommDBDAO] {call PR_COMTB_CODE02_LIST (? ,? ,? ,? ,? ,? ,? ,? ,? ,? ,? ,? ,? ,? )}
 PARAM NAME : [action_type]   VAL : [LISTCODE]
 PARAM NAME : [param01]   VAL : [rel_no_type]
2019-12-22 02:04:53 오전 DEBUG [egovframework.cbiz.service.impl.CommDBDAO] {call PR_COMTB_CORP01 (? ,? ,? ,? ,? ,? ,? ,? ,? ,? ,? ,? ,? ,? ,? ,? ,? ,? ,? ,? ,? ,? ,? ,? ,? ,? ,? ,? ,? ,? ,? ,? ,? ,? ,? ,? ,? ,? ,? ,? ,? ,? ,? ,? ,? ,? ,? ,? ,? ,? ,? ,? ,? ,? ,? ,? ,? )}
 PARAM NAME : [action_type]   VAL : [SELECT]
 PARAM NAME : [dbo]   VAL : [SABOK01]
 PARAM NAME : [sys_reg_id]   VAL : [admin]
 PARAM NAME : [std_yy]   VAL : [2019]
2019-12-22 02:04:54 오전 DEBUG [egovframework.cbiz.service.impl.CommDBDAO] {call PR_ACCTB_SUMM01_LIST (? ,? ,? ,? ,? ,? ,? ,? ,? ,? ,? ,? ,? ,? ,? )}
 PARAM NAME : [action_type]   VAL : [LIST003]
 PARAM NAME : [dbo]   VAL : [SABOK01]
 PARAM NAME : [param01]   VAL : [2018]
2019-12-22 02:04:54 오전 DEBUG [egovframework.cbiz.service.impl.CommDBDAO] {call PR_ACCTB_SLIP01_LIST (? ,? ,? ,? ,? ,? ,? ,? ,? ,? ,? ,? ,? ,? ,? )}
 PARAM NAME : [action_type]   VAL : [LIST004A]
 PARAM NAME : [dbo]   VAL : [SABOK01]
 PARAM NAME : [param01]   VAL : [2019]
2019-12-22 02:04:56 오전 DEBUG [egovframework.cbiz.service.impl.CommDBDAO] {call PR_ACCTB_SLIP01_LIST (? ,? ,? ,? ,? ,? ,? ,? ,? ,? ,? ,? ,? ,? ,? )}
 PARAM NAME : [action_type]   VAL : [LIST004B]
 PARAM NAME : [dbo]   VAL : [SABOK01]
 PARAM NAME : [param01]   VAL : [2019]
2019-12-22 02:04:56 오전 DEBUG [egovframework.cbiz.service.impl.CommDBDAO] {call PR_DUAL (? ,? ,? ,? ,? ,? ,? ,? ,? ,? ,? ,? ,? ,? )}
 PARAM NAME : [action_type]   VAL : [EXEC_QUERY]
 PARAM NAME : [param01]   VAL : [COMTB_CORP01]
 PARAM NAME : [param02]   VAL : [repl_cycle]
 PARAM NAME : [param03]   VAL : [corp_cd='SABOK01']
2019-12-22 02:05:12 오전 DEBUG [egovframework.cbiz.service.impl.CommDBDAO] {call PR_COMTB_CORP01_LIST (? ,? ,? ,? ,? ,? ,? ,? ,? ,? ,? ,? ,? ,? )}
 PARAM NAME : [action_type]   VAL : [LIST001]
2019-12-22 02:05:12 오전 DEBUG [egovframework.cbiz.service.impl.CommDBDAO] {call PR_COMTB_CODE02_LIST (? ,? ,? ,? ,? ,? ,? ,? ,? ,? ,? ,? ,? ,? )}
 PARAM NAME : [action_type]   VAL : [LISTCODE]
 PARAM NAME : [param01]   VAL : [corp_scale]
2019-12-22 02:05:12 오전 DEBUG [egovframework.cbiz.service.impl.CommDBDAO] {call PR_COMTB_CODE02_LIST (? ,? ,? ,? ,? ,? ,? ,? ,? ,? ,? ,? ,? ,? )}
 PARAM NAME : [action_type]   VAL : [LISTCODE]
 PARAM NAME : [param01]   VAL : [repl_cycle]
2019-12-22 02:12:51 오전 DEBUG [egovframework.cbiz.service.impl.CommDBDAO] {call PR_COMTB_CODE01_LIST (? ,? ,? ,? ,? ,? ,? ,? ,? ,? ,? ,? ,? ,? ,? )}
 PARAM NAME : [action_type]   VAL : [LIST001]
 PARAM NAME : [dbo]   VAL : [SABOK01]
2019-12-22 02:12:52 오전 DEBUG [egovframework.cbiz.service.impl.CommDBDAO] {call PR_COMTB_HELP01_LIST (? ,? ,? ,? ,? ,? ,? ,? ,? ,? ,? ,? ,? ,? ,? )}
 PARAM NAME : [action_type]   VAL : [LIST001]
 PARAM NAME : [dbo]   VAL : [SABOK01]
2019-12-22 02:12:53 오전 DEBUG [egovframework.cbiz.service.impl.CommDBDAO] {call PR_SYSTB_DATE01_LIST (? ,? ,? ,? ,? ,? ,? ,? ,? ,? ,? ,? ,? ,? ,? )}
 PARAM NAME : [action_type]   VAL : [LIST001]
 PARAM NAME : [dbo]   VAL : [SABOK01]
 PARAM NAME : [param01]   VAL : [201912]
2019-12-22 02:12:54 오전 DEBUG [egovframework.cbiz.service.impl.CommDBDAO] {call PR_SYSTB_DATE01 (? ,? ,? ,? ,? ,? ,? ,? )}
 PARAM NAME : [action_type]   VAL : [SELECT_MONTHLY]
 PARAM NAME : [dbo]   VAL : [SABOK01]
 PARAM NAME : [sys_year]   VAL : [2019]
 PARAM NAME : [sys_reg_id]   VAL : [admin]
2019-12-22 02:12:54 오전 DEBUG [egovframework.cbiz.service.impl.CommDBDAO] {call PR_SYSTB_DATE01_LIST (? ,? ,? ,? ,? ,? ,? ,? ,? ,? ,? ,? ,? ,? ,? )}
 PARAM NAME : [action_type]   VAL : [LIST002]
 PARAM NAME : [dbo]   VAL : [SABOK01]
 PARAM NAME : [param01]   VAL : [10]
2019-12-22 02:12:57 오전 DEBUG [egovframework.cbiz.service.impl.CommDBDAO] {call PR_INSTB_DEPT01_LIST (? ,? ,? ,? ,? ,? ,? ,? ,? ,? ,? ,? ,? ,? ,? )}
 PARAM NAME : [action_type]   VAL : [LISTCODE]
 PARAM NAME : [dbo]   VAL : [SABOK01]
 PARAM NAME : [param05]   VAL : [Y]
2019-12-22 02:12:57 오전 DEBUG [egovframework.cbiz.service.impl.CommDBDAO] {call PR_COMTB_CODE02_LIST (? ,? ,? ,? ,? ,? ,? ,? ,? ,? ,? ,? ,? ,? )}
 PARAM NAME : [action_type]   VAL : [LISTCODE]
 PARAM NAME : [param01]   VAL : [vat_cd]
2019-12-22 02:12:57 오전 DEBUG [egovframework.cbiz.service.impl.CommDBDAO] {call PR_ACCTB_SLIP01_LIST (? ,? ,? ,? ,? ,? ,? ,? ,? ,? ,? ,? ,? ,? ,? )}
 PARAM NAME : [action_type]   VAL : [LIST002]
 PARAM NAME : [dbo]   VAL : [SABOK01]
 PARAM NAME : [param01]   VAL : [20191122]
 PARAM NAME : [param02]   VAL : [20191222]
 PARAM NAME : [param03]   VAL : [A]
 PARAM NAME : [param04]   VAL : [1170403]
2019-12-22 02:12:57 오전 DEBUG [egovframework.cbiz.service.impl.CommDBDAO] {call PR_ACCTB_SLIP01_LIST (? ,? ,? ,? ,? ,? ,? ,? ,? ,? ,? ,? ,? ,? ,? )}
 PARAM NAME : [action_type]   VAL : [LIST001]
 PARAM NAME : [dbo]   VAL : [SABOK01]
 PARAM NAME : [param01]   VAL : [1|20191122|20191222]
 PARAM NAME : [param03]   VAL : [C10]
 PARAM NAME : [param04]   VAL : [1170403]
2019-12-22 02:12:57 오전 DEBUG [egovframework.cbiz.service.impl.CommDBDAO] {call PR_COMTB_CODE02_LIST (? ,? ,? ,? ,? ,? ,? ,? ,? ,? ,? ,? ,? ,? )}
 PARAM NAME : [action_type]   VAL : [LISTCODE]
 PARAM NAME : [param01]   VAL : [vat_cd]
2019-12-22 02:12:57 오전 DEBUG [egovframework.cbiz.service.impl.CommDBDAO] {call PR_ACCTB_CODE01_LIST (? ,? ,? ,? ,? ,? ,? ,? ,? ,? ,? ,? ,? ,? ,? )}
 PARAM NAME : [action_type]   VAL : [LISTCODE]
 PARAM NAME : [dbo]   VAL : [SABOK01]
 PARAM NAME : [param01]   VAL : [722]
 PARAM NAME : [param02]   VAL : [A]
2019-12-22 02:12:57 오전 DEBUG [egovframework.cbiz.service.impl.CommDBDAO] {call PR_COMTB_CODE02_LIST (? ,? ,? ,? ,? ,? ,? ,? ,? ,? ,? ,? ,? ,? )}
 PARAM NAME : [action_type]   VAL : [LISTCODE]
 PARAM NAME : [param01]   VAL : [sign_acct_cd]
2019-12-22 02:12:57 오전 DEBUG [egovframework.cbiz.service.impl.CommDBDAO] {call PR_FINTB_ACNO01_LIST (? ,? ,? ,? ,? ,? ,? ,? ,? ,? ,? ,? ,? ,? ,? )}
 PARAM NAME : [action_type]   VAL : [LISTCODE]
 PARAM NAME : [dbo]   VAL : [SABOK01]
 PARAM NAME : [param01]   VAL : [1110103]
2019-12-22 02:12:58 오전 DEBUG [egovframework.cbiz.service.impl.CommDBDAO] {call PR_ACCTB_SLIP01_LIST (? ,? ,? ,? ,? ,? ,? ,? ,? ,? ,? ,? ,? ,? ,? )}
 PARAM NAME : [action_type]   VAL : [LIST001]
 PARAM NAME : [dbo]   VAL : [SABOK01]
 PARAM NAME : [param01]   VAL : [1|20191122|20191222]
 PARAM NAME : [param03]   VAL : [B30]
2019-12-22 02:12:58 오전 DEBUG [egovframework.cbiz.service.impl.CommDBDAO] {call PR_COMTB_CODE02_LIST (? ,? ,? ,? ,? ,? ,? ,? ,? ,? ,? ,? ,? ,? )}
 PARAM NAME : [action_type]   VAL : [LISTCODE]
 PARAM NAME : [param01]   VAL : [account_type]
2019-12-22 02:12:58 오전 DEBUG [egovframework.cbiz.service.impl.CommDBDAO] {call PR_FINTB_ACNO01_LIST (? ,? ,? ,? ,? ,? ,? ,? ,? ,? ,? ,? ,? ,? ,? )}
 PARAM NAME : [action_type]   VAL : [LISTCODE]
 PARAM NAME : [dbo]   VAL : [SABOK01]
2019-12-22 02:12:59 오전 DEBUG [egovframework.cbiz.service.impl.CommDBDAO] {call PR_ACCTB_SLIP02_LIST (? ,? ,? ,? ,? ,? ,? ,? ,? ,? ,? ,? ,? ,? ,? )}
 PARAM NAME : [action_type]   VAL : [LIST006]
 PARAM NAME : [dbo]   VAL : [SABOK01]
 PARAM NAME : [param01]   VAL : [2]
 PARAM NAME : [param02]   VAL : [20191122]
 PARAM NAME : [param03]   VAL : [20191222]
2019-12-22 02:13:00 오전 DEBUG [egovframework.cbiz.service.impl.CommDBDAO] {call PR_ACCTB_SLIP01_LIST (? ,? ,? ,? ,? ,? ,? ,? ,? ,? ,? ,? ,? ,? ,? )}
 PARAM NAME : [action_type]   VAL : [LIST001]
 PARAM NAME : [dbo]   VAL : [SABOK01]
 PARAM NAME : [param01]   VAL : [||]
 PARAM NAME : [param04]   VAL : [1170403]
2019-12-22 02:13:00 오전 DEBUG [egovframework.cbiz.service.impl.CommDBDAO] {call PR_COMTB_CODE02_LIST (? ,? ,? ,? ,? ,? ,? ,? ,? ,? ,? ,? ,? ,? )}
 PARAM NAME : [action_type]   VAL : [MULTCODE]
 PARAM NAME : [param01]   VAL : [biz_type|sign_status|]
2019-12-22 02:13:00 오전 DEBUG [egovframework.cbiz.service.impl.CommDBDAO] {call PR_INSTB_DEPT01_LIST (? ,? ,? ,? ,? ,? ,? ,? ,? ,? ,? ,? ,? ,? ,? )}
 PARAM NAME : [action_type]   VAL : [LISTCODE]
 PARAM NAME : [dbo]   VAL : [SABOK01]
 PARAM NAME : [param05]   VAL : [Y]
2019-12-22 02:14:05 오전 DEBUG [egovframework.cbiz.service.impl.CommDBDAO] {call PR_COMTB_CODE02_LIST (? ,? ,? ,? ,? ,? ,? ,? ,? ,? ,? ,? ,? ,? )}
 PARAM NAME : [action_type]   VAL : [LIST001]
 PARAM NAME : [param01]   VAL : [tax_report]
 PARAM NAME : [param05]   VAL : [Y]
2019-12-22 02:14:05 오전 DEBUG [egovframework.cbiz.service.impl.CommDBDAO] {call PR_COMTB_CORP01 (? ,? ,? ,? ,? ,? ,? ,? ,? ,? ,? ,? ,? ,? ,? ,? ,? ,? ,? ,? ,? ,? ,? ,? ,? ,? ,? ,? ,? ,? ,? ,? ,? ,? ,? ,? ,? ,? ,? ,? ,? ,? ,? ,? ,? ,? ,? ,? ,? ,? ,? ,? ,? ,? ,? ,? ,? )}
 PARAM NAME : [action_type]   VAL : [SELECT]
 PARAM NAME : [dbo]   VAL : [SABOK01]
 PARAM NAME : [sys_reg_id]   VAL : [admin]
 PARAM NAME : [std_yy]   VAL : [2018]
2019-12-22 02:14:05 오전 DEBUG [egovframework.cbiz.service.impl.CommDBDAO] {call PR_ACC_TAX_REPORT (? ,? ,? ,? ,? ,? ,? ,? ,? ,? ,? ,? ,? ,? ,? )}
 PARAM NAME : [action_type]   VAL : [LIST002]
 PARAM NAME : [dbo]   VAL : [SABOK01]
 PARAM NAME : [param01]   VAL : [201812]
 PARAM NAME : [param03]   VAL : [61001]
2019-12-22 02:14:05 오전 DEBUG [egovframework.cbiz.service.impl.CommDBDAO] {call PR_ACC_TAX_REPORT (? ,? ,? ,? ,? ,? ,? ,? ,? ,? ,? ,? ,? ,? ,? )}
 PARAM NAME : [action_type]   VAL : [LIST002]
 PARAM NAME : [dbo]   VAL : [SABOK01]
 PARAM NAME : [param01]   VAL : [201812]
 PARAM NAME : [param03]   VAL : [61002]
2019-12-22 02:14:05 오전 DEBUG [egovframework.cbiz.service.impl.CommDBDAO] {call PR_ACC_TAX_REPORT (? ,? ,? ,? ,? ,? ,? ,? ,? ,? ,? ,? ,? ,? ,? )}
 PARAM NAME : [action_type]   VAL : [LIST002]
 PARAM NAME : [dbo]   VAL : [SABOK01]
 PARAM NAME : [param01]   VAL : [201812]
 PARAM NAME : [param03]   VAL : [1110901]
2019-12-22 02:14:05 오전 DEBUG [egovframework.cbiz.service.impl.CommDBDAO] {call PR_COMTB_REPT01 (? ,? ,? ,? ,? ,? ,? )}
 PARAM NAME : [action_type]   VAL : [UPDATE_XML]
 PARAM NAME : [dbo]   VAL : [SABOK01]
 PARAM NAME : [std_yy]   VAL : [2018]
 PARAM NAME : [report_id]   VAL : [ADJ02001_1]
 PARAM NAME : [xml_body]   VAL : [<?xml version="1.0" encoding="euc-kr" ?>
<ADJ02001_1>
<saupja_no>107-87-38832</saupja_no>
<corp_reg_no>110111-1210121</corp_reg_no>
<corp_nm>사복금테스트</corp_nm>
<tel_no>070-4250-5413</tel_no>
<rep_person_nm>정진수</rep_person_nm>
<email_id>sinjinitc@naver.com</email_id>
<addr>경기도 고양시 일산서구 중앙로 1455, 대우씨티프라자 719호 (주엽동)</addr>
<uptae>서비스,도소매</uptae>
<upjong>소프트웨어개발</upjong>
<saup_ymd>2018-01-01 ~ 2018-12-31</saup_ymd>
<report_ymd>2019-03-30</report_ymd>
<tax_report_ymd>2019-03-31</tax_report_ymd>
<amt_6>484,391</amt_6>
<amt_1111202>11,546,671</amt_1111202>
<amt_1111202_min>-11,546,671</amt_1111202_min>
<bank_nm>기업은행 주엽지점</bank_nm>
<account_type>자유저축예금</account_type>
<account_no>010-3025-0810</account_no>
<today_ymd>2019년 12월 22일</today_ymd>
<tax_office>고양</tax_office>
</ADJ02001_1>]
 PARAM NAME : [sys_reg_id]   VAL : [admin]
2019-12-22 02:14:06 오전 DEBUG [egovframework.cbiz.service.impl.CommDBDAO] {call PR_COMTB_CORP01 (? ,? ,? ,? ,? ,? ,? ,? ,? ,? ,? ,? ,? ,? ,? ,? ,? ,? ,? ,? ,? ,? ,? ,? ,? ,? ,? ,? ,? ,? ,? ,? ,? ,? ,? ,? ,? ,? ,? ,? ,? ,? ,? ,? ,? ,? ,? ,? ,? ,? ,? ,? ,? ,? ,? ,? ,? )}
 PARAM NAME : [action_type]   VAL : [SELECT]
 PARAM NAME : [dbo]   VAL : [SABOK01]
 PARAM NAME : [sys_reg_id]   VAL : [admin]
 PARAM NAME : [std_yy]   VAL : [2018]
2019-12-22 02:14:07 오전 DEBUG [egovframework.cbiz.service.impl.CommDBDAO] {call PR_ACC_TAX_REPORT (? ,? ,? ,? ,? ,? ,? ,? ,? ,? ,? ,? ,? ,? ,? )}
 PARAM NAME : [action_type]   VAL : [LIST003]
 PARAM NAME : [dbo]   VAL : [SABOK01]
 PARAM NAME : [param01]   VAL : [2018]
2019-12-22 02:14:07 오전 DEBUG [egovframework.cbiz.service.impl.CommDBDAO] {call PR_ACC_TAX_REPORT (? ,? ,? ,? ,? ,? ,? ,? ,? ,? ,? ,? ,? ,? ,? )}
 PARAM NAME : [action_type]   VAL : [LIST002]
 PARAM NAME : [dbo]   VAL : [SABOK01]
 PARAM NAME : [param01]   VAL : [201812]
 PARAM NAME : [param03]   VAL : [3]
2019-12-22 02:14:07 오전 DEBUG [egovframework.cbiz.service.impl.CommDBDAO] {call PR_ACC_TAX_REPORT (? ,? ,? ,? ,? ,? ,? ,? ,? ,? ,? ,? ,? ,? ,? )}
 PARAM NAME : [action_type]   VAL : [LIST002]
 PARAM NAME : [dbo]   VAL : [SABOK01]
 PARAM NAME : [param01]   VAL : [201812]
 PARAM NAME : [param03]   VAL : [3100103]
2019-12-22 02:14:07 오전 DEBUG [egovframework.cbiz.service.impl.CommDBDAO] {call PR_ACC_TAX_REPORT (? ,? ,? ,? ,? ,? ,? ,? ,? ,? ,? ,? ,? ,? ,? )}
 PARAM NAME : [action_type]   VAL : [LIST002]
 PARAM NAME : [dbo]   VAL : [SABOK01]
 PARAM NAME : [param01]   VAL : [201812]
 PARAM NAME : [param03]   VAL : [11101]
2019-12-22 02:14:07 오전 DEBUG [egovframework.cbiz.service.impl.CommDBDAO] {call PR_ACC_TAX_REPORT (? ,? ,? ,? ,? ,? ,? ,? ,? ,? ,? ,? ,? ,? ,? )}
 PARAM NAME : [action_type]   VAL : [LIST002]
 PARAM NAME : [dbo]   VAL : [SABOK01]
 PARAM NAME : [param01]   VAL : [201812]
 PARAM NAME : [param03]   VAL : [1110005]
2019-12-22 02:14:07 오전 DEBUG [egovframework.cbiz.service.impl.CommDBDAO] {call PR_ACC_TAX_REPORT (? ,? ,? ,? ,? ,? ,? ,? ,? ,? ,? ,? ,? ,? ,? )}
 PARAM NAME : [action_type]   VAL : [LIST002]
 PARAM NAME : [dbo]   VAL : [SABOK01]
 PARAM NAME : [param01]   VAL : [201812]
 PARAM NAME : [param03]   VAL : [11103]
2019-12-22 02:14:07 오전 DEBUG [egovframework.cbiz.service.impl.CommDBDAO] {call PR_ACC_TAX_REPORT (? ,? ,? ,? ,? ,? ,? ,? ,? ,? ,? ,? ,? ,? ,? )}
 PARAM NAME : [action_type]   VAL : [LIST002]
 PARAM NAME : [dbo]   VAL : [SABOK01]
 PARAM NAME : [param01]   VAL : [201812]
 PARAM NAME : [param03]   VAL : [12103]
2019-12-22 02:14:07 오전 DEBUG [egovframework.cbiz.service.impl.CommDBDAO] {call PR_ACC_TAX_REPORT (? ,? ,? ,? ,? ,? ,? ,? ,? ,? ,? ,? ,? ,? ,? )}
 PARAM NAME : [action_type]   VAL : [LIST002]
 PARAM NAME : [dbo]   VAL : [SABOK01]
 PARAM NAME : [param01]   VAL : [201812]
 PARAM NAME : [param03]   VAL : [61]
2019-12-22 02:14:07 오전 DEBUG [egovframework.cbiz.service.impl.CommDBDAO] {call PR_ACC_TAX_REPORT (? ,? ,? ,? ,? ,? ,? ,? ,? ,? ,? ,? ,? ,? ,? )}
 PARAM NAME : [action_type]   VAL : [LIST002]
 PARAM NAME : [dbo]   VAL : [SABOK01]
 PARAM NAME : [param01]   VAL : [201812]
 PARAM NAME : [param03]   VAL : [2200801]
2019-12-22 02:14:07 오전 DEBUG [egovframework.cbiz.service.impl.CommDBDAO] {call PR_ACC_TAX_REPORT (? ,? ,? ,? ,? ,? ,? ,? ,? ,? ,? ,? ,? ,? ,? )}
 PARAM NAME : [action_type]   VAL : [LIST002]
 PARAM NAME : [dbo]   VAL : [SABOK01]
 PARAM NAME : [param01]   VAL : [201812]
 PARAM NAME : [param03]   VAL : [2200802]
2019-12-22 02:14:07 오전 DEBUG [egovframework.cbiz.service.impl.CommDBDAO] {call PR_ACC_TAX_REPORT (? ,? ,? ,? ,? ,? ,? ,? ,? ,? ,? ,? ,? ,? ,? )}
 PARAM NAME : [action_type]   VAL : [LIST002]
 PARAM NAME : [dbo]   VAL : [SABOK01]
 PARAM NAME : [param01]   VAL : [201812]
 PARAM NAME : [param03]   VAL : [72]
2019-12-22 02:14:07 오전 DEBUG [egovframework.cbiz.service.impl.CommDBDAO] {call PR_ACC_TAX_REPORT (? ,? ,? ,? ,? ,? ,? ,? ,? ,? ,? ,? ,? ,? ,? )}
 PARAM NAME : [action_type]   VAL : [LIST002]
 PARAM NAME : [dbo]   VAL : [SABOK01]
 PARAM NAME : [param01]   VAL : [201812]
 PARAM NAME : [param03]   VAL : [2200801]
2019-12-22 02:14:07 오전 DEBUG [egovframework.cbiz.service.impl.CommDBDAO] {call PR_ACC_TAX_REPORT (? ,? ,? ,? ,? ,? ,? ,? ,? ,? ,? ,? ,? ,? ,? )}
 PARAM NAME : [action_type]   VAL : [LIST002]
 PARAM NAME : [dbo]   VAL : [SABOK01]
 PARAM NAME : [param01]   VAL : [201812]
 PARAM NAME : [param03]   VAL : [2200802]
2019-12-22 02:14:07 오전 DEBUG [egovframework.cbiz.service.impl.CommDBDAO] {call PR_ACC_TAX_REPORT (? ,? ,? ,? ,? ,? ,? ,? ,? ,? ,? ,? ,? ,? ,? )}
 PARAM NAME : [action_type]   VAL : [LIST002]
 PARAM NAME : [dbo]   VAL : [SABOK01]
 PARAM NAME : [param01]   VAL : [201812]
 PARAM NAME : [param03]   VAL : [7110900]
2019-12-22 02:14:07 오전 DEBUG [egovframework.cbiz.service.impl.CommDBDAO] {call PR_COMTB_REPT01 (? ,? ,? ,? ,? ,? ,? )}
 PARAM NAME : [action_type]   VAL : [UPDATE_XML]
 PARAM NAME : [dbo]   VAL : [SABOK01]
 PARAM NAME : [std_yy]   VAL : [2018]
 PARAM NAME : [report_id]   VAL : [ADJ02008]
 PARAM NAME : [xml_body]   VAL : [<?xml version="1.0" encoding="euc-kr" ?>
<ADJ02008>
<std_yy>2018</std_yy>
<corp_nm>사복금테스트</corp_nm>
<license_no>11011111</license_no>
<reg_ymd>2014년 06월 02일</reg_ymd>
<tel_no>070-4250-5413</tel_no>
<addr>경기도 고양시 일산서구 중앙로 1455, 대우씨티프라자 719호 (주엽동)</addr>
<acc_start_ymd>2018년 01월 01일</acc_start_ymd>
<acc_end_ymd>2018년 12월 31일</acc_end_ymd>
<mo_rep_person>정진수</mo_rep_person>
<mo_upjong>소프트웨어개발</mo_upjong>
<empl_cnt>7</empl_cnt>
<nojo_entry_cnt>0</nojo_entry_cnt>
<capital_amt>100,000</capital_amt>
<cell_11>1,698,133</cell_11>
<cell_12>0</cell_12>
<cell_15>-10</cell_15>
<cell_16>-10</cell_16>
<cell_17>1,698,123</cell_17>
<cell_18>977,667</cell_18>
<cell_20>0</cell_20>
<cell_21></cell_21>
<cell_22>720,456</cell_22>
<cell_23>1,698,123</cell_23>
<cell_24>484</cell_24>
<cell_25>10</cell_25>
<cell_26></cell_26>
<cell_27>256,652</cell_27>
<cell_28>257,146</cell_28>
<LIST>
	<bugt_nm>(43)주택구입 임차자금</bugt_nm>
	<amt_tot>509,278</amt_tot>
	<cnt_tot>37</cnt_tot>
	<use_amt>0</use_amt>
	<use_cnt>0</use_cnt>
	<loan_amt>509,278</loan_amt>
	<loan_cnt>37</loan_cnt>
</LIST>
<LIST>
	<bugt_nm>(44)우리사주 주식구입</bugt_nm>
	<amt_tot>0</amt_tot>
	<cnt_tot>0</cnt_tot>
	<use_amt>0</use_amt>
	<use_cnt>0</use_cnt>
	<loan_amt>0</loan_amt>
	<loan_cnt>0</loan_cnt>
</LIST>
<LIST>
	<bugt_nm>(45)생활안정자금</bugt_nm>
	<amt_tot>0</amt_tot>
	<cnt_tot>1</cnt_tot>
	<use_amt>0</use_amt>
	<use_cnt>0</use_cnt>
	<loan_amt>0</loan_amt>
	<loan_cnt>1</loan_cnt>
</LIST>
<LIST>
	<bugt_nm>(46)장학금</bugt_nm>
	<amt_tot>13,889</amt_tot>
	<cnt_tot>0</cnt_tot>
	<use_amt>0</use_amt>
	<use_cnt>0</use_cnt>
	<loan_amt>13,889</loan_amt>
	<loan_cnt>0</loan_cnt>
</LIST>
<LIST>
	<bugt_nm>(47)재난구호금</bugt_nm>
	<amt_tot>0</amt_tot>
	<cnt_tot>0</cnt_tot>
	<use_amt>0</use_amt>
	<use_cnt>0</use_cnt>
	<loan_amt>0</loan_amt>
	<loan_cnt>0</loan_cnt>
</LIST>
<LIST>
	<bugt_nm>(48)체육문화활동지원</bugt_nm>
	<amt_tot>0</amt_tot>
	<cnt_tot>0</cnt_tot>
	<use_amt>0</use_amt>
	<use_cnt>0</use_cnt>
	<loan_amt>0</loan_amt>
	<loan_cnt>0</loan_cnt>
</LIST>
<LIST>
	<bugt_nm>(49)모성보호,일가정 양립비용 지원</bugt_nm>
	<amt_tot>0</amt_tot>
	<cnt_tot>0</cnt_tot>
	<use_amt>0</use_amt>
	<use_cnt>0</use_cnt>
	<loan_amt>0</loan_amt>
	<loan_cnt>0</loan_cnt>
</LIST>
<LIST>
	<bugt_nm>(50)근로자의날행사 등 지원</bugt_nm>
	<amt_tot>0</amt_tot>
	<cnt_tot>0</cnt_tot>
	<use_amt>0</use_amt>
	<use_cnt>0</use_cnt>
	<loan_amt>0</loan_amt>
	<loan_cnt>0</loan_cnt>
</LIST>
<LIST>
	<bugt_nm>(51)근로복지시설 설치 및 운영</bugt_nm>
	<amt_tot>0</amt_tot>
	<cnt_tot>0</cnt_tot>
	<use_amt>0</use_amt>
	<use_cnt>0</use_cnt>
	<loan_amt>0</loan_amt>
	<loan_cnt>0</loan_cnt>
</LIST>
<LIST>
	<bugt_nm>(52)그 밖의 복지비</bugt_nm>
	<amt_tot>0</amt_tot>
	<cnt_tot>4</cnt_tot>
	<use_amt>0</use_amt>
	<use_cnt>4</use_cnt>
	<loan_amt>0</loan_amt>
	<loan_cnt>0</loan_cnt>
</LIST>
<LIST>
	<bugt_nm>(53)소계</bugt_nm>
	<amt_tot>523,167</amt_tot>
	<cnt_tot>42</cnt_tot>
	<use_amt>0</use_amt>
	<use_cnt>4</use_cnt>
	<loan_amt>523,167</loan_amt>
	<loan_cnt>38</loan_cnt>
</LIST>
<cell_39>51</cell_39>
<cell_40>454,384</cell_40>
<cell_41>977,602</cell_41>
<cell_50>12</cell_50>
<cell_51>12</cell_51>
</ADJ02008>]
 PARAM NAME : [sys_reg_id]   VAL : [admin]
2019-12-22 02:14:23 오전 DEBUG [egovframework.cbiz.service.impl.CommDBDAO] {call PR_COMTB_NOTI01_LIST (? ,? ,? ,? ,? ,? ,? ,? ,? ,? ,? ,? ,? ,? ,? )}
 PARAM NAME : [action_type]   VAL : [LIST001]
 PARAM NAME : [dbo]   VAL : [SABOK01]
2019-12-22 16:42:02 오후 DEBUG [egovframework.cbiz.service.impl.CommDBDAO] {call PR_COMTB_NOTI01_LIST (? ,? ,? ,? ,? ,? ,? ,? ,? ,? ,? ,? ,? ,? ,? )}
 PARAM NAME : [action_type]   VAL : [LIST002]
