2020-07-12 16:32:39 오후 DEBUG [egovframework.cbiz.service.impl.CommDBDAO] {call PR_COMTB_NOTI01_LIST (? ,? ,? ,? ,? ,? ,? ,? ,? ,? ,? ,? ,? ,? ,? )}
 PARAM NAME : [action_type]   VAL : [LIST002]
2020-07-12 16:33:19 오후 DEBUG [egovframework.cbiz.service.impl.CommDBDAO] {call PR_INSTB_EMPL01 (? ,? ,? ,? ,? ,? ,? ,? ,? ,? ,? ,? ,? ,? ,? ,? ,? ,? ,? ,? ,? ,? ,? ,? ,? ,? ,? ,? ,? ,? ,? ,? ,? )}
 PARAM NAME : [action_type]   VAL : [SELECT_LOGIN]
 PARAM NAME : [dbo]   VAL : [SABOK38]
 PARAM NAME : [user_id]   VAL : [11801513]
 PARAM NAME : [pswd]   VAL : [11801513]
 PARAM NAME : [connect_ip]   VAL : [221.154.229.48]
2020-07-12 16:33:19 오후 DEBUG [egovframework.cbiz.service.impl.CommDBDAO] {call PR_INSTB_EMPL01 (? ,? ,? ,? ,? ,? ,? ,? ,? ,? ,? ,? ,? ,? ,? ,? ,? ,? ,? ,? ,? ,? ,? ,? ,? ,? ,? ,? ,? ,? ,? ,? ,? )}
 PARAM NAME : [action_type]   VAL : [UPDATE_CNT]
 PARAM NAME : [dbo]   VAL : [SABOK38]
 PARAM NAME : [empl_no]   VAL : [11801513]
 PARAM NAME : [user_id]   VAL : [11801513]
 PARAM NAME : [pswd]   VAL : [11801513]
 PARAM NAME : [connect_ip]   VAL : [221.154.229.48]
2020-07-12 16:33:19 오후 DEBUG [egovframework.cbiz.service.impl.CommDBDAO] {call PR_SYSTB_DATE01 (? ,? ,? ,? ,? ,? ,? ,? )}
 PARAM NAME : [action_type]   VAL : [UPDATE_CNT]
 PARAM NAME : [dbo]   VAL : [SABOK38]
2020-07-12 16:33:19 오후 DEBUG [egovframework.cbiz.service.impl.CommDBDAO] {call PR_SYSTB_MENU01_LIST (? ,? ,? ,? ,? ,? ,? ,? ,? ,? ,? ,? ,? ,? ,? )}
 PARAM NAME : [action_type]   VAL : [LIST001]
 PARAM NAME : [dbo]   VAL : [SABOK38]
 PARAM NAME : [param01]   VAL : [11801513]
2020-07-12 16:33:20 오후 DEBUG [egovframework.cbiz.service.impl.CommDBDAO] {call PR_COMTB_CORP01 (? ,? ,? ,? ,? ,? ,? ,? ,? ,? ,? ,? ,? ,? ,? ,? ,? ,? ,? ,? ,? ,? ,? ,? ,? ,? ,? ,? ,? ,? ,? ,? ,? ,? ,? ,? ,? ,? ,? ,? ,? ,? ,? ,? ,? ,? ,? ,? ,? ,? ,? ,? ,? ,? ,? ,? ,? )}
 PARAM NAME : [action_type]   VAL : [SELECT]
 PARAM NAME : [dbo]   VAL : [SABOK38]
 PARAM NAME : [corp_cd]   VAL : [SABOK38]
 PARAM NAME : [sys_reg_id]   VAL : [11801513]
2020-07-12 16:33:20 오후 DEBUG [egovframework.cbiz.service.impl.CommDBDAO] {call PR_INSTB_EMPL01 (? ,? ,? ,? ,? ,? ,? ,? ,? ,? ,? ,? ,? ,? ,? ,? ,? ,? ,? ,? ,? ,? ,? ,? ,? ,? ,? ,? ,? ,? ,? ,? ,? )}
 PARAM NAME : [action_type]   VAL : [SELECT]
 PARAM NAME : [dbo]   VAL : [SABOK38]
 PARAM NAME : [empl_no]   VAL : [11801513]
 PARAM NAME : [connect_ip]   VAL : [221.154.229.48]
 PARAM NAME : [sys_reg_id]   VAL : [11801513]
2020-07-12 16:33:20 오후 DEBUG [egovframework.cbiz.service.impl.CommDBDAO] {call PR_COMTB_NOTI01_LIST (? ,? ,? ,? ,? ,? ,? ,? ,? ,? ,? ,? ,? ,? ,? )}
 PARAM NAME : [action_type]   VAL : [LIST002]
 PARAM NAME : [dbo]   VAL : [SABOK38]
2020-07-12 16:33:20 오후 DEBUG [egovframework.cbiz.service.impl.CommDBDAO] {call PR_COMTB_MESG02 (? ,? ,? ,? ,? ,? ,? ,? ,? ,? ,? ,? ,? ,? )}
 PARAM NAME : [action_type]   VAL : [SELECT_RECEIVE_COUNT]
 PARAM NAME : [dbo]   VAL : [SABOK38]
 PARAM NAME : [sign_empl_no]   VAL : [11801513]
 PARAM NAME : [sys_reg_id]   VAL : [11801513]
2020-07-12 16:33:20 오후 DEBUG [egovframework.cbiz.service.impl.CommDBDAO] {call PR_COMTB_MESG01_LIST (? ,? ,? ,? ,? ,? ,? ,? ,? ,? ,? ,? ,? ,? ,? )}
 PARAM NAME : [action_type]   VAL : [LIST001]
 PARAM NAME : [dbo]   VAL : [SABOK38]
 PARAM NAME : [param01]   VAL : [11801513]
 PARAM NAME : [param07]   VAL : [1,2]
2020-07-12 16:33:20 오후 DEBUG [egovframework.cbiz.service.impl.CommDBDAO] {call PR_BOKTB_MAST01_LIST (? ,? ,? ,? ,? ,? ,? ,? ,? ,? ,? ,? ,? ,? ,? )}
 PARAM NAME : [action_type]   VAL : [LIST004]
 PARAM NAME : [dbo]   VAL : [SABOK38]
 PARAM NAME : [param01]   VAL : [11801513]
 PARAM NAME : [param07]   VAL : [1,2]
2020-07-12 16:33:20 오후 DEBUG [egovframework.cbiz.service.impl.CommDBDAO] {call PR_SYSTB_MEMO01_LIST (? ,? ,? ,? ,? ,? ,? ,? ,? ,? ,? ,? ,? ,? ,? )}
 PARAM NAME : [action_type]   VAL : [LIST002]
 PARAM NAME : [dbo]   VAL : [SABOK38]
 PARAM NAME : [param01]   VAL : [11801513]
 PARAM NAME : [param02]   VAL : [202007]
 PARAM NAME : [param07]   VAL : [1,2]
2020-07-12 16:33:20 오후 DEBUG [egovframework.cbiz.service.impl.CommDBDAO] {call PR_SYSTB_DATE01 (? ,? ,? ,? ,? ,? ,? ,? )}
 PARAM NAME : [action_type]   VAL : [SELECT_WEEKLY]
 PARAM NAME : [dbo]   VAL : [SABOK38]
 PARAM NAME : [sys_ymd]   VAL : [20200712]
 PARAM NAME : [sys_reg_id]   VAL : [11801513]
2020-07-12 16:33:21 오후 DEBUG [egovframework.cbiz.service.impl.CommDBDAO] {call PR_BUDTB_CODE01_LIST (? ,? ,? ,? ,? ,? ,? ,? ,? ,? ,? ,? ,? ,? ,? )}
 PARAM NAME : [action_type]   VAL : [LIST001]
 PARAM NAME : [dbo]   VAL : [SABOK38]
2020-07-12 16:33:32 오후 DEBUG [egovframework.cbiz.service.impl.CommDBDAO] {call PR_BOKTB_MAST01_LIST (? ,? ,? ,? ,? ,? ,? ,? ,? ,? ,? ,? ,? ,? ,? )}
 PARAM NAME : [action_type]   VAL : [LIST001]
 PARAM NAME : [dbo]   VAL : [SABOK38]
 PARAM NAME : [param01]   VAL : [S02800]
 PARAM NAME : [param06]   VAL : [11801513]
2020-07-12 16:33:32 오후 DEBUG [egovframework.cbiz.service.impl.CommDBDAO] {call PR_COMTB_CODE02_LIST (? ,? ,? ,? ,? ,? ,? ,? ,? ,? ,? ,? ,? ,? )}
 PARAM NAME : [action_type]   VAL : [LISTCODE]
 PARAM NAME : [param01]   VAL : [sign_status]
2020-07-12 16:34:00 오후 DEBUG [egovframework.cbiz.service.impl.CommDBDAO] {call PR_BOKTB_MAST01 (? ,? ,? ,? ,? ,? ,? ,? ,? ,? ,? ,? ,? ,? ,? ,? ,? ,? ,? ,? ,? ,? ,? ,? ,? ,? ,? ,? ,? )}
 PARAM NAME : [action_type]   VAL : [SELECT]
 PARAM NAME : [dbo]   VAL : [SABOK38]
 PARAM NAME : [apply_no]   VAL : [2020010030]
 PARAM NAME : [bugt_cd]   VAL : [S02800]
 PARAM NAME : [sys_reg_id]   VAL : [11801513]
2020-07-12 16:34:12 오후 DEBUG [egovframework.cbiz.service.impl.CommDBDAO] {call PR_BOKTB_MAST01 (? ,? ,? ,? ,? ,? ,? ,? ,? ,? ,? ,? ,? ,? ,? ,? ,? ,? ,? ,? ,? ,? ,? ,? ,? ,? ,? ,? ,? )}
 PARAM NAME : [action_type]   VAL : [SELECT]
 PARAM NAME : [dbo]   VAL : [SABOK38]
 PARAM NAME : [apply_no]   VAL : [2019070012]
 PARAM NAME : [bugt_cd]   VAL : [S02800]
 PARAM NAME : [sys_reg_id]   VAL : [11801513]
2020-07-12 16:34:16 오후 DEBUG [egovframework.cbiz.service.impl.CommDBDAO] {call PR_BOKTB_MAST01 (? ,? ,? ,? ,? ,? ,? ,? ,? ,? ,? ,? ,? ,? ,? ,? ,? ,? ,? ,? ,? ,? ,? ,? ,? ,? ,? ,? ,? )}
 PARAM NAME : [action_type]   VAL : [SELECT]
 PARAM NAME : [dbo]   VAL : [SABOK38]
 PARAM NAME : [apply_no]   VAL : [2020010030]
 PARAM NAME : [bugt_cd]   VAL : [S02800]
 PARAM NAME : [sys_reg_id]   VAL : [11801513]
2020-07-12 16:34:17 오후 DEBUG [egovframework.cbiz.service.impl.CommDBDAO] {call PR_BOKTB_MAST01 (? ,? ,? ,? ,? ,? ,? ,? ,? ,? ,? ,? ,? ,? ,? ,? ,? ,? ,? ,? ,? ,? ,? ,? ,? ,? ,? ,? ,? )}
 PARAM NAME : [action_type]   VAL : [SELECT]
 PARAM NAME : [dbo]   VAL : [SABOK38]
 PARAM NAME : [apply_no]   VAL : [2019070012]
 PARAM NAME : [bugt_cd]   VAL : [S02800]
 PARAM NAME : [sys_reg_id]   VAL : [11801513]
2020-07-12 16:34:18 오후 DEBUG [egovframework.cbiz.service.impl.CommDBDAO] {call PR_BOKTB_MAST01 (? ,? ,? ,? ,? ,? ,? ,? ,? ,? ,? ,? ,? ,? ,? ,? ,? ,? ,? ,? ,? ,? ,? ,? ,? ,? ,? ,? ,? )}
 PARAM NAME : [action_type]   VAL : [SELECT]
 PARAM NAME : [dbo]   VAL : [SABOK38]
 PARAM NAME : [apply_no]   VAL : [2019070012]
 PARAM NAME : [bugt_cd]   VAL : [S02800]
 PARAM NAME : [sys_reg_id]   VAL : [11801513]
2020-07-12 16:34:19 오후 DEBUG [egovframework.cbiz.service.impl.CommDBDAO] {call PR_BOKTB_MAST01 (? ,? ,? ,? ,? ,? ,? ,? ,? ,? ,? ,? ,? ,? ,? ,? ,? ,? ,? ,? ,? ,? ,? ,? ,? ,? ,? ,? ,? )}
 PARAM NAME : [action_type]   VAL : [SELECT]
 PARAM NAME : [dbo]   VAL : [SABOK38]
 PARAM NAME : [apply_no]   VAL : [2020010030]
 PARAM NAME : [bugt_cd]   VAL : [S02800]
 PARAM NAME : [sys_reg_id]   VAL : [11801513]
2020-07-12 16:34:39 오후 DEBUG [egovframework.cbiz.service.impl.CommDBDAO] {call PR_COMTB_MESG01_LIST (? ,? ,? ,? ,? ,? ,? ,? ,? ,? ,? ,? ,? ,? ,? )}
 PARAM NAME : [action_type]   VAL : [LIST003]
 PARAM NAME : [dbo]   VAL : [SABOK38]
 PARAM NAME : [param01]   VAL : [11801513]
 PARAM NAME : [param03]   VAL : [20200612]
 PARAM NAME : [param04]   VAL : [20200712]
 PARAM NAME : [param07]   VAL : [3]
2020-07-12 16:34:39 오후 DEBUG [egovframework.cbiz.service.impl.CommDBDAO] {call PR_COMTB_CODE02_LIST (? ,? ,? ,? ,? ,? ,? ,? ,? ,? ,? ,? ,? ,? )}
 PARAM NAME : [action_type]   VAL : [LISTCODE]
 PARAM NAME : [param01]   VAL : [msg_type]
2020-07-12 16:34:46 오후 DEBUG [egovframework.cbiz.service.impl.CommDBDAO] {call PR_COMTB_MESG01_LIST (? ,? ,? ,? ,? ,? ,? ,? ,? ,? ,? ,? ,? ,? ,? )}
 PARAM NAME : [action_type]   VAL : [LIST003]
 PARAM NAME : [dbo]   VAL : [SABOK38]
 PARAM NAME : [param01]   VAL : [11801513]
 PARAM NAME : [param03]   VAL : [20191001]
 PARAM NAME : [param04]   VAL : [20200712]
 PARAM NAME : [param05]   VAL : [1]
 PARAM NAME : [param07]   VAL : [3]
2020-07-12 16:34:46 오후 DEBUG [egovframework.cbiz.service.impl.CommDBDAO] {call PR_COMTB_CODE02_LIST (? ,? ,? ,? ,? ,? ,? ,? ,? ,? ,? ,? ,? ,? )}
 PARAM NAME : [action_type]   VAL : [LISTCODE]
 PARAM NAME : [param01]   VAL : [msg_type]
2020-07-12 16:34:47 오후 DEBUG [egovframework.cbiz.service.impl.CommDBDAO] {call PR_COMTB_MESG01 (? ,? ,? ,? ,? ,? ,? ,? ,? ,? ,? ,? ,? ,? ,? ,? ,? ,? ,? )}
 PARAM NAME : [action_type]   VAL : [SELECT]
 PARAM NAME : [dbo]   VAL : [SABOK38]
 PARAM NAME : [msg_no]   VAL : [202001080002]
 PARAM NAME : [sys_reg_id]   VAL : [11801513]
2020-07-12 16:34:47 오후 DEBUG [egovframework.cbiz.service.impl.CommDBDAO] {call PR_COMTB_FILE01_LIST (? ,? ,? ,? ,? ,? ,? ,? ,? ,? ,? ,? ,? ,? )}
 PARAM NAME : [action_type]   VAL : [LIST001]
 PARAM NAME : [param01]   VAL : [SABOK38.COMTB_MESG01]
 PARAM NAME : [param02]   VAL : [202001080002]
2020-07-12 16:34:47 오후 DEBUG [egovframework.cbiz.service.impl.CommDBDAO] {call PR_COMTB_MESG02_LIST (? ,? ,? ,? ,? ,? ,? ,? ,? ,? ,? ,? ,? ,? ,? )}
 PARAM NAME : [action_type]   VAL : [LIST001]
 PARAM NAME : [dbo]   VAL : [SABOK38]
 PARAM NAME : [param01]   VAL : [202001080002]
2020-07-12 16:34:47 오후 DEBUG [egovframework.cbiz.service.impl.CommDBDAO] {call PR_COMTB_MESG02_LIST (? ,? ,? ,? ,? ,? ,? ,? ,? ,? ,? ,? ,? ,? ,? )}
 PARAM NAME : [action_type]   VAL : [LIST001]
 PARAM NAME : [dbo]   VAL : [SABOK38]
 PARAM NAME : [param01]   VAL : [202001080002]
2020-07-12 16:34:47 오후 DEBUG [egovframework.cbiz.service.impl.CommDBDAO] {call PR_REPORT_SQL (? ,? ,? ,? ,? ,? ,? ,? ,? ,? ,? ,? ,? ,? ,? )}
 PARAM NAME : [action_type]   VAL : [SGN01002]
 PARAM NAME : [dbo]   VAL : [SABOK38]
 PARAM NAME : [param01]   VAL : [202001080002]
2020-07-12 16:34:55 오후 DEBUG [egovframework.cbiz.service.impl.CommDBDAO] {call PR_COMTB_MESG01 (? ,? ,? ,? ,? ,? ,? ,? ,? ,? ,? ,? ,? ,? ,? ,? ,? ,? ,? )}
 PARAM NAME : [action_type]   VAL : [SELECT]
 PARAM NAME : [dbo]   VAL : [SABOK38]
 PARAM NAME : [msg_no]   VAL : [202001080002]
 PARAM NAME : [sys_reg_id]   VAL : [11801513]
2020-07-12 16:34:55 오후 DEBUG [egovframework.cbiz.service.impl.CommDBDAO] {call PR_COMTB_FILE01_LIST (? ,? ,? ,? ,? ,? ,? ,? ,? ,? ,? ,? ,? ,? )}
 PARAM NAME : [action_type]   VAL : [LIST001]
 PARAM NAME : [param01]   VAL : [SABOK38.COMTB_MESG01]
 PARAM NAME : [param02]   VAL : [202001080002]
2020-07-12 16:34:55 오후 DEBUG [egovframework.cbiz.service.impl.CommDBDAO] {call PR_COMTB_MESG02_LIST (? ,? ,? ,? ,? ,? ,? ,? ,? ,? ,? ,? ,? ,? ,? )}
 PARAM NAME : [action_type]   VAL : [LIST001]
 PARAM NAME : [dbo]   VAL : [SABOK38]
 PARAM NAME : [param01]   VAL : [202001080002]
2020-07-12 16:34:55 오후 DEBUG [egovframework.cbiz.service.impl.CommDBDAO] {call PR_REPORT_SQL (? ,? ,? ,? ,? ,? ,? ,? ,? ,? ,? ,? ,? ,? ,? )}
 PARAM NAME : [action_type]   VAL : [SGN01002]
 PARAM NAME : [dbo]   VAL : [SABOK38]
 PARAM NAME : [param01]   VAL : [202001080002]
2020-07-12 16:34:55 오후 DEBUG [egovframework.cbiz.service.impl.CommDBDAO] {call PR_COMTB_MESG02_LIST (? ,? ,? ,? ,? ,? ,? ,? ,? ,? ,? ,? ,? ,? ,? )}
 PARAM NAME : [action_type]   VAL : [LIST001]
 PARAM NAME : [dbo]   VAL : [SABOK38]
 PARAM NAME : [param01]   VAL : [202001080002]
2020-07-12 16:34:55 오후 DEBUG [egovframework.cbiz.service.impl.CommDBDAO] {call PR_COMTB_MESG01 (? ,? ,? ,? ,? ,? ,? ,? ,? ,? ,? ,? ,? ,? ,? ,? ,? ,? ,? )}
 PARAM NAME : [action_type]   VAL : [SELECT]
 PARAM NAME : [dbo]   VAL : [SABOK38]
 PARAM NAME : [msg_no]   VAL : [202001080002]
 PARAM NAME : [sys_reg_id]   VAL : [11801513]
2020-07-12 16:34:55 오후 DEBUG [egovframework.cbiz.service.impl.CommDBDAO] {call PR_COMTB_FILE01_LIST (? ,? ,? ,? ,? ,? ,? ,? ,? ,? ,? ,? ,? ,? )}
 PARAM NAME : [action_type]   VAL : [LIST001]
 PARAM NAME : [param01]   VAL : [SABOK38.COMTB_MESG01]
 PARAM NAME : [param02]   VAL : [202001080002]
2020-07-12 16:34:55 오후 DEBUG [egovframework.cbiz.service.impl.CommDBDAO] {call PR_COMTB_MESG02_LIST (? ,? ,? ,? ,? ,? ,? ,? ,? ,? ,? ,? ,? ,? ,? )}
 PARAM NAME : [action_type]   VAL : [LIST001]
 PARAM NAME : [dbo]   VAL : [SABOK38]
 PARAM NAME : [param01]   VAL : [202001080002]
2020-07-12 16:34:55 오후 DEBUG [egovframework.cbiz.service.impl.CommDBDAO] {call PR_REPORT_SQL (? ,? ,? ,? ,? ,? ,? ,? ,? ,? ,? ,? ,? ,? ,? )}
 PARAM NAME : [action_type]   VAL : [SGN01002]
 PARAM NAME : [dbo]   VAL : [SABOK38]
 PARAM NAME : [param01]   VAL : [202001080002]
2020-07-12 16:34:55 오후 DEBUG [egovframework.cbiz.service.impl.CommDBDAO] {call PR_COMTB_MESG02_LIST (? ,? ,? ,? ,? ,? ,? ,? ,? ,? ,? ,? ,? ,? ,? )}
 PARAM NAME : [action_type]   VAL : [LIST001]
 PARAM NAME : [dbo]   VAL : [SABOK38]
 PARAM NAME : [param01]   VAL : [202001080002]
2020-07-12 16:35:18 오후 DEBUG [egovframework.cbiz.service.impl.CommDBDAO] {call PR_BOKTB_MAST01_LIST (? ,? ,? ,? ,? ,? ,? ,? ,? ,? ,? ,? ,? ,? ,? )}
 PARAM NAME : [action_type]   VAL : [LIST001]
 PARAM NAME : [dbo]   VAL : [SABOK38]
 PARAM NAME : [param01]   VAL : [S02800]
 PARAM NAME : [param06]   VAL : [11801513]
2020-07-12 16:35:18 오후 DEBUG [egovframework.cbiz.service.impl.CommDBDAO] {call PR_COMTB_CODE02_LIST (? ,? ,? ,? ,? ,? ,? ,? ,? ,? ,? ,? ,? ,? )}
 PARAM NAME : [action_type]   VAL : [LISTCODE]
 PARAM NAME : [param01]   VAL : [sign_status]
2020-07-12 16:35:18 오후 DEBUG [egovframework.cbiz.service.impl.CommDBDAO] {call PR_BUDTB_CODE01 (? ,? ,? ,? ,? ,? ,? ,? ,? ,? ,? ,? ,? )}
 PARAM NAME : [action_type]   VAL : [SELECT]
 PARAM NAME : [dbo]   VAL : [SABOK38]
 PARAM NAME : [bugt_cd]   VAL : [S02800]
 PARAM NAME : [sys_reg_id]   VAL : [11801513]
2020-07-12 16:35:18 오후 DEBUG [egovframework.cbiz.service.impl.CommDBDAO] {call PR_INSTB_EMPL01 (? ,? ,? ,? ,? ,? ,? ,? ,? ,? ,? ,? ,? ,? ,? ,? ,? ,? ,? ,? ,? ,? ,? ,? ,? ,? ,? ,? ,? ,? ,? ,? ,? )}
 PARAM NAME : [action_type]   VAL : [SELECT]
 PARAM NAME : [dbo]   VAL : [SABOK38]
 PARAM NAME : [empl_no]   VAL : [11801513]
 PARAM NAME : [connect_ip]   VAL : [221.154.229.48]
 PARAM NAME : [sys_reg_id]   VAL : [11801513]
2020-07-12 16:35:18 오후 DEBUG [egovframework.cbiz.service.impl.CommDBDAO] {call PR_COMTB_CODE02_LIST (? ,? ,? ,? ,? ,? ,? ,? ,? ,? ,? ,? ,? ,? )}
 PARAM NAME : [action_type]   VAL : [MULTCODE]
 PARAM NAME : [param01]   VAL : [family_rel_cd|bank_cd@@@@A|]
2020-07-12 16:35:32 오후 DEBUG [egovframework.cbiz.service.impl.CommDBDAO] {call PR_COMTB_MESG01_LIST (? ,? ,? ,? ,? ,? ,? ,? ,? ,? ,? ,? ,? ,? ,? )}
 PARAM NAME : [action_type]   VAL : [LIST003]
 PARAM NAME : [dbo]   VAL : [SABOK38]
 PARAM NAME : [param01]   VAL : [11801513]
 PARAM NAME : [param03]   VAL : [20200612]
 PARAM NAME : [param04]   VAL : [20200712]
 PARAM NAME : [param07]   VAL : [3]
2020-07-12 16:35:32 오후 DEBUG [egovframework.cbiz.service.impl.CommDBDAO] {call PR_COMTB_CODE02_LIST (? ,? ,? ,? ,? ,? ,? ,? ,? ,? ,? ,? ,? ,? )}
 PARAM NAME : [action_type]   VAL : [LISTCODE]
 PARAM NAME : [param01]   VAL : [msg_type]
2020-07-12 16:35:39 오후 DEBUG [egovframework.cbiz.service.impl.CommDBDAO] {call PR_COMTB_MESG01_LIST (? ,? ,? ,? ,? ,? ,? ,? ,? ,? ,? ,? ,? ,? ,? )}
 PARAM NAME : [action_type]   VAL : [LIST003]
 PARAM NAME : [dbo]   VAL : [SABOK38]
 PARAM NAME : [param01]   VAL : [11801513]
 PARAM NAME : [param03]   VAL : [20190827]
 PARAM NAME : [param04]   VAL : [20200712]
 PARAM NAME : [param05]   VAL : [1]
 PARAM NAME : [param07]   VAL : [3]
2020-07-12 16:35:39 오후 DEBUG [egovframework.cbiz.service.impl.CommDBDAO] {call PR_COMTB_CODE02_LIST (? ,? ,? ,? ,? ,? ,? ,? ,? ,? ,? ,? ,? ,? )}
 PARAM NAME : [action_type]   VAL : [LISTCODE]
 PARAM NAME : [param01]   VAL : [msg_type]
2020-07-12 16:35:39 오후 DEBUG [egovframework.cbiz.service.impl.CommDBDAO] {call PR_COMTB_MESG01 (? ,? ,? ,? ,? ,? ,? ,? ,? ,? ,? ,? ,? ,? ,? ,? ,? ,? ,? )}
 PARAM NAME : [action_type]   VAL : [SELECT]
 PARAM NAME : [dbo]   VAL : [SABOK38]
 PARAM NAME : [msg_no]   VAL : [202001080002]
 PARAM NAME : [sys_reg_id]   VAL : [11801513]
2020-07-12 16:35:39 오후 DEBUG [egovframework.cbiz.service.impl.CommDBDAO] {call PR_COMTB_FILE01_LIST (? ,? ,? ,? ,? ,? ,? ,? ,? ,? ,? ,? ,? ,? )}
 PARAM NAME : [action_type]   VAL : [LIST001]
 PARAM NAME : [param01]   VAL : [SABOK38.COMTB_MESG01]
 PARAM NAME : [param02]   VAL : [202001080002]
2020-07-12 16:35:39 오후 DEBUG [egovframework.cbiz.service.impl.CommDBDAO] {call PR_COMTB_MESG02_LIST (? ,? ,? ,? ,? ,? ,? ,? ,? ,? ,? ,? ,? ,? ,? )}
 PARAM NAME : [action_type]   VAL : [LIST001]
 PARAM NAME : [dbo]   VAL : [SABOK38]
 PARAM NAME : [param01]   VAL : [202001080002]
2020-07-12 16:35:39 오후 DEBUG [egovframework.cbiz.service.impl.CommDBDAO] {call PR_REPORT_SQL (? ,? ,? ,? ,? ,? ,? ,? ,? ,? ,? ,? ,? ,? ,? )}
 PARAM NAME : [action_type]   VAL : [SGN01002]
 PARAM NAME : [dbo]   VAL : [SABOK38]
 PARAM NAME : [param01]   VAL : [202001080002]
2020-07-12 16:35:39 오후 DEBUG [egovframework.cbiz.service.impl.CommDBDAO] {call PR_COMTB_MESG02_LIST (? ,? ,? ,? ,? ,? ,? ,? ,? ,? ,? ,? ,? ,? ,? )}
 PARAM NAME : [action_type]   VAL : [LIST001]
 PARAM NAME : [dbo]   VAL : [SABOK38]
 PARAM NAME : [param01]   VAL : [202001080002]
2020-07-12 16:35:55 오후 DEBUG [egovframework.cbiz.service.impl.CommDBDAO] {call PR_BOKTB_MAST01_LIST (? ,? ,? ,? ,? ,? ,? ,? ,? ,? ,? ,? ,? ,? ,? )}
 PARAM NAME : [action_type]   VAL : [LIST001]
 PARAM NAME : [dbo]   VAL : [SABOK38]
 PARAM NAME : [param01]   VAL : [S02800]
 PARAM NAME : [param06]   VAL : [11801513]
2020-07-12 16:35:55 오후 DEBUG [egovframework.cbiz.service.impl.CommDBDAO] {call PR_COMTB_CODE02_LIST (? ,? ,? ,? ,? ,? ,? ,? ,? ,? ,? ,? ,? ,? )}
 PARAM NAME : [action_type]   VAL : [LISTCODE]
 PARAM NAME : [param01]   VAL : [sign_status]
2020-07-12 16:35:56 오후 DEBUG [egovframework.cbiz.service.impl.CommDBDAO] {call PR_BUDTB_CODE01 (? ,? ,? ,? ,? ,? ,? ,? ,? ,? ,? ,? ,? )}
 PARAM NAME : [action_type]   VAL : [SELECT]
 PARAM NAME : [dbo]   VAL : [SABOK38]
 PARAM NAME : [bugt_cd]   VAL : [S02800]
 PARAM NAME : [sys_reg_id]   VAL : [11801513]
2020-07-12 16:35:56 오후 DEBUG [egovframework.cbiz.service.impl.CommDBDAO] {call PR_INSTB_EMPL01 (? ,? ,? ,? ,? ,? ,? ,? ,? ,? ,? ,? ,? ,? ,? ,? ,? ,? ,? ,? ,? ,? ,? ,? ,? ,? ,? ,? ,? ,? ,? ,? ,? )}
 PARAM NAME : [action_type]   VAL : [SELECT]
 PARAM NAME : [dbo]   VAL : [SABOK38]
 PARAM NAME : [empl_no]   VAL : [11801513]
 PARAM NAME : [connect_ip]   VAL : [221.154.229.48]
 PARAM NAME : [sys_reg_id]   VAL : [11801513]
2020-07-12 16:35:56 오후 DEBUG [egovframework.cbiz.service.impl.CommDBDAO] {call PR_COMTB_CODE02_LIST (? ,? ,? ,? ,? ,? ,? ,? ,? ,? ,? ,? ,? ,? )}
 PARAM NAME : [action_type]   VAL : [MULTCODE]
 PARAM NAME : [param01]   VAL : [family_rel_cd|bank_cd@@@@A|]
2020-07-12 16:44:37 오후 DEBUG [egovframework.cbiz.service.impl.CommDBDAO] {call PR_BOKTB_MAST01 (? ,? ,? ,? ,? ,? ,? ,? ,? ,? ,? ,? ,? ,? ,? ,? ,? ,? ,? ,? ,? ,? ,? ,? ,? ,? ,? ,? ,? )}
 PARAM NAME : [action_type]   VAL : [INSERT]
 PARAM NAME : [dbo]   VAL : [SABOK38]
 PARAM NAME : [empl_no]   VAL : [11801513]
 PARAM NAME : [bugt_cd]   VAL : [S02800]
 PARAM NAME : [apply_ymd]   VAL : [20200712]
 PARAM NAME : [apply_amt]   VAL : [452232]
 PARAM NAME : [bank_cd]   VAL : [308]
 PARAM NAME : [account_no]   VAL : [110402031451]
 PARAM NAME : [account_owner]   VAL : [전승희]
 PARAM NAME : [etc_remark]   VAL : [6개월 원금평균 21,331,728 X 2.12% 적용]
 PARAM NAME : [sys_reg_id]   VAL : [11801513]
2020-07-12 16:44:37 오후 DEBUG [egovframework.cbiz.service.impl.CommDBDAO] {call PR_AUTO_SLIP (? ,? ,? ,? ,? ,? ,? ,? ,? ,? ,? )}
 PARAM NAME : [action_type]   VAL : [BOKTB_MAST01]
 PARAM NAME : [dbo]   VAL : [SABOK38]
 PARAM NAME : [search_key]   VAL : [2020070054]
 PARAM NAME : [account_no]   VAL : [110402031451]
 PARAM NAME : [sys_reg_id]   VAL : [11801513]
2020-07-12 16:44:37 오후 DEBUG [egovframework.cbiz.service.impl.CommDBDAO] {call PR_BOKTB_MAST01_LIST (? ,? ,? ,? ,? ,? ,? ,? ,? ,? ,? ,? ,? ,? ,? )}
 PARAM NAME : [action_type]   VAL : [LIST001]
 PARAM NAME : [dbo]   VAL : [SABOK38]
 PARAM NAME : [param01]   VAL : [S02800]
 PARAM NAME : [param04]   VAL : [1]
 PARAM NAME : [param06]   VAL : [11801513]
2020-07-12 16:44:37 오후 DEBUG [egovframework.cbiz.service.impl.CommDBDAO] {call PR_BOKTB_MAST01 (? ,? ,? ,? ,? ,? ,? ,? ,? ,? ,? ,? ,? ,? ,? ,? ,? ,? ,? ,? ,? ,? ,? ,? ,? ,? ,? ,? ,? )}
 PARAM NAME : [action_type]   VAL : [SELECT]
 PARAM NAME : [dbo]   VAL : [SABOK38]
 PARAM NAME : [apply_no]   VAL : [2020070054]
 PARAM NAME : [bugt_cd]   VAL : [S02800]
 PARAM NAME : [sys_reg_id]   VAL : [11801513]
2020-07-12 16:48:21 오후 DEBUG [egovframework.cbiz.service.impl.CommDBDAO] {call PR_COMTB_MESG01 (? ,? ,? ,? ,? ,? ,? ,? ,? ,? ,? ,? ,? ,? ,? ,? ,? ,? ,? )}
 PARAM NAME : [action_type]   VAL : [SIGN_REQUEST]
 PARAM NAME : [dbo]   VAL : [SABOK38]
 PARAM NAME : [msg_type]   VAL : [SLP002]
 PARAM NAME : [search_key]   VAL : [ACCTB_SLIP01|20200712S0001|2020070054|S02800]
 PARAM NAME : [subject]   VAL : [주택대출이자 신청(안광건)]
 PARAM NAME : [send_empl_no]   VAL : [11801513]
 PARAM NAME : [opinion]   VAL : [주택대출이자 신청(안광건)<br>- 신청일자 : 2020-07-12<br>- 신청금액 : 452,232원<br>- 비고 : 6개월 원금평균 21,331,728 X 2.12% 적용]
 PARAM NAME : [open_scope]   VAL : [4]
 PARAM NAME : [sys_reg_id]   VAL : [11801513]
2020-07-12 16:48:21 오후 DEBUG [egovframework.cbiz.service.impl.CommDBDAO] {call PR_COMTB_FILE01 (? ,? ,? ,? ,? ,? ,? ,? ,? ,? ,? ,? )}
 PARAM NAME : [action_type]   VAL : [INSERT]
 PARAM NAME : [file_nm]   VAL : [주택매매계약.jpg]
 PARAM NAME : [file_path]   VAL : [20200712164821700_0_202007120001.jpg]
 PARAM NAME : [file_type]   VAL : [jpg]
 PARAM NAME : [file_size]   VAL : [2978829]
 PARAM NAME : [ref_table]   VAL : [SABOK38.COMTB_MESG01]
 PARAM NAME : [ref_pk]   VAL : [202007120001]
 PARAM NAME : [sys_reg_id]   VAL : [11801513]
2020-07-12 16:48:21 오후 DEBUG [egovframework.cbiz.service.impl.CommDBDAO] {call PR_COMTB_FILE01 (? ,? ,? ,? ,? ,? ,? ,? ,? ,? ,? ,? )}
 PARAM NAME : [action_type]   VAL : [INSERT]
 PARAM NAME : [file_nm]   VAL : [200712_이자납입내역(주택담보대출)2.pdf]
 PARAM NAME : [file_path]   VAL : [20200712164821731_1_202007120001.pdf]
 PARAM NAME : [file_type]   VAL : [pdf]
 PARAM NAME : [file_size]   VAL : [36960]
 PARAM NAME : [ref_table]   VAL : [SABOK38.COMTB_MESG01]
 PARAM NAME : [ref_pk]   VAL : [202007120001]
 PARAM NAME : [sys_reg_id]   VAL : [11801513]
2020-07-12 16:48:21 오후 DEBUG [egovframework.cbiz.service.impl.CommDBDAO] {call PR_COMTB_FILE01 (? ,? ,? ,? ,? ,? ,? ,? ,? ,? ,? ,? )}
 PARAM NAME : [action_type]   VAL : [INSERT]
 PARAM NAME : [file_nm]   VAL : [190708_사내복지기금신청서류.pdf]
 PARAM NAME : [file_path]   VAL : [20200712164821731_2_202007120001.pdf]
 PARAM NAME : [file_type]   VAL : [pdf]
 PARAM NAME : [file_size]   VAL : [284534]
 PARAM NAME : [ref_table]   VAL : [SABOK38.COMTB_MESG01]
 PARAM NAME : [ref_pk]   VAL : [202007120001]
 PARAM NAME : [sys_reg_id]   VAL : [11801513]
2020-07-12 16:48:21 오후 DEBUG [egovframework.cbiz.service.impl.CommDBDAO] {call PR_COMTB_FILE01 (? ,? ,? ,? ,? ,? ,? ,? ,? ,? ,? ,? )}
 PARAM NAME : [action_type]   VAL : [INSERT]
 PARAM NAME : [file_nm]   VAL : [금융거래확인서(주택담보대출).pdf]
 PARAM NAME : [file_path]   VAL : [20200712164821731_3_202007120001.pdf]
 PARAM NAME : [file_type]   VAL : [pdf]
 PARAM NAME : [file_size]   VAL : [183500]
 PARAM NAME : [ref_table]   VAL : [SABOK38.COMTB_MESG01]
 PARAM NAME : [ref_pk]   VAL : [202007120001]
 PARAM NAME : [sys_reg_id]   VAL : [11801513]
2020-07-12 16:48:21 오후 DEBUG [egovframework.cbiz.service.impl.CommDBDAO] {call PR_BOKTB_MAST01 (? ,? ,? ,? ,? ,? ,? ,? ,? ,? ,? ,? ,? ,? ,? ,? ,? ,? ,? ,? ,? ,? ,? ,? ,? ,? ,? ,? ,? )}
 PARAM NAME : [action_type]   VAL : [SELECT]
 PARAM NAME : [dbo]   VAL : [SABOK38]
 PARAM NAME : [apply_no]   VAL : [2020070054]
 PARAM NAME : [empl_no]   VAL : [11801513]
 PARAM NAME : [bugt_cd]   VAL : [S02800]
 PARAM NAME : [slip_no]   VAL : [20200712S0001]
 PARAM NAME : [sys_reg_id]   VAL : [11801513]
