2020-08-30 17:18:27 오후 DEBUG [egovframework.ubiz.web.abstractController] java.lang.NullPointerException
	at egovframework.ubiz.web.menuController.mainFrame(menuController.java:58)
	at sun.reflect.GeneratedMethodAccessor76.invoke(Unknown Source)
	at sun.reflect.DelegatingMethodAccessorImpl.invoke(Unknown Source)
	at java.lang.reflect.Method.invoke(Unknown Source)
	at org.springframework.web.method.support.InvocableHandlerMethod.doInvoke(InvocableHandlerMethod.java:222)
	at org.springframework.web.method.support.InvocableHandlerMethod.invokeForRequest(InvocableHandlerMethod.java:137)
	at org.springframework.web.servlet.mvc.method.annotation.ServletInvocableHandlerMethod.invokeAndHandle(ServletInvocableHandlerMethod.java:110)
	at org.springframework.web.servlet.mvc.method.annotation.RequestMappingHandlerAdapter.invokeHandlerMethod(RequestMappingHandlerAdapter.java:814)
	at org.springframework.web.servlet.mvc.method.annotation.RequestMappingHandlerAdapter.handleInternal(RequestMappingHandlerAdapter.java:737)
	at org.springframework.web.servlet.mvc.method.AbstractHandlerMethodAdapter.handle(AbstractHandlerMethodAdapter.java:85)
	at org.springframework.web.servlet.DispatcherServlet.doDispatch(DispatcherServlet.java:959)
	at org.springframework.web.servlet.DispatcherServlet.doService(DispatcherServlet.java:893)
	at org.springframework.web.servlet.FrameworkServlet.processRequest(FrameworkServlet.java:970)
	at org.springframework.web.servlet.FrameworkServlet.doGet(FrameworkServlet.java:861)
	at javax.servlet.http.HttpServlet.service(HttpServlet.java:622)
	at org.springframework.web.servlet.FrameworkServlet.service(FrameworkServlet.java:846)
	at javax.servlet.http.HttpServlet.service(HttpServlet.java:729)
	at org.apache.catalina.core.ApplicationFilterChain.internalDoFilter(ApplicationFilterChain.java:292)
	at org.apache.catalina.core.ApplicationFilterChain.doFilter(ApplicationFilterChain.java:207)
	at org.apache.tomcat.websocket.server.WsFilter.doFilter(WsFilter.java:52)
	at org.apache.catalina.core.ApplicationFilterChain.internalDoFilter(ApplicationFilterChain.java:240)
	at org.apache.catalina.core.ApplicationFilterChain.doFilter(ApplicationFilterChain.java:207)
	at com.opensymphony.sitemesh.webapp.SiteMeshFilter.obtainContent(SiteMeshFilter.java:129)
	at com.opensymphony.sitemesh.webapp.SiteMeshFilter.doFilter(SiteMeshFilter.java:77)
	at org.apache.catalina.core.ApplicationFilterChain.internalDoFilter(ApplicationFilterChain.java:240)
	at org.apache.catalina.core.ApplicationFilterChain.doFilter(ApplicationFilterChain.java:207)
	at egovframework.rte.ptl.mvc.filter.HTMLTagFilter.doFilter(HTMLTagFilter.java:52)
	at org.apache.catalina.core.ApplicationFilterChain.internalDoFilter(ApplicationFilterChain.java:240)
	at org.apache.catalina.core.ApplicationFilterChain.doFilter(ApplicationFilterChain.java:207)
	at org.springframework.web.filter.CharacterEncodingFilter.doFilterInternal(CharacterEncodingFilter.java:121)
	at org.springframework.web.filter.OncePerRequestFilter.doFilter(OncePerRequestFilter.java:107)
	at org.apache.catalina.core.ApplicationFilterChain.internalDoFilter(ApplicationFilterChain.java:240)
	at org.apache.catalina.core.ApplicationFilterChain.doFilter(ApplicationFilterChain.java:207)
	at egovframework.cbiz.CORSFilter.doFilter(CORSFilter.java:24)
	at org.apache.catalina.core.ApplicationFilterChain.internalDoFilter(ApplicationFilterChain.java:240)
	at org.apache.catalina.core.ApplicationFilterChain.doFilter(ApplicationFilterChain.java:207)
	at org.apache.catalina.core.StandardWrapperValve.invoke(StandardWrapperValve.java:212)
	at org.apache.catalina.core.StandardContextValve.invoke(StandardContextValve.java:94)
	at org.apache.catalina.authenticator.AuthenticatorBase.invoke(AuthenticatorBase.java:504)
	at org.apache.catalina.core.StandardHostValve.invoke(StandardHostValve.java:141)
	at org.apache.catalina.valves.ErrorReportValve.invoke(ErrorReportValve.java:79)
	at org.apache.catalina.valves.AbstractAccessLogValve.invoke(AbstractAccessLogValve.java:620)
	at org.apache.catalina.core.StandardEngineValve.invoke(StandardEngineValve.java:88)
	at org.apache.catalina.connector.CoyoteAdapter.service(CoyoteAdapter.java:502)
	at org.apache.coyote.http11.AbstractHttp11Processor.process(AbstractHttp11Processor.java:1132)
	at org.apache.coyote.AbstractProtocol$AbstractConnectionHandler.process(AbstractProtocol.java:684)
	at org.apache.tomcat.util.net.NioEndpoint$SocketProcessor.doRun(NioEndpoint.java:1539)
	at org.apache.tomcat.util.net.NioEndpoint$SocketProcessor.run(NioEndpoint.java:1495)
	at java.util.concurrent.ThreadPoolExecutor.runWorker(Unknown Source)
	at java.util.concurrent.ThreadPoolExecutor$Worker.run(Unknown Source)
	at org.apache.tomcat.util.threads.TaskThread$WrappingRunnable.run(TaskThread.java:61)
	at java.lang.Thread.run(Unknown Source)

2020-08-30 17:18:29 오후 DEBUG [egovframework.ubiz.web.abstractController] java.lang.NullPointerException
	at egovframework.ubiz.web.menuController.mainFrame(menuController.java:58)
	at sun.reflect.GeneratedMethodAccessor76.invoke(Unknown Source)
	at sun.reflect.DelegatingMethodAccessorImpl.invoke(Unknown Source)
	at java.lang.reflect.Method.invoke(Unknown Source)
	at org.springframework.web.method.support.InvocableHandlerMethod.doInvoke(InvocableHandlerMethod.java:222)
	at org.springframework.web.method.support.InvocableHandlerMethod.invokeForRequest(InvocableHandlerMethod.java:137)
	at org.springframework.web.servlet.mvc.method.annotation.ServletInvocableHandlerMethod.invokeAndHandle(ServletInvocableHandlerMethod.java:110)
	at org.springframework.web.servlet.mvc.method.annotation.RequestMappingHandlerAdapter.invokeHandlerMethod(RequestMappingHandlerAdapter.java:814)
	at org.springframework.web.servlet.mvc.method.annotation.RequestMappingHandlerAdapter.handleInternal(RequestMappingHandlerAdapter.java:737)
	at org.springframework.web.servlet.mvc.method.AbstractHandlerMethodAdapter.handle(AbstractHandlerMethodAdapter.java:85)
	at org.springframework.web.servlet.DispatcherServlet.doDispatch(DispatcherServlet.java:959)
	at org.springframework.web.servlet.DispatcherServlet.doService(DispatcherServlet.java:893)
	at org.springframework.web.servlet.FrameworkServlet.processRequest(FrameworkServlet.java:970)
	at org.springframework.web.servlet.FrameworkServlet.doGet(FrameworkServlet.java:861)
	at javax.servlet.http.HttpServlet.service(HttpServlet.java:622)
	at org.springframework.web.servlet.FrameworkServlet.service(FrameworkServlet.java:846)
	at javax.servlet.http.HttpServlet.service(HttpServlet.java:729)
	at org.apache.catalina.core.ApplicationFilterChain.internalDoFilter(ApplicationFilterChain.java:292)
	at org.apache.catalina.core.ApplicationFilterChain.doFilter(ApplicationFilterChain.java:207)
	at org.apache.tomcat.websocket.server.WsFilter.doFilter(WsFilter.java:52)
	at org.apache.catalina.core.ApplicationFilterChain.internalDoFilter(ApplicationFilterChain.java:240)
	at org.apache.catalina.core.ApplicationFilterChain.doFilter(ApplicationFilterChain.java:207)
	at com.opensymphony.sitemesh.webapp.SiteMeshFilter.obtainContent(SiteMeshFilter.java:129)
	at com.opensymphony.sitemesh.webapp.SiteMeshFilter.doFilter(SiteMeshFilter.java:77)
	at org.apache.catalina.core.ApplicationFilterChain.internalDoFilter(ApplicationFilterChain.java:240)
	at org.apache.catalina.core.ApplicationFilterChain.doFilter(ApplicationFilterChain.java:207)
	at egovframework.rte.ptl.mvc.filter.HTMLTagFilter.doFilter(HTMLTagFilter.java:52)
	at org.apache.catalina.core.ApplicationFilterChain.internalDoFilter(ApplicationFilterChain.java:240)
	at org.apache.catalina.core.ApplicationFilterChain.doFilter(ApplicationFilterChain.java:207)
	at org.springframework.web.filter.CharacterEncodingFilter.doFilterInternal(CharacterEncodingFilter.java:121)
	at org.springframework.web.filter.OncePerRequestFilter.doFilter(OncePerRequestFilter.java:107)
	at org.apache.catalina.core.ApplicationFilterChain.internalDoFilter(ApplicationFilterChain.java:240)
	at org.apache.catalina.core.ApplicationFilterChain.doFilter(ApplicationFilterChain.java:207)
	at egovframework.cbiz.CORSFilter.doFilter(CORSFilter.java:24)
	at org.apache.catalina.core.ApplicationFilterChain.internalDoFilter(ApplicationFilterChain.java:240)
	at org.apache.catalina.core.ApplicationFilterChain.doFilter(ApplicationFilterChain.java:207)
	at org.apache.catalina.core.StandardWrapperValve.invoke(StandardWrapperValve.java:212)
	at org.apache.catalina.core.StandardContextValve.invoke(StandardContextValve.java:94)
	at org.apache.catalina.authenticator.AuthenticatorBase.invoke(AuthenticatorBase.java:504)
	at org.apache.catalina.core.StandardHostValve.invoke(StandardHostValve.java:141)
	at org.apache.catalina.valves.ErrorReportValve.invoke(ErrorReportValve.java:79)
	at org.apache.catalina.valves.AbstractAccessLogValve.invoke(AbstractAccessLogValve.java:620)
	at org.apache.catalina.core.StandardEngineValve.invoke(StandardEngineValve.java:88)
	at org.apache.catalina.connector.CoyoteAdapter.service(CoyoteAdapter.java:502)
	at org.apache.coyote.http11.AbstractHttp11Processor.process(AbstractHttp11Processor.java:1132)
	at org.apache.coyote.AbstractProtocol$AbstractConnectionHandler.process(AbstractProtocol.java:684)
	at org.apache.tomcat.util.net.NioEndpoint$SocketProcessor.doRun(NioEndpoint.java:1539)
	at org.apache.tomcat.util.net.NioEndpoint$SocketProcessor.run(NioEndpoint.java:1495)
	at java.util.concurrent.ThreadPoolExecutor.runWorker(Unknown Source)
	at java.util.concurrent.ThreadPoolExecutor$Worker.run(Unknown Source)
	at org.apache.tomcat.util.threads.TaskThread$WrappingRunnable.run(TaskThread.java:61)
	at java.lang.Thread.run(Unknown Source)

2020-08-30 17:18:32 오후 DEBUG [egovframework.cbiz.service.impl.CommDBDAO] {call PR_COMTB_NOTI01_LIST (? ,? ,? ,? ,? ,? ,? ,? ,? ,? ,? ,? ,? ,? ,? )}
 PARAM NAME : [action_type]   VAL : [LIST002]
2020-08-30 17:18:37 오후 DEBUG [egovframework.cbiz.service.impl.CommDBDAO] {call PR_INSTB_EMPL01 (? ,? ,? ,? ,? ,? ,? ,? ,? ,? ,? ,? ,? ,? ,? ,? ,? ,? ,? ,? ,? ,? ,? ,? ,? ,? ,? ,? ,? ,? ,? ,? ,? )}
 PARAM NAME : [action_type]   VAL : [SELECT_LOGIN]
 PARAM NAME : [dbo]   VAL : [SABOK01]
 PARAM NAME : [user_id]   VAL : [admin]
 PARAM NAME : [pswd]   VAL : [$u9o32767]
 PARAM NAME : [connect_ip]   VAL : [221.155.229.116]
2020-08-30 17:18:41 오후 DEBUG [egovframework.cbiz.service.impl.CommDBDAO] {call PR_INSTB_EMPL01 (? ,? ,? ,? ,? ,? ,? ,? ,? ,? ,? ,? ,? ,? ,? ,? ,? ,? ,? ,? ,? ,? ,? ,? ,? ,? ,? ,? ,? ,? ,? ,? ,? )}
 PARAM NAME : [action_type]   VAL : [SELECT_LOGIN]
 PARAM NAME : [dbo]   VAL : [SABOK01]
 PARAM NAME : [user_id]   VAL : [admin]
 PARAM NAME : [pswd]   VAL : [$u9o3767]
 PARAM NAME : [connect_ip]   VAL : [221.155.229.116]
2020-08-30 17:18:41 오후 DEBUG [egovframework.cbiz.service.impl.CommDBDAO] {call PR_INSTB_EMPL01 (? ,? ,? ,? ,? ,? ,? ,? ,? ,? ,? ,? ,? ,? ,? ,? ,? ,? ,? ,? ,? ,? ,? ,? ,? ,? ,? ,? ,? ,? ,? ,? ,? )}
 PARAM NAME : [action_type]   VAL : [UPDATE_CNT]
 PARAM NAME : [dbo]   VAL : [SABOK01]
 PARAM NAME : [empl_no]   VAL : [admin]
 PARAM NAME : [user_id]   VAL : [admin]
 PARAM NAME : [pswd]   VAL : [$u9o3767]
 PARAM NAME : [connect_ip]   VAL : [221.155.229.116]
2020-08-30 17:18:41 오후 DEBUG [egovframework.cbiz.service.impl.CommDBDAO] {call PR_SYSTB_DATE01 (? ,? ,? ,? ,? ,? ,? ,? )}
 PARAM NAME : [action_type]   VAL : [UPDATE_CNT]
 PARAM NAME : [dbo]   VAL : [SABOK01]
2020-08-30 17:18:41 오후 DEBUG [egovframework.cbiz.service.impl.CommDBDAO] {call PR_SYSTB_MENU01_LIST (? ,? ,? ,? ,? ,? ,? ,? ,? ,? ,? ,? ,? ,? ,? )}
 PARAM NAME : [action_type]   VAL : [LIST001]
 PARAM NAME : [dbo]   VAL : [SABOK01]
 PARAM NAME : [param01]   VAL : [admin]
2020-08-30 17:18:41 오후 DEBUG [egovframework.cbiz.service.impl.CommDBDAO] {call PR_COMTB_CORP01 (? ,? ,? ,? ,? ,? ,? ,? ,? ,? ,? ,? ,? ,? ,? ,? ,? ,? ,? ,? ,? ,? ,? ,? ,? ,? ,? ,? ,? ,? ,? ,? ,? ,? ,? ,? ,? ,? ,? ,? ,? ,? ,? ,? ,? ,? ,? ,? ,? ,? ,? ,? ,? ,? ,? ,? ,? )}
 PARAM NAME : [action_type]   VAL : [SELECT]
 PARAM NAME : [dbo]   VAL : [SABOK01]
 PARAM NAME : [corp_cd]   VAL : [SABOK01]
 PARAM NAME : [sys_reg_id]   VAL : [admin]
2020-08-30 17:18:41 오후 DEBUG [egovframework.cbiz.service.impl.CommDBDAO] {call PR_COMTB_MESG02 (? ,? ,? ,? ,? ,? ,? ,? ,? ,? ,? ,? ,? ,? )}
 PARAM NAME : [action_type]   VAL : [SELECT_RECEIVE_COUNT]
 PARAM NAME : [dbo]   VAL : [SABOK01]
 PARAM NAME : [sign_empl_no]   VAL : [admin]
 PARAM NAME : [sys_reg_id]   VAL : [admin]
2020-08-30 17:18:41 오후 DEBUG [egovframework.cbiz.service.impl.CommDBDAO] {call PR_COMTB_CORP01_LIST (? ,? ,? ,? ,? ,? ,? ,? ,? ,? ,? ,? ,? ,? )}
 PARAM NAME : [action_type]   VAL : [LISTCODE]
2020-08-30 17:18:41 오후 DEBUG [egovframework.cbiz.service.impl.CommDBDAO] {call PR_INSTB_EMPL01 (? ,? ,? ,? ,? ,? ,? ,? ,? ,? ,? ,? ,? ,? ,? ,? ,? ,? ,? ,? ,? ,? ,? ,? ,? ,? ,? ,? ,? ,? ,? ,? ,? )}
 PARAM NAME : [action_type]   VAL : [SELECT]
 PARAM NAME : [dbo]   VAL : [SABOK01]
 PARAM NAME : [empl_no]   VAL : [admin]
 PARAM NAME : [connect_ip]   VAL : [221.155.229.116]
 PARAM NAME : [sys_reg_id]   VAL : [admin]
2020-08-30 17:18:41 오후 DEBUG [egovframework.cbiz.service.impl.CommDBDAO] {call PR_COMTB_NOTI01_LIST (? ,? ,? ,? ,? ,? ,? ,? ,? ,? ,? ,? ,? ,? ,? )}
 PARAM NAME : [action_type]   VAL : [LIST002]
 PARAM NAME : [dbo]   VAL : [SABOK01]
2020-08-30 17:18:41 오후 DEBUG [egovframework.cbiz.service.impl.CommDBDAO] {call PR_COMTB_MESG01_LIST (? ,? ,? ,? ,? ,? ,? ,? ,? ,? ,? ,? ,? ,? ,? )}
 PARAM NAME : [action_type]   VAL : [LIST001]
 PARAM NAME : [dbo]   VAL : [SABOK01]
 PARAM NAME : [param01]   VAL : [admin]
 PARAM NAME : [param07]   VAL : [1,2]
2020-08-30 17:18:41 오후 DEBUG [egovframework.cbiz.service.impl.CommDBDAO] {call PR_BOKTB_MAST01_LIST (? ,? ,? ,? ,? ,? ,? ,? ,? ,? ,? ,? ,? ,? ,? )}
 PARAM NAME : [action_type]   VAL : [LIST004]
 PARAM NAME : [dbo]   VAL : [SABOK01]
 PARAM NAME : [param01]   VAL : [admin]
 PARAM NAME : [param07]   VAL : [1,2]
2020-08-30 17:18:41 오후 DEBUG [egovframework.cbiz.service.impl.CommDBDAO] {call PR_SYSTB_MEMO01_LIST (? ,? ,? ,? ,? ,? ,? ,? ,? ,? ,? ,? ,? ,? ,? )}
 PARAM NAME : [action_type]   VAL : [LIST002]
 PARAM NAME : [dbo]   VAL : [SABOK01]
 PARAM NAME : [param01]   VAL : [admin]
 PARAM NAME : [param02]   VAL : [202008]
 PARAM NAME : [param07]   VAL : [1,2]
2020-08-30 17:18:41 오후 DEBUG [egovframework.cbiz.service.impl.CommDBDAO] {call PR_SYSTB_DATE01 (? ,? ,? ,? ,? ,? ,? ,? )}
 PARAM NAME : [action_type]   VAL : [SELECT_WEEKLY]
 PARAM NAME : [dbo]   VAL : [SABOK01]
 PARAM NAME : [sys_ymd]   VAL : [20200830]
 PARAM NAME : [sys_reg_id]   VAL : [admin]
2020-08-30 17:18:42 오후 DEBUG [egovframework.cbiz.service.impl.CommDBDAO] {call PR_BUDTB_CODE01_LIST (? ,? ,? ,? ,? ,? ,? ,? ,? ,? ,? ,? ,? ,? ,? )}
 PARAM NAME : [action_type]   VAL : [LIST001]
 PARAM NAME : [dbo]   VAL : [SABOK01]
2020-08-30 17:18:44 오후 DEBUG [egovframework.cbiz.service.impl.CommDBDAO] {call PR_BOKTB_LOAN12 (? ,? ,? ,? ,? ,? ,? ,? ,? ,? ,? ,? )}
 PARAM NAME : [action_type]   VAL : [SELECT]
 PARAM NAME : [dbo]   VAL : [SABOK01]
 PARAM NAME : [std_ym]   VAL : [202008]
 PARAM NAME : [sys_reg_id]   VAL : [admin]
2020-08-30 17:18:44 오후 DEBUG [egovframework.cbiz.service.impl.CommDBDAO] {call PR_BOKTB_LOAN01_LIST (? ,? ,? ,? ,? ,? ,? ,? ,? ,? ,? ,? ,? ,? ,? )}
 PARAM NAME : [action_type]   VAL : [LIST004]
 PARAM NAME : [dbo]   VAL : [SABOK01]
2020-08-30 17:18:44 오후 DEBUG [egovframework.cbiz.service.impl.CommDBDAO] {call PR_BUDTB_CODE01_LIST (? ,? ,? ,? ,? ,? ,? ,? ,? ,? ,? ,? ,? ,? ,? )}
 PARAM NAME : [action_type]   VAL : [LISTCODE]
 PARAM NAME : [dbo]   VAL : [SABOK01]
 PARAM NAME : [param01]   VAL : [1]
 PARAM NAME : [param02]   VAL : [L]
2020-08-30 17:18:46 오후 DEBUG [egovframework.cbiz.service.impl.CommDBDAO] {call PR_BOKTB_LOAN01_LIST (? ,? ,? ,? ,? ,? ,? ,? ,? ,? ,? ,? ,? ,? ,? )}
 PARAM NAME : [action_type]   VAL : [LIST001]
 PARAM NAME : [dbo]   VAL : [SABOK01]
2020-08-30 17:18:46 오후 DEBUG [egovframework.cbiz.service.impl.CommDBDAO] {call PR_COMTB_CODE02_LIST (? ,? ,? ,? ,? ,? ,? ,? ,? ,? ,? ,? ,? ,? )}
 PARAM NAME : [action_type]   VAL : [LISTCODE]
 PARAM NAME : [param01]   VAL : [lon_pro_status]
2020-08-30 17:18:46 오후 DEBUG [egovframework.cbiz.service.impl.CommDBDAO] {call PR_INSTB_EMPL01 (? ,? ,? ,? ,? ,? ,? ,? ,? ,? ,? ,? ,? ,? ,? ,? ,? ,? ,? ,? ,? ,? ,? ,? ,? ,? ,? ,? ,? ,? ,? ,? ,? )}
 PARAM NAME : [action_type]   VAL : [SELECT]
 PARAM NAME : [dbo]   VAL : [SABOK01]
 PARAM NAME : [empl_no]   VAL : [admin]
 PARAM NAME : [connect_ip]   VAL : [221.155.229.116]
 PARAM NAME : [sys_reg_id]   VAL : [admin]
2020-08-30 17:18:46 오후 DEBUG [egovframework.cbiz.service.impl.CommDBDAO] {call PR_COMTB_CODE02_LIST (? ,? ,? ,? ,? ,? ,? ,? ,? ,? ,? ,? ,? ,? )}
 PARAM NAME : [action_type]   VAL : [MULTCODE]
 PARAM NAME : [param01]   VAL : [cong_class@SABOK01|bank_cd@@@@A|]
2020-08-30 17:18:46 오후 DEBUG [egovframework.cbiz.service.impl.CommDBDAO] {call PR_BUDTB_CODE01_LIST (? ,? ,? ,? ,? ,? ,? ,? ,? ,? ,? ,? ,? ,? ,? )}
 PARAM NAME : [action_type]   VAL : [LISTCODE]
 PARAM NAME : [dbo]   VAL : [SABOK01]
 PARAM NAME : [param01]   VAL : [1]
 PARAM NAME : [param02]   VAL : [L]
2020-08-30 17:18:47 오후 DEBUG [egovframework.cbiz.service.impl.CommDBDAO] {call PR_BOKTB_LOAN01 (? ,? ,? ,? ,? ,? ,? ,? ,? ,? ,? ,? ,? ,? ,? ,? ,? ,? ,? ,? ,? ,? ,? ,? ,? ,? )}
 PARAM NAME : [action_type]   VAL : [SELECT]
 PARAM NAME : [dbo]   VAL : [SABOK01]
 PARAM NAME : [loan_no]   VAL : [2016040001]
 PARAM NAME : [sys_reg_id]   VAL : [admin]
2020-08-30 17:18:47 오후 DEBUG [egovframework.cbiz.service.impl.CommDBDAO] {call PR_BUDTB_CODE01 (? ,? ,? ,? ,? ,? ,? ,? ,? ,? ,? ,? ,? )}
 PARAM NAME : [action_type]   VAL : [SELECT]
 PARAM NAME : [dbo]   VAL : [SABOK01]
 PARAM NAME : [bugt_cd]   VAL : [L00100]
 PARAM NAME : [sys_reg_id]   VAL : [admin]
2020-08-30 17:18:47 오후 DEBUG [egovframework.cbiz.service.impl.CommDBDAO] {call PR_BOKTB_LOAN11_LIST (? ,? ,? ,? ,? ,? ,? ,? ,? ,? ,? ,? ,? ,? ,? )}
 PARAM NAME : [action_type]   VAL : [LIST001]
 PARAM NAME : [dbo]   VAL : [SABOK01]
 PARAM NAME : [param01]   VAL : [2016040001]
 PARAM NAME : [param02]   VAL : [L00100]
2020-08-30 17:18:47 오후 DEBUG [egovframework.cbiz.service.impl.CommDBDAO] {call PR_BOKTB_LOAN11_LIST (? ,? ,? ,? ,? ,? ,? ,? ,? ,? ,? ,? ,? ,? ,? )}
 PARAM NAME : [action_type]   VAL : [LIST004]
 PARAM NAME : [dbo]   VAL : [SABOK01]
 PARAM NAME : [param01]   VAL : [2016040001]
 PARAM NAME : [param02]   VAL : [L00100]
2020-08-30 17:18:47 오후 DEBUG [egovframework.cbiz.service.impl.CommDBDAO] {call PR_BOKTB_LOAN01 (? ,? ,? ,? ,? ,? ,? ,? ,? ,? ,? ,? ,? ,? ,? ,? ,? ,? ,? ,? ,? ,? ,? ,? ,? ,? )}
 PARAM NAME : [action_type]   VAL : [SELECT]
 PARAM NAME : [dbo]   VAL : [SABOK01]
 PARAM NAME : [loan_no]   VAL : [2019110003]
 PARAM NAME : [sys_reg_id]   VAL : [admin]
2020-08-30 17:18:47 오후 DEBUG [egovframework.cbiz.service.impl.CommDBDAO] {call PR_BUDTB_CODE01 (? ,? ,? ,? ,? ,? ,? ,? ,? ,? ,? ,? ,? )}
 PARAM NAME : [action_type]   VAL : [SELECT]
 PARAM NAME : [dbo]   VAL : [SABOK01]
 PARAM NAME : [bugt_cd]   VAL : [L00300]
 PARAM NAME : [sys_reg_id]   VAL : [admin]
2020-08-30 17:18:47 오후 DEBUG [egovframework.cbiz.service.impl.CommDBDAO] {call PR_BOKTB_LOAN11_LIST (? ,? ,? ,? ,? ,? ,? ,? ,? ,? ,? ,? ,? ,? ,? )}
 PARAM NAME : [action_type]   VAL : [LIST001]
 PARAM NAME : [dbo]   VAL : [SABOK01]
 PARAM NAME : [param01]   VAL : [2019110003]
 PARAM NAME : [param02]   VAL : [L00300]
2020-08-30 17:18:47 오후 DEBUG [egovframework.cbiz.service.impl.CommDBDAO] {call PR_BOKTB_LOAN11_LIST (? ,? ,? ,? ,? ,? ,? ,? ,? ,? ,? ,? ,? ,? ,? )}
 PARAM NAME : [action_type]   VAL : [LIST004]
 PARAM NAME : [dbo]   VAL : [SABOK01]
 PARAM NAME : [param01]   VAL : [2019110003]
 PARAM NAME : [param02]   VAL : [L00300]
2020-08-30 17:19:55 오후 DEBUG [egovframework.cbiz.service.impl.CommDBDAO] {call PR_BOKTB_LOAN01_LIST (? ,? ,? ,? ,? ,? ,? ,? ,? ,? ,? ,? ,? ,? ,? )}
 PARAM NAME : [action_type]   VAL : [LIST002]
 PARAM NAME : [dbo]   VAL : [SABOK01]
2020-08-30 17:19:55 오후 DEBUG [egovframework.cbiz.service.impl.CommDBDAO] {call PR_BUDTB_CODE01_LIST (? ,? ,? ,? ,? ,? ,? ,? ,? ,? ,? ,? ,? ,? ,? )}
 PARAM NAME : [action_type]   VAL : [LISTCODE]
 PARAM NAME : [dbo]   VAL : [SABOK01]
 PARAM NAME : [param01]   VAL : [1]
 PARAM NAME : [param02]   VAL : [L]
2020-08-30 17:20:05 오후 DEBUG [egovframework.cbiz.service.impl.CommDBDAO] {call PR_BOKTB_LOAN01_LIST (? ,? ,? ,? ,? ,? ,? ,? ,? ,? ,? ,? ,? ,? ,? )}
 PARAM NAME : [action_type]   VAL : [LIST001]
 PARAM NAME : [dbo]   VAL : [SABOK01]
2020-08-30 17:20:05 오후 DEBUG [egovframework.cbiz.service.impl.CommDBDAO] {call PR_COMTB_CODE02_LIST (? ,? ,? ,? ,? ,? ,? ,? ,? ,? ,? ,? ,? ,? )}
 PARAM NAME : [action_type]   VAL : [LISTCODE]
 PARAM NAME : [param01]   VAL : [lon_pro_status]
2020-08-30 17:20:05 오후 DEBUG [egovframework.cbiz.service.impl.CommDBDAO] {call PR_INSTB_EMPL01 (? ,? ,? ,? ,? ,? ,? ,? ,? ,? ,? ,? ,? ,? ,? ,? ,? ,? ,? ,? ,? ,? ,? ,? ,? ,? ,? ,? ,? ,? ,? ,? ,? )}
 PARAM NAME : [action_type]   VAL : [SELECT]
 PARAM NAME : [dbo]   VAL : [SABOK01]
 PARAM NAME : [empl_no]   VAL : [admin]
 PARAM NAME : [connect_ip]   VAL : [221.155.229.116]
 PARAM NAME : [sys_reg_id]   VAL : [admin]
2020-08-30 17:20:05 오후 DEBUG [egovframework.cbiz.service.impl.CommDBDAO] {call PR_COMTB_CODE02_LIST (? ,? ,? ,? ,? ,? ,? ,? ,? ,? ,? ,? ,? ,? )}
 PARAM NAME : [action_type]   VAL : [MULTCODE]
 PARAM NAME : [param01]   VAL : [cong_class@SABOK01|bank_cd@@@@A|]
2020-08-30 17:20:05 오후 DEBUG [egovframework.cbiz.service.impl.CommDBDAO] {call PR_BUDTB_CODE01_LIST (? ,? ,? ,? ,? ,? ,? ,? ,? ,? ,? ,? ,? ,? ,? )}
 PARAM NAME : [action_type]   VAL : [LISTCODE]
 PARAM NAME : [dbo]   VAL : [SABOK01]
 PARAM NAME : [param01]   VAL : [1]
 PARAM NAME : [param02]   VAL : [L]
2020-08-30 17:20:18 오후 DEBUG [egovframework.cbiz.service.impl.CommDBDAO] {call PR_BOKTB_LOAN01 (? ,? ,? ,? ,? ,? ,? ,? ,? ,? ,? ,? ,? ,? ,? ,? ,? ,? ,? ,? ,? ,? ,? ,? ,? ,? )}
 PARAM NAME : [action_type]   VAL : [SELECT]
 PARAM NAME : [dbo]   VAL : [SABOK01]
 PARAM NAME : [loan_no]   VAL : [2016090001]
 PARAM NAME : [sys_reg_id]   VAL : [admin]
2020-08-30 17:20:18 오후 DEBUG [egovframework.cbiz.service.impl.CommDBDAO] {call PR_BUDTB_CODE01 (? ,? ,? ,? ,? ,? ,? ,? ,? ,? ,? ,? ,? )}
 PARAM NAME : [action_type]   VAL : [SELECT]
 PARAM NAME : [dbo]   VAL : [SABOK01]
 PARAM NAME : [bugt_cd]   VAL : [L00100]
 PARAM NAME : [sys_reg_id]   VAL : [admin]
2020-08-30 17:20:18 오후 DEBUG [egovframework.cbiz.service.impl.CommDBDAO] {call PR_BOKTB_LOAN11_LIST (? ,? ,? ,? ,? ,? ,? ,? ,? ,? ,? ,? ,? ,? ,? )}
 PARAM NAME : [action_type]   VAL : [LIST001]
 PARAM NAME : [dbo]   VAL : [SABOK01]
 PARAM NAME : [param01]   VAL : [2016090001]
 PARAM NAME : [param02]   VAL : [L00100]
2020-08-30 17:23:26 오후 DEBUG [egovframework.cbiz.service.impl.CommDBDAO] {call PR_BOKTB_MAST01_LIST (? ,? ,? ,? ,? ,? ,? ,? ,? ,? ,? ,? ,? ,? ,? )}
 PARAM NAME : [action_type]   VAL : [LIST001]
 PARAM NAME : [dbo]   VAL : [SABOK01]
 PARAM NAME : [param01]   VAL : [S00300]
2020-08-30 17:23:26 오후 DEBUG [egovframework.cbiz.service.impl.CommDBDAO] {call PR_COMTB_CODE02_LIST (? ,? ,? ,? ,? ,? ,? ,? ,? ,? ,? ,? ,? ,? )}
 PARAM NAME : [action_type]   VAL : [LISTCODE]
 PARAM NAME : [param01]   VAL : [sign_status]
2020-08-30 17:23:26 오후 DEBUG [egovframework.cbiz.service.impl.CommDBDAO] {call PR_BUDTB_CODE01 (? ,? ,? ,? ,? ,? ,? ,? ,? ,? ,? ,? ,? )}
 PARAM NAME : [action_type]   VAL : [SELECT]
 PARAM NAME : [dbo]   VAL : [SABOK01]
 PARAM NAME : [bugt_cd]   VAL : [S00300]
 PARAM NAME : [sys_reg_id]   VAL : [admin]
2020-08-30 17:23:26 오후 DEBUG [egovframework.cbiz.service.impl.CommDBDAO] {call PR_INSTB_EMPL01 (? ,? ,? ,? ,? ,? ,? ,? ,? ,? ,? ,? ,? ,? ,? ,? ,? ,? ,? ,? ,? ,? ,? ,? ,? ,? ,? ,? ,? ,? ,? ,? ,? )}
 PARAM NAME : [action_type]   VAL : [SELECT]
 PARAM NAME : [dbo]   VAL : [SABOK01]
 PARAM NAME : [empl_no]   VAL : [admin]
 PARAM NAME : [connect_ip]   VAL : [221.155.229.116]
 PARAM NAME : [sys_reg_id]   VAL : [admin]
2020-08-30 17:23:26 오후 DEBUG [egovframework.cbiz.service.impl.CommDBDAO] {call PR_COMTB_CODE02_LIST (? ,? ,? ,? ,? ,? ,? ,? ,? ,? ,? ,? ,? ,? )}
 PARAM NAME : [action_type]   VAL : [MULTCODE]
 PARAM NAME : [param01]   VAL : [school_flag|bank_cd@@@@A|family_rel_cd|]
2020-08-30 17:23:26 오후 DEBUG [egovframework.cbiz.service.impl.CommDBDAO] {call PR_BOKTB_MAST01_LIST (? ,? ,? ,? ,? ,? ,? ,? ,? ,? ,? ,? ,? ,? ,? )}
 PARAM NAME : [action_type]   VAL : [LIST001]
 PARAM NAME : [dbo]   VAL : [SABOK01]
 PARAM NAME : [param01]   VAL : [S00300]
2020-08-30 17:23:26 오후 DEBUG [egovframework.cbiz.service.impl.CommDBDAO] {call PR_COMTB_CODE02_LIST (? ,? ,? ,? ,? ,? ,? ,? ,? ,? ,? ,? ,? ,? )}
 PARAM NAME : [action_type]   VAL : [LISTCODE]
 PARAM NAME : [param01]   VAL : [sign_status]
2020-08-30 17:23:27 오후 DEBUG [egovframework.cbiz.service.impl.CommDBDAO] {call PR_INSTB_EMPL12_LIST (? ,? ,? ,? ,? ,? ,? ,? ,? ,? ,? ,? ,? ,? ,? )}
 PARAM NAME : [action_type]   VAL : [LISTCODE]
 PARAM NAME : [dbo]   VAL : [SABOK01]
 PARAM NAME : [param01]   VAL : [admin]
 PARAM NAME : [param02]   VAL : [00]
2020-08-30 17:23:27 오후 DEBUG [egovframework.cbiz.service.impl.CommDBDAO] {call PR_BUDTB_CODE01 (? ,? ,? ,? ,? ,? ,? ,? ,? ,? ,? ,? ,? )}
 PARAM NAME : [action_type]   VAL : [SELECT]
 PARAM NAME : [dbo]   VAL : [SABOK01]
 PARAM NAME : [bugt_cd]   VAL : [S00300]
 PARAM NAME : [sys_reg_id]   VAL : [admin]
2020-08-30 17:23:27 오후 DEBUG [egovframework.cbiz.service.impl.CommDBDAO] {call PR_INSTB_EMPL01 (? ,? ,? ,? ,? ,? ,? ,? ,? ,? ,? ,? ,? ,? ,? ,? ,? ,? ,? ,? ,? ,? ,? ,? ,? ,? ,? ,? ,? ,? ,? ,? ,? )}
 PARAM NAME : [action_type]   VAL : [SELECT]
 PARAM NAME : [dbo]   VAL : [SABOK01]
 PARAM NAME : [empl_no]   VAL : [admin]
 PARAM NAME : [connect_ip]   VAL : [221.155.229.116]
 PARAM NAME : [sys_reg_id]   VAL : [admin]
2020-08-30 17:23:27 오후 DEBUG [egovframework.cbiz.service.impl.CommDBDAO] {call PR_COMTB_CODE02_LIST (? ,? ,? ,? ,? ,? ,? ,? ,? ,? ,? ,? ,? ,? )}
 PARAM NAME : [action_type]   VAL : [MULTCODE]
 PARAM NAME : [param01]   VAL : [school_flag|bank_cd@@@@A|family_rel_cd|]
2020-08-30 17:23:27 오후 DEBUG [egovframework.cbiz.service.impl.CommDBDAO] {call PR_INSTB_EMPL12_LIST (? ,? ,? ,? ,? ,? ,? ,? ,? ,? ,? ,? ,? ,? ,? )}
 PARAM NAME : [action_type]   VAL : [LISTCODE]
 PARAM NAME : [dbo]   VAL : [SABOK01]
 PARAM NAME : [param01]   VAL : [admin]
 PARAM NAME : [param02]   VAL : [00]
2020-08-30 17:23:28 오후 DEBUG [egovframework.cbiz.service.impl.CommDBDAO] {call PR_BOKTB_MAST01 (? ,? ,? ,? ,? ,? ,? ,? ,? ,? ,? ,? ,? ,? ,? ,? ,? ,? ,? ,? ,? ,? ,? ,? ,? ,? ,? ,? ,? )}
 PARAM NAME : [action_type]   VAL : [SELECT]
 PARAM NAME : [dbo]   VAL : [SABOK01]
 PARAM NAME : [apply_no]   VAL : [2019110003]
 PARAM NAME : [bugt_cd]   VAL : [S00300]
 PARAM NAME : [sys_reg_id]   VAL : [admin]
2020-08-30 17:30:48 오후 DEBUG [egovframework.cbiz.service.impl.CommDBDAO] {call PR_BOKTB_LOAN12 (? ,? ,? ,? ,? ,? ,? ,? ,? ,? ,? ,? )}
 PARAM NAME : [action_type]   VAL : [SELECT]
 PARAM NAME : [dbo]   VAL : [SABOK01]
 PARAM NAME : [std_ym]   VAL : [202008]
 PARAM NAME : [sys_reg_id]   VAL : [admin]
2020-08-30 17:30:48 오후 DEBUG [egovframework.cbiz.service.impl.CommDBDAO] {call PR_BOKTB_LOAN01_LIST (? ,? ,? ,? ,? ,? ,? ,? ,? ,? ,? ,? ,? ,? ,? )}
 PARAM NAME : [action_type]   VAL : [LIST004]
 PARAM NAME : [dbo]   VAL : [SABOK01]
2020-08-30 17:30:48 오후 DEBUG [egovframework.cbiz.service.impl.CommDBDAO] {call PR_BUDTB_CODE01_LIST (? ,? ,? ,? ,? ,? ,? ,? ,? ,? ,? ,? ,? ,? ,? )}
 PARAM NAME : [action_type]   VAL : [LISTCODE]
 PARAM NAME : [dbo]   VAL : [SABOK01]
 PARAM NAME : [param01]   VAL : [1]
 PARAM NAME : [param02]   VAL : [L]
2020-08-30 17:30:50 오후 DEBUG [egovframework.cbiz.service.impl.CommDBDAO] {call PR_BOKTB_LOAN01_LIST (? ,? ,? ,? ,? ,? ,? ,? ,? ,? ,? ,? ,? ,? ,? )}
 PARAM NAME : [action_type]   VAL : [LIST001]
 PARAM NAME : [dbo]   VAL : [SABOK01]
2020-08-30 17:30:50 오후 DEBUG [egovframework.cbiz.service.impl.CommDBDAO] {call PR_COMTB_CODE02_LIST (? ,? ,? ,? ,? ,? ,? ,? ,? ,? ,? ,? ,? ,? )}
 PARAM NAME : [action_type]   VAL : [LISTCODE]
 PARAM NAME : [param01]   VAL : [lon_pro_status]
2020-08-30 17:30:50 오후 DEBUG [egovframework.cbiz.service.impl.CommDBDAO] {call PR_INSTB_EMPL01 (? ,? ,? ,? ,? ,? ,? ,? ,? ,? ,? ,? ,? ,? ,? ,? ,? ,? ,? ,? ,? ,? ,? ,? ,? ,? ,? ,? ,? ,? ,? ,? ,? )}
 PARAM NAME : [action_type]   VAL : [SELECT]
 PARAM NAME : [dbo]   VAL : [SABOK01]
 PARAM NAME : [empl_no]   VAL : [admin]
 PARAM NAME : [connect_ip]   VAL : [221.155.229.116]
 PARAM NAME : [sys_reg_id]   VAL : [admin]
2020-08-30 17:30:50 오후 DEBUG [egovframework.cbiz.service.impl.CommDBDAO] {call PR_COMTB_CODE02_LIST (? ,? ,? ,? ,? ,? ,? ,? ,? ,? ,? ,? ,? ,? )}
 PARAM NAME : [action_type]   VAL : [MULTCODE]
 PARAM NAME : [param01]   VAL : [cong_class@SABOK01|bank_cd@@@@A|]
2020-08-30 17:30:50 오후 DEBUG [egovframework.cbiz.service.impl.CommDBDAO] {call PR_BUDTB_CODE01_LIST (? ,? ,? ,? ,? ,? ,? ,? ,? ,? ,? ,? ,? ,? ,? )}
 PARAM NAME : [action_type]   VAL : [LISTCODE]
 PARAM NAME : [dbo]   VAL : [SABOK01]
 PARAM NAME : [param01]   VAL : [1]
 PARAM NAME : [param02]   VAL : [L]
2020-08-30 17:30:51 오후 DEBUG [egovframework.cbiz.service.impl.CommDBDAO] {call PR_BOKTB_LOAN01 (? ,? ,? ,? ,? ,? ,? ,? ,? ,? ,? ,? ,? ,? ,? ,? ,? ,? ,? ,? ,? ,? ,? ,? ,? ,? )}
 PARAM NAME : [action_type]   VAL : [SELECT]
 PARAM NAME : [dbo]   VAL : [SABOK01]
 PARAM NAME : [loan_no]   VAL : [2016090001]
 PARAM NAME : [sys_reg_id]   VAL : [admin]
2020-08-30 17:30:51 오후 DEBUG [egovframework.cbiz.service.impl.CommDBDAO] {call PR_BUDTB_CODE01 (? ,? ,? ,? ,? ,? ,? ,? ,? ,? ,? ,? ,? )}
 PARAM NAME : [action_type]   VAL : [SELECT]
 PARAM NAME : [dbo]   VAL : [SABOK01]
 PARAM NAME : [bugt_cd]   VAL : [L00100]
 PARAM NAME : [sys_reg_id]   VAL : [admin]
2020-08-30 17:30:51 오후 DEBUG [egovframework.cbiz.service.impl.CommDBDAO] {call PR_BOKTB_LOAN11_LIST (? ,? ,? ,? ,? ,? ,? ,? ,? ,? ,? ,? ,? ,? ,? )}
 PARAM NAME : [action_type]   VAL : [LIST001]
 PARAM NAME : [dbo]   VAL : [SABOK01]
 PARAM NAME : [param01]   VAL : [2016090001]
 PARAM NAME : [param02]   VAL : [L00100]
2020-08-30 17:30:52 오후 DEBUG [egovframework.cbiz.service.impl.CommDBDAO] {call PR_BOKTB_LOAN01 (? ,? ,? ,? ,? ,? ,? ,? ,? ,? ,? ,? ,? ,? ,? ,? ,? ,? ,? ,? ,? ,? ,? ,? ,? ,? )}
 PARAM NAME : [action_type]   VAL : [SELECT]
 PARAM NAME : [dbo]   VAL : [SABOK01]
 PARAM NAME : [loan_no]   VAL : [2019110002]
 PARAM NAME : [sys_reg_id]   VAL : [admin]
2020-08-30 17:30:52 오후 DEBUG [egovframework.cbiz.service.impl.CommDBDAO] {call PR_BUDTB_CODE01 (? ,? ,? ,? ,? ,? ,? ,? ,? ,? ,? ,? ,? )}
 PARAM NAME : [action_type]   VAL : [SELECT]
 PARAM NAME : [dbo]   VAL : [SABOK01]
 PARAM NAME : [bugt_cd]   VAL : [L00300]
 PARAM NAME : [sys_reg_id]   VAL : [admin]
2020-08-30 17:30:52 오후 DEBUG [egovframework.cbiz.service.impl.CommDBDAO] {call PR_BOKTB_LOAN11_LIST (? ,? ,? ,? ,? ,? ,? ,? ,? ,? ,? ,? ,? ,? ,? )}
 PARAM NAME : [action_type]   VAL : [LIST001]
 PARAM NAME : [dbo]   VAL : [SABOK01]
 PARAM NAME : [param01]   VAL : [2019110002]
 PARAM NAME : [param02]   VAL : [L00300]
2020-08-30 17:30:52 오후 DEBUG [egovframework.cbiz.service.impl.CommDBDAO] {call PR_BOKTB_LOAN11_LIST (? ,? ,? ,? ,? ,? ,? ,? ,? ,? ,? ,? ,? ,? ,? )}
 PARAM NAME : [action_type]   VAL : [LIST004]
 PARAM NAME : [dbo]   VAL : [SABOK01]
 PARAM NAME : [param01]   VAL : [2019110002]
 PARAM NAME : [param02]   VAL : [L00300]
2020-08-30 17:38:53 오후 DEBUG [egovframework.cbiz.service.impl.CommDBDAO] {call PR_BOKTB_MAST01_LIST (? ,? ,? ,? ,? ,? ,? ,? ,? ,? ,? ,? ,? ,? ,? )}
 PARAM NAME : [action_type]   VAL : [LIST001]
 PARAM NAME : [dbo]   VAL : [SABOK01]
 PARAM NAME : [param01]   VAL : [S00300]
2020-08-30 17:38:53 오후 DEBUG [egovframework.cbiz.service.impl.CommDBDAO] {call PR_COMTB_CODE02_LIST (? ,? ,? ,? ,? ,? ,? ,? ,? ,? ,? ,? ,? ,? )}
 PARAM NAME : [action_type]   VAL : [LISTCODE]
 PARAM NAME : [param01]   VAL : [sign_status]
2020-08-30 17:38:53 오후 DEBUG [egovframework.cbiz.service.impl.CommDBDAO] {call PR_BUDTB_CODE01 (? ,? ,? ,? ,? ,? ,? ,? ,? ,? ,? ,? ,? )}
 PARAM NAME : [action_type]   VAL : [SELECT]
 PARAM NAME : [dbo]   VAL : [SABOK01]
 PARAM NAME : [bugt_cd]   VAL : [S00300]
 PARAM NAME : [sys_reg_id]   VAL : [admin]
2020-08-30 17:38:53 오후 DEBUG [egovframework.cbiz.service.impl.CommDBDAO] {call PR_INSTB_EMPL01 (? ,? ,? ,? ,? ,? ,? ,? ,? ,? ,? ,? ,? ,? ,? ,? ,? ,? ,? ,? ,? ,? ,? ,? ,? ,? ,? ,? ,? ,? ,? ,? ,? )}
 PARAM NAME : [action_type]   VAL : [SELECT]
 PARAM NAME : [dbo]   VAL : [SABOK01]
 PARAM NAME : [empl_no]   VAL : [admin]
 PARAM NAME : [connect_ip]   VAL : [221.155.229.116]
 PARAM NAME : [sys_reg_id]   VAL : [admin]
2020-08-30 17:38:53 오후 DEBUG [egovframework.cbiz.service.impl.CommDBDAO] {call PR_COMTB_CODE02_LIST (? ,? ,? ,? ,? ,? ,? ,? ,? ,? ,? ,? ,? ,? )}
 PARAM NAME : [action_type]   VAL : [MULTCODE]
 PARAM NAME : [param01]   VAL : [school_flag|bank_cd@@@@A|family_rel_cd|]
2020-08-30 17:38:53 오후 DEBUG [egovframework.cbiz.service.impl.CommDBDAO] {call PR_INSTB_EMPL12_LIST (? ,? ,? ,? ,? ,? ,? ,? ,? ,? ,? ,? ,? ,? ,? )}
 PARAM NAME : [action_type]   VAL : [LISTCODE]
 PARAM NAME : [dbo]   VAL : [SABOK01]
 PARAM NAME : [param01]   VAL : [admin]
 PARAM NAME : [param02]   VAL : [00]
2020-08-30 17:38:56 오후 DEBUG [egovframework.cbiz.service.impl.CommDBDAO] {call PR_BOKTB_MAST01 (? ,? ,? ,? ,? ,? ,? ,? ,? ,? ,? ,? ,? ,? ,? ,? ,? ,? ,? ,? ,? ,? ,? ,? ,? ,? ,? ,? ,? )}
 PARAM NAME : [action_type]   VAL : [SELECT]
 PARAM NAME : [dbo]   VAL : [SABOK01]
 PARAM NAME : [apply_no]   VAL : [2019100002]
 PARAM NAME : [bugt_cd]   VAL : [S00300]
 PARAM NAME : [sys_reg_id]   VAL : [admin]
2020-08-30 17:38:56 오후 DEBUG [egovframework.cbiz.service.impl.CommDBDAO] {call PR_BOKTB_MAST01 (? ,? ,? ,? ,? ,? ,? ,? ,? ,? ,? ,? ,? ,? ,? ,? ,? ,? ,? ,? ,? ,? ,? ,? ,? ,? ,? ,? ,? )}
 PARAM NAME : [action_type]   VAL : [SELECT]
 PARAM NAME : [dbo]   VAL : [SABOK01]
 PARAM NAME : [apply_no]   VAL : [2019090004]
 PARAM NAME : [bugt_cd]   VAL : [S00300]
 PARAM NAME : [sys_reg_id]   VAL : [admin]
2020-08-30 17:38:57 오후 DEBUG [egovframework.cbiz.service.impl.CommDBDAO] {call PR_BOKTB_MAST01 (? ,? ,? ,? ,? ,? ,? ,? ,? ,? ,? ,? ,? ,? ,? ,? ,? ,? ,? ,? ,? ,? ,? ,? ,? ,? ,? ,? ,? )}
 PARAM NAME : [action_type]   VAL : [SELECT]
 PARAM NAME : [dbo]   VAL : [SABOK01]
 PARAM NAME : [apply_no]   VAL : [2016120001]
 PARAM NAME : [bugt_cd]   VAL : [S00300]
 PARAM NAME : [sys_reg_id]   VAL : [admin]
2020-08-30 17:38:58 오후 DEBUG [egovframework.cbiz.service.impl.CommDBDAO] {call PR_BOKTB_MAST01 (? ,? ,? ,? ,? ,? ,? ,? ,? ,? ,? ,? ,? ,? ,? ,? ,? ,? ,? ,? ,? ,? ,? ,? ,? ,? ,? ,? ,? )}
 PARAM NAME : [action_type]   VAL : [SELECT]
 PARAM NAME : [dbo]   VAL : [SABOK01]
 PARAM NAME : [apply_no]   VAL : [2019100002]
 PARAM NAME : [bugt_cd]   VAL : [S00300]
 PARAM NAME : [sys_reg_id]   VAL : [admin]
2020-08-30 17:38:58 오후 DEBUG [egovframework.cbiz.service.impl.CommDBDAO] {call PR_BOKTB_MAST01 (? ,? ,? ,? ,? ,? ,? ,? ,? ,? ,? ,? ,? ,? ,? ,? ,? ,? ,? ,? ,? ,? ,? ,? ,? ,? ,? ,? ,? )}
 PARAM NAME : [action_type]   VAL : [SELECT]
 PARAM NAME : [dbo]   VAL : [SABOK01]
 PARAM NAME : [apply_no]   VAL : [2019100001]
 PARAM NAME : [bugt_cd]   VAL : [S00300]
 PARAM NAME : [sys_reg_id]   VAL : [admin]
2020-08-30 17:39:01 오후 DEBUG [egovframework.cbiz.service.impl.CommDBDAO] {call PR_BOKTB_MAST01 (? ,? ,? ,? ,? ,? ,? ,? ,? ,? ,? ,? ,? ,? ,? ,? ,? ,? ,? ,? ,? ,? ,? ,? ,? ,? ,? ,? ,? )}
 PARAM NAME : [action_type]   VAL : [SELECT]
 PARAM NAME : [dbo]   VAL : [SABOK01]
 PARAM NAME : [apply_no]   VAL : [2019110003]
 PARAM NAME : [bugt_cd]   VAL : [S00300]
 PARAM NAME : [sys_reg_id]   VAL : [admin]
2020-08-30 17:39:01 오후 DEBUG [egovframework.cbiz.service.impl.CommDBDAO] {call PR_BOKTB_MAST01 (? ,? ,? ,? ,? ,? ,? ,? ,? ,? ,? ,? ,? ,? ,? ,? ,? ,? ,? ,? ,? ,? ,? ,? ,? ,? ,? ,? ,? )}
 PARAM NAME : [action_type]   VAL : [SELECT]
 PARAM NAME : [dbo]   VAL : [SABOK01]
 PARAM NAME : [apply_no]   VAL : [2019100003]
 PARAM NAME : [bugt_cd]   VAL : [S00300]
 PARAM NAME : [sys_reg_id]   VAL : [admin]
2020-08-30 17:39:02 오후 DEBUG [egovframework.cbiz.service.impl.CommDBDAO] {call PR_BOKTB_MAST01 (? ,? ,? ,? ,? ,? ,? ,? ,? ,? ,? ,? ,? ,? ,? ,? ,? ,? ,? ,? ,? ,? ,? ,? ,? ,? ,? ,? ,? )}
 PARAM NAME : [action_type]   VAL : [SELECT]
 PARAM NAME : [dbo]   VAL : [SABOK01]
 PARAM NAME : [apply_no]   VAL : [2019110003]
 PARAM NAME : [bugt_cd]   VAL : [S00300]
 PARAM NAME : [sys_reg_id]   VAL : [admin]
2020-08-30 17:39:03 오후 DEBUG [egovframework.cbiz.service.impl.CommDBDAO] {call PR_BUDTB_CODE01 (? ,? ,? ,? ,? ,? ,? ,? ,? ,? ,? ,? ,? )}
 PARAM NAME : [action_type]   VAL : [SELECT]
 PARAM NAME : [dbo]   VAL : [SABOK01]
 PARAM NAME : [bugt_cd]   VAL : [S00300]
 PARAM NAME : [sys_reg_id]   VAL : [admin]
2020-08-30 17:39:03 오후 DEBUG [egovframework.cbiz.service.impl.CommDBDAO] {call PR_INSTB_EMPL01 (? ,? ,? ,? ,? ,? ,? ,? ,? ,? ,? ,? ,? ,? ,? ,? ,? ,? ,? ,? ,? ,? ,? ,? ,? ,? ,? ,? ,? ,? ,? ,? ,? )}
 PARAM NAME : [action_type]   VAL : [SELECT]
 PARAM NAME : [dbo]   VAL : [SABOK01]
 PARAM NAME : [empl_no]   VAL : [admin]
 PARAM NAME : [connect_ip]   VAL : [221.155.229.116]
 PARAM NAME : [sys_reg_id]   VAL : [admin]
2020-08-30 17:39:03 오후 DEBUG [egovframework.cbiz.service.impl.CommDBDAO] {call PR_COMTB_CODE02_LIST (? ,? ,? ,? ,? ,? ,? ,? ,? ,? ,? ,? ,? ,? )}
 PARAM NAME : [action_type]   VAL : [MULTCODE]
 PARAM NAME : [param01]   VAL : [school_flag|bank_cd@@@@A|family_rel_cd|]
2020-08-30 17:39:03 오후 DEBUG [egovframework.cbiz.service.impl.CommDBDAO] {call PR_INSTB_EMPL12_LIST (? ,? ,? ,? ,? ,? ,? ,? ,? ,? ,? ,? ,? ,? ,? )}
 PARAM NAME : [action_type]   VAL : [LISTCODE]
 PARAM NAME : [dbo]   VAL : [SABOK01]
 PARAM NAME : [param01]   VAL : [admin]
 PARAM NAME : [param02]   VAL : [00]
