2020-04-15 09:49:27 오전 DEBUG [egovframework.cbiz.service.impl.CommDBDAO] {call PR_COMTB_NOTI01_LIST (? ,? ,? ,? ,? ,? ,? ,? ,? ,? ,? ,? ,? ,? ,? )}
 PARAM NAME : [action_type]   VAL : [LIST002]
2020-04-15 09:50:04 오전 DEBUG [egovframework.cbiz.service.impl.CommDBDAO] {call PR_INSTB_EMPL01 (? ,? ,? ,? ,? ,? ,? ,? ,? ,? ,? ,? ,? ,? ,? ,? ,? ,? ,? ,? ,? ,? ,? ,? ,? ,? ,? ,? ,? ,? ,? ,? ,? )}
 PARAM NAME : [action_type]   VAL : [SELECT_LOGIN]
 PARAM NAME : [dbo]   VAL : [SABOK21]
 PARAM NAME : [user_id]   VAL : [pt00170]
 PARAM NAME : [pswd]   VAL : [00170]
 PARAM NAME : [connect_ip]   VAL : [1.234.57.106]
2020-04-15 09:50:11 오전 DEBUG [egovframework.cbiz.service.impl.CommDBDAO] {call PR_INSTB_EMPL01 (? ,? ,? ,? ,? ,? ,? ,? ,? ,? ,? ,? ,? ,? ,? ,? ,? ,? ,? ,? ,? ,? ,? ,? ,? ,? ,? ,? ,? ,? ,? ,? ,? )}
 PARAM NAME : [action_type]   VAL : [SELECT_LOGIN]
 PARAM NAME : [dbo]   VAL : [SABOK21]
 PARAM NAME : [user_id]   VAL : [00170]
 PARAM NAME : [pswd]   VAL : [00170]
 PARAM NAME : [connect_ip]   VAL : [1.234.57.106]
2020-04-15 09:50:11 오전 DEBUG [egovframework.cbiz.service.impl.CommDBDAO] {call PR_INSTB_EMPL01 (? ,? ,? ,? ,? ,? ,? ,? ,? ,? ,? ,? ,? ,? ,? ,? ,? ,? ,? ,? ,? ,? ,? ,? ,? ,? ,? ,? ,? ,? ,? ,? ,? )}
 PARAM NAME : [action_type]   VAL : [UPDATE_CNT]
 PARAM NAME : [dbo]   VAL : [SABOK21]
 PARAM NAME : [empl_no]   VAL : [00170]
 PARAM NAME : [user_id]   VAL : [00170]
 PARAM NAME : [pswd]   VAL : [00170]
 PARAM NAME : [connect_ip]   VAL : [1.234.57.106]
2020-04-15 09:50:11 오전 DEBUG [egovframework.cbiz.service.impl.CommDBDAO] {call PR_SYSTB_DATE01 (? ,? ,? ,? ,? ,? ,? ,? )}
 PARAM NAME : [action_type]   VAL : [UPDATE_CNT]
 PARAM NAME : [dbo]   VAL : [SABOK21]
2020-04-15 09:50:11 오전 DEBUG [egovframework.cbiz.service.impl.CommDBDAO] {call PR_SYSTB_MENU01_LIST (? ,? ,? ,? ,? ,? ,? ,? ,? ,? ,? ,? ,? ,? ,? )}
 PARAM NAME : [action_type]   VAL : [LIST001]
 PARAM NAME : [dbo]   VAL : [SABOK21]
 PARAM NAME : [param01]   VAL : [00170]
2020-04-15 09:50:12 오전 DEBUG [egovframework.cbiz.service.impl.CommDBDAO] {call PR_COMTB_CORP01 (? ,? ,? ,? ,? ,? ,? ,? ,? ,? ,? ,? ,? ,? ,? ,? ,? ,? ,? ,? ,? ,? ,? ,? ,? ,? ,? ,? ,? ,? ,? ,? ,? ,? ,? ,? ,? ,? ,? ,? ,? ,? ,? ,? ,? ,? ,? ,? ,? ,? ,? ,? ,? ,? ,? ,? ,? )}
 PARAM NAME : [action_type]   VAL : [SELECT]
 PARAM NAME : [dbo]   VAL : [SABOK21]
 PARAM NAME : [corp_cd]   VAL : [SABOK21]
 PARAM NAME : [sys_reg_id]   VAL : [00170]
2020-04-15 09:50:12 오전 DEBUG [egovframework.cbiz.service.impl.CommDBDAO] {call PR_INSTB_EMPL01 (? ,? ,? ,? ,? ,? ,? ,? ,? ,? ,? ,? ,? ,? ,? ,? ,? ,? ,? ,? ,? ,? ,? ,? ,? ,? ,? ,? ,? ,? ,? ,? ,? )}
 PARAM NAME : [action_type]   VAL : [SELECT]
 PARAM NAME : [dbo]   VAL : [SABOK21]
 PARAM NAME : [empl_no]   VAL : [00170]
 PARAM NAME : [connect_ip]   VAL : [1.234.57.106]
 PARAM NAME : [sys_reg_id]   VAL : [00170]
2020-04-15 09:50:12 오전 DEBUG [egovframework.cbiz.service.impl.CommDBDAO] {call PR_COMTB_NOTI01_LIST (? ,? ,? ,? ,? ,? ,? ,? ,? ,? ,? ,? ,? ,? ,? )}
 PARAM NAME : [action_type]   VAL : [LIST002]
 PARAM NAME : [dbo]   VAL : [SABOK21]
2020-04-15 09:50:12 오전 DEBUG [egovframework.cbiz.service.impl.CommDBDAO] {call PR_COMTB_MESG01_LIST (? ,? ,? ,? ,? ,? ,? ,? ,? ,? ,? ,? ,? ,? ,? )}
 PARAM NAME : [action_type]   VAL : [LIST001]
 PARAM NAME : [dbo]   VAL : [SABOK21]
 PARAM NAME : [param01]   VAL : [00170]
 PARAM NAME : [param07]   VAL : [1,2]
2020-04-15 09:50:12 오전 DEBUG [egovframework.cbiz.service.impl.CommDBDAO] {call PR_COMTB_MESG02 (? ,? ,? ,? ,? ,? ,? ,? ,? ,? ,? ,? ,? ,? )}
 PARAM NAME : [action_type]   VAL : [SELECT_RECEIVE_COUNT]
 PARAM NAME : [dbo]   VAL : [SABOK21]
 PARAM NAME : [sign_empl_no]   VAL : [00170]
 PARAM NAME : [sys_reg_id]   VAL : [00170]
2020-04-15 09:50:12 오전 DEBUG [egovframework.cbiz.service.impl.CommDBDAO] {call PR_BOKTB_MAST01_LIST (? ,? ,? ,? ,? ,? ,? ,? ,? ,? ,? ,? ,? ,? ,? )}
 PARAM NAME : [action_type]   VAL : [LIST004]
 PARAM NAME : [dbo]   VAL : [SABOK21]
 PARAM NAME : [param01]   VAL : [00170]
 PARAM NAME : [param07]   VAL : [1,2]
2020-04-15 09:50:12 오전 DEBUG [egovframework.cbiz.service.impl.CommDBDAO] {call PR_SYSTB_MEMO01_LIST (? ,? ,? ,? ,? ,? ,? ,? ,? ,? ,? ,? ,? ,? ,? )}
 PARAM NAME : [action_type]   VAL : [LIST002]
 PARAM NAME : [dbo]   VAL : [SABOK21]
 PARAM NAME : [param01]   VAL : [00170]
 PARAM NAME : [param02]   VAL : [202004]
 PARAM NAME : [param07]   VAL : [1,2]
2020-04-15 09:50:12 오전 DEBUG [egovframework.cbiz.service.impl.CommDBDAO] {call PR_SYSTB_DATE01 (? ,? ,? ,? ,? ,? ,? ,? )}
 PARAM NAME : [action_type]   VAL : [SELECT_WEEKLY]
 PARAM NAME : [dbo]   VAL : [SABOK21]
 PARAM NAME : [sys_ymd]   VAL : [20200415]
 PARAM NAME : [sys_reg_id]   VAL : [00170]
2020-04-15 09:50:13 오전 DEBUG [egovframework.cbiz.service.impl.CommDBDAO] {call PR_BUDTB_CODE01_LIST (? ,? ,? ,? ,? ,? ,? ,? ,? ,? ,? ,? ,? ,? ,? )}
 PARAM NAME : [action_type]   VAL : [LIST001]
 PARAM NAME : [dbo]   VAL : [SABOK21]
2020-04-15 09:52:47 오전 DEBUG [egovframework.cbiz.service.impl.CommDBDAO] {call PR_INSTB_EMPL01_LIST (? ,? ,? ,? ,? ,? ,? ,? ,? ,? ,? ,? ,? ,? ,? )}
 PARAM NAME : [action_type]   VAL : [LIST001]
 PARAM NAME : [dbo]   VAL : [SABOK21]
 PARAM NAME : [param06]   VAL : [00170]
2020-04-15 09:52:47 오전 DEBUG [egovframework.cbiz.service.impl.CommDBDAO] {call PR_COMTB_CODE02_LIST (? ,? ,? ,? ,? ,? ,? ,? ,? ,? ,? ,? ,? ,? )}
 PARAM NAME : [action_type]   VAL : [LISTCODE]
 PARAM NAME : [param01]   VAL : [empl_class@SABOK21]
2020-04-15 09:52:47 오전 DEBUG [egovframework.cbiz.service.impl.CommDBDAO] {call PR_INSTB_DEPT01_LIST (? ,? ,? ,? ,? ,? ,? ,? ,? ,? ,? ,? ,? ,? ,? )}
 PARAM NAME : [action_type]   VAL : [LISTCODE]
 PARAM NAME : [dbo]   VAL : [SABOK21]
2020-04-15 09:52:48 오전 DEBUG [egovframework.cbiz.service.impl.CommDBDAO] {call PR_INSTB_EMPL01 (? ,? ,? ,? ,? ,? ,? ,? ,? ,? ,? ,? ,? ,? ,? ,? ,? ,? ,? ,? ,? ,? ,? ,? ,? ,? ,? ,? ,? ,? ,? ,? ,? )}
 PARAM NAME : [action_type]   VAL : [SELECT]
 PARAM NAME : [dbo]   VAL : [SABOK21]
 PARAM NAME : [empl_no]   VAL : [00170]
 PARAM NAME : [connect_ip]   VAL : [1.234.57.106]
 PARAM NAME : [sys_reg_id]   VAL : [00170]
2020-04-15 09:53:02 오전 DEBUG [egovframework.cbiz.service.impl.CommDBDAO] {call PR_INSTB_EMPL01_LIST (? ,? ,? ,? ,? ,? ,? ,? ,? ,? ,? ,? ,? ,? ,? )}
 PARAM NAME : [action_type]   VAL : [LIST001]
 PARAM NAME : [dbo]   VAL : [SABOK21]
 PARAM NAME : [param06]   VAL : [00170]
2020-04-15 09:53:02 오전 DEBUG [egovframework.cbiz.service.impl.CommDBDAO] {call PR_COMTB_CODE02_LIST (? ,? ,? ,? ,? ,? ,? ,? ,? ,? ,? ,? ,? ,? )}
 PARAM NAME : [action_type]   VAL : [LISTCODE]
 PARAM NAME : [param01]   VAL : [empl_class@SABOK21]
2020-04-15 09:53:02 오전 DEBUG [egovframework.cbiz.service.impl.CommDBDAO] {call PR_INSTB_DEPT01_LIST (? ,? ,? ,? ,? ,? ,? ,? ,? ,? ,? ,? ,? ,? ,? )}
 PARAM NAME : [action_type]   VAL : [LISTCODE]
 PARAM NAME : [dbo]   VAL : [SABOK21]
2020-04-15 09:53:03 오전 DEBUG [egovframework.cbiz.service.impl.CommDBDAO] {call PR_INSTB_EMPL01 (? ,? ,? ,? ,? ,? ,? ,? ,? ,? ,? ,? ,? ,? ,? ,? ,? ,? ,? ,? ,? ,? ,? ,? ,? ,? ,? ,? ,? ,? ,? ,? ,? )}
 PARAM NAME : [action_type]   VAL : [SELECT]
 PARAM NAME : [dbo]   VAL : [SABOK21]
 PARAM NAME : [empl_no]   VAL : [00170]
 PARAM NAME : [connect_ip]   VAL : [1.234.57.106]
 PARAM NAME : [sys_reg_id]   VAL : [00170]
2020-04-15 09:53:04 오전 DEBUG [egovframework.cbiz.service.impl.CommDBDAO] {call PR_INSTB_EMPL01_LIST (? ,? ,? ,? ,? ,? ,? ,? ,? ,? ,? ,? ,? ,? ,? )}
 PARAM NAME : [action_type]   VAL : [LIST002]
 PARAM NAME : [dbo]   VAL : [SABOK21]
2020-04-15 09:53:04 오전 DEBUG [egovframework.cbiz.service.impl.CommDBDAO] {call PR_COMTB_CODE02_LIST (? ,? ,? ,? ,? ,? ,? ,? ,? ,? ,? ,? ,? ,? )}
 PARAM NAME : [action_type]   VAL : [LISTCODE]
 PARAM NAME : [param01]   VAL : [empl_class@SABOK21]
2020-04-15 09:53:04 오전 DEBUG [egovframework.cbiz.service.impl.CommDBDAO] {call PR_INSTB_DEPT01_LIST (? ,? ,? ,? ,? ,? ,? ,? ,? ,? ,? ,? ,? ,? ,? )}
 PARAM NAME : [action_type]   VAL : [LISTCODE]
 PARAM NAME : [dbo]   VAL : [SABOK21]
2020-04-15 09:53:23 오전 DEBUG [egovframework.cbiz.service.impl.CommDBDAO] {call PR_INSTB_EMPL01_LIST (? ,? ,? ,? ,? ,? ,? ,? ,? ,? ,? ,? ,? ,? ,? )}
 PARAM NAME : [action_type]   VAL : [LIST002]
 PARAM NAME : [dbo]   VAL : [SABOK21]
 PARAM NAME : [param03]   VAL : [1]
 PARAM NAME : [page_count]   VAL : [2]
2020-04-15 09:53:35 오전 DEBUG [egovframework.cbiz.service.impl.CommDBDAO] {call PR_COMTB_MESG02 (? ,? ,? ,? ,? ,? ,? ,? ,? ,? ,? ,? ,? ,? )}
 PARAM NAME : [action_type]   VAL : [SELECT_RECEIVE_COUNT]
 PARAM NAME : [dbo]   VAL : [SABOK21]
 PARAM NAME : [sign_empl_no]   VAL : [00170]
 PARAM NAME : [sys_reg_id]   VAL : [00170]
2020-04-15 09:53:35 오전 DEBUG [egovframework.cbiz.service.impl.CommDBDAO] {call PR_COMTB_CODE02_LIST (? ,? ,? ,? ,? ,? ,? ,? ,? ,? ,? ,? ,? ,? )}
 PARAM NAME : [action_type]   VAL : [LISTCODE]
 PARAM NAME : [param01]   VAL : [msg_type]
2020-04-15 09:53:45 오전 DEBUG [egovframework.cbiz.service.impl.CommDBDAO] {call PR_BOKTB_MAST01_LIST (? ,? ,? ,? ,? ,? ,? ,? ,? ,? ,? ,? ,? ,? ,? )}
 PARAM NAME : [action_type]   VAL : [LIST001]
 PARAM NAME : [dbo]   VAL : [SABOK21]
 PARAM NAME : [param01]   VAL : [S00100]
 PARAM NAME : [param06]   VAL : [00170]
2020-04-15 09:53:45 오전 DEBUG [egovframework.cbiz.service.impl.CommDBDAO] {call PR_COMTB_CODE02_LIST (? ,? ,? ,? ,? ,? ,? ,? ,? ,? ,? ,? ,? ,? )}
 PARAM NAME : [action_type]   VAL : [LISTCODE]
 PARAM NAME : [param01]   VAL : [sign_status]
2020-04-15 09:53:46 오전 DEBUG [egovframework.cbiz.service.impl.CommDBDAO] {call PR_BUDTB_CODE01 (? ,? ,? ,? ,? ,? ,? ,? ,? ,? ,? ,? ,? )}
 PARAM NAME : [action_type]   VAL : [SELECT]
 PARAM NAME : [dbo]   VAL : [SABOK21]
 PARAM NAME : [bugt_cd]   VAL : [S00100]
 PARAM NAME : [sys_reg_id]   VAL : [00170]
2020-04-15 09:53:46 오전 DEBUG [egovframework.cbiz.service.impl.CommDBDAO] {call PR_INSTB_EMPL01 (? ,? ,? ,? ,? ,? ,? ,? ,? ,? ,? ,? ,? ,? ,? ,? ,? ,? ,? ,? ,? ,? ,? ,? ,? ,? ,? ,? ,? ,? ,? ,? ,? )}
 PARAM NAME : [action_type]   VAL : [SELECT]
 PARAM NAME : [dbo]   VAL : [SABOK21]
 PARAM NAME : [empl_no]   VAL : [00170]
 PARAM NAME : [connect_ip]   VAL : [1.234.57.106]
 PARAM NAME : [sys_reg_id]   VAL : [00170]
2020-04-15 09:53:46 오전 DEBUG [egovframework.cbiz.service.impl.CommDBDAO] {call PR_COMTB_CODE02_LIST (? ,? ,? ,? ,? ,? ,? ,? ,? ,? ,? ,? ,? ,? )}
 PARAM NAME : [action_type]   VAL : [MULTCODE]
 PARAM NAME : [param01]   VAL : [cong_class@SABOK21|bank_cd@@@@A|]
2020-04-15 09:53:46 오전 DEBUG [egovframework.cbiz.service.impl.CommDBDAO] {call PR_COMTB_CODE02_LIST (? ,? ,? ,? ,? ,? ,? ,? ,? ,? ,? ,? ,? ,? )}
 PARAM NAME : [action_type]   VAL : [LIST001]
 PARAM NAME : [param01]   VAL : [cong_class@SABOK21]
2020-04-15 09:53:46 오전 DEBUG [egovframework.cbiz.service.impl.CommDBDAO] {call PR_INSTB_EMPL12_LIST (? ,? ,? ,? ,? ,? ,? ,? ,? ,? ,? ,? ,? ,? ,? )}
 PARAM NAME : [action_type]   VAL : [LISTCODE]
 PARAM NAME : [dbo]   VAL : [SABOK21]
 PARAM NAME : [param01]   VAL : [00170]
 PARAM NAME : [param02]   VAL : [00]
2020-04-15 09:53:49 오전 DEBUG [egovframework.cbiz.service.impl.CommDBDAO] {call PR_BOKTB_MAST01_LIST (? ,? ,? ,? ,? ,? ,? ,? ,? ,? ,? ,? ,? ,? ,? )}
 PARAM NAME : [action_type]   VAL : [LIST001]
 PARAM NAME : [dbo]   VAL : [SABOK21]
 PARAM NAME : [param01]   VAL : [S00300]
 PARAM NAME : [param06]   VAL : [00170]
2020-04-15 09:53:49 오전 DEBUG [egovframework.cbiz.service.impl.CommDBDAO] {call PR_COMTB_CODE02_LIST (? ,? ,? ,? ,? ,? ,? ,? ,? ,? ,? ,? ,? ,? )}
 PARAM NAME : [action_type]   VAL : [LISTCODE]
 PARAM NAME : [param01]   VAL : [sign_status]
2020-04-15 09:53:49 오전 DEBUG [egovframework.cbiz.service.impl.CommDBDAO] {call PR_BUDTB_CODE01 (? ,? ,? ,? ,? ,? ,? ,? ,? ,? ,? ,? ,? )}
 PARAM NAME : [action_type]   VAL : [SELECT]
 PARAM NAME : [dbo]   VAL : [SABOK21]
 PARAM NAME : [bugt_cd]   VAL : [S00300]
 PARAM NAME : [sys_reg_id]   VAL : [00170]
2020-04-15 09:53:49 오전 DEBUG [egovframework.cbiz.service.impl.CommDBDAO] {call PR_INSTB_EMPL01 (? ,? ,? ,? ,? ,? ,? ,? ,? ,? ,? ,? ,? ,? ,? ,? ,? ,? ,? ,? ,? ,? ,? ,? ,? ,? ,? ,? ,? ,? ,? ,? ,? )}
 PARAM NAME : [action_type]   VAL : [SELECT]
 PARAM NAME : [dbo]   VAL : [SABOK21]
 PARAM NAME : [empl_no]   VAL : [00170]
 PARAM NAME : [connect_ip]   VAL : [1.234.57.106]
 PARAM NAME : [sys_reg_id]   VAL : [00170]
2020-04-15 09:53:49 오전 DEBUG [egovframework.cbiz.service.impl.CommDBDAO] {call PR_COMTB_CODE02_LIST (? ,? ,? ,? ,? ,? ,? ,? ,? ,? ,? ,? ,? ,? )}
 PARAM NAME : [action_type]   VAL : [MULTCODE]
 PARAM NAME : [param01]   VAL : [school_flag|bank_cd@@@@A|family_rel_cd|]
2020-04-15 09:53:49 오전 DEBUG [egovframework.cbiz.service.impl.CommDBDAO] {call PR_INSTB_EMPL12_LIST (? ,? ,? ,? ,? ,? ,? ,? ,? ,? ,? ,? ,? ,? ,? )}
 PARAM NAME : [action_type]   VAL : [LISTCODE]
 PARAM NAME : [dbo]   VAL : [SABOK21]
 PARAM NAME : [param01]   VAL : [00170]
 PARAM NAME : [param02]   VAL : [00]
2020-04-15 09:53:54 오전 DEBUG [egovframework.cbiz.service.impl.CommDBDAO] {call PR_BOKTB_MAST01_LIST (? ,? ,? ,? ,? ,? ,? ,? ,? ,? ,? ,? ,? ,? ,? )}
 PARAM NAME : [action_type]   VAL : [LIST001]
 PARAM NAME : [dbo]   VAL : [SABOK21]
 PARAM NAME : [param01]   VAL : [S01802]
 PARAM NAME : [param06]   VAL : [00170]
2020-04-15 09:53:54 오전 DEBUG [egovframework.cbiz.service.impl.CommDBDAO] {call PR_COMTB_CODE02_LIST (? ,? ,? ,? ,? ,? ,? ,? ,? ,? ,? ,? ,? ,? )}
 PARAM NAME : [action_type]   VAL : [LISTCODE]
 PARAM NAME : [param01]   VAL : [sign_status]
2020-04-15 09:53:54 오전 DEBUG [egovframework.cbiz.service.impl.CommDBDAO] {call PR_BUDTB_CODE01 (? ,? ,? ,? ,? ,? ,? ,? ,? ,? ,? ,? ,? )}
 PARAM NAME : [action_type]   VAL : [SELECT]
 PARAM NAME : [dbo]   VAL : [SABOK21]
 PARAM NAME : [bugt_cd]   VAL : [S01802]
 PARAM NAME : [sys_reg_id]   VAL : [00170]
2020-04-15 09:53:54 오전 DEBUG [egovframework.cbiz.service.impl.CommDBDAO] {call PR_INSTB_EMPL01 (? ,? ,? ,? ,? ,? ,? ,? ,? ,? ,? ,? ,? ,? ,? ,? ,? ,? ,? ,? ,? ,? ,? ,? ,? ,? ,? ,? ,? ,? ,? ,? ,? )}
 PARAM NAME : [action_type]   VAL : [SELECT]
 PARAM NAME : [dbo]   VAL : [SABOK21]
 PARAM NAME : [empl_no]   VAL : [00170]
 PARAM NAME : [connect_ip]   VAL : [1.234.57.106]
 PARAM NAME : [sys_reg_id]   VAL : [00170]
2020-04-15 09:53:54 오전 DEBUG [egovframework.cbiz.service.impl.CommDBDAO] {call PR_COMTB_CODE02_LIST (? ,? ,? ,? ,? ,? ,? ,? ,? ,? ,? ,? ,? ,? )}
 PARAM NAME : [action_type]   VAL : [MULTCODE]
 PARAM NAME : [param01]   VAL : [tel_no|bank_cd@@@@A|]
2020-04-15 09:54:03 오전 DEBUG [egovframework.cbiz.service.impl.CommDBDAO] {call PR_BOKTB_MAST01_LIST (? ,? ,? ,? ,? ,? ,? ,? ,? ,? ,? ,? ,? ,? ,? )}
 PARAM NAME : [action_type]   VAL : [LIST001]
 PARAM NAME : [dbo]   VAL : [SABOK21]
 PARAM NAME : [param01]   VAL : [S01702]
 PARAM NAME : [param06]   VAL : [00170]
2020-04-15 09:54:03 오전 DEBUG [egovframework.cbiz.service.impl.CommDBDAO] {call PR_COMTB_CODE02_LIST (? ,? ,? ,? ,? ,? ,? ,? ,? ,? ,? ,? ,? ,? )}
 PARAM NAME : [action_type]   VAL : [LISTCODE]
 PARAM NAME : [param01]   VAL : [sign_status]
2020-04-15 09:54:04 오전 DEBUG [egovframework.cbiz.service.impl.CommDBDAO] {call PR_BUDTB_CODE01 (? ,? ,? ,? ,? ,? ,? ,? ,? ,? ,? ,? ,? )}
 PARAM NAME : [action_type]   VAL : [SELECT]
 PARAM NAME : [dbo]   VAL : [SABOK21]
 PARAM NAME : [bugt_cd]   VAL : [S01702]
 PARAM NAME : [sys_reg_id]   VAL : [00170]
2020-04-15 09:54:04 오전 DEBUG [egovframework.cbiz.service.impl.CommDBDAO] {call PR_INSTB_EMPL01 (? ,? ,? ,? ,? ,? ,? ,? ,? ,? ,? ,? ,? ,? ,? ,? ,? ,? ,? ,? ,? ,? ,? ,? ,? ,? ,? ,? ,? ,? ,? ,? ,? )}
 PARAM NAME : [action_type]   VAL : [SELECT]
 PARAM NAME : [dbo]   VAL : [SABOK21]
 PARAM NAME : [empl_no]   VAL : [00170]
 PARAM NAME : [connect_ip]   VAL : [1.234.57.106]
 PARAM NAME : [sys_reg_id]   VAL : [00170]
2020-04-15 09:54:04 오전 DEBUG [egovframework.cbiz.service.impl.CommDBDAO] {call PR_BUDTB_CODE01_LIST (? ,? ,? ,? ,? ,? ,? ,? ,? ,? ,? ,? ,? ,? ,? )}
 PARAM NAME : [action_type]   VAL : [LISTCODE]
 PARAM NAME : [dbo]   VAL : [SABOK21]
 PARAM NAME : [param01]   VAL : [2]
 PARAM NAME : [param02]   VAL : [S01702]
2020-04-15 10:11:01 오전 DEBUG [egovframework.cbiz.service.impl.CommDBDAO] {call PR_BOKTB_MAST01 (? ,? ,? ,? ,? ,? ,? ,? ,? ,? ,? ,? ,? ,? ,? ,? ,? ,? ,? ,? ,? ,? ,? ,? ,? ,? ,? ,? ,? )}
 PARAM NAME : [action_type]   VAL : [SELECT]
 PARAM NAME : [dbo]   VAL : [SABOK21]
 PARAM NAME : [apply_no]   VAL : [2019010024]
 PARAM NAME : [bugt_cd]   VAL : [S01702]
 PARAM NAME : [sys_reg_id]   VAL : [00170]
2020-04-15 10:11:01 오전 DEBUG [egovframework.cbiz.service.impl.CommDBDAO] {call PR_BOKTB_MAST01 (? ,? ,? ,? ,? ,? ,? ,? ,? ,? ,? ,? ,? ,? ,? ,? ,? ,? ,? ,? ,? ,? ,? ,? ,? ,? ,? ,? ,? )}
 PARAM NAME : [action_type]   VAL : [SELECT]
 PARAM NAME : [dbo]   VAL : [SABOK21]
 PARAM NAME : [apply_no]   VAL : [2019010024]
 PARAM NAME : [bugt_cd]   VAL : [S01702]
 PARAM NAME : [sys_reg_id]   VAL : [00170]
2020-04-15 10:11:03 오전 DEBUG [egovframework.cbiz.service.impl.CommDBDAO] {call PR_BOKTB_MAST01 (? ,? ,? ,? ,? ,? ,? ,? ,? ,? ,? ,? ,? ,? ,? ,? ,? ,? ,? ,? ,? ,? ,? ,? ,? ,? ,? ,? ,? )}
 PARAM NAME : [action_type]   VAL : [SELECT]
 PARAM NAME : [dbo]   VAL : [SABOK21]
 PARAM NAME : [apply_no]   VAL : [2018090013]
 PARAM NAME : [bugt_cd]   VAL : [S01702]
 PARAM NAME : [sys_reg_id]   VAL : [00170]
2020-04-15 10:11:03 오전 DEBUG [egovframework.cbiz.service.impl.CommDBDAO] {call PR_BOKTB_MAST01 (? ,? ,? ,? ,? ,? ,? ,? ,? ,? ,? ,? ,? ,? ,? ,? ,? ,? ,? ,? ,? ,? ,? ,? ,? ,? ,? ,? ,? )}
 PARAM NAME : [action_type]   VAL : [SELECT]
 PARAM NAME : [dbo]   VAL : [SABOK21]
 PARAM NAME : [apply_no]   VAL : [2018090013]
 PARAM NAME : [bugt_cd]   VAL : [S01702]
 PARAM NAME : [sys_reg_id]   VAL : [00170]
2020-04-15 10:11:05 오전 DEBUG [egovframework.cbiz.service.impl.CommDBDAO] {call PR_BOKTB_MAST01 (? ,? ,? ,? ,? ,? ,? ,? ,? ,? ,? ,? ,? ,? ,? ,? ,? ,? ,? ,? ,? ,? ,? ,? ,? ,? ,? ,? ,? )}
 PARAM NAME : [action_type]   VAL : [SELECT]
 PARAM NAME : [dbo]   VAL : [SABOK21]
 PARAM NAME : [apply_no]   VAL : [2019010024]
 PARAM NAME : [bugt_cd]   VAL : [S01702]
 PARAM NAME : [sys_reg_id]   VAL : [00170]
2020-04-15 10:11:06 오전 DEBUG [egovframework.cbiz.service.impl.CommDBDAO] {call PR_BOKTB_MAST01 (? ,? ,? ,? ,? ,? ,? ,? ,? ,? ,? ,? ,? ,? ,? ,? ,? ,? ,? ,? ,? ,? ,? ,? ,? ,? ,? ,? ,? )}
 PARAM NAME : [action_type]   VAL : [SELECT]
 PARAM NAME : [dbo]   VAL : [SABOK21]
 PARAM NAME : [apply_no]   VAL : [2019010024]
 PARAM NAME : [bugt_cd]   VAL : [S01702]
 PARAM NAME : [sys_reg_id]   VAL : [00170]
2020-04-15 10:11:11 오전 DEBUG [egovframework.cbiz.service.impl.CommDBDAO] {call PR_BOKTB_MAST01 (? ,? ,? ,? ,? ,? ,? ,? ,? ,? ,? ,? ,? ,? ,? ,? ,? ,? ,? ,? ,? ,? ,? ,? ,? ,? ,? ,? ,? )}
 PARAM NAME : [action_type]   VAL : [SELECT]
 PARAM NAME : [dbo]   VAL : [SABOK21]
 PARAM NAME : [apply_no]   VAL : [2018090013]
 PARAM NAME : [bugt_cd]   VAL : [S01702]
 PARAM NAME : [sys_reg_id]   VAL : [00170]
2020-04-15 10:11:11 오전 DEBUG [egovframework.cbiz.service.impl.CommDBDAO] {call PR_BOKTB_MAST01 (? ,? ,? ,? ,? ,? ,? ,? ,? ,? ,? ,? ,? ,? ,? ,? ,? ,? ,? ,? ,? ,? ,? ,? ,? ,? ,? ,? ,? )}
 PARAM NAME : [action_type]   VAL : [SELECT]
 PARAM NAME : [dbo]   VAL : [SABOK21]
 PARAM NAME : [apply_no]   VAL : [2018090013]
 PARAM NAME : [bugt_cd]   VAL : [S01702]
 PARAM NAME : [sys_reg_id]   VAL : [00170]
2020-04-15 10:11:13 오전 DEBUG [egovframework.cbiz.service.impl.CommDBDAO] {call PR_BOKTB_MAST01 (? ,? ,? ,? ,? ,? ,? ,? ,? ,? ,? ,? ,? ,? ,? ,? ,? ,? ,? ,? ,? ,? ,? ,? ,? ,? ,? ,? ,? )}
 PARAM NAME : [action_type]   VAL : [SELECT]
 PARAM NAME : [dbo]   VAL : [SABOK21]
 PARAM NAME : [apply_no]   VAL : [2019010024]
 PARAM NAME : [bugt_cd]   VAL : [S01702]
 PARAM NAME : [sys_reg_id]   VAL : [00170]
2020-04-15 10:11:13 오전 DEBUG [egovframework.cbiz.service.impl.CommDBDAO] {call PR_BOKTB_MAST01 (? ,? ,? ,? ,? ,? ,? ,? ,? ,? ,? ,? ,? ,? ,? ,? ,? ,? ,? ,? ,? ,? ,? ,? ,? ,? ,? ,? ,? )}
 PARAM NAME : [action_type]   VAL : [SELECT]
 PARAM NAME : [dbo]   VAL : [SABOK21]
 PARAM NAME : [apply_no]   VAL : [2019010024]
 PARAM NAME : [bugt_cd]   VAL : [S01702]
 PARAM NAME : [sys_reg_id]   VAL : [00170]
2020-04-15 10:11:24 오전 DEBUG [egovframework.cbiz.service.impl.CommDBDAO] {call PR_BOKTB_MAST01 (? ,? ,? ,? ,? ,? ,? ,? ,? ,? ,? ,? ,? ,? ,? ,? ,? ,? ,? ,? ,? ,? ,? ,? ,? ,? ,? ,? ,? )}
 PARAM NAME : [action_type]   VAL : [SELECT]
 PARAM NAME : [dbo]   VAL : [SABOK21]
 PARAM NAME : [apply_no]   VAL : [2018090013]
 PARAM NAME : [bugt_cd]   VAL : [S01702]
 PARAM NAME : [sys_reg_id]   VAL : [00170]
2020-04-15 10:11:24 오전 DEBUG [egovframework.cbiz.service.impl.CommDBDAO] {call PR_BOKTB_MAST01 (? ,? ,? ,? ,? ,? ,? ,? ,? ,? ,? ,? ,? ,? ,? ,? ,? ,? ,? ,? ,? ,? ,? ,? ,? ,? ,? ,? ,? )}
 PARAM NAME : [action_type]   VAL : [SELECT]
 PARAM NAME : [dbo]   VAL : [SABOK21]
 PARAM NAME : [apply_no]   VAL : [2018090013]
 PARAM NAME : [bugt_cd]   VAL : [S01702]
 PARAM NAME : [sys_reg_id]   VAL : [00170]
2020-04-15 10:11:26 오전 DEBUG [egovframework.cbiz.service.impl.CommDBDAO] {call PR_BUDTB_CODE01 (? ,? ,? ,? ,? ,? ,? ,? ,? ,? ,? ,? ,? )}
 PARAM NAME : [action_type]   VAL : [SELECT]
 PARAM NAME : [dbo]   VAL : [SABOK21]
 PARAM NAME : [bugt_cd]   VAL : [S01702]
 PARAM NAME : [sys_reg_id]   VAL : [00170]
2020-04-15 10:11:26 오전 DEBUG [egovframework.cbiz.service.impl.CommDBDAO] {call PR_INSTB_EMPL01 (? ,? ,? ,? ,? ,? ,? ,? ,? ,? ,? ,? ,? ,? ,? ,? ,? ,? ,? ,? ,? ,? ,? ,? ,? ,? ,? ,? ,? ,? ,? ,? ,? )}
 PARAM NAME : [action_type]   VAL : [SELECT]
 PARAM NAME : [dbo]   VAL : [SABOK21]
 PARAM NAME : [empl_no]   VAL : [00170]
 PARAM NAME : [connect_ip]   VAL : [1.234.57.106]
 PARAM NAME : [sys_reg_id]   VAL : [00170]
2020-04-15 10:11:26 오전 DEBUG [egovframework.cbiz.service.impl.CommDBDAO] {call PR_BUDTB_CODE01_LIST (? ,? ,? ,? ,? ,? ,? ,? ,? ,? ,? ,? ,? ,? ,? )}
 PARAM NAME : [action_type]   VAL : [LISTCODE]
 PARAM NAME : [dbo]   VAL : [SABOK21]
 PARAM NAME : [param01]   VAL : [2]
 PARAM NAME : [param02]   VAL : [S01702]
2020-04-15 10:11:34 오전 DEBUG [egovframework.cbiz.service.impl.CommDBDAO] {call PR_BOKTB_MAST01 (? ,? ,? ,? ,? ,? ,? ,? ,? ,? ,? ,? ,? ,? ,? ,? ,? ,? ,? ,? ,? ,? ,? ,? ,? ,? ,? ,? ,? )}
 PARAM NAME : [action_type]   VAL : [SELECT]
 PARAM NAME : [dbo]   VAL : [SABOK21]
 PARAM NAME : [apply_no]   VAL : [2019010024]
 PARAM NAME : [bugt_cd]   VAL : [S01702]
 PARAM NAME : [sys_reg_id]   VAL : [00170]
2020-04-15 10:11:39 오전 DEBUG [egovframework.cbiz.service.impl.CommDBDAO] {call PR_BUDTB_CODE01 (? ,? ,? ,? ,? ,? ,? ,? ,? ,? ,? ,? ,? )}
 PARAM NAME : [action_type]   VAL : [SELECT]
 PARAM NAME : [dbo]   VAL : [SABOK21]
 PARAM NAME : [bugt_cd]   VAL : [S01702]
 PARAM NAME : [sys_reg_id]   VAL : [00170]
2020-04-15 10:11:39 오전 DEBUG [egovframework.cbiz.service.impl.CommDBDAO] {call PR_INSTB_EMPL01 (? ,? ,? ,? ,? ,? ,? ,? ,? ,? ,? ,? ,? ,? ,? ,? ,? ,? ,? ,? ,? ,? ,? ,? ,? ,? ,? ,? ,? ,? ,? ,? ,? )}
 PARAM NAME : [action_type]   VAL : [SELECT]
 PARAM NAME : [dbo]   VAL : [SABOK21]
 PARAM NAME : [empl_no]   VAL : [00170]
 PARAM NAME : [connect_ip]   VAL : [1.234.57.106]
 PARAM NAME : [sys_reg_id]   VAL : [00170]
2020-04-15 10:11:39 오전 DEBUG [egovframework.cbiz.service.impl.CommDBDAO] {call PR_BUDTB_CODE01_LIST (? ,? ,? ,? ,? ,? ,? ,? ,? ,? ,? ,? ,? ,? ,? )}
 PARAM NAME : [action_type]   VAL : [LISTCODE]
 PARAM NAME : [dbo]   VAL : [SABOK21]
 PARAM NAME : [param01]   VAL : [2]
 PARAM NAME : [param02]   VAL : [S01702]
2020-04-15 10:11:45 오전 DEBUG [egovframework.cbiz.service.impl.CommDBDAO] {call PR_BOKTB_MAST01 (? ,? ,? ,? ,? ,? ,? ,? ,? ,? ,? ,? ,? ,? ,? ,? ,? ,? ,? ,? ,? ,? ,? ,? ,? ,? ,? ,? ,? )}
 PARAM NAME : [action_type]   VAL : [SELECT]
 PARAM NAME : [dbo]   VAL : [SABOK21]
 PARAM NAME : [apply_no]   VAL : [2019010024]
 PARAM NAME : [bugt_cd]   VAL : [S01702]
 PARAM NAME : [sys_reg_id]   VAL : [00170]
2020-04-15 10:12:02 오전 DEBUG [egovframework.cbiz.service.impl.CommDBDAO] {call PR_BUDTB_CODE01 (? ,? ,? ,? ,? ,? ,? ,? ,? ,? ,? ,? ,? )}
 PARAM NAME : [action_type]   VAL : [SELECT]
 PARAM NAME : [dbo]   VAL : [SABOK21]
 PARAM NAME : [bugt_cd]   VAL : [S01702]
 PARAM NAME : [sys_reg_id]   VAL : [00170]
2020-04-15 10:12:02 오전 DEBUG [egovframework.cbiz.service.impl.CommDBDAO] {call PR_INSTB_EMPL01 (? ,? ,? ,? ,? ,? ,? ,? ,? ,? ,? ,? ,? ,? ,? ,? ,? ,? ,? ,? ,? ,? ,? ,? ,? ,? ,? ,? ,? ,? ,? ,? ,? )}
 PARAM NAME : [action_type]   VAL : [SELECT]
 PARAM NAME : [dbo]   VAL : [SABOK21]
 PARAM NAME : [empl_no]   VAL : [00170]
 PARAM NAME : [connect_ip]   VAL : [1.234.57.106]
 PARAM NAME : [sys_reg_id]   VAL : [00170]
2020-04-15 10:12:02 오전 DEBUG [egovframework.cbiz.service.impl.CommDBDAO] {call PR_BUDTB_CODE01_LIST (? ,? ,? ,? ,? ,? ,? ,? ,? ,? ,? ,? ,? ,? ,? )}
 PARAM NAME : [action_type]   VAL : [LISTCODE]
 PARAM NAME : [dbo]   VAL : [SABOK21]
 PARAM NAME : [param01]   VAL : [2]
 PARAM NAME : [param02]   VAL : [S01702]
2020-04-15 10:12:07 오전 DEBUG [egovframework.cbiz.service.impl.CommDBDAO] {call PR_BOKTB_MAST01 (? ,? ,? ,? ,? ,? ,? ,? ,? ,? ,? ,? ,? ,? ,? ,? ,? ,? ,? ,? ,? ,? ,? ,? ,? ,? ,? ,? ,? )}
 PARAM NAME : [action_type]   VAL : [SELECT]
 PARAM NAME : [dbo]   VAL : [SABOK21]
 PARAM NAME : [apply_no]   VAL : [2018090013]
 PARAM NAME : [bugt_cd]   VAL : [S01702]
 PARAM NAME : [sys_reg_id]   VAL : [00170]
2020-04-15 10:12:25 오전 DEBUG [egovframework.cbiz.service.impl.CommDBDAO] {call PR_BUDTB_CODE01 (? ,? ,? ,? ,? ,? ,? ,? ,? ,? ,? ,? ,? )}
 PARAM NAME : [action_type]   VAL : [SELECT]
 PARAM NAME : [dbo]   VAL : [SABOK21]
 PARAM NAME : [bugt_cd]   VAL : [S01702]
 PARAM NAME : [sys_reg_id]   VAL : [00170]
2020-04-15 10:12:25 오전 DEBUG [egovframework.cbiz.service.impl.CommDBDAO] {call PR_INSTB_EMPL01 (? ,? ,? ,? ,? ,? ,? ,? ,? ,? ,? ,? ,? ,? ,? ,? ,? ,? ,? ,? ,? ,? ,? ,? ,? ,? ,? ,? ,? ,? ,? ,? ,? )}
 PARAM NAME : [action_type]   VAL : [SELECT]
 PARAM NAME : [dbo]   VAL : [SABOK21]
 PARAM NAME : [empl_no]   VAL : [00170]
 PARAM NAME : [connect_ip]   VAL : [1.234.57.106]
 PARAM NAME : [sys_reg_id]   VAL : [00170]
2020-04-15 10:12:25 오전 DEBUG [egovframework.cbiz.service.impl.CommDBDAO] {call PR_BUDTB_CODE01_LIST (? ,? ,? ,? ,? ,? ,? ,? ,? ,? ,? ,? ,? ,? ,? )}
 PARAM NAME : [action_type]   VAL : [LISTCODE]
 PARAM NAME : [dbo]   VAL : [SABOK21]
 PARAM NAME : [param01]   VAL : [2]
 PARAM NAME : [param02]   VAL : [S01702]
2020-04-15 10:12:35 오전 DEBUG [egovframework.cbiz.service.impl.CommDBDAO] {call PR_BOKTB_MAST01 (? ,? ,? ,? ,? ,? ,? ,? ,? ,? ,? ,? ,? ,? ,? ,? ,? ,? ,? ,? ,? ,? ,? ,? ,? ,? ,? ,? ,? )}
 PARAM NAME : [action_type]   VAL : [SELECT]
 PARAM NAME : [dbo]   VAL : [SABOK21]
 PARAM NAME : [apply_no]   VAL : [2018090013]
 PARAM NAME : [bugt_cd]   VAL : [S01702]
 PARAM NAME : [sys_reg_id]   VAL : [00170]
2020-04-15 10:12:52 오전 DEBUG [egovframework.cbiz.service.impl.CommDBDAO] {call PR_BOKTB_MAST01 (? ,? ,? ,? ,? ,? ,? ,? ,? ,? ,? ,? ,? ,? ,? ,? ,? ,? ,? ,? ,? ,? ,? ,? ,? ,? ,? ,? ,? )}
 PARAM NAME : [action_type]   VAL : [SELECT]
 PARAM NAME : [dbo]   VAL : [SABOK21]
 PARAM NAME : [apply_no]   VAL : [2019010024]
 PARAM NAME : [bugt_cd]   VAL : [S01702]
 PARAM NAME : [sys_reg_id]   VAL : [00170]
2020-04-15 10:13:02 오전 DEBUG [egovframework.cbiz.service.impl.CommDBDAO] {call PR_BUDTB_CODE01 (? ,? ,? ,? ,? ,? ,? ,? ,? ,? ,? ,? ,? )}
 PARAM NAME : [action_type]   VAL : [SELECT]
 PARAM NAME : [dbo]   VAL : [SABOK21]
 PARAM NAME : [bugt_cd]   VAL : [S01702]
 PARAM NAME : [sys_reg_id]   VAL : [00170]
2020-04-15 10:13:02 오전 DEBUG [egovframework.cbiz.service.impl.CommDBDAO] {call PR_INSTB_EMPL01 (? ,? ,? ,? ,? ,? ,? ,? ,? ,? ,? ,? ,? ,? ,? ,? ,? ,? ,? ,? ,? ,? ,? ,? ,? ,? ,? ,? ,? ,? ,? ,? ,? )}
 PARAM NAME : [action_type]   VAL : [SELECT]
 PARAM NAME : [dbo]   VAL : [SABOK21]
 PARAM NAME : [empl_no]   VAL : [00170]
 PARAM NAME : [connect_ip]   VAL : [1.234.57.106]
 PARAM NAME : [sys_reg_id]   VAL : [00170]
2020-04-15 10:13:02 오전 DEBUG [egovframework.cbiz.service.impl.CommDBDAO] {call PR_BUDTB_CODE01_LIST (? ,? ,? ,? ,? ,? ,? ,? ,? ,? ,? ,? ,? ,? ,? )}
 PARAM NAME : [action_type]   VAL : [LISTCODE]
 PARAM NAME : [dbo]   VAL : [SABOK21]
 PARAM NAME : [param01]   VAL : [2]
 PARAM NAME : [param02]   VAL : [S01702]
2020-04-15 10:14:38 오전 DEBUG [egovframework.cbiz.service.impl.CommDBDAO] {call PR_BOKTB_MAST01 (? ,? ,? ,? ,? ,? ,? ,? ,? ,? ,? ,? ,? ,? ,? ,? ,? ,? ,? ,? ,? ,? ,? ,? ,? ,? ,? ,? ,? )}
 PARAM NAME : [action_type]   VAL : [INSERT]
 PARAM NAME : [dbo]   VAL : [SABOK21]
 PARAM NAME : [empl_no]   VAL : [00170]
 PARAM NAME : [bugt_cd]   VAL : [S01702-003]
 PARAM NAME : [apply_ymd]   VAL : [20200415]
 PARAM NAME : [apply_amt]   VAL : [200000]
 PARAM NAME : [data01]   VAL : [10500]
 PARAM NAME : [data02]   VAL : [20150731]
 PARAM NAME : [data03]   VAL : [20800731]
 PARAM NAME : [data04]   VAL : [박성혁]
 PARAM NAME : [etc_remark]   VAL : [2020년 1월~12월 실손보험지원]
 PARAM NAME : [sys_reg_id]   VAL : [00170]
2020-04-15 10:14:38 오전 DEBUG [egovframework.cbiz.service.impl.CommDBDAO] {call PR_AUTO_SLIP (? ,? ,? ,? ,? ,? ,? ,? ,? ,? ,? )}
 PARAM NAME : [action_type]   VAL : [BOKTB_MAST01]
 PARAM NAME : [dbo]   VAL : [SABOK21]
 PARAM NAME : [search_key]   VAL : [2020040009]
 PARAM NAME : [sys_reg_id]   VAL : [00170]
2020-04-15 10:14:38 오전 DEBUG [egovframework.cbiz.service.impl.CommDBDAO] {call PR_BOKTB_MAST01_LIST (? ,? ,? ,? ,? ,? ,? ,? ,? ,? ,? ,? ,? ,? ,? )}
 PARAM NAME : [action_type]   VAL : [LIST001]
 PARAM NAME : [dbo]   VAL : [SABOK21]
 PARAM NAME : [param01]   VAL : [S01702]
 PARAM NAME : [param04]   VAL : [1]
 PARAM NAME : [param06]   VAL : [00170]
2020-04-15 10:14:39 오전 DEBUG [egovframework.cbiz.service.impl.CommDBDAO] {call PR_BOKTB_MAST01 (? ,? ,? ,? ,? ,? ,? ,? ,? ,? ,? ,? ,? ,? ,? ,? ,? ,? ,? ,? ,? ,? ,? ,? ,? ,? ,? ,? ,? )}
 PARAM NAME : [action_type]   VAL : [SELECT]
 PARAM NAME : [dbo]   VAL : [SABOK21]
 PARAM NAME : [apply_no]   VAL : [2020040009]
 PARAM NAME : [bugt_cd]   VAL : [S01702]
 PARAM NAME : [sys_reg_id]   VAL : [00170]
2020-04-15 10:15:13 오전 DEBUG [egovframework.cbiz.service.impl.CommDBDAO] {call PR_BOKTB_MAST01 (? ,? ,? ,? ,? ,? ,? ,? ,? ,? ,? ,? ,? ,? ,? ,? ,? ,? ,? ,? ,? ,? ,? ,? ,? ,? ,? ,? ,? )}
 PARAM NAME : [action_type]   VAL : [SELECT]
 PARAM NAME : [dbo]   VAL : [SABOK21]
 PARAM NAME : [apply_no]   VAL : [2019010024]
 PARAM NAME : [bugt_cd]   VAL : [S01702]
 PARAM NAME : [sys_reg_id]   VAL : [00170]
2020-04-15 10:15:14 오전 DEBUG [egovframework.cbiz.service.impl.CommDBDAO] {call PR_BOKTB_MAST01 (? ,? ,? ,? ,? ,? ,? ,? ,? ,? ,? ,? ,? ,? ,? ,? ,? ,? ,? ,? ,? ,? ,? ,? ,? ,? ,? ,? ,? )}
 PARAM NAME : [action_type]   VAL : [SELECT]
 PARAM NAME : [dbo]   VAL : [SABOK21]
 PARAM NAME : [apply_no]   VAL : [2019010024]
 PARAM NAME : [bugt_cd]   VAL : [S01702]
 PARAM NAME : [sys_reg_id]   VAL : [00170]
2020-04-15 10:15:14 오전 DEBUG [egovframework.cbiz.service.impl.CommDBDAO] {call PR_BOKTB_MAST01 (? ,? ,? ,? ,? ,? ,? ,? ,? ,? ,? ,? ,? ,? ,? ,? ,? ,? ,? ,? ,? ,? ,? ,? ,? ,? ,? ,? ,? )}
 PARAM NAME : [action_type]   VAL : [SELECT]
 PARAM NAME : [dbo]   VAL : [SABOK21]
 PARAM NAME : [apply_no]   VAL : [2019010024]
 PARAM NAME : [bugt_cd]   VAL : [S01702]
 PARAM NAME : [sys_reg_id]   VAL : [00170]
2020-04-15 10:15:17 오전 DEBUG [egovframework.cbiz.service.impl.CommDBDAO] {call PR_ACCTB_SLIP01 (? ,? ,? ,? ,? ,? ,? ,? ,? ,? ,? ,? ,? ,? ,? ,? ,? )}
 PARAM NAME : [action_type]   VAL : [SELECT_DETAIL]
 PARAM NAME : [dbo]   VAL : [SABOK21]
 PARAM NAME : [slip_no]   VAL : [20190128S0002]
 PARAM NAME : [sys_reg_id]   VAL : [00170]
2020-04-15 10:15:17 오전 DEBUG [egovframework.cbiz.service.impl.CommDBDAO] {call PR_ACCTB_SLIP02_LIST (? ,? ,? ,? ,? ,? ,? ,? ,? ,? ,? ,? ,? ,? ,? )}
 PARAM NAME : [action_type]   VAL : [LIST002]
 PARAM NAME : [dbo]   VAL : [SABOK21]
 PARAM NAME : [param01]   VAL : [20190128S0002]
2020-04-15 10:15:23 오전 DEBUG [egovframework.cbiz.service.impl.CommDBDAO] {call PR_COMTB_MESG01 (? ,? ,? ,? ,? ,? ,? ,? ,? ,? ,? ,? ,? ,? ,? ,? ,? ,? ,? )}
 PARAM NAME : [action_type]   VAL : [SELECT]
 PARAM NAME : [dbo]   VAL : [SABOK21]
 PARAM NAME : [msg_no]   VAL : [201901290001]
 PARAM NAME : [sys_reg_id]   VAL : [00170]
2020-04-15 10:15:23 오전 DEBUG [egovframework.cbiz.service.impl.CommDBDAO] {call PR_COMTB_FILE01_LIST (? ,? ,? ,? ,? ,? ,? ,? ,? ,? ,? ,? ,? ,? )}
 PARAM NAME : [action_type]   VAL : [LIST001]
 PARAM NAME : [param01]   VAL : [SABOK21.COMTB_MESG01]
 PARAM NAME : [param02]   VAL : [201901290001]
2020-04-15 10:15:23 오전 DEBUG [egovframework.cbiz.service.impl.CommDBDAO] {call PR_COMTB_MESG02_LIST (? ,? ,? ,? ,? ,? ,? ,? ,? ,? ,? ,? ,? ,? ,? )}
 PARAM NAME : [action_type]   VAL : [LIST001]
 PARAM NAME : [dbo]   VAL : [SABOK21]
 PARAM NAME : [param01]   VAL : [201901290001]
2020-04-15 10:15:23 오전 DEBUG [egovframework.cbiz.service.impl.CommDBDAO] {call PR_REPORT_SQL (? ,? ,? ,? ,? ,? ,? ,? ,? ,? ,? ,? ,? ,? ,? )}
 PARAM NAME : [action_type]   VAL : [SGN01002]
 PARAM NAME : [dbo]   VAL : [SABOK21]
 PARAM NAME : [param01]   VAL : [201901290001]
2020-04-15 10:17:08 오전 DEBUG [egovframework.cbiz.service.impl.CommDBDAO] {call PR_BOKTB_MAST01 (? ,? ,? ,? ,? ,? ,? ,? ,? ,? ,? ,? ,? ,? ,? ,? ,? ,? ,? ,? ,? ,? ,? ,? ,? ,? ,? ,? ,? )}
 PARAM NAME : [action_type]   VAL : [SELECT]
 PARAM NAME : [dbo]   VAL : [SABOK21]
 PARAM NAME : [apply_no]   VAL : [2020040009]
 PARAM NAME : [bugt_cd]   VAL : [S01702]
 PARAM NAME : [sys_reg_id]   VAL : [00170]
2020-04-15 10:17:17 오전 DEBUG [egovframework.cbiz.service.impl.CommDBDAO] {call PR_BOKTB_MAST01 (? ,? ,? ,? ,? ,? ,? ,? ,? ,? ,? ,? ,? ,? ,? ,? ,? ,? ,? ,? ,? ,? ,? ,? ,? ,? ,? ,? ,? )}
 PARAM NAME : [action_type]   VAL : [SELECT]
 PARAM NAME : [dbo]   VAL : [SABOK21]
 PARAM NAME : [apply_no]   VAL : [2019010024]
 PARAM NAME : [bugt_cd]   VAL : [S01702]
 PARAM NAME : [sys_reg_id]   VAL : [00170]
2020-04-15 10:17:21 오전 DEBUG [egovframework.cbiz.service.impl.CommDBDAO] {call PR_ACCTB_SLIP01 (? ,? ,? ,? ,? ,? ,? ,? ,? ,? ,? ,? ,? ,? ,? ,? ,? )}
 PARAM NAME : [action_type]   VAL : [SELECT_DETAIL]
 PARAM NAME : [dbo]   VAL : [SABOK21]
 PARAM NAME : [slip_no]   VAL : [20190128S0002]
 PARAM NAME : [sys_reg_id]   VAL : [00170]
2020-04-15 10:17:21 오전 DEBUG [egovframework.cbiz.service.impl.CommDBDAO] {call PR_ACCTB_SLIP02_LIST (? ,? ,? ,? ,? ,? ,? ,? ,? ,? ,? ,? ,? ,? ,? )}
 PARAM NAME : [action_type]   VAL : [LIST002]
 PARAM NAME : [dbo]   VAL : [SABOK21]
 PARAM NAME : [param01]   VAL : [20190128S0002]
2020-04-15 10:17:34 오전 DEBUG [egovframework.cbiz.service.impl.CommDBDAO] {call PR_COMTB_MESG01 (? ,? ,? ,? ,? ,? ,? ,? ,? ,? ,? ,? ,? ,? ,? ,? ,? ,? ,? )}
 PARAM NAME : [action_type]   VAL : [SELECT]
 PARAM NAME : [dbo]   VAL : [SABOK21]
 PARAM NAME : [msg_no]   VAL : [201901290001]
 PARAM NAME : [sys_reg_id]   VAL : [00170]
2020-04-15 10:17:34 오전 DEBUG [egovframework.cbiz.service.impl.CommDBDAO] {call PR_COMTB_FILE01_LIST (? ,? ,? ,? ,? ,? ,? ,? ,? ,? ,? ,? ,? ,? )}
 PARAM NAME : [action_type]   VAL : [LIST001]
 PARAM NAME : [param01]   VAL : [SABOK21.COMTB_MESG01]
 PARAM NAME : [param02]   VAL : [201901290001]
2020-04-15 10:17:34 오전 DEBUG [egovframework.cbiz.service.impl.CommDBDAO] {call PR_COMTB_MESG02_LIST (? ,? ,? ,? ,? ,? ,? ,? ,? ,? ,? ,? ,? ,? ,? )}
 PARAM NAME : [action_type]   VAL : [LIST001]
 PARAM NAME : [dbo]   VAL : [SABOK21]
 PARAM NAME : [param01]   VAL : [201901290001]
2020-04-15 10:17:34 오전 DEBUG [egovframework.cbiz.service.impl.CommDBDAO] {call PR_REPORT_SQL (? ,? ,? ,? ,? ,? ,? ,? ,? ,? ,? ,? ,? ,? ,? )}
 PARAM NAME : [action_type]   VAL : [SGN01002]
 PARAM NAME : [dbo]   VAL : [SABOK21]
 PARAM NAME : [param01]   VAL : [201901290001]
2020-04-15 10:18:11 오전 DEBUG [egovframework.cbiz.service.impl.CommDBDAO] {call PR_BOKTB_MAST01 (? ,? ,? ,? ,? ,? ,? ,? ,? ,? ,? ,? ,? ,? ,? ,? ,? ,? ,? ,? ,? ,? ,? ,? ,? ,? ,? ,? ,? )}
 PARAM NAME : [action_type]   VAL : [SELECT]
 PARAM NAME : [dbo]   VAL : [SABOK21]
 PARAM NAME : [apply_no]   VAL : [2020040009]
 PARAM NAME : [bugt_cd]   VAL : [S01702]
 PARAM NAME : [sys_reg_id]   VAL : [00170]
2020-04-15 10:20:12 오전 DEBUG [egovframework.cbiz.service.impl.CommDBDAO] {call PR_COMTB_MESG01 (? ,? ,? ,? ,? ,? ,? ,? ,? ,? ,? ,? ,? ,? ,? ,? ,? ,? ,? )}
 PARAM NAME : [action_type]   VAL : [SIGN_REQUEST]
 PARAM NAME : [dbo]   VAL : [SABOK21]
 PARAM NAME : [msg_type]   VAL : [SLP002]
 PARAM NAME : [search_key]   VAL : [ACCTB_SLIP01|20200415S0001|2020040009|S01702-003]
 PARAM NAME : [subject]   VAL : [개인실손보험(박성혁)]
 PARAM NAME : [send_empl_no]   VAL : [00170]
 PARAM NAME : [opinion]   VAL : [개인실손보험(박성혁)<br>- 신청일자 : 2020-04-15<br>- 신청금액 : 200,000원<br>- 비고 : 2020년 1월~12월 실손보험지원]
 PARAM NAME : [open_scope]   VAL : [4]
 PARAM NAME : [sys_reg_id]   VAL : [00170]
2020-04-15 10:20:12 오전 DEBUG [egovframework.cbiz.service.impl.CommDBDAO] {call PR_COMTB_FILE01 (? ,? ,? ,? ,? ,? ,? ,? ,? ,? ,? ,? )}
 PARAM NAME : [action_type]   VAL : [INSERT]
 PARAM NAME : [file_nm]   VAL : [실비보험증권(박성혁).pdf]
 PARAM NAME : [file_path]   VAL : [2020041510201232_0_202004150001.pdf]
 PARAM NAME : [file_type]   VAL : [pdf]
 PARAM NAME : [file_size]   VAL : [762977]
 PARAM NAME : [ref_table]   VAL : [SABOK21.COMTB_MESG01]
 PARAM NAME : [ref_pk]   VAL : [202004150001]
 PARAM NAME : [sys_reg_id]   VAL : [00170]
2020-04-15 10:23:43 오전 DEBUG [egovframework.cbiz.service.impl.CommDBDAO] {call PR_BOKTB_MAST01_LIST (? ,? ,? ,? ,? ,? ,? ,? ,? ,? ,? ,? ,? ,? ,? )}
 PARAM NAME : [action_type]   VAL : [LIST001]
 PARAM NAME : [dbo]   VAL : [SABOK21]
 PARAM NAME : [param01]   VAL : [S01702]
 PARAM NAME : [param04]   VAL : [1]
 PARAM NAME : [param06]   VAL : [00170]
2020-04-15 10:23:43 오전 DEBUG [egovframework.cbiz.service.impl.CommDBDAO] {call PR_BOKTB_MAST01 (? ,? ,? ,? ,? ,? ,? ,? ,? ,? ,? ,? ,? ,? ,? ,? ,? ,? ,? ,? ,? ,? ,? ,? ,? ,? ,? ,? ,? )}
 PARAM NAME : [action_type]   VAL : [SELECT]
 PARAM NAME : [dbo]   VAL : [SABOK21]
 PARAM NAME : [apply_no]   VAL : [2020040009]
 PARAM NAME : [bugt_cd]   VAL : [S01702]
 PARAM NAME : [sys_reg_id]   VAL : [00170]
2020-04-15 10:23:49 오전 DEBUG [egovframework.cbiz.service.impl.CommDBDAO] {call PR_COMTB_MESG01 (? ,? ,? ,? ,? ,? ,? ,? ,? ,? ,? ,? ,? ,? ,? ,? ,? ,? ,? )}
 PARAM NAME : [action_type]   VAL : [SELECT]
 PARAM NAME : [dbo]   VAL : [SABOK21]
 PARAM NAME : [msg_type]   VAL : [SLP002]
 PARAM NAME : [search_key]   VAL : [ACCTB_SLIP01|20200415S0001|2020040009|S01702-003]
 PARAM NAME : [sys_reg_id]   VAL : [00170]
2020-04-15 10:23:49 오전 DEBUG [egovframework.cbiz.service.impl.CommDBDAO] {call PR_COMTB_MESG02_LIST (? ,? ,? ,? ,? ,? ,? ,? ,? ,? ,? ,? ,? ,? ,? )}
 PARAM NAME : [action_type]   VAL : [LIST001]
 PARAM NAME : [dbo]   VAL : [SABOK21]
 PARAM NAME : [param01]   VAL : [202004150001]
