2020-12-20 12:52:50 오후 DEBUG [egovframework.cbiz.service.impl.CommDBDAO] {call PR_COMTB_NOTI01_LIST (? ,? ,? ,? ,? ,? ,? ,? ,? ,? ,? ,? ,? ,? ,? )}
 PARAM NAME : [action_type]   VAL : [LIST002]
2020-12-20 12:53:00 오후 DEBUG [egovframework.cbiz.service.impl.CommDBDAO] {call PR_INSTB_EMPL01 (? ,? ,? ,? ,? ,? ,? ,? ,? ,? ,? ,? ,? ,? ,? ,? ,? ,? ,? ,? ,? ,? ,? ,? ,? ,? ,? ,? ,? ,? ,? ,? ,? )}
 PARAM NAME : [action_type]   VAL : [SELECT_LOGIN]
 PARAM NAME : [dbo]   VAL : [SABOK57]
 PARAM NAME : [user_id]   VAL : [20200075]
 PARAM NAME : [pswd]   VAL : [20200075]
 PARAM NAME : [connect_ip]   VAL : [119.192.26.248]
2020-12-20 12:53:00 오후 DEBUG [egovframework.cbiz.service.impl.CommDBDAO] {call PR_INSTB_EMPL01 (? ,? ,? ,? ,? ,? ,? ,? ,? ,? ,? ,? ,? ,? ,? ,? ,? ,? ,? ,? ,? ,? ,? ,? ,? ,? ,? ,? ,? ,? ,? ,? ,? )}
 PARAM NAME : [action_type]   VAL : [UPDATE_CNT]
 PARAM NAME : [dbo]   VAL : [SABOK57]
 PARAM NAME : [empl_no]   VAL : [20200075]
 PARAM NAME : [user_id]   VAL : [20200075]
 PARAM NAME : [pswd]   VAL : [20200075]
 PARAM NAME : [connect_ip]   VAL : [119.192.26.248]
2020-12-20 12:53:00 오후 DEBUG [egovframework.cbiz.service.impl.CommDBDAO] {call PR_SYSTB_DATE01 (? ,? ,? ,? ,? ,? ,? ,? )}
 PARAM NAME : [action_type]   VAL : [UPDATE_CNT]
 PARAM NAME : [dbo]   VAL : [SABOK57]
2020-12-20 12:53:00 오후 DEBUG [egovframework.cbiz.service.impl.CommDBDAO] {call PR_SYSTB_MENU01_LIST (? ,? ,? ,? ,? ,? ,? ,? ,? ,? ,? ,? ,? ,? ,? )}
 PARAM NAME : [action_type]   VAL : [LIST001]
 PARAM NAME : [dbo]   VAL : [SABOK57]
 PARAM NAME : [param01]   VAL : [20200075]
2020-12-20 12:53:00 오후 DEBUG [egovframework.cbiz.service.impl.CommDBDAO] {call PR_COMTB_CORP01 (? ,? ,? ,? ,? ,? ,? ,? ,? ,? ,? ,? ,? ,? ,? ,? ,? ,? ,? ,? ,? ,? ,? ,? ,? ,? ,? ,? ,? ,? ,? ,? ,? ,? ,? ,? ,? ,? ,? ,? ,? ,? ,? ,? ,? ,? ,? ,? ,? ,? ,? ,? ,? ,? ,? ,? ,? )}
 PARAM NAME : [action_type]   VAL : [SELECT]
 PARAM NAME : [dbo]   VAL : [SABOK57]
 PARAM NAME : [corp_cd]   VAL : [SABOK57]
 PARAM NAME : [sys_reg_id]   VAL : [20200075]
2020-12-20 12:53:00 오후 DEBUG [egovframework.cbiz.service.impl.CommDBDAO] {call PR_INSTB_EMPL01 (? ,? ,? ,? ,? ,? ,? ,? ,? ,? ,? ,? ,? ,? ,? ,? ,? ,? ,? ,? ,? ,? ,? ,? ,? ,? ,? ,? ,? ,? ,? ,? ,? )}
 PARAM NAME : [action_type]   VAL : [SELECT]
 PARAM NAME : [dbo]   VAL : [SABOK57]
 PARAM NAME : [empl_no]   VAL : [20200075]
 PARAM NAME : [connect_ip]   VAL : [119.192.26.248]
 PARAM NAME : [sys_reg_id]   VAL : [20200075]
2020-12-20 12:53:00 오후 DEBUG [egovframework.cbiz.service.impl.CommDBDAO] {call PR_COMTB_NOTI01_LIST (? ,? ,? ,? ,? ,? ,? ,? ,? ,? ,? ,? ,? ,? ,? )}
 PARAM NAME : [action_type]   VAL : [LIST002]
 PARAM NAME : [dbo]   VAL : [SABOK57]
2020-12-20 12:53:01 오후 DEBUG [egovframework.cbiz.service.impl.CommDBDAO] {call PR_COMTB_MESG02 (? ,? ,? ,? ,? ,? ,? ,? ,? ,? ,? ,? ,? ,? )}
 PARAM NAME : [action_type]   VAL : [SELECT_RECEIVE_COUNT]
 PARAM NAME : [dbo]   VAL : [SABOK57]
 PARAM NAME : [sign_empl_no]   VAL : [20200075]
 PARAM NAME : [sys_reg_id]   VAL : [20200075]
2020-12-20 12:53:01 오후 DEBUG [egovframework.cbiz.service.impl.CommDBDAO] {call PR_COMTB_MESG01_LIST (? ,? ,? ,? ,? ,? ,? ,? ,? ,? ,? ,? ,? ,? ,? )}
 PARAM NAME : [action_type]   VAL : [LIST001]
 PARAM NAME : [dbo]   VAL : [SABOK57]
 PARAM NAME : [param01]   VAL : [20200075]
 PARAM NAME : [param07]   VAL : [1,2]
2020-12-20 12:53:01 오후 DEBUG [egovframework.cbiz.service.impl.CommDBDAO] {call PR_BOKTB_MAST01_LIST (? ,? ,? ,? ,? ,? ,? ,? ,? ,? ,? ,? ,? ,? ,? )}
 PARAM NAME : [action_type]   VAL : [LIST004]
 PARAM NAME : [dbo]   VAL : [SABOK57]
 PARAM NAME : [param01]   VAL : [20200075]
 PARAM NAME : [param07]   VAL : [1,2]
2020-12-20 12:53:01 오후 DEBUG [egovframework.cbiz.service.impl.CommDBDAO] {call PR_SYSTB_MEMO01_LIST (? ,? ,? ,? ,? ,? ,? ,? ,? ,? ,? ,? ,? ,? ,? )}
 PARAM NAME : [action_type]   VAL : [LIST002]
 PARAM NAME : [dbo]   VAL : [SABOK57]
 PARAM NAME : [param01]   VAL : [20200075]
 PARAM NAME : [param02]   VAL : [202012]
 PARAM NAME : [param07]   VAL : [1,2]
2020-12-20 12:53:01 오후 DEBUG [egovframework.cbiz.service.impl.CommDBDAO] {call PR_SYSTB_DATE01 (? ,? ,? ,? ,? ,? ,? ,? )}
 PARAM NAME : [action_type]   VAL : [SELECT_WEEKLY]
 PARAM NAME : [dbo]   VAL : [SABOK57]
 PARAM NAME : [sys_ymd]   VAL : [20201220]
 PARAM NAME : [sys_reg_id]   VAL : [20200075]
2020-12-20 12:53:04 오후 DEBUG [egovframework.cbiz.service.impl.CommDBDAO] {call PR_BUDTB_CODE01_LIST (? ,? ,? ,? ,? ,? ,? ,? ,? ,? ,? ,? ,? ,? ,? )}
 PARAM NAME : [action_type]   VAL : [LIST001]
 PARAM NAME : [dbo]   VAL : [SABOK57]
2020-12-20 12:53:08 오후 DEBUG [egovframework.cbiz.service.impl.CommDBDAO] {call PR_BOKTB_LOAN12 (? ,? ,? ,? ,? ,? ,? ,? ,? ,? ,? ,? )}
 PARAM NAME : [action_type]   VAL : [SELECT]
 PARAM NAME : [dbo]   VAL : [SABOK57]
 PARAM NAME : [std_ym]   VAL : [202012]
 PARAM NAME : [sys_reg_id]   VAL : [20200075]
2020-12-20 12:53:08 오후 DEBUG [egovframework.cbiz.service.impl.CommDBDAO] {call PR_BOKTB_LOAN01_LIST (? ,? ,? ,? ,? ,? ,? ,? ,? ,? ,? ,? ,? ,? ,? )}
 PARAM NAME : [action_type]   VAL : [LIST004]
 PARAM NAME : [dbo]   VAL : [SABOK57]
 PARAM NAME : [param01]   VAL : [20201225]
 PARAM NAME : [param02]   VAL : [20201125]
 PARAM NAME : [param03]   VAL : [20201224]
2020-12-20 12:53:08 오후 DEBUG [egovframework.cbiz.service.impl.CommDBDAO] {call PR_BUDTB_CODE01_LIST (? ,? ,? ,? ,? ,? ,? ,? ,? ,? ,? ,? ,? ,? ,? )}
 PARAM NAME : [action_type]   VAL : [LISTCODE]
 PARAM NAME : [dbo]   VAL : [SABOK57]
 PARAM NAME : [param01]   VAL : [1]
 PARAM NAME : [param02]   VAL : [L]
2020-12-20 12:53:16 오후 DEBUG [egovframework.cbiz.service.impl.CommDBDAO] {call PR_BOKTB_LOAN12 (? ,? ,? ,? ,? ,? ,? ,? ,? ,? ,? ,? )}
 PARAM NAME : [action_type]   VAL : [SELECT]
 PARAM NAME : [dbo]   VAL : [SABOK57]
 PARAM NAME : [std_ym]   VAL : [202001]
 PARAM NAME : [refund_ymd]   VAL : [20201225]
 PARAM NAME : [sys_reg_id]   VAL : [20200075]
2020-12-20 12:53:16 오후 DEBUG [egovframework.cbiz.service.impl.CommDBDAO] {call PR_BOKTB_LOAN01_LIST (? ,? ,? ,? ,? ,? ,? ,? ,? ,? ,? ,? ,? ,? ,? )}
 PARAM NAME : [action_type]   VAL : [LIST004]
 PARAM NAME : [dbo]   VAL : [SABOK57]
 PARAM NAME : [param01]   VAL : [20200125]
 PARAM NAME : [param02]   VAL : [20191225]
 PARAM NAME : [param03]   VAL : [20200124]
 PARAM NAME : [param05]   VAL : [1]
2020-12-20 12:53:16 오후 DEBUG [egovframework.cbiz.service.impl.CommDBDAO] {call PR_BUDTB_CODE01_LIST (? ,? ,? ,? ,? ,? ,? ,? ,? ,? ,? ,? ,? ,? ,? )}
 PARAM NAME : [action_type]   VAL : [LISTCODE]
 PARAM NAME : [dbo]   VAL : [SABOK57]
 PARAM NAME : [param01]   VAL : [1]
 PARAM NAME : [param02]   VAL : [L]
2020-12-20 12:54:28 오후 DEBUG [egovframework.cbiz.service.impl.CommDBDAO] {call PR_INSTB_EMPL01 (? ,? ,? ,? ,? ,? ,? ,? ,? ,? ,? ,? ,? ,? ,? ,? ,? ,? ,? ,? ,? ,? ,? ,? ,? ,? ,? ,? ,? ,? ,? ,? ,? )}
 PARAM NAME : [action_type]   VAL : [SELECT]
 PARAM NAME : [dbo]   VAL : [SABOK57]
 PARAM NAME : [empl_no]   VAL : [20120172]
 PARAM NAME : [connect_ip]   VAL : [119.192.26.248]
 PARAM NAME : [sys_reg_id]   VAL : [20200075]
2020-12-20 13:12:54 오후 DEBUG [egovframework.cbiz.service.impl.CommDBDAO] {call PR_BOKTB_LOAN01_LIST (? ,? ,? ,? ,? ,? ,? ,? ,? ,? ,? ,? ,? ,? ,? )}
 PARAM NAME : [action_type]   VAL : [LIST001]
 PARAM NAME : [dbo]   VAL : [SABOK57]
2020-12-20 13:12:54 오후 DEBUG [egovframework.cbiz.service.impl.CommDBDAO] {call PR_COMTB_CODE02_LIST (? ,? ,? ,? ,? ,? ,? ,? ,? ,? ,? ,? ,? ,? )}
 PARAM NAME : [action_type]   VAL : [LISTCODE]
 PARAM NAME : [param01]   VAL : [lon_pro_status]
2020-12-20 13:12:56 오후 DEBUG [egovframework.cbiz.service.impl.CommDBDAO] {call PR_INSTB_EMPL01 (? ,? ,? ,? ,? ,? ,? ,? ,? ,? ,? ,? ,? ,? ,? ,? ,? ,? ,? ,? ,? ,? ,? ,? ,? ,? ,? ,? ,? ,? ,? ,? ,? )}
 PARAM NAME : [action_type]   VAL : [SELECT]
 PARAM NAME : [dbo]   VAL : [SABOK57]
 PARAM NAME : [empl_no]   VAL : [20200075]
 PARAM NAME : [connect_ip]   VAL : [119.192.26.248]
 PARAM NAME : [sys_reg_id]   VAL : [20200075]
2020-12-20 13:12:56 오후 DEBUG [egovframework.cbiz.service.impl.CommDBDAO] {call PR_COMTB_CODE02_LIST (? ,? ,? ,? ,? ,? ,? ,? ,? ,? ,? ,? ,? ,? )}
 PARAM NAME : [action_type]   VAL : [MULTCODE]
 PARAM NAME : [param01]   VAL : [cong_class@SABOK57|bank_cd@@@@A|]
2020-12-20 13:12:56 오후 DEBUG [egovframework.cbiz.service.impl.CommDBDAO] {call PR_BUDTB_CODE01_LIST (? ,? ,? ,? ,? ,? ,? ,? ,? ,? ,? ,? ,? ,? ,? )}
 PARAM NAME : [action_type]   VAL : [LISTCODE]
 PARAM NAME : [dbo]   VAL : [SABOK57]
 PARAM NAME : [param01]   VAL : [1]
 PARAM NAME : [param02]   VAL : [L]
2020-12-20 13:13:01 오후 DEBUG [egovframework.cbiz.service.impl.CommDBDAO] {call PR_BOKTB_LOAN01 (? ,? ,? ,? ,? ,? ,? ,? ,? ,? ,? ,? ,? ,? ,? ,? ,? ,? ,? ,? ,? ,? ,? ,? ,? ,? )}
 PARAM NAME : [action_type]   VAL : [SELECT]
 PARAM NAME : [dbo]   VAL : [SABOK57]
 PARAM NAME : [loan_no]   VAL : [2020120002]
 PARAM NAME : [sys_reg_id]   VAL : [20200075]
2020-12-20 13:13:01 오후 DEBUG [egovframework.cbiz.service.impl.CommDBDAO] {call PR_BUDTB_CODE01 (? ,? ,? ,? ,? ,? ,? ,? ,? ,? ,? ,? ,? )}
 PARAM NAME : [action_type]   VAL : [SELECT]
 PARAM NAME : [dbo]   VAL : [SABOK57]
 PARAM NAME : [bugt_cd]   VAL : [L00300]
 PARAM NAME : [sys_reg_id]   VAL : [20200075]
2020-12-20 13:13:02 오후 DEBUG [egovframework.cbiz.service.impl.CommDBDAO] {call PR_BOKTB_LOAN11_LIST (? ,? ,? ,? ,? ,? ,? ,? ,? ,? ,? ,? ,? ,? ,? )}
 PARAM NAME : [action_type]   VAL : [LIST001]
 PARAM NAME : [dbo]   VAL : [SABOK57]
 PARAM NAME : [param01]   VAL : [2020120002]
 PARAM NAME : [param02]   VAL : [L00300]
2020-12-20 13:13:02 오후 DEBUG [egovframework.cbiz.service.impl.CommDBDAO] {call PR_BOKTB_LOAN11_LIST (? ,? ,? ,? ,? ,? ,? ,? ,? ,? ,? ,? ,? ,? ,? )}
 PARAM NAME : [action_type]   VAL : [LIST004]
 PARAM NAME : [dbo]   VAL : [SABOK57]
 PARAM NAME : [param01]   VAL : [2020120002]
 PARAM NAME : [param02]   VAL : [L00300]
2020-12-20 13:14:24 오후 DEBUG [egovframework.cbiz.service.impl.CommDBDAO] {call PR_BOKTB_LOAN12 (? ,? ,? ,? ,? ,? ,? ,? ,? ,? ,? ,? )}
 PARAM NAME : [action_type]   VAL : [SELECT]
 PARAM NAME : [dbo]   VAL : [SABOK57]
 PARAM NAME : [std_ym]   VAL : [202012]
 PARAM NAME : [sys_reg_id]   VAL : [20200075]
2020-12-20 13:14:24 오후 DEBUG [egovframework.cbiz.service.impl.CommDBDAO] {call PR_BOKTB_LOAN01_LIST (? ,? ,? ,? ,? ,? ,? ,? ,? ,? ,? ,? ,? ,? ,? )}
 PARAM NAME : [action_type]   VAL : [LIST004]
 PARAM NAME : [dbo]   VAL : [SABOK57]
 PARAM NAME : [param01]   VAL : [20201225]
 PARAM NAME : [param02]   VAL : [20201125]
 PARAM NAME : [param03]   VAL : [20201224]
2020-12-20 13:14:24 오후 DEBUG [egovframework.cbiz.service.impl.CommDBDAO] {call PR_BUDTB_CODE01_LIST (? ,? ,? ,? ,? ,? ,? ,? ,? ,? ,? ,? ,? ,? ,? )}
 PARAM NAME : [action_type]   VAL : [LISTCODE]
 PARAM NAME : [dbo]   VAL : [SABOK57]
 PARAM NAME : [param01]   VAL : [1]
 PARAM NAME : [param02]   VAL : [L]
2020-12-20 13:14:44 오후 DEBUG [egovframework.cbiz.service.impl.CommDBDAO] {call PR_BOKTB_LOAN12 (? ,? ,? ,? ,? ,? ,? ,? ,? ,? ,? ,? )}
 PARAM NAME : [action_type]   VAL : [SELECT]
 PARAM NAME : [dbo]   VAL : [SABOK57]
 PARAM NAME : [std_ym]   VAL : [202012]
 PARAM NAME : [sys_reg_id]   VAL : [20200075]
2020-12-20 13:14:44 오후 DEBUG [egovframework.cbiz.service.impl.CommDBDAO] {call PR_BOKTB_LOAN01_LIST (? ,? ,? ,? ,? ,? ,? ,? ,? ,? ,? ,? ,? ,? ,? )}
 PARAM NAME : [action_type]   VAL : [LIST004]
 PARAM NAME : [dbo]   VAL : [SABOK57]
 PARAM NAME : [param01]   VAL : [20201225]
 PARAM NAME : [param02]   VAL : [20201125]
 PARAM NAME : [param03]   VAL : [20201224]
 PARAM NAME : [page_count]   VAL : [1]
2020-12-20 13:14:44 오후 DEBUG [egovframework.cbiz.service.impl.CommDBDAO] {call PR_BUDTB_CODE01_LIST (? ,? ,? ,? ,? ,? ,? ,? ,? ,? ,? ,? ,? ,? ,? )}
 PARAM NAME : [action_type]   VAL : [LISTCODE]
 PARAM NAME : [dbo]   VAL : [SABOK57]
 PARAM NAME : [param01]   VAL : [1]
 PARAM NAME : [param02]   VAL : [L]
2020-12-20 13:15:01 오후 DEBUG [egovframework.cbiz.service.impl.CommDBDAO] {call PR_BOKTB_LOAN12 (? ,? ,? ,? ,? ,? ,? ,? ,? ,? ,? ,? )}
 PARAM NAME : [action_type]   VAL : [SELECT]
 PARAM NAME : [dbo]   VAL : [SABOK57]
 PARAM NAME : [std_ym]   VAL : [202012]
 PARAM NAME : [refund_ymd]   VAL : [20201225]
 PARAM NAME : [sys_reg_id]   VAL : [20200075]
2020-12-20 13:15:01 오후 DEBUG [egovframework.cbiz.service.impl.CommDBDAO] {call PR_BOKTB_LOAN01_LIST (? ,? ,? ,? ,? ,? ,? ,? ,? ,? ,? ,? ,? ,? ,? )}
 PARAM NAME : [action_type]   VAL : [LIST004]
 PARAM NAME : [dbo]   VAL : [SABOK57]
 PARAM NAME : [param01]   VAL : [20201225]
 PARAM NAME : [param02]   VAL : [20201125]
 PARAM NAME : [param03]   VAL : [20201224]
 PARAM NAME : [param05]   VAL : [1]
 PARAM NAME : [param06]   VAL : [신익재]
2020-12-20 13:15:01 오후 DEBUG [egovframework.cbiz.service.impl.CommDBDAO] {call PR_BUDTB_CODE01_LIST (? ,? ,? ,? ,? ,? ,? ,? ,? ,? ,? ,? ,? ,? ,? )}
 PARAM NAME : [action_type]   VAL : [LISTCODE]
 PARAM NAME : [dbo]   VAL : [SABOK57]
 PARAM NAME : [param01]   VAL : [1]
 PARAM NAME : [param02]   VAL : [L]
2020-12-20 13:15:13 오후 DEBUG [egovframework.cbiz.service.impl.CommDBDAO] {call PR_BOKTB_LOAN12 (? ,? ,? ,? ,? ,? ,? ,? ,? ,? ,? ,? )}
 PARAM NAME : [action_type]   VAL : [SELECT]
 PARAM NAME : [dbo]   VAL : [SABOK57]
 PARAM NAME : [std_ym]   VAL : [202001]
 PARAM NAME : [refund_ymd]   VAL : [20201225]
 PARAM NAME : [sys_reg_id]   VAL : [20200075]
2020-12-20 13:15:13 오후 DEBUG [egovframework.cbiz.service.impl.CommDBDAO] {call PR_BOKTB_LOAN01_LIST (? ,? ,? ,? ,? ,? ,? ,? ,? ,? ,? ,? ,? ,? ,? )}
 PARAM NAME : [action_type]   VAL : [LIST004]
 PARAM NAME : [dbo]   VAL : [SABOK57]
 PARAM NAME : [param01]   VAL : [20200125]
 PARAM NAME : [param02]   VAL : [20191225]
 PARAM NAME : [param03]   VAL : [20200124]
 PARAM NAME : [param05]   VAL : [1]
 PARAM NAME : [param06]   VAL : [신익재]
2020-12-20 13:15:13 오후 DEBUG [egovframework.cbiz.service.impl.CommDBDAO] {call PR_BUDTB_CODE01_LIST (? ,? ,? ,? ,? ,? ,? ,? ,? ,? ,? ,? ,? ,? ,? )}
 PARAM NAME : [action_type]   VAL : [LISTCODE]
 PARAM NAME : [dbo]   VAL : [SABOK57]
 PARAM NAME : [param01]   VAL : [1]
 PARAM NAME : [param02]   VAL : [L]
2020-12-20 13:15:23 오후 DEBUG [egovframework.cbiz.service.impl.CommDBDAO] {call PR_BOKTB_LOAN12 (? ,? ,? ,? ,? ,? ,? ,? ,? ,? ,? ,? )}
 PARAM NAME : [action_type]   VAL : [SELECT]
 PARAM NAME : [dbo]   VAL : [SABOK57]
 PARAM NAME : [std_ym]   VAL : [201901]
 PARAM NAME : [refund_ymd]   VAL : [20200125]
 PARAM NAME : [sys_reg_id]   VAL : [20200075]
2020-12-20 13:15:23 오후 DEBUG [egovframework.cbiz.service.impl.CommDBDAO] {call PR_BOKTB_LOAN01_LIST (? ,? ,? ,? ,? ,? ,? ,? ,? ,? ,? ,? ,? ,? ,? )}
 PARAM NAME : [action_type]   VAL : [LIST004]
 PARAM NAME : [dbo]   VAL : [SABOK57]
 PARAM NAME : [param01]   VAL : [20190125]
 PARAM NAME : [param02]   VAL : [20181225]
 PARAM NAME : [param03]   VAL : [20190124]
 PARAM NAME : [param05]   VAL : [1]
 PARAM NAME : [param06]   VAL : [신익재]
2020-12-20 13:15:23 오후 DEBUG [egovframework.cbiz.service.impl.CommDBDAO] {call PR_BUDTB_CODE01_LIST (? ,? ,? ,? ,? ,? ,? ,? ,? ,? ,? ,? ,? ,? ,? )}
 PARAM NAME : [action_type]   VAL : [LISTCODE]
 PARAM NAME : [dbo]   VAL : [SABOK57]
 PARAM NAME : [param01]   VAL : [1]
 PARAM NAME : [param02]   VAL : [L]
2020-12-20 13:15:29 오후 DEBUG [egovframework.cbiz.service.impl.CommDBDAO] {call PR_BOKTB_LOAN12 (? ,? ,? ,? ,? ,? ,? ,? ,? ,? ,? ,? )}
 PARAM NAME : [action_type]   VAL : [SELECT]
 PARAM NAME : [dbo]   VAL : [SABOK57]
 PARAM NAME : [std_ym]   VAL : [201801]
 PARAM NAME : [refund_ymd]   VAL : [20190125]
 PARAM NAME : [sys_reg_id]   VAL : [20200075]
2020-12-20 13:15:29 오후 DEBUG [egovframework.cbiz.service.impl.CommDBDAO] {call PR_BOKTB_LOAN01_LIST (? ,? ,? ,? ,? ,? ,? ,? ,? ,? ,? ,? ,? ,? ,? )}
 PARAM NAME : [action_type]   VAL : [LIST004]
 PARAM NAME : [dbo]   VAL : [SABOK57]
 PARAM NAME : [param01]   VAL : [20180125]
 PARAM NAME : [param02]   VAL : [20171225]
 PARAM NAME : [param03]   VAL : [20180124]
 PARAM NAME : [param05]   VAL : [1]
 PARAM NAME : [param06]   VAL : [신익재]
2020-12-20 13:15:29 오후 DEBUG [egovframework.cbiz.service.impl.CommDBDAO] {call PR_BUDTB_CODE01_LIST (? ,? ,? ,? ,? ,? ,? ,? ,? ,? ,? ,? ,? ,? ,? )}
 PARAM NAME : [action_type]   VAL : [LISTCODE]
 PARAM NAME : [dbo]   VAL : [SABOK57]
 PARAM NAME : [param01]   VAL : [1]
 PARAM NAME : [param02]   VAL : [L]
2020-12-20 13:15:40 오후 DEBUG [egovframework.cbiz.service.impl.CommDBDAO] {call PR_BOKTB_LOAN12 (? ,? ,? ,? ,? ,? ,? ,? ,? ,? ,? ,? )}
 PARAM NAME : [action_type]   VAL : [SELECT]
 PARAM NAME : [dbo]   VAL : [SABOK57]
 PARAM NAME : [std_ym]   VAL : [201802]
 PARAM NAME : [refund_ymd]   VAL : [20180125]
 PARAM NAME : [sys_reg_id]   VAL : [20200075]
2020-12-20 13:15:40 오후 DEBUG [egovframework.cbiz.service.impl.CommDBDAO] {call PR_BOKTB_LOAN01_LIST (? ,? ,? ,? ,? ,? ,? ,? ,? ,? ,? ,? ,? ,? ,? )}
 PARAM NAME : [action_type]   VAL : [LIST004]
 PARAM NAME : [dbo]   VAL : [SABOK57]
 PARAM NAME : [param01]   VAL : [20180225]
 PARAM NAME : [param02]   VAL : [20180125]
 PARAM NAME : [param03]   VAL : [20180224]
 PARAM NAME : [param05]   VAL : [1]
 PARAM NAME : [param06]   VAL : [신익재]
2020-12-20 13:15:40 오후 DEBUG [egovframework.cbiz.service.impl.CommDBDAO] {call PR_BUDTB_CODE01_LIST (? ,? ,? ,? ,? ,? ,? ,? ,? ,? ,? ,? ,? ,? ,? )}
 PARAM NAME : [action_type]   VAL : [LISTCODE]
 PARAM NAME : [dbo]   VAL : [SABOK57]
 PARAM NAME : [param01]   VAL : [1]
 PARAM NAME : [param02]   VAL : [L]
2020-12-20 13:15:44 오후 DEBUG [egovframework.cbiz.service.impl.CommDBDAO] {call PR_BOKTB_LOAN12 (? ,? ,? ,? ,? ,? ,? ,? ,? ,? ,? ,? )}
 PARAM NAME : [action_type]   VAL : [SELECT]
 PARAM NAME : [dbo]   VAL : [SABOK57]
 PARAM NAME : [std_ym]   VAL : [201803]
 PARAM NAME : [refund_ymd]   VAL : [20180225]
 PARAM NAME : [sys_reg_id]   VAL : [20200075]
2020-12-20 13:15:44 오후 DEBUG [egovframework.cbiz.service.impl.CommDBDAO] {call PR_BOKTB_LOAN01_LIST (? ,? ,? ,? ,? ,? ,? ,? ,? ,? ,? ,? ,? ,? ,? )}
 PARAM NAME : [action_type]   VAL : [LIST004]
 PARAM NAME : [dbo]   VAL : [SABOK57]
 PARAM NAME : [param01]   VAL : [20180325]
 PARAM NAME : [param02]   VAL : [20180225]
 PARAM NAME : [param03]   VAL : [20180324]
 PARAM NAME : [param05]   VAL : [1]
 PARAM NAME : [param06]   VAL : [신익재]
2020-12-20 13:15:44 오후 DEBUG [egovframework.cbiz.service.impl.CommDBDAO] {call PR_BUDTB_CODE01_LIST (? ,? ,? ,? ,? ,? ,? ,? ,? ,? ,? ,? ,? ,? ,? )}
 PARAM NAME : [action_type]   VAL : [LISTCODE]
 PARAM NAME : [dbo]   VAL : [SABOK57]
 PARAM NAME : [param01]   VAL : [1]
 PARAM NAME : [param02]   VAL : [L]
2020-12-20 13:15:48 오후 DEBUG [egovframework.cbiz.service.impl.CommDBDAO] {call PR_BOKTB_LOAN12 (? ,? ,? ,? ,? ,? ,? ,? ,? ,? ,? ,? )}
 PARAM NAME : [action_type]   VAL : [SELECT]
 PARAM NAME : [dbo]   VAL : [SABOK57]
 PARAM NAME : [std_ym]   VAL : [201804]
 PARAM NAME : [refund_ymd]   VAL : [20180325]
 PARAM NAME : [sys_reg_id]   VAL : [20200075]
2020-12-20 13:15:48 오후 DEBUG [egovframework.cbiz.service.impl.CommDBDAO] {call PR_BOKTB_LOAN01_LIST (? ,? ,? ,? ,? ,? ,? ,? ,? ,? ,? ,? ,? ,? ,? )}
 PARAM NAME : [action_type]   VAL : [LIST004]
 PARAM NAME : [dbo]   VAL : [SABOK57]
 PARAM NAME : [param01]   VAL : [20180425]
 PARAM NAME : [param02]   VAL : [20180325]
 PARAM NAME : [param03]   VAL : [20180424]
 PARAM NAME : [param05]   VAL : [1]
 PARAM NAME : [param06]   VAL : [신익재]
2020-12-20 13:15:48 오후 DEBUG [egovframework.cbiz.service.impl.CommDBDAO] {call PR_BUDTB_CODE01_LIST (? ,? ,? ,? ,? ,? ,? ,? ,? ,? ,? ,? ,? ,? ,? )}
 PARAM NAME : [action_type]   VAL : [LISTCODE]
 PARAM NAME : [dbo]   VAL : [SABOK57]
 PARAM NAME : [param01]   VAL : [1]
 PARAM NAME : [param02]   VAL : [L]
2020-12-20 13:15:53 오후 DEBUG [egovframework.cbiz.service.impl.CommDBDAO] {call PR_BOKTB_LOAN12 (? ,? ,? ,? ,? ,? ,? ,? ,? ,? ,? ,? )}
 PARAM NAME : [action_type]   VAL : [SELECT]
 PARAM NAME : [dbo]   VAL : [SABOK57]
 PARAM NAME : [std_ym]   VAL : [201805]
 PARAM NAME : [refund_ymd]   VAL : [20180425]
 PARAM NAME : [sys_reg_id]   VAL : [20200075]
2020-12-20 13:15:53 오후 DEBUG [egovframework.cbiz.service.impl.CommDBDAO] {call PR_BOKTB_LOAN01_LIST (? ,? ,? ,? ,? ,? ,? ,? ,? ,? ,? ,? ,? ,? ,? )}
 PARAM NAME : [action_type]   VAL : [LIST004]
 PARAM NAME : [dbo]   VAL : [SABOK57]
 PARAM NAME : [param01]   VAL : [20180525]
 PARAM NAME : [param02]   VAL : [20180425]
 PARAM NAME : [param03]   VAL : [20180524]
 PARAM NAME : [param05]   VAL : [1]
 PARAM NAME : [param06]   VAL : [신익재]
2020-12-20 13:15:53 오후 DEBUG [egovframework.cbiz.service.impl.CommDBDAO] {call PR_BUDTB_CODE01_LIST (? ,? ,? ,? ,? ,? ,? ,? ,? ,? ,? ,? ,? ,? ,? )}
 PARAM NAME : [action_type]   VAL : [LISTCODE]
 PARAM NAME : [dbo]   VAL : [SABOK57]
 PARAM NAME : [param01]   VAL : [1]
 PARAM NAME : [param02]   VAL : [L]
2020-12-20 13:16:25 오후 DEBUG [egovframework.cbiz.service.impl.CommDBDAO] {call PR_BOKTB_LOAN12 (? ,? ,? ,? ,? ,? ,? ,? ,? ,? ,? ,? )}
 PARAM NAME : [action_type]   VAL : [SELECT]
 PARAM NAME : [dbo]   VAL : [SABOK57]
 PARAM NAME : [std_ym]   VAL : [201908]
 PARAM NAME : [refund_ymd]   VAL : [20180525]
 PARAM NAME : [sys_reg_id]   VAL : [20200075]
2020-12-20 13:16:25 오후 DEBUG [egovframework.cbiz.service.impl.CommDBDAO] {call PR_BOKTB_LOAN01_LIST (? ,? ,? ,? ,? ,? ,? ,? ,? ,? ,? ,? ,? ,? ,? )}
 PARAM NAME : [action_type]   VAL : [LIST004]
 PARAM NAME : [dbo]   VAL : [SABOK57]
 PARAM NAME : [param01]   VAL : [20190825]
 PARAM NAME : [param02]   VAL : [20190725]
 PARAM NAME : [param03]   VAL : [20190824]
 PARAM NAME : [param05]   VAL : [1]
 PARAM NAME : [param06]   VAL : [신익재]
2020-12-20 13:16:25 오후 DEBUG [egovframework.cbiz.service.impl.CommDBDAO] {call PR_BUDTB_CODE01_LIST (? ,? ,? ,? ,? ,? ,? ,? ,? ,? ,? ,? ,? ,? ,? )}
 PARAM NAME : [action_type]   VAL : [LISTCODE]
 PARAM NAME : [dbo]   VAL : [SABOK57]
 PARAM NAME : [param01]   VAL : [1]
 PARAM NAME : [param02]   VAL : [L]
2020-12-20 13:16:41 오후 DEBUG [egovframework.cbiz.service.impl.CommDBDAO] {call PR_BOKTB_LOAN12 (? ,? ,? ,? ,? ,? ,? ,? ,? ,? ,? ,? )}
 PARAM NAME : [action_type]   VAL : [SELECT]
 PARAM NAME : [dbo]   VAL : [SABOK57]
 PARAM NAME : [std_ym]   VAL : [201908]
 PARAM NAME : [refund_ymd]   VAL : [20190825]
 PARAM NAME : [sys_reg_id]   VAL : [20200075]
2020-12-20 13:16:41 오후 DEBUG [egovframework.cbiz.service.impl.CommDBDAO] {call PR_BOKTB_LOAN01_LIST (? ,? ,? ,? ,? ,? ,? ,? ,? ,? ,? ,? ,? ,? ,? )}
 PARAM NAME : [action_type]   VAL : [LIST004]
 PARAM NAME : [dbo]   VAL : [SABOK57]
 PARAM NAME : [param01]   VAL : [20190825]
 PARAM NAME : [param02]   VAL : [20190725]
 PARAM NAME : [param03]   VAL : [20190824]
 PARAM NAME : [param05]   VAL : [1]
 PARAM NAME : [param06]   VAL : [신익제]
2020-12-20 13:16:41 오후 DEBUG [egovframework.cbiz.service.impl.CommDBDAO] {call PR_BUDTB_CODE01_LIST (? ,? ,? ,? ,? ,? ,? ,? ,? ,? ,? ,? ,? ,? ,? )}
 PARAM NAME : [action_type]   VAL : [LISTCODE]
 PARAM NAME : [dbo]   VAL : [SABOK57]
 PARAM NAME : [param01]   VAL : [1]
 PARAM NAME : [param02]   VAL : [L]
2020-12-20 13:17:12 오후 DEBUG [egovframework.cbiz.service.impl.CommDBDAO] {call PR_BOKTB_LOAN12 (? ,? ,? ,? ,? ,? ,? ,? ,? ,? ,? ,? )}
 PARAM NAME : [action_type]   VAL : [SELECT]
 PARAM NAME : [dbo]   VAL : [SABOK57]
 PARAM NAME : [std_ym]   VAL : [201908]
 PARAM NAME : [refund_ymd]   VAL : [20190825]
 PARAM NAME : [sys_reg_id]   VAL : [20200075]
2020-12-20 13:17:12 오후 DEBUG [egovframework.cbiz.service.impl.CommDBDAO] {call PR_BOKTB_LOAN01_LIST (? ,? ,? ,? ,? ,? ,? ,? ,? ,? ,? ,? ,? ,? ,? )}
 PARAM NAME : [action_type]   VAL : [LIST004]
 PARAM NAME : [dbo]   VAL : [SABOK57]
 PARAM NAME : [param01]   VAL : [20190825]
 PARAM NAME : [param02]   VAL : [20190725]
 PARAM NAME : [param03]   VAL : [20190824]
 PARAM NAME : [param05]   VAL : [1]
 PARAM NAME : [param06]   VAL : [신익재]
2020-12-20 13:17:12 오후 DEBUG [egovframework.cbiz.service.impl.CommDBDAO] {call PR_BUDTB_CODE01_LIST (? ,? ,? ,? ,? ,? ,? ,? ,? ,? ,? ,? ,? ,? ,? )}
 PARAM NAME : [action_type]   VAL : [LISTCODE]
 PARAM NAME : [dbo]   VAL : [SABOK57]
 PARAM NAME : [param01]   VAL : [1]
 PARAM NAME : [param02]   VAL : [L]
2020-12-20 13:32:20 오후 DEBUG [egovframework.cbiz.service.impl.CommDBDAO] {call PR_BOKTB_LOAN12 (? ,? ,? ,? ,? ,? ,? ,? ,? ,? ,? ,? )}
 PARAM NAME : [action_type]   VAL : [SELECT]
 PARAM NAME : [dbo]   VAL : [SABOK57]
 PARAM NAME : [std_ym]   VAL : [201908]
 PARAM NAME : [refund_ymd]   VAL : [20190825]
 PARAM NAME : [sys_reg_id]   VAL : [20200075]
2020-12-20 13:32:20 오후 DEBUG [egovframework.cbiz.service.impl.CommDBDAO] {call PR_BOKTB_LOAN01_LIST (? ,? ,? ,? ,? ,? ,? ,? ,? ,? ,? ,? ,? ,? ,? )}
 PARAM NAME : [action_type]   VAL : [LIST004]
 PARAM NAME : [dbo]   VAL : [SABOK57]
 PARAM NAME : [param01]   VAL : [20190825]
 PARAM NAME : [param02]   VAL : [20190725]
 PARAM NAME : [param03]   VAL : [20190824]
 PARAM NAME : [param05]   VAL : [1]
2020-12-20 13:32:20 오후 DEBUG [egovframework.cbiz.service.impl.CommDBDAO] {call PR_BUDTB_CODE01_LIST (? ,? ,? ,? ,? ,? ,? ,? ,? ,? ,? ,? ,? ,? ,? )}
 PARAM NAME : [action_type]   VAL : [LISTCODE]
 PARAM NAME : [dbo]   VAL : [SABOK57]
 PARAM NAME : [param01]   VAL : [1]
 PARAM NAME : [param02]   VAL : [L]
2020-12-20 13:32:42 오후 DEBUG [egovframework.cbiz.service.impl.CommDBDAO] {call PR_BOKTB_LOAN01_LIST (? ,? ,? ,? ,? ,? ,? ,? ,? ,? ,? ,? ,? ,? ,? )}
 PARAM NAME : [action_type]   VAL : [LIST001]
 PARAM NAME : [dbo]   VAL : [SABOK57]
2020-12-20 13:32:42 오후 DEBUG [egovframework.cbiz.service.impl.CommDBDAO] {call PR_COMTB_CODE02_LIST (? ,? ,? ,? ,? ,? ,? ,? ,? ,? ,? ,? ,? ,? )}
 PARAM NAME : [action_type]   VAL : [LISTCODE]
 PARAM NAME : [param01]   VAL : [lon_pro_status]
2020-12-20 13:32:44 오후 DEBUG [egovframework.cbiz.service.impl.CommDBDAO] {call PR_INSTB_EMPL01 (? ,? ,? ,? ,? ,? ,? ,? ,? ,? ,? ,? ,? ,? ,? ,? ,? ,? ,? ,? ,? ,? ,? ,? ,? ,? ,? ,? ,? ,? ,? ,? ,? )}
 PARAM NAME : [action_type]   VAL : [SELECT]
 PARAM NAME : [dbo]   VAL : [SABOK57]
 PARAM NAME : [empl_no]   VAL : [20200075]
 PARAM NAME : [connect_ip]   VAL : [119.192.26.248]
 PARAM NAME : [sys_reg_id]   VAL : [20200075]
2020-12-20 13:32:44 오후 DEBUG [egovframework.cbiz.service.impl.CommDBDAO] {call PR_COMTB_CODE02_LIST (? ,? ,? ,? ,? ,? ,? ,? ,? ,? ,? ,? ,? ,? )}
 PARAM NAME : [action_type]   VAL : [MULTCODE]
 PARAM NAME : [param01]   VAL : [cong_class@SABOK57|bank_cd@@@@A|]
2020-12-20 13:32:44 오후 DEBUG [egovframework.cbiz.service.impl.CommDBDAO] {call PR_BUDTB_CODE01_LIST (? ,? ,? ,? ,? ,? ,? ,? ,? ,? ,? ,? ,? ,? ,? )}
 PARAM NAME : [action_type]   VAL : [LISTCODE]
 PARAM NAME : [dbo]   VAL : [SABOK57]
 PARAM NAME : [param01]   VAL : [1]
 PARAM NAME : [param02]   VAL : [L]
2020-12-20 13:32:49 오후 DEBUG [egovframework.cbiz.service.impl.CommDBDAO] {call PR_BOKTB_LOAN01 (? ,? ,? ,? ,? ,? ,? ,? ,? ,? ,? ,? ,? ,? ,? ,? ,? ,? ,? ,? ,? ,? ,? ,? ,? ,? )}
 PARAM NAME : [action_type]   VAL : [SELECT]
 PARAM NAME : [dbo]   VAL : [SABOK57]
 PARAM NAME : [loan_no]   VAL : [2020120002]
 PARAM NAME : [sys_reg_id]   VAL : [20200075]
2020-12-20 13:32:49 오후 DEBUG [egovframework.cbiz.service.impl.CommDBDAO] {call PR_BUDTB_CODE01 (? ,? ,? ,? ,? ,? ,? ,? ,? ,? ,? ,? ,? )}
 PARAM NAME : [action_type]   VAL : [SELECT]
 PARAM NAME : [dbo]   VAL : [SABOK57]
 PARAM NAME : [bugt_cd]   VAL : [L00300]
 PARAM NAME : [sys_reg_id]   VAL : [20200075]
2020-12-20 13:32:49 오후 DEBUG [egovframework.cbiz.service.impl.CommDBDAO] {call PR_BOKTB_LOAN11_LIST (? ,? ,? ,? ,? ,? ,? ,? ,? ,? ,? ,? ,? ,? ,? )}
 PARAM NAME : [action_type]   VAL : [LIST001]
 PARAM NAME : [dbo]   VAL : [SABOK57]
 PARAM NAME : [param01]   VAL : [2020120002]
 PARAM NAME : [param02]   VAL : [L00300]
2020-12-20 13:32:49 오후 DEBUG [egovframework.cbiz.service.impl.CommDBDAO] {call PR_BOKTB_LOAN11_LIST (? ,? ,? ,? ,? ,? ,? ,? ,? ,? ,? ,? ,? ,? ,? )}
 PARAM NAME : [action_type]   VAL : [LIST004]
 PARAM NAME : [dbo]   VAL : [SABOK57]
 PARAM NAME : [param01]   VAL : [2020120002]
 PARAM NAME : [param02]   VAL : [L00300]
2020-12-20 13:33:02 오후 DEBUG [egovframework.cbiz.service.impl.CommDBDAO] {call PR_BOKTB_LOAN12 (? ,? ,? ,? ,? ,? ,? ,? ,? ,? ,? ,? )}
 PARAM NAME : [action_type]   VAL : [SELECT]
 PARAM NAME : [dbo]   VAL : [SABOK57]
 PARAM NAME : [std_ym]   VAL : [202012]
 PARAM NAME : [sys_reg_id]   VAL : [20200075]
2020-12-20 13:33:02 오후 DEBUG [egovframework.cbiz.service.impl.CommDBDAO] {call PR_BOKTB_LOAN01_LIST (? ,? ,? ,? ,? ,? ,? ,? ,? ,? ,? ,? ,? ,? ,? )}
 PARAM NAME : [action_type]   VAL : [LIST004]
 PARAM NAME : [dbo]   VAL : [SABOK57]
 PARAM NAME : [param01]   VAL : [20201225]
 PARAM NAME : [param02]   VAL : [20201125]
 PARAM NAME : [param03]   VAL : [20201224]
2020-12-20 13:33:02 오후 DEBUG [egovframework.cbiz.service.impl.CommDBDAO] {call PR_BUDTB_CODE01_LIST (? ,? ,? ,? ,? ,? ,? ,? ,? ,? ,? ,? ,? ,? ,? )}
 PARAM NAME : [action_type]   VAL : [LISTCODE]
 PARAM NAME : [dbo]   VAL : [SABOK57]
 PARAM NAME : [param01]   VAL : [1]
 PARAM NAME : [param02]   VAL : [L]
2020-12-20 13:33:35 오후 DEBUG [egovframework.cbiz.service.impl.CommDBDAO] {call PR_FINTB_ACNO01_LIST (? ,? ,? ,? ,? ,? ,? ,? ,? ,? ,? ,? ,? ,? ,? )}
 PARAM NAME : [action_type]   VAL : [LISTCODE]
 PARAM NAME : [dbo]   VAL : [SABOK57]
 PARAM NAME : [param01]   VAL : [1110108]
2020-12-20 13:33:45 오후 DEBUG [egovframework.cbiz.service.impl.CommDBDAO] {call PR_COMTB_NOTI01_LIST (? ,? ,? ,? ,? ,? ,? ,? ,? ,? ,? ,? ,? ,? ,? )}
 PARAM NAME : [action_type]   VAL : [LIST002]
