2020-10-11 12:46:24 오후 DEBUG [egovframework.cbiz.service.impl.CommDBDAO] {call PR_COMTB_NOTI01_LIST (? ,? ,? ,? ,? ,? ,? ,? ,? ,? ,? ,? ,? ,? ,? )}
 PARAM NAME : [action_type]   VAL : [LIST002]
2020-10-11 12:57:35 오후 DEBUG [egovframework.cbiz.service.impl.CommDBDAO] {call PR_INSTB_EMPL01 (? ,? ,? ,? ,? ,? ,? ,? ,? ,? ,? ,? ,? ,? ,? ,? ,? ,? ,? ,? ,? ,? ,? ,? ,? ,? ,? ,? ,? ,? ,? ,? ,? )}
 PARAM NAME : [action_type]   VAL : [SELECT_LOGIN]
 PARAM NAME : [dbo]   VAL : [SABOK21]
 PARAM NAME : [user_id]   VAL : [00185]
 PARAM NAME : [pswd]   VAL : [00185]
 PARAM NAME : [connect_ip]   VAL : [1.234.57.103]
2020-10-11 12:57:35 오후 DEBUG [egovframework.cbiz.service.impl.CommDBDAO] {call PR_INSTB_EMPL01 (? ,? ,? ,? ,? ,? ,? ,? ,? ,? ,? ,? ,? ,? ,? ,? ,? ,? ,? ,? ,? ,? ,? ,? ,? ,? ,? ,? ,? ,? ,? ,? ,? )}
 PARAM NAME : [action_type]   VAL : [UPDATE_CNT]
 PARAM NAME : [dbo]   VAL : [SABOK21]
 PARAM NAME : [empl_no]   VAL : [00185]
 PARAM NAME : [user_id]   VAL : [00185]
 PARAM NAME : [pswd]   VAL : [00185]
 PARAM NAME : [connect_ip]   VAL : [1.234.57.103]
2020-10-11 12:57:35 오후 DEBUG [egovframework.cbiz.service.impl.CommDBDAO] {call PR_SYSTB_DATE01 (? ,? ,? ,? ,? ,? ,? ,? )}
 PARAM NAME : [action_type]   VAL : [UPDATE_CNT]
 PARAM NAME : [dbo]   VAL : [SABOK21]
2020-10-11 12:57:35 오후 DEBUG [egovframework.cbiz.service.impl.CommDBDAO] {call PR_SYSTB_MENU01_LIST (? ,? ,? ,? ,? ,? ,? ,? ,? ,? ,? ,? ,? ,? ,? )}
 PARAM NAME : [action_type]   VAL : [LIST001]
 PARAM NAME : [dbo]   VAL : [SABOK21]
 PARAM NAME : [param01]   VAL : [00185]
2020-10-11 12:57:35 오후 DEBUG [egovframework.cbiz.service.impl.CommDBDAO] {call PR_COMTB_CORP01 (? ,? ,? ,? ,? ,? ,? ,? ,? ,? ,? ,? ,? ,? ,? ,? ,? ,? ,? ,? ,? ,? ,? ,? ,? ,? ,? ,? ,? ,? ,? ,? ,? ,? ,? ,? ,? ,? ,? ,? ,? ,? ,? ,? ,? ,? ,? ,? ,? ,? ,? ,? ,? ,? ,? ,? ,? )}
 PARAM NAME : [action_type]   VAL : [SELECT]
 PARAM NAME : [dbo]   VAL : [SABOK21]
 PARAM NAME : [corp_cd]   VAL : [SABOK21]
 PARAM NAME : [sys_reg_id]   VAL : [00185]
2020-10-11 12:57:35 오후 DEBUG [egovframework.cbiz.service.impl.CommDBDAO] {call PR_INSTB_EMPL01 (? ,? ,? ,? ,? ,? ,? ,? ,? ,? ,? ,? ,? ,? ,? ,? ,? ,? ,? ,? ,? ,? ,? ,? ,? ,? ,? ,? ,? ,? ,? ,? ,? )}
 PARAM NAME : [action_type]   VAL : [SELECT]
 PARAM NAME : [dbo]   VAL : [SABOK21]
 PARAM NAME : [empl_no]   VAL : [00185]
 PARAM NAME : [connect_ip]   VAL : [1.234.57.103]
 PARAM NAME : [sys_reg_id]   VAL : [00185]
2020-10-11 12:57:35 오후 DEBUG [egovframework.cbiz.service.impl.CommDBDAO] {call PR_COMTB_NOTI01_LIST (? ,? ,? ,? ,? ,? ,? ,? ,? ,? ,? ,? ,? ,? ,? )}
 PARAM NAME : [action_type]   VAL : [LIST002]
 PARAM NAME : [dbo]   VAL : [SABOK21]
2020-10-11 12:57:36 오후 DEBUG [egovframework.cbiz.service.impl.CommDBDAO] {call PR_COMTB_MESG02 (? ,? ,? ,? ,? ,? ,? ,? ,? ,? ,? ,? ,? ,? )}
 PARAM NAME : [action_type]   VAL : [SELECT_RECEIVE_COUNT]
 PARAM NAME : [dbo]   VAL : [SABOK21]
 PARAM NAME : [sign_empl_no]   VAL : [00185]
 PARAM NAME : [sys_reg_id]   VAL : [00185]
2020-10-11 12:57:36 오후 DEBUG [egovframework.cbiz.service.impl.CommDBDAO] {call PR_COMTB_MESG01_LIST (? ,? ,? ,? ,? ,? ,? ,? ,? ,? ,? ,? ,? ,? ,? )}
 PARAM NAME : [action_type]   VAL : [LIST001]
 PARAM NAME : [dbo]   VAL : [SABOK21]
 PARAM NAME : [param01]   VAL : [00185]
 PARAM NAME : [param07]   VAL : [1,2]
2020-10-11 12:57:36 오후 DEBUG [egovframework.cbiz.service.impl.CommDBDAO] {call PR_BOKTB_MAST01_LIST (? ,? ,? ,? ,? ,? ,? ,? ,? ,? ,? ,? ,? ,? ,? )}
 PARAM NAME : [action_type]   VAL : [LIST004]
 PARAM NAME : [dbo]   VAL : [SABOK21]
 PARAM NAME : [param01]   VAL : [00185]
 PARAM NAME : [param07]   VAL : [1,2]
2020-10-11 12:57:36 오후 DEBUG [egovframework.cbiz.service.impl.CommDBDAO] {call PR_SYSTB_MEMO01_LIST (? ,? ,? ,? ,? ,? ,? ,? ,? ,? ,? ,? ,? ,? ,? )}
 PARAM NAME : [action_type]   VAL : [LIST002]
 PARAM NAME : [dbo]   VAL : [SABOK21]
 PARAM NAME : [param01]   VAL : [00185]
 PARAM NAME : [param02]   VAL : [202010]
 PARAM NAME : [param07]   VAL : [1,2]
2020-10-11 12:57:36 오후 DEBUG [egovframework.cbiz.service.impl.CommDBDAO] {call PR_SYSTB_DATE01 (? ,? ,? ,? ,? ,? ,? ,? )}
 PARAM NAME : [action_type]   VAL : [SELECT_WEEKLY]
 PARAM NAME : [dbo]   VAL : [SABOK21]
 PARAM NAME : [sys_ymd]   VAL : [20201011]
 PARAM NAME : [sys_reg_id]   VAL : [00185]
2020-10-11 12:57:38 오후 DEBUG [egovframework.cbiz.service.impl.CommDBDAO] {call PR_BUDTB_CODE01_LIST (? ,? ,? ,? ,? ,? ,? ,? ,? ,? ,? ,? ,? ,? ,? )}
 PARAM NAME : [action_type]   VAL : [LIST001]
 PARAM NAME : [dbo]   VAL : [SABOK21]
2020-10-11 13:25:06 오후 DEBUG [egovframework.cbiz.service.impl.CommDBDAO] {call PR_BOKTB_MAST01_LIST (? ,? ,? ,? ,? ,? ,? ,? ,? ,? ,? ,? ,? ,? ,? )}
 PARAM NAME : [action_type]   VAL : [LIST001]
 PARAM NAME : [dbo]   VAL : [SABOK21]
 PARAM NAME : [param01]   VAL : [S00500]
 PARAM NAME : [param06]   VAL : [00185]
2020-10-11 13:25:06 오후 DEBUG [egovframework.cbiz.service.impl.CommDBDAO] {call PR_COMTB_CODE02_LIST (? ,? ,? ,? ,? ,? ,? ,? ,? ,? ,? ,? ,? ,? )}
 PARAM NAME : [action_type]   VAL : [LISTCODE]
 PARAM NAME : [param01]   VAL : [sign_status]
2020-10-11 13:25:07 오후 DEBUG [egovframework.cbiz.service.impl.CommDBDAO] {call PR_BUDTB_CODE01 (? ,? ,? ,? ,? ,? ,? ,? ,? ,? ,? ,? ,? )}
 PARAM NAME : [action_type]   VAL : [SELECT]
 PARAM NAME : [dbo]   VAL : [SABOK21]
 PARAM NAME : [bugt_cd]   VAL : [S00500]
 PARAM NAME : [sys_reg_id]   VAL : [00185]
2020-10-11 13:25:07 오후 DEBUG [egovframework.cbiz.service.impl.CommDBDAO] {call PR_INSTB_EMPL01 (? ,? ,? ,? ,? ,? ,? ,? ,? ,? ,? ,? ,? ,? ,? ,? ,? ,? ,? ,? ,? ,? ,? ,? ,? ,? ,? ,? ,? ,? ,? ,? ,? )}
 PARAM NAME : [action_type]   VAL : [SELECT]
 PARAM NAME : [dbo]   VAL : [SABOK21]
 PARAM NAME : [empl_no]   VAL : [00185]
 PARAM NAME : [connect_ip]   VAL : [1.234.57.103]
 PARAM NAME : [sys_reg_id]   VAL : [00185]
2020-10-11 13:25:07 오후 DEBUG [egovframework.cbiz.service.impl.CommDBDAO] {call PR_COMTB_CODE02_LIST (? ,? ,? ,? ,? ,? ,? ,? ,? ,? ,? ,? ,? ,? )}
 PARAM NAME : [action_type]   VAL : [MULTCODE]
 PARAM NAME : [param01]   VAL : [condo_cd|]
2020-10-11 13:25:15 오후 DEBUG [egovframework.cbiz.service.impl.CommDBDAO] {call PR_BUDTB_CODE01 (? ,? ,? ,? ,? ,? ,? ,? ,? ,? ,? ,? ,? )}
 PARAM NAME : [action_type]   VAL : [SELECT]
 PARAM NAME : [dbo]   VAL : [SABOK21]
 PARAM NAME : [bugt_cd]   VAL : [S00500]
 PARAM NAME : [sys_reg_id]   VAL : [00185]
2020-10-11 13:25:15 오후 DEBUG [egovframework.cbiz.service.impl.CommDBDAO] {call PR_INSTB_EMPL01 (? ,? ,? ,? ,? ,? ,? ,? ,? ,? ,? ,? ,? ,? ,? ,? ,? ,? ,? ,? ,? ,? ,? ,? ,? ,? ,? ,? ,? ,? ,? ,? ,? )}
 PARAM NAME : [action_type]   VAL : [SELECT]
 PARAM NAME : [dbo]   VAL : [SABOK21]
 PARAM NAME : [empl_no]   VAL : [00185]
 PARAM NAME : [connect_ip]   VAL : [1.234.57.103]
 PARAM NAME : [sys_reg_id]   VAL : [00185]
2020-10-11 13:25:15 오후 DEBUG [egovframework.cbiz.service.impl.CommDBDAO] {call PR_COMTB_CODE02_LIST (? ,? ,? ,? ,? ,? ,? ,? ,? ,? ,? ,? ,? ,? )}
 PARAM NAME : [action_type]   VAL : [MULTCODE]
 PARAM NAME : [param01]   VAL : [condo_cd|]
2020-10-11 13:25:18 오후 DEBUG [egovframework.cbiz.service.impl.CommDBDAO] {call PR_BUDTB_CODE01 (? ,? ,? ,? ,? ,? ,? ,? ,? ,? ,? ,? ,? )}
 PARAM NAME : [action_type]   VAL : [SELECT]
 PARAM NAME : [dbo]   VAL : [SABOK21]
 PARAM NAME : [bugt_cd]   VAL : [S00500]
 PARAM NAME : [sys_reg_id]   VAL : [00185]
2020-10-11 13:25:18 오후 DEBUG [egovframework.cbiz.service.impl.CommDBDAO] {call PR_INSTB_EMPL01 (? ,? ,? ,? ,? ,? ,? ,? ,? ,? ,? ,? ,? ,? ,? ,? ,? ,? ,? ,? ,? ,? ,? ,? ,? ,? ,? ,? ,? ,? ,? ,? ,? )}
 PARAM NAME : [action_type]   VAL : [SELECT]
 PARAM NAME : [dbo]   VAL : [SABOK21]
 PARAM NAME : [empl_no]   VAL : [00185]
 PARAM NAME : [connect_ip]   VAL : [1.234.57.103]
 PARAM NAME : [sys_reg_id]   VAL : [00185]
2020-10-11 13:25:18 오후 DEBUG [egovframework.cbiz.service.impl.CommDBDAO] {call PR_COMTB_CODE02_LIST (? ,? ,? ,? ,? ,? ,? ,? ,? ,? ,? ,? ,? ,? )}
 PARAM NAME : [action_type]   VAL : [MULTCODE]
 PARAM NAME : [param01]   VAL : [condo_cd|]
2020-10-11 13:26:57 오후 DEBUG [egovframework.cbiz.service.impl.CommDBDAO] {call PR_BOKTB_MAST01 (? ,? ,? ,? ,? ,? ,? ,? ,? ,? ,? ,? ,? ,? ,? ,? ,? ,? ,? ,? ,? ,? ,? ,? ,? ,? ,? ,? ,? )}
 PARAM NAME : [action_type]   VAL : [INSERT]
 PARAM NAME : [dbo]   VAL : [SABOK21]
 PARAM NAME : [empl_no]   VAL : [00185]
 PARAM NAME : [bugt_cd]   VAL : [S00500]
 PARAM NAME : [apply_ymd]   VAL : [20201011]
 PARAM NAME : [apply_amt]   VAL : [70500]
 PARAM NAME : [data01]   VAL : [쏠비치]
 PARAM NAME : [data04]   VAL : [3]
 PARAM NAME : [data05]   VAL : [20200925]
 PARAM NAME : [data06]   VAL : [20200926]
 PARAM NAME : [data07]   VAL : [2]
 PARAM NAME : [data08]   VAL : [141000]
 PARAM NAME : [sys_reg_id]   VAL : [00185]
2020-10-11 13:26:58 오후 DEBUG [egovframework.cbiz.service.impl.CommDBDAO] {call PR_AUTO_SLIP (? ,? ,? ,? ,? ,? ,? ,? ,? ,? ,? )}
 PARAM NAME : [action_type]   VAL : [BOKTB_MAST01]
 PARAM NAME : [dbo]   VAL : [SABOK21]
 PARAM NAME : [search_key]   VAL : [2020100006]
 PARAM NAME : [sys_reg_id]   VAL : [00185]
2020-10-11 13:26:58 오후 DEBUG [egovframework.cbiz.service.impl.CommDBDAO] {call PR_BOKTB_MAST01_LIST (? ,? ,? ,? ,? ,? ,? ,? ,? ,? ,? ,? ,? ,? ,? )}
 PARAM NAME : [action_type]   VAL : [LIST001]
 PARAM NAME : [dbo]   VAL : [SABOK21]
 PARAM NAME : [param01]   VAL : [S00500]
 PARAM NAME : [param04]   VAL : [1]
 PARAM NAME : [param06]   VAL : [00185]
2020-10-11 13:26:58 오후 DEBUG [egovframework.cbiz.service.impl.CommDBDAO] {call PR_BOKTB_MAST01 (? ,? ,? ,? ,? ,? ,? ,? ,? ,? ,? ,? ,? ,? ,? ,? ,? ,? ,? ,? ,? ,? ,? ,? ,? ,? ,? ,? ,? )}
 PARAM NAME : [action_type]   VAL : [SELECT]
 PARAM NAME : [dbo]   VAL : [SABOK21]
 PARAM NAME : [apply_no]   VAL : [2020100006]
 PARAM NAME : [bugt_cd]   VAL : [S00500]
 PARAM NAME : [sys_reg_id]   VAL : [00185]
2020-10-11 13:27:01 오후 DEBUG [egovframework.cbiz.service.impl.CommDBDAO] {call PR_BOKTB_MAST01 (? ,? ,? ,? ,? ,? ,? ,? ,? ,? ,? ,? ,? ,? ,? ,? ,? ,? ,? ,? ,? ,? ,? ,? ,? ,? ,? ,? ,? )}
 PARAM NAME : [action_type]   VAL : [SELECT]
 PARAM NAME : [dbo]   VAL : [SABOK21]
 PARAM NAME : [apply_no]   VAL : [2020100006]
 PARAM NAME : [bugt_cd]   VAL : [S00500]
 PARAM NAME : [sys_reg_id]   VAL : [00185]
2020-10-11 13:27:02 오후 DEBUG [egovframework.cbiz.service.impl.CommDBDAO] {call PR_BOKTB_MAST01 (? ,? ,? ,? ,? ,? ,? ,? ,? ,? ,? ,? ,? ,? ,? ,? ,? ,? ,? ,? ,? ,? ,? ,? ,? ,? ,? ,? ,? )}
 PARAM NAME : [action_type]   VAL : [SELECT]
 PARAM NAME : [dbo]   VAL : [SABOK21]
 PARAM NAME : [apply_no]   VAL : [2020100006]
 PARAM NAME : [bugt_cd]   VAL : [S00500]
 PARAM NAME : [sys_reg_id]   VAL : [00185]
2020-10-11 13:28:21 오후 DEBUG [egovframework.cbiz.service.impl.CommDBDAO] {call PR_COMTB_MESG01 (? ,? ,? ,? ,? ,? ,? ,? ,? ,? ,? ,? ,? ,? ,? ,? ,? ,? ,? )}
 PARAM NAME : [action_type]   VAL : [SIGN_REQUEST]
 PARAM NAME : [dbo]   VAL : [SABOK21]
 PARAM NAME : [msg_type]   VAL : [SLP002]
 PARAM NAME : [search_key]   VAL : [ACCTB_SLIP01|20201011S0001|2020100006|S00500]
 PARAM NAME : [subject]   VAL : [휴양시설이용(윤대성)]
 PARAM NAME : [send_empl_no]   VAL : [00185]
 PARAM NAME : [opinion]   VAL : [휴양시설이용(윤대성)<br>- 신청일자 : 2020-10-11<br>- 신청금액 : 70,500원<br>- 비고 : ]
 PARAM NAME : [open_scope]   VAL : [4]
 PARAM NAME : [sys_reg_id]   VAL : [00185]
2020-10-11 13:28:21 오후 DEBUG [egovframework.cbiz.service.impl.CommDBDAO] {call PR_COMTB_FILE01 (? ,? ,? ,? ,? ,? ,? ,? ,? ,? ,? ,? )}
 PARAM NAME : [action_type]   VAL : [INSERT]
 PARAM NAME : [file_nm]   VAL : [휴양시설 이용(20200926).JPG]
 PARAM NAME : [file_path]   VAL : [20201011132821646_0_202010110001.JPG]
 PARAM NAME : [file_type]   VAL : [JPG]
 PARAM NAME : [file_size]   VAL : [67259]
 PARAM NAME : [ref_table]   VAL : [SABOK21.COMTB_MESG01]
 PARAM NAME : [ref_pk]   VAL : [202010110001]
 PARAM NAME : [sys_reg_id]   VAL : [00185]
2020-10-11 13:28:21 오후 DEBUG [egovframework.cbiz.service.impl.CommDBDAO] {call PR_BOKTB_MAST01_LIST (? ,? ,? ,? ,? ,? ,? ,? ,? ,? ,? ,? ,? ,? ,? )}
 PARAM NAME : [action_type]   VAL : [LIST001]
 PARAM NAME : [dbo]   VAL : [SABOK21]
 PARAM NAME : [param01]   VAL : [S00500]
 PARAM NAME : [param04]   VAL : [1]
 PARAM NAME : [param06]   VAL : [00185]
2020-10-11 13:28:21 오후 DEBUG [egovframework.cbiz.service.impl.CommDBDAO] {call PR_BOKTB_MAST01 (? ,? ,? ,? ,? ,? ,? ,? ,? ,? ,? ,? ,? ,? ,? ,? ,? ,? ,? ,? ,? ,? ,? ,? ,? ,? ,? ,? ,? )}
 PARAM NAME : [action_type]   VAL : [SELECT]
 PARAM NAME : [dbo]   VAL : [SABOK21]
 PARAM NAME : [apply_no]   VAL : [2020100006]
 PARAM NAME : [bugt_cd]   VAL : [S00500]
 PARAM NAME : [sys_reg_id]   VAL : [00185]
2020-10-11 13:28:27 오후 DEBUG [egovframework.cbiz.service.impl.CommDBDAO] {call PR_BOKTB_MAST01 (? ,? ,? ,? ,? ,? ,? ,? ,? ,? ,? ,? ,? ,? ,? ,? ,? ,? ,? ,? ,? ,? ,? ,? ,? ,? ,? ,? ,? )}
 PARAM NAME : [action_type]   VAL : [SELECT]
 PARAM NAME : [dbo]   VAL : [SABOK21]
 PARAM NAME : [apply_no]   VAL : [2020100006]
 PARAM NAME : [bugt_cd]   VAL : [S00500]
 PARAM NAME : [sys_reg_id]   VAL : [00185]
2020-10-11 13:28:29 오후 DEBUG [egovframework.cbiz.service.impl.CommDBDAO] {call PR_BOKTB_MAST01 (? ,? ,? ,? ,? ,? ,? ,? ,? ,? ,? ,? ,? ,? ,? ,? ,? ,? ,? ,? ,? ,? ,? ,? ,? ,? ,? ,? ,? )}
 PARAM NAME : [action_type]   VAL : [SELECT]
 PARAM NAME : [dbo]   VAL : [SABOK21]
 PARAM NAME : [apply_no]   VAL : [2020100006]
 PARAM NAME : [bugt_cd]   VAL : [S00500]
 PARAM NAME : [sys_reg_id]   VAL : [00185]
2020-10-11 13:28:30 오후 DEBUG [egovframework.cbiz.service.impl.CommDBDAO] {call PR_BOKTB_MAST01 (? ,? ,? ,? ,? ,? ,? ,? ,? ,? ,? ,? ,? ,? ,? ,? ,? ,? ,? ,? ,? ,? ,? ,? ,? ,? ,? ,? ,? )}
 PARAM NAME : [action_type]   VAL : [SELECT]
 PARAM NAME : [dbo]   VAL : [SABOK21]
 PARAM NAME : [apply_no]   VAL : [2020100006]
 PARAM NAME : [bugt_cd]   VAL : [S00500]
 PARAM NAME : [sys_reg_id]   VAL : [00185]
2020-10-11 13:28:30 오후 DEBUG [egovframework.cbiz.service.impl.CommDBDAO] {call PR_BOKTB_MAST01 (? ,? ,? ,? ,? ,? ,? ,? ,? ,? ,? ,? ,? ,? ,? ,? ,? ,? ,? ,? ,? ,? ,? ,? ,? ,? ,? ,? ,? )}
 PARAM NAME : [action_type]   VAL : [SELECT]
 PARAM NAME : [dbo]   VAL : [SABOK21]
 PARAM NAME : [apply_no]   VAL : [2020100006]
 PARAM NAME : [bugt_cd]   VAL : [S00500]
 PARAM NAME : [sys_reg_id]   VAL : [00185]
2020-10-11 13:28:32 오후 DEBUG [egovframework.cbiz.service.impl.CommDBDAO] {call PR_BOKTB_MAST01 (? ,? ,? ,? ,? ,? ,? ,? ,? ,? ,? ,? ,? ,? ,? ,? ,? ,? ,? ,? ,? ,? ,? ,? ,? ,? ,? ,? ,? )}
 PARAM NAME : [action_type]   VAL : [SELECT]
 PARAM NAME : [dbo]   VAL : [SABOK21]
 PARAM NAME : [apply_no]   VAL : [2020100006]
 PARAM NAME : [bugt_cd]   VAL : [S00500]
 PARAM NAME : [sys_reg_id]   VAL : [00185]
2020-10-11 13:28:32 오후 DEBUG [egovframework.cbiz.service.impl.CommDBDAO] {call PR_BOKTB_MAST01 (? ,? ,? ,? ,? ,? ,? ,? ,? ,? ,? ,? ,? ,? ,? ,? ,? ,? ,? ,? ,? ,? ,? ,? ,? ,? ,? ,? ,? )}
 PARAM NAME : [action_type]   VAL : [SELECT]
 PARAM NAME : [dbo]   VAL : [SABOK21]
 PARAM NAME : [apply_no]   VAL : [2020100006]
 PARAM NAME : [bugt_cd]   VAL : [S00500]
 PARAM NAME : [sys_reg_id]   VAL : [00185]
