2020-03-01 16:23:02 오후 DEBUG [egovframework.cbiz.service.impl.CommDBDAO] {call PR_COMTB_NOTI01_LIST (? ,? ,? ,? ,? ,? ,? ,? ,? ,? ,? ,? ,? ,? ,? )}
 PARAM NAME : [action_type]   VAL : [LIST002]
2020-03-01 16:23:13 오후 DEBUG [egovframework.cbiz.service.impl.CommDBDAO] {call PR_INSTB_EMPL01 (? ,? ,? ,? ,? ,? ,? ,? ,? ,? ,? ,? ,? ,? ,? ,? ,? ,? ,? ,? ,? ,? ,? ,? ,? ,? ,? ,? ,? ,? ,? ,? ,? )}
 PARAM NAME : [action_type]   VAL : [SELECT_LOGIN]
 PARAM NAME : [dbo]   VAL : [SABOK21]
 PARAM NAME : [user_id]   VAL : [00157]
 PARAM NAME : [pswd]   VAL : [1111]
 PARAM NAME : [connect_ip]   VAL : [61.41.135.187]
2020-03-01 16:23:13 오후 DEBUG [egovframework.cbiz.service.impl.CommDBDAO] {call PR_INSTB_EMPL01 (? ,? ,? ,? ,? ,? ,? ,? ,? ,? ,? ,? ,? ,? ,? ,? ,? ,? ,? ,? ,? ,? ,? ,? ,? ,? ,? ,? ,? ,? ,? ,? ,? )}
 PARAM NAME : [action_type]   VAL : [UPDATE_CNT]
 PARAM NAME : [dbo]   VAL : [SABOK21]
 PARAM NAME : [empl_no]   VAL : [00157]
 PARAM NAME : [user_id]   VAL : [00157]
 PARAM NAME : [pswd]   VAL : [1111]
 PARAM NAME : [connect_ip]   VAL : [61.41.135.187]
2020-03-01 16:23:13 오후 DEBUG [egovframework.cbiz.service.impl.CommDBDAO] {call PR_SYSTB_DATE01 (? ,? ,? ,? ,? ,? ,? ,? )}
 PARAM NAME : [action_type]   VAL : [UPDATE_CNT]
 PARAM NAME : [dbo]   VAL : [SABOK21]
2020-03-01 16:23:13 오후 DEBUG [egovframework.cbiz.service.impl.CommDBDAO] {call PR_SYSTB_MENU01_LIST (? ,? ,? ,? ,? ,? ,? ,? ,? ,? ,? ,? ,? ,? ,? )}
 PARAM NAME : [action_type]   VAL : [LIST001]
 PARAM NAME : [dbo]   VAL : [SABOK21]
 PARAM NAME : [param01]   VAL : [00157]
2020-03-01 16:23:14 오후 DEBUG [egovframework.cbiz.service.impl.CommDBDAO] {call PR_INSTB_EMPL01 (? ,? ,? ,? ,? ,? ,? ,? ,? ,? ,? ,? ,? ,? ,? ,? ,? ,? ,? ,? ,? ,? ,? ,? ,? ,? ,? ,? ,? ,? ,? ,? ,? )}
 PARAM NAME : [action_type]   VAL : [SELECT]
 PARAM NAME : [dbo]   VAL : [SABOK21]
 PARAM NAME : [empl_no]   VAL : [00157]
 PARAM NAME : [connect_ip]   VAL : [61.41.135.187]
 PARAM NAME : [sys_reg_id]   VAL : [00157]
2020-03-01 16:23:14 오후 DEBUG [egovframework.cbiz.service.impl.CommDBDAO] {call PR_COMTB_CORP01 (? ,? ,? ,? ,? ,? ,? ,? ,? ,? ,? ,? ,? ,? ,? ,? ,? ,? ,? ,? ,? ,? ,? ,? ,? ,? ,? ,? ,? ,? ,? ,? ,? ,? ,? ,? ,? ,? ,? ,? ,? ,? ,? ,? ,? ,? ,? ,? ,? ,? ,? ,? ,? ,? ,? ,? ,? )}
 PARAM NAME : [action_type]   VAL : [SELECT]
 PARAM NAME : [dbo]   VAL : [SABOK21]
 PARAM NAME : [corp_cd]   VAL : [SABOK21]
 PARAM NAME : [sys_reg_id]   VAL : [00157]
2020-03-01 16:23:14 오후 DEBUG [egovframework.cbiz.service.impl.CommDBDAO] {call PR_COMTB_NOTI01_LIST (? ,? ,? ,? ,? ,? ,? ,? ,? ,? ,? ,? ,? ,? ,? )}
 PARAM NAME : [action_type]   VAL : [LIST002]
 PARAM NAME : [dbo]   VAL : [SABOK21]
2020-03-01 16:23:14 오후 DEBUG [egovframework.cbiz.service.impl.CommDBDAO] {call PR_COMTB_MESG02 (? ,? ,? ,? ,? ,? ,? ,? ,? ,? ,? ,? ,? ,? )}
 PARAM NAME : [action_type]   VAL : [SELECT_RECEIVE_COUNT]
 PARAM NAME : [dbo]   VAL : [SABOK21]
 PARAM NAME : [sign_empl_no]   VAL : [00157]
 PARAM NAME : [sys_reg_id]   VAL : [00157]
2020-03-01 16:23:14 오후 DEBUG [egovframework.cbiz.service.impl.CommDBDAO] {call PR_COMTB_MESG01_LIST (? ,? ,? ,? ,? ,? ,? ,? ,? ,? ,? ,? ,? ,? ,? )}
 PARAM NAME : [action_type]   VAL : [LIST001]
 PARAM NAME : [dbo]   VAL : [SABOK21]
 PARAM NAME : [param01]   VAL : [00157]
 PARAM NAME : [param07]   VAL : [1,2]
2020-03-01 16:23:14 오후 DEBUG [egovframework.cbiz.service.impl.CommDBDAO] {call PR_BOKTB_MAST01_LIST (? ,? ,? ,? ,? ,? ,? ,? ,? ,? ,? ,? ,? ,? ,? )}
 PARAM NAME : [action_type]   VAL : [LIST004]
 PARAM NAME : [dbo]   VAL : [SABOK21]
 PARAM NAME : [param01]   VAL : [00157]
 PARAM NAME : [param07]   VAL : [1,2]
2020-03-01 16:23:14 오후 DEBUG [egovframework.cbiz.service.impl.CommDBDAO] {call PR_SYSTB_MEMO01_LIST (? ,? ,? ,? ,? ,? ,? ,? ,? ,? ,? ,? ,? ,? ,? )}
 PARAM NAME : [action_type]   VAL : [LIST002]
 PARAM NAME : [dbo]   VAL : [SABOK21]
 PARAM NAME : [param01]   VAL : [00157]
 PARAM NAME : [param02]   VAL : [202003]
 PARAM NAME : [param07]   VAL : [1,2]
2020-03-01 16:23:14 오후 DEBUG [egovframework.cbiz.service.impl.CommDBDAO] {call PR_SYSTB_DATE01 (? ,? ,? ,? ,? ,? ,? ,? )}
 PARAM NAME : [action_type]   VAL : [SELECT_WEEKLY]
 PARAM NAME : [dbo]   VAL : [SABOK21]
 PARAM NAME : [sys_ymd]   VAL : [20200301]
 PARAM NAME : [sys_reg_id]   VAL : [00157]
2020-03-01 16:23:16 오후 DEBUG [egovframework.cbiz.service.impl.CommDBDAO] {call PR_BUDTB_CODE01_LIST (? ,? ,? ,? ,? ,? ,? ,? ,? ,? ,? ,? ,? ,? ,? )}
 PARAM NAME : [action_type]   VAL : [LIST001]
 PARAM NAME : [dbo]   VAL : [SABOK21]
2020-03-01 16:23:24 오후 DEBUG [egovframework.cbiz.service.impl.CommDBDAO] {call PR_COMTB_CORP01 (? ,? ,? ,? ,? ,? ,? ,? ,? ,? ,? ,? ,? ,? ,? ,? ,? ,? ,? ,? ,? ,? ,? ,? ,? ,? ,? ,? ,? ,? ,? ,? ,? ,? ,? ,? ,? ,? ,? ,? ,? ,? ,? ,? ,? ,? ,? ,? ,? ,? ,? ,? ,? ,? ,? ,? ,? )}
 PARAM NAME : [action_type]   VAL : [SELECT]
 PARAM NAME : [dbo]   VAL : [SABOK21]
 PARAM NAME : [sys_reg_id]   VAL : [00157]
 PARAM NAME : [std_yy]   VAL : [2020]
2020-03-01 16:23:32 오후 DEBUG [egovframework.cbiz.service.impl.CommDBDAO] {call PR_COMTB_CORP01 (? ,? ,? ,? ,? ,? ,? ,? ,? ,? ,? ,? ,? ,? ,? ,? ,? ,? ,? ,? ,? ,? ,? ,? ,? ,? ,? ,? ,? ,? ,? ,? ,? ,? ,? ,? ,? ,? ,? ,? ,? ,? ,? ,? ,? ,? ,? ,? ,? ,? ,? ,? ,? ,? ,? ,? ,? )}
 PARAM NAME : [action_type]   VAL : [SELECT]
 PARAM NAME : [dbo]   VAL : [SABOK21]
 PARAM NAME : [sys_reg_id]   VAL : [00157]
 PARAM NAME : [std_yy]   VAL : [2019]
2020-03-01 16:23:33 오후 DEBUG [egovframework.cbiz.service.impl.CommDBDAO] {call PR_ACCTB_SUMM02_LIST (? ,? ,? ,? ,? ,? ,? ,? ,? ,? ,? ,? ,? ,? ,? )}
 PARAM NAME : [action_type]   VAL : [LIST001]
 PARAM NAME : [dbo]   VAL : [SABOK21]
 PARAM NAME : [param01]   VAL : [ACC001]
 PARAM NAME : [param02]   VAL : [201912]
2020-03-01 17:16:41 오후 DEBUG [egovframework.cbiz.service.impl.CommDBDAO] {call PR_COMTB_NOTI01_LIST (? ,? ,? ,? ,? ,? ,? ,? ,? ,? ,? ,? ,? ,? ,? )}
 PARAM NAME : [action_type]   VAL : [LIST002]
2020-03-01 17:17:06 오후 DEBUG [egovframework.cbiz.service.impl.CommDBDAO] {call PR_INSTB_EMPL01 (? ,? ,? ,? ,? ,? ,? ,? ,? ,? ,? ,? ,? ,? ,? ,? ,? ,? ,? ,? ,? ,? ,? ,? ,? ,? ,? ,? ,? ,? ,? ,? ,? )}
 PARAM NAME : [action_type]   VAL : [SELECT_LOGIN]
 PARAM NAME : [dbo]   VAL : [SABOK21]
 PARAM NAME : [user_id]   VAL : [00157]
 PARAM NAME : [pswd]   VAL : [1111]
 PARAM NAME : [connect_ip]   VAL : [61.41.135.187]
2020-03-01 17:17:06 오후 DEBUG [egovframework.cbiz.service.impl.CommDBDAO] {call PR_INSTB_EMPL01 (? ,? ,? ,? ,? ,? ,? ,? ,? ,? ,? ,? ,? ,? ,? ,? ,? ,? ,? ,? ,? ,? ,? ,? ,? ,? ,? ,? ,? ,? ,? ,? ,? )}
 PARAM NAME : [action_type]   VAL : [UPDATE_CNT]
 PARAM NAME : [dbo]   VAL : [SABOK21]
 PARAM NAME : [empl_no]   VAL : [00157]
 PARAM NAME : [user_id]   VAL : [00157]
 PARAM NAME : [pswd]   VAL : [1111]
 PARAM NAME : [connect_ip]   VAL : [61.41.135.187]
2020-03-01 17:17:06 오후 DEBUG [egovframework.cbiz.service.impl.CommDBDAO] {call PR_SYSTB_DATE01 (? ,? ,? ,? ,? ,? ,? ,? )}
 PARAM NAME : [action_type]   VAL : [UPDATE_CNT]
 PARAM NAME : [dbo]   VAL : [SABOK21]
2020-03-01 17:17:06 오후 DEBUG [egovframework.cbiz.service.impl.CommDBDAO] {call PR_SYSTB_MENU01_LIST (? ,? ,? ,? ,? ,? ,? ,? ,? ,? ,? ,? ,? ,? ,? )}
 PARAM NAME : [action_type]   VAL : [LIST001]
 PARAM NAME : [dbo]   VAL : [SABOK21]
 PARAM NAME : [param01]   VAL : [00157]
2020-03-01 17:17:06 오후 DEBUG [egovframework.cbiz.service.impl.CommDBDAO] {call PR_COMTB_CORP01 (? ,? ,? ,? ,? ,? ,? ,? ,? ,? ,? ,? ,? ,? ,? ,? ,? ,? ,? ,? ,? ,? ,? ,? ,? ,? ,? ,? ,? ,? ,? ,? ,? ,? ,? ,? ,? ,? ,? ,? ,? ,? ,? ,? ,? ,? ,? ,? ,? ,? ,? ,? ,? ,? ,? ,? ,? )}
 PARAM NAME : [action_type]   VAL : [SELECT]
 PARAM NAME : [dbo]   VAL : [SABOK21]
 PARAM NAME : [corp_cd]   VAL : [SABOK21]
 PARAM NAME : [sys_reg_id]   VAL : [00157]
2020-03-01 17:17:07 오후 DEBUG [egovframework.cbiz.service.impl.CommDBDAO] {call PR_COMTB_MESG02 (? ,? ,? ,? ,? ,? ,? ,? ,? ,? ,? ,? ,? ,? )}
 PARAM NAME : [action_type]   VAL : [SELECT_RECEIVE_COUNT]
 PARAM NAME : [dbo]   VAL : [SABOK21]
 PARAM NAME : [sign_empl_no]   VAL : [00157]
 PARAM NAME : [sys_reg_id]   VAL : [00157]
2020-03-01 17:17:07 오후 DEBUG [egovframework.cbiz.service.impl.CommDBDAO] {call PR_INSTB_EMPL01 (? ,? ,? ,? ,? ,? ,? ,? ,? ,? ,? ,? ,? ,? ,? ,? ,? ,? ,? ,? ,? ,? ,? ,? ,? ,? ,? ,? ,? ,? ,? ,? ,? )}
 PARAM NAME : [action_type]   VAL : [SELECT]
 PARAM NAME : [dbo]   VAL : [SABOK21]
 PARAM NAME : [empl_no]   VAL : [00157]
 PARAM NAME : [connect_ip]   VAL : [61.41.135.187]
 PARAM NAME : [sys_reg_id]   VAL : [00157]
2020-03-01 17:17:07 오후 DEBUG [egovframework.cbiz.service.impl.CommDBDAO] {call PR_COMTB_NOTI01_LIST (? ,? ,? ,? ,? ,? ,? ,? ,? ,? ,? ,? ,? ,? ,? )}
 PARAM NAME : [action_type]   VAL : [LIST002]
 PARAM NAME : [dbo]   VAL : [SABOK21]
2020-03-01 17:17:07 오후 DEBUG [egovframework.cbiz.service.impl.CommDBDAO] {call PR_COMTB_MESG01_LIST (? ,? ,? ,? ,? ,? ,? ,? ,? ,? ,? ,? ,? ,? ,? )}
 PARAM NAME : [action_type]   VAL : [LIST001]
 PARAM NAME : [dbo]   VAL : [SABOK21]
 PARAM NAME : [param01]   VAL : [00157]
 PARAM NAME : [param07]   VAL : [1,2]
2020-03-01 17:17:07 오후 DEBUG [egovframework.cbiz.service.impl.CommDBDAO] {call PR_BOKTB_MAST01_LIST (? ,? ,? ,? ,? ,? ,? ,? ,? ,? ,? ,? ,? ,? ,? )}
 PARAM NAME : [action_type]   VAL : [LIST004]
 PARAM NAME : [dbo]   VAL : [SABOK21]
 PARAM NAME : [param01]   VAL : [00157]
 PARAM NAME : [param07]   VAL : [1,2]
2020-03-01 17:17:07 오후 DEBUG [egovframework.cbiz.service.impl.CommDBDAO] {call PR_SYSTB_MEMO01_LIST (? ,? ,? ,? ,? ,? ,? ,? ,? ,? ,? ,? ,? ,? ,? )}
 PARAM NAME : [action_type]   VAL : [LIST002]
 PARAM NAME : [dbo]   VAL : [SABOK21]
 PARAM NAME : [param01]   VAL : [00157]
 PARAM NAME : [param02]   VAL : [202003]
 PARAM NAME : [param07]   VAL : [1,2]
2020-03-01 17:17:07 오후 DEBUG [egovframework.cbiz.service.impl.CommDBDAO] {call PR_SYSTB_DATE01 (? ,? ,? ,? ,? ,? ,? ,? )}
 PARAM NAME : [action_type]   VAL : [SELECT_WEEKLY]
 PARAM NAME : [dbo]   VAL : [SABOK21]
 PARAM NAME : [sys_ymd]   VAL : [20200301]
 PARAM NAME : [sys_reg_id]   VAL : [00157]
2020-03-01 17:17:09 오후 DEBUG [egovframework.cbiz.service.impl.CommDBDAO] {call PR_BUDTB_CODE01_LIST (? ,? ,? ,? ,? ,? ,? ,? ,? ,? ,? ,? ,? ,? ,? )}
 PARAM NAME : [action_type]   VAL : [LIST001]
 PARAM NAME : [dbo]   VAL : [SABOK21]
2020-03-01 17:17:44 오후 DEBUG [egovframework.cbiz.service.impl.CommDBDAO] {call PR_COMTB_CORP01 (? ,? ,? ,? ,? ,? ,? ,? ,? ,? ,? ,? ,? ,? ,? ,? ,? ,? ,? ,? ,? ,? ,? ,? ,? ,? ,? ,? ,? ,? ,? ,? ,? ,? ,? ,? ,? ,? ,? ,? ,? ,? ,? ,? ,? ,? ,? ,? ,? ,? ,? ,? ,? ,? ,? ,? ,? )}
 PARAM NAME : [action_type]   VAL : [SELECT]
 PARAM NAME : [dbo]   VAL : [SABOK21]
 PARAM NAME : [sys_reg_id]   VAL : [00157]
 PARAM NAME : [std_yy]   VAL : [2020]
2020-03-01 17:17:58 오후 DEBUG [egovframework.cbiz.service.impl.CommDBDAO] {call PR_COMTB_CORP01 (? ,? ,? ,? ,? ,? ,? ,? ,? ,? ,? ,? ,? ,? ,? ,? ,? ,? ,? ,? ,? ,? ,? ,? ,? ,? ,? ,? ,? ,? ,? ,? ,? ,? ,? ,? ,? ,? ,? ,? ,? ,? ,? ,? ,? ,? ,? ,? ,? ,? ,? ,? ,? ,? ,? ,? ,? )}
 PARAM NAME : [action_type]   VAL : [SELECT]
 PARAM NAME : [dbo]   VAL : [SABOK21]
 PARAM NAME : [sys_reg_id]   VAL : [00157]
 PARAM NAME : [std_yy]   VAL : [2019]
2020-03-01 17:17:58 오후 DEBUG [egovframework.cbiz.service.impl.CommDBDAO] {call PR_ACCTB_SUMM02_LIST (? ,? ,? ,? ,? ,? ,? ,? ,? ,? ,? ,? ,? ,? ,? )}
 PARAM NAME : [action_type]   VAL : [LIST001]
 PARAM NAME : [dbo]   VAL : [SABOK21]
 PARAM NAME : [param01]   VAL : [ACC001]
 PARAM NAME : [param02]   VAL : [201912]
2020-03-01 17:18:01 오후 DEBUG [egovframework.cbiz.service.impl.CommDBDAO] {call PR_COMTB_CORP01 (? ,? ,? ,? ,? ,? ,? ,? ,? ,? ,? ,? ,? ,? ,? ,? ,? ,? ,? ,? ,? ,? ,? ,? ,? ,? ,? ,? ,? ,? ,? ,? ,? ,? ,? ,? ,? ,? ,? ,? ,? ,? ,? ,? ,? ,? ,? ,? ,? ,? ,? ,? ,? ,? ,? ,? ,? )}
 PARAM NAME : [action_type]   VAL : [SELECT]
 PARAM NAME : [dbo]   VAL : [SABOK21]
 PARAM NAME : [sys_reg_id]   VAL : [00157]
 PARAM NAME : [std_yy]   VAL : [2019]
2020-03-01 17:18:01 오후 DEBUG [egovframework.cbiz.service.impl.CommDBDAO] {call PR_ACCTB_SUMM02_LIST (? ,? ,? ,? ,? ,? ,? ,? ,? ,? ,? ,? ,? ,? ,? )}
 PARAM NAME : [action_type]   VAL : [LIST001]
 PARAM NAME : [dbo]   VAL : [SABOK21]
 PARAM NAME : [param01]   VAL : [ACC001]
 PARAM NAME : [param02]   VAL : [201912]
2020-03-01 17:23:08 오후 DEBUG [egovframework.cbiz.service.impl.CommDBDAO] {call PR_COMTB_CORP01 (? ,? ,? ,? ,? ,? ,? ,? ,? ,? ,? ,? ,? ,? ,? ,? ,? ,? ,? ,? ,? ,? ,? ,? ,? ,? ,? ,? ,? ,? ,? ,? ,? ,? ,? ,? ,? ,? ,? ,? ,? ,? ,? ,? ,? ,? ,? ,? ,? ,? ,? ,? ,? ,? ,? ,? ,? )}
 PARAM NAME : [action_type]   VAL : [SELECT]
 PARAM NAME : [dbo]   VAL : [SABOK21]
 PARAM NAME : [sys_reg_id]   VAL : [00157]
 PARAM NAME : [std_yy]   VAL : [2019]
2020-03-01 17:23:08 오후 DEBUG [egovframework.cbiz.service.impl.CommDBDAO] {call PR_ACCTB_SUMM02_LIST (? ,? ,? ,? ,? ,? ,? ,? ,? ,? ,? ,? ,? ,? ,? )}
 PARAM NAME : [action_type]   VAL : [LIST002]
 PARAM NAME : [dbo]   VAL : [SABOK21]
 PARAM NAME : [param01]   VAL : [ACC002]
 PARAM NAME : [param02]   VAL : [201912]
2020-03-01 17:23:13 오후 DEBUG [egovframework.cbiz.service.impl.CommDBDAO] {call PR_COMTB_CORP01 (? ,? ,? ,? ,? ,? ,? ,? ,? ,? ,? ,? ,? ,? ,? ,? ,? ,? ,? ,? ,? ,? ,? ,? ,? ,? ,? ,? ,? ,? ,? ,? ,? ,? ,? ,? ,? ,? ,? ,? ,? ,? ,? ,? ,? ,? ,? ,? ,? ,? ,? ,? ,? ,? ,? ,? ,? )}
 PARAM NAME : [action_type]   VAL : [SELECT]
 PARAM NAME : [dbo]   VAL : [SABOK21]
 PARAM NAME : [sys_reg_id]   VAL : [00157]
 PARAM NAME : [std_yy]   VAL : [2019]
2020-03-01 17:23:13 오후 DEBUG [egovframework.cbiz.service.impl.CommDBDAO] {call PR_ACCTB_SUMM02_LIST (? ,? ,? ,? ,? ,? ,? ,? ,? ,? ,? ,? ,? ,? ,? )}
 PARAM NAME : [action_type]   VAL : [LIST002]
 PARAM NAME : [dbo]   VAL : [SABOK21]
 PARAM NAME : [param01]   VAL : [ACC002]
 PARAM NAME : [param02]   VAL : [201912]
2020-03-01 17:23:48 오후 DEBUG [egovframework.cbiz.service.impl.CommDBDAO] {call PR_COMTB_CORP01 (? ,? ,? ,? ,? ,? ,? ,? ,? ,? ,? ,? ,? ,? ,? ,? ,? ,? ,? ,? ,? ,? ,? ,? ,? ,? ,? ,? ,? ,? ,? ,? ,? ,? ,? ,? ,? ,? ,? ,? ,? ,? ,? ,? ,? ,? ,? ,? ,? ,? ,? ,? ,? ,? ,? ,? ,? )}
 PARAM NAME : [action_type]   VAL : [SELECT]
 PARAM NAME : [dbo]   VAL : [SABOK21]
 PARAM NAME : [sys_reg_id]   VAL : [00157]
 PARAM NAME : [std_yy]   VAL : [2019]
2020-03-01 17:23:48 오후 DEBUG [egovframework.cbiz.service.impl.CommDBDAO] {call PR_ACCTB_SUMM02_LIST (? ,? ,? ,? ,? ,? ,? ,? ,? ,? ,? ,? ,? ,? ,? )}
 PARAM NAME : [action_type]   VAL : [LIST003]
 PARAM NAME : [dbo]   VAL : [SABOK21]
 PARAM NAME : [param01]   VAL : [ACC003]
 PARAM NAME : [param02]   VAL : [201912]
2020-03-01 17:24:38 오후 DEBUG [egovframework.cbiz.service.impl.CommDBDAO] {call PR_COMTB_CORP01 (? ,? ,? ,? ,? ,? ,? ,? ,? ,? ,? ,? ,? ,? ,? ,? ,? ,? ,? ,? ,? ,? ,? ,? ,? ,? ,? ,? ,? ,? ,? ,? ,? ,? ,? ,? ,? ,? ,? ,? ,? ,? ,? ,? ,? ,? ,? ,? ,? ,? ,? ,? ,? ,? ,? ,? ,? )}
 PARAM NAME : [action_type]   VAL : [SELECT]
 PARAM NAME : [dbo]   VAL : [SABOK21]
 PARAM NAME : [sys_reg_id]   VAL : [00157]
 PARAM NAME : [std_yy]   VAL : [2019]
2020-03-01 17:24:38 오후 DEBUG [egovframework.cbiz.service.impl.CommDBDAO] {call PR_ACCTB_SUMM02_LIST (? ,? ,? ,? ,? ,? ,? ,? ,? ,? ,? ,? ,? ,? ,? )}
 PARAM NAME : [action_type]   VAL : [LIST003]
 PARAM NAME : [dbo]   VAL : [SABOK21]
 PARAM NAME : [param01]   VAL : [ACC003]
 PARAM NAME : [param02]   VAL : [201912]
2020-03-01 17:26:12 오후 DEBUG [egovframework.cbiz.service.impl.CommDBDAO] {call PR_COMTB_CORP01 (? ,? ,? ,? ,? ,? ,? ,? ,? ,? ,? ,? ,? ,? ,? ,? ,? ,? ,? ,? ,? ,? ,? ,? ,? ,? ,? ,? ,? ,? ,? ,? ,? ,? ,? ,? ,? ,? ,? ,? ,? ,? ,? ,? ,? ,? ,? ,? ,? ,? ,? ,? ,? ,? ,? ,? ,? )}
 PARAM NAME : [action_type]   VAL : [SELECT]
 PARAM NAME : [dbo]   VAL : [SABOK21]
 PARAM NAME : [sys_reg_id]   VAL : [00157]
 PARAM NAME : [std_yy]   VAL : [2019]
2020-03-01 17:26:12 오후 DEBUG [egovframework.cbiz.service.impl.CommDBDAO] {call PR_ACCTB_SUMM02_LIST (? ,? ,? ,? ,? ,? ,? ,? ,? ,? ,? ,? ,? ,? ,? )}
 PARAM NAME : [action_type]   VAL : [LIST004]
 PARAM NAME : [dbo]   VAL : [SABOK21]
 PARAM NAME : [param01]   VAL : [ACC004]
 PARAM NAME : [param02]   VAL : [201912]
2020-03-01 17:26:27 오후 DEBUG [egovframework.cbiz.service.impl.CommDBDAO] {call PR_COMTB_CORP01 (? ,? ,? ,? ,? ,? ,? ,? ,? ,? ,? ,? ,? ,? ,? ,? ,? ,? ,? ,? ,? ,? ,? ,? ,? ,? ,? ,? ,? ,? ,? ,? ,? ,? ,? ,? ,? ,? ,? ,? ,? ,? ,? ,? ,? ,? ,? ,? ,? ,? ,? ,? ,? ,? ,? ,? ,? )}
 PARAM NAME : [action_type]   VAL : [SELECT]
 PARAM NAME : [dbo]   VAL : [SABOK21]
 PARAM NAME : [sys_reg_id]   VAL : [00157]
 PARAM NAME : [std_yy]   VAL : [2019]
2020-03-01 17:26:27 오후 DEBUG [egovframework.cbiz.service.impl.CommDBDAO] {call PR_ACCTB_SUMM02_LIST (? ,? ,? ,? ,? ,? ,? ,? ,? ,? ,? ,? ,? ,? ,? )}
 PARAM NAME : [action_type]   VAL : [LIST004]
 PARAM NAME : [dbo]   VAL : [SABOK21]
 PARAM NAME : [param01]   VAL : [ACC005]
 PARAM NAME : [param02]   VAL : [201912]
2020-03-01 17:48:21 오후 DEBUG [egovframework.cbiz.service.impl.CommDBDAO] {call PR_COMTB_CODE02_LIST (? ,? ,? ,? ,? ,? ,? ,? ,? ,? ,? ,? ,? ,? )}
 PARAM NAME : [action_type]   VAL : [LISTCODE]
 PARAM NAME : [param01]   VAL : [rel_no_type]
2020-03-01 17:48:28 오후 DEBUG [egovframework.cbiz.service.impl.CommDBDAO] {call PR_ACCTB_CODE01_LIST (? ,? ,? ,? ,? ,? ,? ,? ,? ,? ,? ,? ,? ,? ,? )}
 PARAM NAME : [action_type]   VAL : [LIST001]
 PARAM NAME : [dbo]   VAL : [SABOK21]
 PARAM NAME : [param02]   VAL : [A]
2020-03-01 17:48:34 오후 DEBUG [egovframework.cbiz.service.impl.CommDBDAO] {call PR_ACCTB_CODE01_LIST (? ,? ,? ,? ,? ,? ,? ,? ,? ,? ,? ,? ,? ,? ,? )}
 PARAM NAME : [action_type]   VAL : [LIST001]
 PARAM NAME : [dbo]   VAL : [SABOK21]
 PARAM NAME : [param02]   VAL : [A]
 PARAM NAME : [param05]   VAL : [2]
 PARAM NAME : [param06]   VAL : [선급]
2020-03-01 17:48:35 오후 DEBUG [egovframework.cbiz.service.impl.CommDBDAO] {call PR_ACCTB_SUMM01_LIST (? ,? ,? ,? ,? ,? ,? ,? ,? ,? ,? ,? ,? ,? ,? )}
 PARAM NAME : [action_type]   VAL : [LIST001]
 PARAM NAME : [dbo]   VAL : [SABOK21]
 PARAM NAME : [param01]   VAL : [201912]
 PARAM NAME : [param05]   VAL : [1]
2020-03-01 17:48:51 오후 DEBUG [egovframework.cbiz.service.impl.CommDBDAO] {call PR_ACCTB_SLIP02_LIST (? ,? ,? ,? ,? ,? ,? ,? ,? ,? ,? ,? ,? ,? ,? )}
 PARAM NAME : [action_type]   VAL : [LIST003A]
 PARAM NAME : [dbo]   VAL : [SABOK21]
 PARAM NAME : [param01]   VAL : [20200101]
 PARAM NAME : [param02]   VAL : [20200301]
 PARAM NAME : [param03]   VAL : [1110901|선급법인세]
 PARAM NAME : [param04]   VAL : [|]
 PARAM NAME : [param06]   VAL : [|]
2020-03-01 17:49:06 오후 DEBUG [egovframework.cbiz.service.impl.CommDBDAO] {call PR_ACCTB_SUMM01_LIST (? ,? ,? ,? ,? ,? ,? ,? ,? ,? ,? ,? ,? ,? ,? )}
 PARAM NAME : [action_type]   VAL : [LIST001]
 PARAM NAME : [dbo]   VAL : [SABOK21]
 PARAM NAME : [param01]   VAL : [201912]
 PARAM NAME : [param03]   VAL : [1110901]
 PARAM NAME : [param04]   VAL : [선급법인세]
 PARAM NAME : [param05]   VAL : [1]
2020-03-01 17:49:06 오후 DEBUG [egovframework.cbiz.service.impl.CommDBDAO] {call PR_ACCTB_SLIP02_LIST (? ,? ,? ,? ,? ,? ,? ,? ,? ,? ,? ,? ,? ,? ,? )}
 PARAM NAME : [action_type]   VAL : [LIST003B]
 PARAM NAME : [dbo]   VAL : [SABOK21]
 PARAM NAME : [param01]   VAL : [20200101]
 PARAM NAME : [param02]   VAL : [20200301]
 PARAM NAME : [param03]   VAL : [1110901|선급법인세]
 PARAM NAME : [param04]   VAL : [|]
 PARAM NAME : [param06]   VAL : [|]
2020-03-01 17:49:06 오후 DEBUG [egovframework.cbiz.service.impl.CommDBDAO] {call PR_COMTB_CODE02_LIST (? ,? ,? ,? ,? ,? ,? ,? ,? ,? ,? ,? ,? ,? )}
 PARAM NAME : [action_type]   VAL : [LISTCODE]
 PARAM NAME : [param01]   VAL : [rel_no_type]
2020-03-01 17:49:42 오후 DEBUG [egovframework.cbiz.service.impl.CommDBDAO] {call PR_ACCTB_CODE01_LIST (? ,? ,? ,? ,? ,? ,? ,? ,? ,? ,? ,? ,? ,? ,? )}
 PARAM NAME : [action_type]   VAL : [LIST001]
 PARAM NAME : [dbo]   VAL : [SABOK21]
 PARAM NAME : [param02]   VAL : [A]
2020-03-01 17:49:48 오후 DEBUG [egovframework.cbiz.service.impl.CommDBDAO] {call PR_ACCTB_CODE01_LIST (? ,? ,? ,? ,? ,? ,? ,? ,? ,? ,? ,? ,? ,? ,? )}
 PARAM NAME : [action_type]   VAL : [LIST001]
 PARAM NAME : [dbo]   VAL : [SABOK21]
 PARAM NAME : [param02]   VAL : [A]
 PARAM NAME : [param05]   VAL : [2]
 PARAM NAME : [param06]   VAL : [선급법]
2020-03-01 17:50:06 오후 DEBUG [egovframework.cbiz.service.impl.CommDBDAO] {call PR_ACCTB_SLIP02_LIST (? ,? ,? ,? ,? ,? ,? ,? ,? ,? ,? ,? ,? ,? ,? )}
 PARAM NAME : [action_type]   VAL : [LIST004]
 PARAM NAME : [dbo]   VAL : [SABOK21]
 PARAM NAME : [param01]   VAL : [20190101]
 PARAM NAME : [param02]   VAL : [20191231]
 PARAM NAME : [param03]   VAL : [1110901]
 PARAM NAME : [param04]   VAL : [1110901]
2020-03-01 17:50:36 오후 DEBUG [egovframework.cbiz.service.impl.CommDBDAO] {call PR_ACCTB_SLIP02_LIST (? ,? ,? ,? ,? ,? ,? ,? ,? ,? ,? ,? ,? ,? ,? )}
 PARAM NAME : [action_type]   VAL : [LIST004]
 PARAM NAME : [dbo]   VAL : [SABOK21]
 PARAM NAME : [param01]   VAL : [20190101]
 PARAM NAME : [param02]   VAL : [20191231]
 PARAM NAME : [param03]   VAL : [1110901]
 PARAM NAME : [param04]   VAL : [1110901]
2020-03-01 17:50:36 오후 DEBUG [egovframework.cbiz.service.impl.CommDBDAO] {call PR_ACCTB_SLIP02_LIST (? ,? ,? ,? ,? ,? ,? ,? ,? ,? ,? ,? ,? ,? ,? )}
 PARAM NAME : [action_type]   VAL : [LIST004]
 PARAM NAME : [dbo]   VAL : [SABOK21]
 PARAM NAME : [param01]   VAL : [20190101]
 PARAM NAME : [param02]   VAL : [20191231]
 PARAM NAME : [param03]   VAL : [1110901]
 PARAM NAME : [param04]   VAL : [1110901]
2020-03-01 18:30:24 오후 DEBUG [egovframework.cbiz.service.impl.CommDBDAO] {call PR_COMTB_NOTI01_LIST (? ,? ,? ,? ,? ,? ,? ,? ,? ,? ,? ,? ,? ,? ,? )}
 PARAM NAME : [action_type]   VAL : [LIST002]
2020-03-01 18:30:48 오후 DEBUG [egovframework.cbiz.service.impl.CommDBDAO] {call PR_INSTB_EMPL01 (? ,? ,? ,? ,? ,? ,? ,? ,? ,? ,? ,? ,? ,? ,? ,? ,? ,? ,? ,? ,? ,? ,? ,? ,? ,? ,? ,? ,? ,? ,? ,? ,? )}
 PARAM NAME : [action_type]   VAL : [SELECT_LOGIN]
 PARAM NAME : [dbo]   VAL : [SABOK21]
 PARAM NAME : [user_id]   VAL : [00157]
 PARAM NAME : [pswd]   VAL : [1111]
 PARAM NAME : [connect_ip]   VAL : [61.41.135.187]
2020-03-01 18:30:48 오후 DEBUG [egovframework.cbiz.service.impl.CommDBDAO] {call PR_INSTB_EMPL01 (? ,? ,? ,? ,? ,? ,? ,? ,? ,? ,? ,? ,? ,? ,? ,? ,? ,? ,? ,? ,? ,? ,? ,? ,? ,? ,? ,? ,? ,? ,? ,? ,? )}
 PARAM NAME : [action_type]   VAL : [UPDATE_CNT]
 PARAM NAME : [dbo]   VAL : [SABOK21]
 PARAM NAME : [empl_no]   VAL : [00157]
 PARAM NAME : [user_id]   VAL : [00157]
 PARAM NAME : [pswd]   VAL : [1111]
 PARAM NAME : [connect_ip]   VAL : [61.41.135.187]
2020-03-01 18:30:48 오후 DEBUG [egovframework.cbiz.service.impl.CommDBDAO] {call PR_SYSTB_DATE01 (? ,? ,? ,? ,? ,? ,? ,? )}
 PARAM NAME : [action_type]   VAL : [UPDATE_CNT]
 PARAM NAME : [dbo]   VAL : [SABOK21]
2020-03-01 18:30:48 오후 DEBUG [egovframework.cbiz.service.impl.CommDBDAO] {call PR_SYSTB_MENU01_LIST (? ,? ,? ,? ,? ,? ,? ,? ,? ,? ,? ,? ,? ,? ,? )}
 PARAM NAME : [action_type]   VAL : [LIST001]
 PARAM NAME : [dbo]   VAL : [SABOK21]
 PARAM NAME : [param01]   VAL : [00157]
2020-03-01 18:30:48 오후 DEBUG [egovframework.cbiz.service.impl.CommDBDAO] {call PR_COMTB_CORP01 (? ,? ,? ,? ,? ,? ,? ,? ,? ,? ,? ,? ,? ,? ,? ,? ,? ,? ,? ,? ,? ,? ,? ,? ,? ,? ,? ,? ,? ,? ,? ,? ,? ,? ,? ,? ,? ,? ,? ,? ,? ,? ,? ,? ,? ,? ,? ,? ,? ,? ,? ,? ,? ,? ,? ,? ,? )}
 PARAM NAME : [action_type]   VAL : [SELECT]
 PARAM NAME : [dbo]   VAL : [SABOK21]
 PARAM NAME : [corp_cd]   VAL : [SABOK21]
 PARAM NAME : [sys_reg_id]   VAL : [00157]
2020-03-01 18:30:48 오후 DEBUG [egovframework.cbiz.service.impl.CommDBDAO] {call PR_COMTB_MESG02 (? ,? ,? ,? ,? ,? ,? ,? ,? ,? ,? ,? ,? ,? )}
 PARAM NAME : [action_type]   VAL : [SELECT_RECEIVE_COUNT]
 PARAM NAME : [dbo]   VAL : [SABOK21]
 PARAM NAME : [sign_empl_no]   VAL : [00157]
 PARAM NAME : [sys_reg_id]   VAL : [00157]
2020-03-01 18:30:48 오후 DEBUG [egovframework.cbiz.service.impl.CommDBDAO] {call PR_INSTB_EMPL01 (? ,? ,? ,? ,? ,? ,? ,? ,? ,? ,? ,? ,? ,? ,? ,? ,? ,? ,? ,? ,? ,? ,? ,? ,? ,? ,? ,? ,? ,? ,? ,? ,? )}
 PARAM NAME : [action_type]   VAL : [SELECT]
 PARAM NAME : [dbo]   VAL : [SABOK21]
 PARAM NAME : [empl_no]   VAL : [00157]
 PARAM NAME : [connect_ip]   VAL : [61.41.135.187]
 PARAM NAME : [sys_reg_id]   VAL : [00157]
2020-03-01 18:30:48 오후 DEBUG [egovframework.cbiz.service.impl.CommDBDAO] {call PR_COMTB_NOTI01_LIST (? ,? ,? ,? ,? ,? ,? ,? ,? ,? ,? ,? ,? ,? ,? )}
 PARAM NAME : [action_type]   VAL : [LIST002]
 PARAM NAME : [dbo]   VAL : [SABOK21]
2020-03-01 18:30:48 오후 DEBUG [egovframework.cbiz.service.impl.CommDBDAO] {call PR_COMTB_MESG01_LIST (? ,? ,? ,? ,? ,? ,? ,? ,? ,? ,? ,? ,? ,? ,? )}
 PARAM NAME : [action_type]   VAL : [LIST001]
 PARAM NAME : [dbo]   VAL : [SABOK21]
 PARAM NAME : [param01]   VAL : [00157]
 PARAM NAME : [param07]   VAL : [1,2]
2020-03-01 18:30:48 오후 DEBUG [egovframework.cbiz.service.impl.CommDBDAO] {call PR_BOKTB_MAST01_LIST (? ,? ,? ,? ,? ,? ,? ,? ,? ,? ,? ,? ,? ,? ,? )}
 PARAM NAME : [action_type]   VAL : [LIST004]
 PARAM NAME : [dbo]   VAL : [SABOK21]
 PARAM NAME : [param01]   VAL : [00157]
 PARAM NAME : [param07]   VAL : [1,2]
2020-03-01 18:30:48 오후 DEBUG [egovframework.cbiz.service.impl.CommDBDAO] {call PR_SYSTB_MEMO01_LIST (? ,? ,? ,? ,? ,? ,? ,? ,? ,? ,? ,? ,? ,? ,? )}
 PARAM NAME : [action_type]   VAL : [LIST002]
 PARAM NAME : [dbo]   VAL : [SABOK21]
 PARAM NAME : [param01]   VAL : [00157]
 PARAM NAME : [param02]   VAL : [202003]
 PARAM NAME : [param07]   VAL : [1,2]
2020-03-01 18:30:48 오후 DEBUG [egovframework.cbiz.service.impl.CommDBDAO] {call PR_SYSTB_DATE01 (? ,? ,? ,? ,? ,? ,? ,? )}
 PARAM NAME : [action_type]   VAL : [SELECT_WEEKLY]
 PARAM NAME : [dbo]   VAL : [SABOK21]
 PARAM NAME : [sys_ymd]   VAL : [20200301]
 PARAM NAME : [sys_reg_id]   VAL : [00157]
2020-03-01 18:30:50 오후 DEBUG [egovframework.cbiz.service.impl.CommDBDAO] {call PR_BUDTB_CODE01_LIST (? ,? ,? ,? ,? ,? ,? ,? ,? ,? ,? ,? ,? ,? ,? )}
 PARAM NAME : [action_type]   VAL : [LIST001]
 PARAM NAME : [dbo]   VAL : [SABOK21]
2020-03-01 18:30:53 오후 DEBUG [egovframework.cbiz.service.impl.CommDBDAO] {call PR_COMTB_NOTI01_LIST (? ,? ,? ,? ,? ,? ,? ,? ,? ,? ,? ,? ,? ,? ,? )}
 PARAM NAME : [action_type]   VAL : [LIST002]
 PARAM NAME : [dbo]   VAL : [SABOK21]
2020-03-01 19:25:40 오후 DEBUG [egovframework.cbiz.service.impl.CommDBDAO] {call PR_COMTB_NOTI01_LIST (? ,? ,? ,? ,? ,? ,? ,? ,? ,? ,? ,? ,? ,? ,? )}
 PARAM NAME : [action_type]   VAL : [LIST002]
2020-03-01 19:26:08 오후 DEBUG [egovframework.cbiz.service.impl.CommDBDAO] {call PR_INSTB_EMPL01 (? ,? ,? ,? ,? ,? ,? ,? ,? ,? ,? ,? ,? ,? ,? ,? ,? ,? ,? ,? ,? ,? ,? ,? ,? ,? ,? ,? ,? ,? ,? ,? ,? )}
 PARAM NAME : [action_type]   VAL : [SELECT_LOGIN]
 PARAM NAME : [dbo]   VAL : [SABOK26]
 PARAM NAME : [user_id]   VAL : [2014031704]
 PARAM NAME : [pswd]   VAL : [0000]
 PARAM NAME : [connect_ip]   VAL : [1.234.146.63]
2020-03-01 19:27:34 오후 DEBUG [egovframework.cbiz.service.impl.CommDBDAO] {call PR_INSTB_EMPL01 (? ,? ,? ,? ,? ,? ,? ,? ,? ,? ,? ,? ,? ,? ,? ,? ,? ,? ,? ,? ,? ,? ,? ,? ,? ,? ,? ,? ,? ,? ,? ,? ,? )}
 PARAM NAME : [action_type]   VAL : [SELECT_LOGIN]
 PARAM NAME : [dbo]   VAL : [SABOK26]
 PARAM NAME : [user_id]   VAL : [2014031704]
 PARAM NAME : [pswd]   VAL : [2014031704]
 PARAM NAME : [connect_ip]   VAL : [1.234.146.63]
2020-03-01 19:27:34 오후 DEBUG [egovframework.cbiz.service.impl.CommDBDAO] {call PR_INSTB_EMPL01 (? ,? ,? ,? ,? ,? ,? ,? ,? ,? ,? ,? ,? ,? ,? ,? ,? ,? ,? ,? ,? ,? ,? ,? ,? ,? ,? ,? ,? ,? ,? ,? ,? )}
 PARAM NAME : [action_type]   VAL : [UPDATE_CNT]
 PARAM NAME : [dbo]   VAL : [SABOK26]
 PARAM NAME : [empl_no]   VAL : [2014031704]
 PARAM NAME : [user_id]   VAL : [2014031704]
 PARAM NAME : [pswd]   VAL : [2014031704]
 PARAM NAME : [connect_ip]   VAL : [1.234.146.63]
2020-03-01 19:27:34 오후 DEBUG [egovframework.cbiz.service.impl.CommDBDAO] {call PR_SYSTB_DATE01 (? ,? ,? ,? ,? ,? ,? ,? )}
 PARAM NAME : [action_type]   VAL : [UPDATE_CNT]
 PARAM NAME : [dbo]   VAL : [SABOK26]
2020-03-01 19:27:34 오후 DEBUG [egovframework.cbiz.service.impl.CommDBDAO] {call PR_SYSTB_MENU01_LIST (? ,? ,? ,? ,? ,? ,? ,? ,? ,? ,? ,? ,? ,? ,? )}
 PARAM NAME : [action_type]   VAL : [LIST001]
 PARAM NAME : [dbo]   VAL : [SABOK26]
 PARAM NAME : [param01]   VAL : [2014031704]
2020-03-01 19:27:34 오후 DEBUG [egovframework.cbiz.service.impl.CommDBDAO] {call PR_COMTB_CORP01 (? ,? ,? ,? ,? ,? ,? ,? ,? ,? ,? ,? ,? ,? ,? ,? ,? ,? ,? ,? ,? ,? ,? ,? ,? ,? ,? ,? ,? ,? ,? ,? ,? ,? ,? ,? ,? ,? ,? ,? ,? ,? ,? ,? ,? ,? ,? ,? ,? ,? ,? ,? ,? ,? ,? ,? ,? )}
 PARAM NAME : [action_type]   VAL : [SELECT]
 PARAM NAME : [dbo]   VAL : [SABOK26]
 PARAM NAME : [corp_cd]   VAL : [SABOK26]
 PARAM NAME : [sys_reg_id]   VAL : [2014031704]
2020-03-01 19:27:34 오후 DEBUG [egovframework.cbiz.service.impl.CommDBDAO] {call PR_INSTB_EMPL01 (? ,? ,? ,? ,? ,? ,? ,? ,? ,? ,? ,? ,? ,? ,? ,? ,? ,? ,? ,? ,? ,? ,? ,? ,? ,? ,? ,? ,? ,? ,? ,? ,? )}
 PARAM NAME : [action_type]   VAL : [SELECT]
 PARAM NAME : [dbo]   VAL : [SABOK26]
 PARAM NAME : [empl_no]   VAL : [2014031704]
 PARAM NAME : [connect_ip]   VAL : [1.234.146.63]
 PARAM NAME : [sys_reg_id]   VAL : [2014031704]
2020-03-01 19:27:34 오후 DEBUG [egovframework.cbiz.service.impl.CommDBDAO] {call PR_COMTB_NOTI01_LIST (? ,? ,? ,? ,? ,? ,? ,? ,? ,? ,? ,? ,? ,? ,? )}
 PARAM NAME : [action_type]   VAL : [LIST002]
 PARAM NAME : [dbo]   VAL : [SABOK26]
2020-03-01 19:27:34 오후 DEBUG [egovframework.cbiz.service.impl.CommDBDAO] {call PR_COMTB_MESG02 (? ,? ,? ,? ,? ,? ,? ,? ,? ,? ,? ,? ,? ,? )}
 PARAM NAME : [action_type]   VAL : [SELECT_RECEIVE_COUNT]
 PARAM NAME : [dbo]   VAL : [SABOK26]
 PARAM NAME : [sign_empl_no]   VAL : [2014031704]
 PARAM NAME : [sys_reg_id]   VAL : [2014031704]
2020-03-01 19:27:34 오후 DEBUG [egovframework.cbiz.service.impl.CommDBDAO] {call PR_COMTB_MESG01_LIST (? ,? ,? ,? ,? ,? ,? ,? ,? ,? ,? ,? ,? ,? ,? )}
 PARAM NAME : [action_type]   VAL : [LIST001]
 PARAM NAME : [dbo]   VAL : [SABOK26]
 PARAM NAME : [param01]   VAL : [2014031704]
 PARAM NAME : [param07]   VAL : [1,2]
2020-03-01 19:27:34 오후 DEBUG [egovframework.cbiz.service.impl.CommDBDAO] {call PR_BOKTB_MAST01_LIST (? ,? ,? ,? ,? ,? ,? ,? ,? ,? ,? ,? ,? ,? ,? )}
 PARAM NAME : [action_type]   VAL : [LIST004]
 PARAM NAME : [dbo]   VAL : [SABOK26]
 PARAM NAME : [param01]   VAL : [2014031704]
 PARAM NAME : [param07]   VAL : [1,2]
2020-03-01 19:27:34 오후 DEBUG [egovframework.cbiz.service.impl.CommDBDAO] {call PR_SYSTB_MEMO01_LIST (? ,? ,? ,? ,? ,? ,? ,? ,? ,? ,? ,? ,? ,? ,? )}
 PARAM NAME : [action_type]   VAL : [LIST002]
 PARAM NAME : [dbo]   VAL : [SABOK26]
 PARAM NAME : [param01]   VAL : [2014031704]
 PARAM NAME : [param02]   VAL : [202003]
 PARAM NAME : [param07]   VAL : [1,2]
2020-03-01 19:27:34 오후 DEBUG [egovframework.cbiz.service.impl.CommDBDAO] {call PR_SYSTB_DATE01 (? ,? ,? ,? ,? ,? ,? ,? )}
 PARAM NAME : [action_type]   VAL : [SELECT_WEEKLY]
 PARAM NAME : [dbo]   VAL : [SABOK26]
 PARAM NAME : [sys_ymd]   VAL : [20200301]
 PARAM NAME : [sys_reg_id]   VAL : [2014031704]
2020-03-01 19:27:35 오후 DEBUG [egovframework.cbiz.service.impl.CommDBDAO] {call PR_BUDTB_CODE01_LIST (? ,? ,? ,? ,? ,? ,? ,? ,? ,? ,? ,? ,? ,? ,? )}
 PARAM NAME : [action_type]   VAL : [LIST001]
 PARAM NAME : [dbo]   VAL : [SABOK26]
2020-03-01 19:27:39 오후 DEBUG [egovframework.cbiz.service.impl.CommDBDAO] {call PR_INSTB_EMPL01_LIST (? ,? ,? ,? ,? ,? ,? ,? ,? ,? ,? ,? ,? ,? ,? )}
 PARAM NAME : [action_type]   VAL : [LIST001]
 PARAM NAME : [dbo]   VAL : [SABOK26]
 PARAM NAME : [param06]   VAL : [2014031704]
2020-03-01 19:27:39 오후 DEBUG [egovframework.cbiz.service.impl.CommDBDAO] {call PR_COMTB_CODE02_LIST (? ,? ,? ,? ,? ,? ,? ,? ,? ,? ,? ,? ,? ,? )}
 PARAM NAME : [action_type]   VAL : [LISTCODE]
 PARAM NAME : [param01]   VAL : [empl_class@SABOK26]
2020-03-01 19:27:39 오후 DEBUG [egovframework.cbiz.service.impl.CommDBDAO] {call PR_INSTB_DEPT01_LIST (? ,? ,? ,? ,? ,? ,? ,? ,? ,? ,? ,? ,? ,? ,? )}
 PARAM NAME : [action_type]   VAL : [LISTCODE]
 PARAM NAME : [dbo]   VAL : [SABOK26]
2020-03-01 19:27:39 오후 DEBUG [egovframework.cbiz.service.impl.CommDBDAO] {call PR_INSTB_EMPL01 (? ,? ,? ,? ,? ,? ,? ,? ,? ,? ,? ,? ,? ,? ,? ,? ,? ,? ,? ,? ,? ,? ,? ,? ,? ,? ,? ,? ,? ,? ,? ,? ,? )}
 PARAM NAME : [action_type]   VAL : [SELECT]
 PARAM NAME : [dbo]   VAL : [SABOK26]
 PARAM NAME : [empl_no]   VAL : [2014031704]
 PARAM NAME : [connect_ip]   VAL : [1.234.146.63]
 PARAM NAME : [sys_reg_id]   VAL : [2014031704]
2020-03-01 19:27:41 오후 DEBUG [egovframework.cbiz.service.impl.CommDBDAO] {call PR_BOKTB_MAST01_LIST (? ,? ,? ,? ,? ,? ,? ,? ,? ,? ,? ,? ,? ,? ,? )}
 PARAM NAME : [action_type]   VAL : [LIST001]
 PARAM NAME : [dbo]   VAL : [SABOK26]
 PARAM NAME : [param01]   VAL : [S00200]
 PARAM NAME : [param06]   VAL : [2014031704]
2020-03-01 19:27:41 오후 DEBUG [egovframework.cbiz.service.impl.CommDBDAO] {call PR_COMTB_CODE02_LIST (? ,? ,? ,? ,? ,? ,? ,? ,? ,? ,? ,? ,? ,? )}
 PARAM NAME : [action_type]   VAL : [LISTCODE]
 PARAM NAME : [param01]   VAL : [sign_status]
2020-03-01 19:27:41 오후 DEBUG [egovframework.cbiz.service.impl.CommDBDAO] {call PR_BUDTB_CODE01 (? ,? ,? ,? ,? ,? ,? ,? ,? ,? ,? ,? ,? )}
 PARAM NAME : [action_type]   VAL : [SELECT]
 PARAM NAME : [dbo]   VAL : [SABOK26]
 PARAM NAME : [bugt_cd]   VAL : [S00200]
 PARAM NAME : [sys_reg_id]   VAL : [2014031704]
2020-03-01 19:27:41 오후 DEBUG [egovframework.cbiz.service.impl.CommDBDAO] {call PR_INSTB_EMPL01 (? ,? ,? ,? ,? ,? ,? ,? ,? ,? ,? ,? ,? ,? ,? ,? ,? ,? ,? ,? ,? ,? ,? ,? ,? ,? ,? ,? ,? ,? ,? ,? ,? )}
 PARAM NAME : [action_type]   VAL : [SELECT]
 PARAM NAME : [dbo]   VAL : [SABOK26]
 PARAM NAME : [empl_no]   VAL : [2014031704]
 PARAM NAME : [connect_ip]   VAL : [1.234.146.63]
 PARAM NAME : [sys_reg_id]   VAL : [2014031704]
2020-03-01 19:27:42 오후 DEBUG [egovframework.cbiz.service.impl.CommDBDAO] {call PR_COMTB_CODE02_LIST (? ,? ,? ,? ,? ,? ,? ,? ,? ,? ,? ,? ,? ,? )}
 PARAM NAME : [action_type]   VAL : [MULTCODE]
 PARAM NAME : [param01]   VAL : [family_rel_cd|bank_cd@@@@A|]
2020-03-01 19:34:31 오후 DEBUG [egovframework.cbiz.service.impl.CommDBDAO] {call PR_BOKTB_MAST01 (? ,? ,? ,? ,? ,? ,? ,? ,? ,? ,? ,? ,? ,? ,? ,? ,? ,? ,? ,? ,? ,? ,? ,? ,? ,? ,? ,? ,? )}
 PARAM NAME : [action_type]   VAL : [INSERT]
 PARAM NAME : [dbo]   VAL : [SABOK26]
 PARAM NAME : [empl_no]   VAL : [2014031704]
 PARAM NAME : [bugt_cd]   VAL : [S00200]
 PARAM NAME : [apply_ymd]   VAL : [20200228]
 PARAM NAME : [apply_amt]   VAL : [893850]
 PARAM NAME : [data01]   VAL : [00]
 PARAM NAME : [data02]   VAL : [김동욱]
 PARAM NAME : [data04]   VAL : [분당서울대병원]
 PARAM NAME : [data06]   VAL : [삼차신경통]
 PARAM NAME : [data08]   VAL : [20200107]
 PARAM NAME : [data09]   VAL : [20200110]
 PARAM NAME : [data10]   VAL : [4]
 PARAM NAME : [data11]   VAL : [1287930]
 PARAM NAME : [bank_cd]   VAL : [304]
 PARAM NAME : [account_no]   VAL : [1002-932-531785]
 PARAM NAME : [account_owner]   VAL : [김동욱]
 PARAM NAME : [sys_reg_id]   VAL : [2014031704]
2020-03-01 19:34:32 오후 DEBUG [egovframework.cbiz.service.impl.CommDBDAO] {call PR_AUTO_SLIP (? ,? ,? ,? ,? ,? ,? ,? ,? ,? ,? )}
 PARAM NAME : [action_type]   VAL : [BOKTB_MAST01]
 PARAM NAME : [dbo]   VAL : [SABOK26]
 PARAM NAME : [search_key]   VAL : [2020030001]
 PARAM NAME : [account_no]   VAL : [1002-932-531785]
 PARAM NAME : [sys_reg_id]   VAL : [2014031704]
2020-03-01 19:34:32 오후 DEBUG [egovframework.cbiz.service.impl.CommDBDAO] {call PR_BOKTB_MAST01_LIST (? ,? ,? ,? ,? ,? ,? ,? ,? ,? ,? ,? ,? ,? ,? )}
 PARAM NAME : [action_type]   VAL : [LIST001]
 PARAM NAME : [dbo]   VAL : [SABOK26]
 PARAM NAME : [param01]   VAL : [S00200]
 PARAM NAME : [param04]   VAL : [1]
 PARAM NAME : [param06]   VAL : [2014031704]
2020-03-01 19:34:32 오후 DEBUG [egovframework.cbiz.service.impl.CommDBDAO] {call PR_BOKTB_MAST01 (? ,? ,? ,? ,? ,? ,? ,? ,? ,? ,? ,? ,? ,? ,? ,? ,? ,? ,? ,? ,? ,? ,? ,? ,? ,? ,? ,? ,? )}
 PARAM NAME : [action_type]   VAL : [SELECT]
 PARAM NAME : [dbo]   VAL : [SABOK26]
 PARAM NAME : [apply_no]   VAL : [2020030001]
 PARAM NAME : [bugt_cd]   VAL : [S00200]
 PARAM NAME : [sys_reg_id]   VAL : [2014031704]
2020-03-01 19:34:36 오후 DEBUG [egovframework.cbiz.service.impl.CommDBDAO] {call PR_BOKTB_MAST01 (? ,? ,? ,? ,? ,? ,? ,? ,? ,? ,? ,? ,? ,? ,? ,? ,? ,? ,? ,? ,? ,? ,? ,? ,? ,? ,? ,? ,? )}
 PARAM NAME : [action_type]   VAL : [SELECT]
 PARAM NAME : [dbo]   VAL : [SABOK26]
 PARAM NAME : [apply_no]   VAL : [2020030001]
 PARAM NAME : [bugt_cd]   VAL : [S00200]
 PARAM NAME : [sys_reg_id]   VAL : [2014031704]
2020-03-01 19:34:36 오후 DEBUG [egovframework.cbiz.service.impl.CommDBDAO] {call PR_BOKTB_MAST01 (? ,? ,? ,? ,? ,? ,? ,? ,? ,? ,? ,? ,? ,? ,? ,? ,? ,? ,? ,? ,? ,? ,? ,? ,? ,? ,? ,? ,? )}
 PARAM NAME : [action_type]   VAL : [SELECT]
 PARAM NAME : [dbo]   VAL : [SABOK26]
 PARAM NAME : [apply_no]   VAL : [2020030001]
 PARAM NAME : [bugt_cd]   VAL : [S00200]
 PARAM NAME : [sys_reg_id]   VAL : [2014031704]
2020-03-01 19:36:26 오후 DEBUG [egovframework.cbiz.service.impl.CommDBDAO] {call PR_COMTB_MESG01 (? ,? ,? ,? ,? ,? ,? ,? ,? ,? ,? ,? ,? ,? ,? ,? ,? ,? ,? )}
 PARAM NAME : [action_type]   VAL : [SIGN_REQUEST]
 PARAM NAME : [dbo]   VAL : [SABOK26]
 PARAM NAME : [msg_type]   VAL : [SLP002]
 PARAM NAME : [search_key]   VAL : [ACCTB_SLIP01|20200228S0002|2020030001|S00200]
 PARAM NAME : [subject]   VAL : [의료비 신청(김동욱)]
 PARAM NAME : [send_empl_no]   VAL : [2014031704]
 PARAM NAME : [opinion]   VAL : [의료비 신청(김동욱)<br>- 신청일자 : 2020년 2월 28일<div>- 신청금액 : 893,850원<br>- 비고 : 의료비를 신청합니다</div><p><br></p>]
 PARAM NAME : [open_scope]   VAL : [1]
 PARAM NAME : [sys_reg_id]   VAL : [2014031704]
2020-03-01 19:36:26 오후 DEBUG [egovframework.cbiz.service.impl.CommDBDAO] {call PR_COMTB_FILE01 (? ,? ,? ,? ,? ,? ,? ,? ,? ,? ,? ,? )}
 PARAM NAME : [action_type]   VAL : [INSERT]
 PARAM NAME : [file_nm]   VAL : [입원비 영수증_김동욱_2020년 1월.pdf]
 PARAM NAME : [file_path]   VAL : [20200301193626485_0_202003010001.pdf]
 PARAM NAME : [file_type]   VAL : [pdf]
 PARAM NAME : [file_size]   VAL : [485924]
 PARAM NAME : [ref_table]   VAL : [SABOK26.COMTB_MESG01]
 PARAM NAME : [ref_pk]   VAL : [202003010001]
 PARAM NAME : [sys_reg_id]   VAL : [2014031704]
2020-03-01 19:36:26 오후 DEBUG [egovframework.cbiz.service.impl.CommDBDAO] {call PR_COMTB_FILE01 (? ,? ,? ,? ,? ,? ,? ,? ,? ,? ,? ,? )}
 PARAM NAME : [action_type]   VAL : [INSERT]
 PARAM NAME : [file_nm]   VAL : [입퇴원사실 확인서_김동욱_2020년 1월.pdf]
 PARAM NAME : [file_path]   VAL : [20200301193626578_1_202003010001.pdf]
 PARAM NAME : [file_type]   VAL : [pdf]
 PARAM NAME : [file_size]   VAL : [230308]
 PARAM NAME : [ref_table]   VAL : [SABOK26.COMTB_MESG01]
 PARAM NAME : [ref_pk]   VAL : [202003010001]
 PARAM NAME : [sys_reg_id]   VAL : [2014031704]
2020-03-01 19:36:26 오후 DEBUG [egovframework.cbiz.service.impl.CommDBDAO] {call PR_COMTB_FILE01 (? ,? ,? ,? ,? ,? ,? ,? ,? ,? ,? ,? )}
 PARAM NAME : [action_type]   VAL : [INSERT]
 PARAM NAME : [file_nm]   VAL : [진단서_김동욱_2020년 1월.pdf]
 PARAM NAME : [file_path]   VAL : [20200301193626578_2_202003010001.pdf]
 PARAM NAME : [file_type]   VAL : [pdf]
 PARAM NAME : [file_size]   VAL : [238730]
 PARAM NAME : [ref_table]   VAL : [SABOK26.COMTB_MESG01]
 PARAM NAME : [ref_pk]   VAL : [202003010001]
 PARAM NAME : [sys_reg_id]   VAL : [2014031704]
2020-03-01 19:36:26 오후 DEBUG [egovframework.cbiz.service.impl.CommDBDAO] {call PR_BOKTB_MAST01_LIST (? ,? ,? ,? ,? ,? ,? ,? ,? ,? ,? ,? ,? ,? ,? )}
 PARAM NAME : [action_type]   VAL : [LIST001]
 PARAM NAME : [dbo]   VAL : [SABOK26]
 PARAM NAME : [param01]   VAL : [S00200]
 PARAM NAME : [param04]   VAL : [1]
 PARAM NAME : [param06]   VAL : [2014031704]
2020-03-01 19:36:26 오후 DEBUG [egovframework.cbiz.service.impl.CommDBDAO] {call PR_BOKTB_MAST01 (? ,? ,? ,? ,? ,? ,? ,? ,? ,? ,? ,? ,? ,? ,? ,? ,? ,? ,? ,? ,? ,? ,? ,? ,? ,? ,? ,? ,? )}
 PARAM NAME : [action_type]   VAL : [SELECT]
 PARAM NAME : [dbo]   VAL : [SABOK26]
 PARAM NAME : [apply_no]   VAL : [2020030001]
 PARAM NAME : [bugt_cd]   VAL : [S00200]
 PARAM NAME : [sys_reg_id]   VAL : [2014031704]
2020-03-01 19:36:55 오후 DEBUG [egovframework.cbiz.service.impl.CommDBDAO] {call PR_COMTB_MESG01 (? ,? ,? ,? ,? ,? ,? ,? ,? ,? ,? ,? ,? ,? ,? ,? ,? ,? ,? )}
 PARAM NAME : [action_type]   VAL : [SELECT]
 PARAM NAME : [dbo]   VAL : [SABOK26]
 PARAM NAME : [msg_type]   VAL : [SLP002]
 PARAM NAME : [search_key]   VAL : [ACCTB_SLIP01|20200228S0002|2020030001|S00200]
 PARAM NAME : [sys_reg_id]   VAL : [2014031704]
2020-03-01 19:36:55 오후 DEBUG [egovframework.cbiz.service.impl.CommDBDAO] {call PR_COMTB_MESG02_LIST (? ,? ,? ,? ,? ,? ,? ,? ,? ,? ,? ,? ,? ,? ,? )}
 PARAM NAME : [action_type]   VAL : [LIST001]
 PARAM NAME : [dbo]   VAL : [SABOK26]
 PARAM NAME : [param01]   VAL : [202003010001]
