2020-06-05 15:07:15 오후 DEBUG [egovframework.cbiz.service.impl.CommDBDAO] {call PR_COMTB_NOTI01_LIST (? ,? ,? ,? ,? ,? ,? ,? ,? ,? ,? ,? ,? ,? ,? )}
 PARAM NAME : [action_type]   VAL : [LIST002]
2020-06-05 15:45:00 오후 DEBUG [egovframework.cbiz.service.impl.CommDBDAO] {call PR_COMTB_NOTI01_LIST (? ,? ,? ,? ,? ,? ,? ,? ,? ,? ,? ,? ,? ,? ,? )}
 PARAM NAME : [action_type]   VAL : [LIST002]
2020-06-05 15:45:14 오후 DEBUG [egovframework.cbiz.service.impl.CommDBDAO] {call PR_INSTB_EMPL01 (? ,? ,? ,? ,? ,? ,? ,? ,? ,? ,? ,? ,? ,? ,? ,? ,? ,? ,? ,? ,? ,? ,? ,? ,? ,? ,? ,? ,? ,? ,? ,? ,? )}
 PARAM NAME : [action_type]   VAL : [SELECT_LOGIN]
 PARAM NAME : [dbo]   VAL : [SABOK10]
 PARAM NAME : [user_id]   VAL : [82132094]
 PARAM NAME : [pswd]   VAL : [82132094]
 PARAM NAME : [connect_ip]   VAL : [59.20.49.174]
2020-06-05 15:45:14 오후 DEBUG [egovframework.cbiz.service.impl.CommDBDAO] {call PR_INSTB_EMPL01 (? ,? ,? ,? ,? ,? ,? ,? ,? ,? ,? ,? ,? ,? ,? ,? ,? ,? ,? ,? ,? ,? ,? ,? ,? ,? ,? ,? ,? ,? ,? ,? ,? )}
 PARAM NAME : [action_type]   VAL : [UPDATE_CNT]
 PARAM NAME : [dbo]   VAL : [SABOK10]
 PARAM NAME : [empl_no]   VAL : [82132094]
 PARAM NAME : [user_id]   VAL : [82132094]
 PARAM NAME : [pswd]   VAL : [82132094]
 PARAM NAME : [connect_ip]   VAL : [59.20.49.174]
2020-06-05 15:45:14 오후 DEBUG [egovframework.cbiz.service.impl.CommDBDAO] {call PR_SYSTB_DATE01 (? ,? ,? ,? ,? ,? ,? ,? )}
 PARAM NAME : [action_type]   VAL : [UPDATE_CNT]
 PARAM NAME : [dbo]   VAL : [SABOK10]
2020-06-05 15:45:15 오후 DEBUG [egovframework.cbiz.service.impl.CommDBDAO] {call PR_SYSTB_MENU01_LIST (? ,? ,? ,? ,? ,? ,? ,? ,? ,? ,? ,? ,? ,? ,? )}
 PARAM NAME : [action_type]   VAL : [LIST001]
 PARAM NAME : [dbo]   VAL : [SABOK10]
 PARAM NAME : [param01]   VAL : [82132094]
2020-06-05 15:45:16 오후 DEBUG [egovframework.cbiz.service.impl.CommDBDAO] {call PR_COMTB_CORP01 (? ,? ,? ,? ,? ,? ,? ,? ,? ,? ,? ,? ,? ,? ,? ,? ,? ,? ,? ,? ,? ,? ,? ,? ,? ,? ,? ,? ,? ,? ,? ,? ,? ,? ,? ,? ,? ,? ,? ,? ,? ,? ,? ,? ,? ,? ,? ,? ,? ,? ,? ,? ,? ,? ,? ,? ,? )}
 PARAM NAME : [action_type]   VAL : [SELECT]
 PARAM NAME : [dbo]   VAL : [SABOK10]
 PARAM NAME : [corp_cd]   VAL : [SABOK10]
 PARAM NAME : [sys_reg_id]   VAL : [82132094]
2020-06-05 15:45:16 오후 DEBUG [egovframework.cbiz.service.impl.CommDBDAO] {call PR_INSTB_EMPL01 (? ,? ,? ,? ,? ,? ,? ,? ,? ,? ,? ,? ,? ,? ,? ,? ,? ,? ,? ,? ,? ,? ,? ,? ,? ,? ,? ,? ,? ,? ,? ,? ,? )}
 PARAM NAME : [action_type]   VAL : [SELECT]
 PARAM NAME : [dbo]   VAL : [SABOK10]
 PARAM NAME : [empl_no]   VAL : [82132094]
 PARAM NAME : [connect_ip]   VAL : [59.20.49.174]
 PARAM NAME : [sys_reg_id]   VAL : [82132094]
2020-06-05 15:45:16 오후 DEBUG [egovframework.cbiz.service.impl.CommDBDAO] {call PR_COMTB_NOTI01_LIST (? ,? ,? ,? ,? ,? ,? ,? ,? ,? ,? ,? ,? ,? ,? )}
 PARAM NAME : [action_type]   VAL : [LIST002]
 PARAM NAME : [dbo]   VAL : [SABOK10]
2020-06-05 15:45:16 오후 DEBUG [egovframework.cbiz.service.impl.CommDBDAO] {call PR_COMTB_MESG02 (? ,? ,? ,? ,? ,? ,? ,? ,? ,? ,? ,? ,? ,? )}
 PARAM NAME : [action_type]   VAL : [SELECT_RECEIVE_COUNT]
 PARAM NAME : [dbo]   VAL : [SABOK10]
 PARAM NAME : [sign_empl_no]   VAL : [82132094]
 PARAM NAME : [sys_reg_id]   VAL : [82132094]
2020-06-05 15:45:16 오후 DEBUG [egovframework.cbiz.service.impl.CommDBDAO] {call PR_COMTB_MESG01_LIST (? ,? ,? ,? ,? ,? ,? ,? ,? ,? ,? ,? ,? ,? ,? )}
 PARAM NAME : [action_type]   VAL : [LIST001]
 PARAM NAME : [dbo]   VAL : [SABOK10]
 PARAM NAME : [param01]   VAL : [82132094]
 PARAM NAME : [param07]   VAL : [1,2]
2020-06-05 15:45:16 오후 DEBUG [egovframework.cbiz.service.impl.CommDBDAO] {call PR_BOKTB_MAST01_LIST (? ,? ,? ,? ,? ,? ,? ,? ,? ,? ,? ,? ,? ,? ,? )}
 PARAM NAME : [action_type]   VAL : [LIST004]
 PARAM NAME : [dbo]   VAL : [SABOK10]
 PARAM NAME : [param01]   VAL : [82132094]
 PARAM NAME : [param07]   VAL : [1,2]
2020-06-05 15:45:17 오후 DEBUG [egovframework.cbiz.service.impl.CommDBDAO] {call PR_SYSTB_MEMO01_LIST (? ,? ,? ,? ,? ,? ,? ,? ,? ,? ,? ,? ,? ,? ,? )}
 PARAM NAME : [action_type]   VAL : [LIST002]
 PARAM NAME : [dbo]   VAL : [SABOK10]
 PARAM NAME : [param01]   VAL : [82132094]
 PARAM NAME : [param02]   VAL : [202006]
 PARAM NAME : [param07]   VAL : [1,2]
2020-06-05 15:45:17 오후 DEBUG [egovframework.cbiz.service.impl.CommDBDAO] {call PR_SYSTB_DATE01 (? ,? ,? ,? ,? ,? ,? ,? )}
 PARAM NAME : [action_type]   VAL : [SELECT_WEEKLY]
 PARAM NAME : [dbo]   VAL : [SABOK10]
 PARAM NAME : [sys_ymd]   VAL : [20200605]
 PARAM NAME : [sys_reg_id]   VAL : [82132094]
2020-06-05 15:45:18 오후 DEBUG [egovframework.cbiz.service.impl.CommDBDAO] {call PR_BUDTB_CODE01_LIST (? ,? ,? ,? ,? ,? ,? ,? ,? ,? ,? ,? ,? ,? ,? )}
 PARAM NAME : [action_type]   VAL : [LIST001]
 PARAM NAME : [dbo]   VAL : [SABOK10]
2020-06-05 15:45:44 오후 DEBUG [egovframework.cbiz.service.impl.CommDBDAO] {call PR_BOKTB_MAST01_LIST (? ,? ,? ,? ,? ,? ,? ,? ,? ,? ,? ,? ,? ,? ,? )}
 PARAM NAME : [action_type]   VAL : [LIST001]
 PARAM NAME : [dbo]   VAL : [SABOK10]
 PARAM NAME : [param01]   VAL : [S00300]
 PARAM NAME : [param06]   VAL : [82132094]
2020-06-05 15:45:45 오후 DEBUG [egovframework.cbiz.service.impl.CommDBDAO] {call PR_COMTB_CODE02_LIST (? ,? ,? ,? ,? ,? ,? ,? ,? ,? ,? ,? ,? ,? )}
 PARAM NAME : [action_type]   VAL : [LISTCODE]
 PARAM NAME : [param01]   VAL : [sign_status]
2020-06-05 15:45:45 오후 DEBUG [egovframework.cbiz.service.impl.CommDBDAO] {call PR_BUDTB_CODE01 (? ,? ,? ,? ,? ,? ,? ,? ,? ,? ,? ,? ,? )}
 PARAM NAME : [action_type]   VAL : [SELECT]
 PARAM NAME : [dbo]   VAL : [SABOK10]
 PARAM NAME : [bugt_cd]   VAL : [S00300]
 PARAM NAME : [sys_reg_id]   VAL : [82132094]
2020-06-05 15:45:45 오후 DEBUG [egovframework.cbiz.service.impl.CommDBDAO] {call PR_INSTB_EMPL01 (? ,? ,? ,? ,? ,? ,? ,? ,? ,? ,? ,? ,? ,? ,? ,? ,? ,? ,? ,? ,? ,? ,? ,? ,? ,? ,? ,? ,? ,? ,? ,? ,? )}
 PARAM NAME : [action_type]   VAL : [SELECT]
 PARAM NAME : [dbo]   VAL : [SABOK10]
 PARAM NAME : [empl_no]   VAL : [82132094]
 PARAM NAME : [connect_ip]   VAL : [59.20.49.174]
 PARAM NAME : [sys_reg_id]   VAL : [82132094]
2020-06-05 15:45:46 오후 DEBUG [egovframework.cbiz.service.impl.CommDBDAO] {call PR_COMTB_CODE02_LIST (? ,? ,? ,? ,? ,? ,? ,? ,? ,? ,? ,? ,? ,? )}
 PARAM NAME : [action_type]   VAL : [MULTCODE]
 PARAM NAME : [param01]   VAL : [school_flag|bank_cd@@@@A||bank_cd@@@@C|family_rel_cd|]
2020-06-05 15:45:46 오후 DEBUG [egovframework.cbiz.service.impl.CommDBDAO] {call PR_INSTB_EMPL12_LIST (? ,? ,? ,? ,? ,? ,? ,? ,? ,? ,? ,? ,? ,? ,? )}
 PARAM NAME : [action_type]   VAL : [LISTCODE]
 PARAM NAME : [dbo]   VAL : [SABOK10]
 PARAM NAME : [param01]   VAL : [82132094]
 PARAM NAME : [param02]   VAL : [00]
2020-06-05 15:47:08 오후 DEBUG [egovframework.cbiz.service.impl.CommDBDAO] {call PR_BOKTB_MAST01 (? ,? ,? ,? ,? ,? ,? ,? ,? ,? ,? ,? ,? ,? ,? ,? ,? ,? ,? ,? ,? ,? ,? ,? ,? ,? ,? ,? ,? )}
 PARAM NAME : [action_type]   VAL : [INSERT]
 PARAM NAME : [dbo]   VAL : [SABOK10]
 PARAM NAME : [empl_no]   VAL : [82132094]
 PARAM NAME : [bugt_cd]   VAL : [S00300]
 PARAM NAME : [apply_ymd]   VAL : [20200605]
 PARAM NAME : [apply_amt]   VAL : [825780]
 PARAM NAME : [data01]   VAL : [40]
 PARAM NAME : [data02]   VAL : [윤유진]
 PARAM NAME : [data03]   VAL : [0406254904123]
 PARAM NAME : [data04]   VAL : [성광여자]
 PARAM NAME : [data05]   VAL : [4]
 PARAM NAME : [data07]   VAL : [1]
 PARAM NAME : [bank_cd]   VAL : [306]
 PARAM NAME : [account_no]   VAL : [85180201111837]
 PARAM NAME : [account_owner]   VAL : [윤성룡]
 PARAM NAME : [sys_reg_id]   VAL : [82132094]
2020-06-05 15:47:09 오후 DEBUG [egovframework.cbiz.service.impl.CommDBDAO] {call PR_AUTO_SLIP (? ,? ,? ,? ,? ,? ,? ,? ,? ,? ,? )}
 PARAM NAME : [action_type]   VAL : [BOKTB_MAST01]
 PARAM NAME : [dbo]   VAL : [SABOK10]
 PARAM NAME : [search_key]   VAL : [2020060002]
 PARAM NAME : [account_no]   VAL : [85180201111837]
 PARAM NAME : [sys_reg_id]   VAL : [82132094]
2020-06-05 15:47:09 오후 DEBUG [egovframework.cbiz.service.impl.CommDBDAO] {call PR_BOKTB_MAST01_LIST (? ,? ,? ,? ,? ,? ,? ,? ,? ,? ,? ,? ,? ,? ,? )}
 PARAM NAME : [action_type]   VAL : [LIST001]
 PARAM NAME : [dbo]   VAL : [SABOK10]
 PARAM NAME : [param01]   VAL : [S00300]
 PARAM NAME : [param04]   VAL : [1]
 PARAM NAME : [param06]   VAL : [82132094]
2020-06-05 15:47:15 오후 DEBUG [egovframework.cbiz.service.impl.CommDBDAO] {call PR_BOKTB_MAST01 (? ,? ,? ,? ,? ,? ,? ,? ,? ,? ,? ,? ,? ,? ,? ,? ,? ,? ,? ,? ,? ,? ,? ,? ,? ,? ,? ,? ,? )}
 PARAM NAME : [action_type]   VAL : [SELECT]
 PARAM NAME : [dbo]   VAL : [SABOK10]
 PARAM NAME : [apply_no]   VAL : [2020060002]
 PARAM NAME : [bugt_cd]   VAL : [S00300]
 PARAM NAME : [sys_reg_id]   VAL : [82132094]
2020-06-05 15:47:15 오후 DEBUG [egovframework.cbiz.service.impl.CommDBDAO] {call PR_BOKTB_MAST01 (? ,? ,? ,? ,? ,? ,? ,? ,? ,? ,? ,? ,? ,? ,? ,? ,? ,? ,? ,? ,? ,? ,? ,? ,? ,? ,? ,? ,? )}
 PARAM NAME : [action_type]   VAL : [SELECT]
 PARAM NAME : [dbo]   VAL : [SABOK10]
 PARAM NAME : [apply_no]   VAL : [2020060002]
 PARAM NAME : [bugt_cd]   VAL : [S00300]
 PARAM NAME : [sys_reg_id]   VAL : [82132094]
2020-06-05 15:47:59 오후 DEBUG [egovframework.cbiz.service.impl.CommDBDAO] {call PR_COMTB_MESG01 (? ,? ,? ,? ,? ,? ,? ,? ,? ,? ,? ,? ,? ,? ,? ,? ,? ,? ,? )}
 PARAM NAME : [action_type]   VAL : [SIGN_REQUEST]
 PARAM NAME : [dbo]   VAL : [SABOK10]
 PARAM NAME : [msg_type]   VAL : [SLP002]
 PARAM NAME : [search_key]   VAL : [ACCTB_SLIP01|20200605S0001|2020060002|S00300]
 PARAM NAME : [subject]   VAL : [학자금 신청(윤성룡)]
 PARAM NAME : [send_empl_no]   VAL : [82132094]
 PARAM NAME : [opinion]   VAL : [학자금 신청(윤성룡)<br>- 신청일자 : 2020-06-05<br>- 신청금액 : 825,780원<br>- 비고 : ]
 PARAM NAME : [open_scope]   VAL : [4]
 PARAM NAME : [sys_reg_id]   VAL : [82132094]
2020-06-05 15:47:59 오후 DEBUG [egovframework.cbiz.service.impl.CommDBDAO] {call PR_COMTB_FILE01 (? ,? ,? ,? ,? ,? ,? ,? ,? ,? ,? ,? )}
 PARAM NAME : [action_type]   VAL : [INSERT]
 PARAM NAME : [file_nm]   VAL : [사내근로복지기금_윤유진2020_1&2Q공납금.pdf]
 PARAM NAME : [file_path]   VAL : [20200605154759438_0_202006050001.pdf]
 PARAM NAME : [file_type]   VAL : [pdf]
 PARAM NAME : [file_size]   VAL : [73677]
 PARAM NAME : [ref_table]   VAL : [SABOK10.COMTB_MESG01]
 PARAM NAME : [ref_pk]   VAL : [202006050001]
 PARAM NAME : [sys_reg_id]   VAL : [82132094]
2020-06-05 15:47:59 오후 DEBUG [egovframework.cbiz.service.impl.CommDBDAO] {call PR_BOKTB_MAST01_LIST (? ,? ,? ,? ,? ,? ,? ,? ,? ,? ,? ,? ,? ,? ,? )}
 PARAM NAME : [action_type]   VAL : [LIST001]
 PARAM NAME : [dbo]   VAL : [SABOK10]
 PARAM NAME : [param01]   VAL : [S00300]
 PARAM NAME : [param04]   VAL : [1]
 PARAM NAME : [param06]   VAL : [82132094]
2020-06-05 17:48:27 오후 DEBUG [egovframework.cbiz.service.impl.CommDBDAO] {call PR_COMTB_NOTI01_LIST (? ,? ,? ,? ,? ,? ,? ,? ,? ,? ,? ,? ,? ,? ,? )}
 PARAM NAME : [action_type]   VAL : [LIST002]
2020-06-05 18:21:27 오후 DEBUG [egovframework.cbiz.service.impl.CommDBDAO] {call PR_COMTB_NOTI01_LIST (? ,? ,? ,? ,? ,? ,? ,? ,? ,? ,? ,? ,? ,? ,? )}
 PARAM NAME : [action_type]   VAL : [LIST002]
2020-06-05 18:21:30 오후 DEBUG [egovframework.cbiz.service.impl.CommDBDAO] {call PR_INSTB_EMPL01 (? ,? ,? ,? ,? ,? ,? ,? ,? ,? ,? ,? ,? ,? ,? ,? ,? ,? ,? ,? ,? ,? ,? ,? ,? ,? ,? ,? ,? ,? ,? ,? ,? )}
 PARAM NAME : [action_type]   VAL : [SELECT_LOGIN]
 PARAM NAME : [dbo]   VAL : [SABOK06]
 PARAM NAME : [user_id]   VAL : [20190401]
 PARAM NAME : [pswd]   VAL : [20190401]
 PARAM NAME : [connect_ip]   VAL : [220.85.116.168]
2020-06-05 18:21:30 오후 DEBUG [egovframework.cbiz.service.impl.CommDBDAO] {call PR_INSTB_EMPL01 (? ,? ,? ,? ,? ,? ,? ,? ,? ,? ,? ,? ,? ,? ,? ,? ,? ,? ,? ,? ,? ,? ,? ,? ,? ,? ,? ,? ,? ,? ,? ,? ,? )}
 PARAM NAME : [action_type]   VAL : [UPDATE_CNT]
 PARAM NAME : [dbo]   VAL : [SABOK06]
 PARAM NAME : [empl_no]   VAL : [20190401]
 PARAM NAME : [user_id]   VAL : [20190401]
 PARAM NAME : [pswd]   VAL : [20190401]
 PARAM NAME : [connect_ip]   VAL : [220.85.116.168]
2020-06-05 18:21:30 오후 DEBUG [egovframework.cbiz.service.impl.CommDBDAO] {call PR_SYSTB_DATE01 (? ,? ,? ,? ,? ,? ,? ,? )}
 PARAM NAME : [action_type]   VAL : [UPDATE_CNT]
 PARAM NAME : [dbo]   VAL : [SABOK06]
2020-06-05 18:21:30 오후 DEBUG [egovframework.cbiz.service.impl.CommDBDAO] {call PR_SYSTB_MENU01_LIST (? ,? ,? ,? ,? ,? ,? ,? ,? ,? ,? ,? ,? ,? ,? )}
 PARAM NAME : [action_type]   VAL : [LIST001]
 PARAM NAME : [dbo]   VAL : [SABOK06]
 PARAM NAME : [param01]   VAL : [20190401]
2020-06-05 18:21:31 오후 DEBUG [egovframework.cbiz.service.impl.CommDBDAO] {call PR_COMTB_CORP01 (? ,? ,? ,? ,? ,? ,? ,? ,? ,? ,? ,? ,? ,? ,? ,? ,? ,? ,? ,? ,? ,? ,? ,? ,? ,? ,? ,? ,? ,? ,? ,? ,? ,? ,? ,? ,? ,? ,? ,? ,? ,? ,? ,? ,? ,? ,? ,? ,? ,? ,? ,? ,? ,? ,? ,? ,? )}
 PARAM NAME : [action_type]   VAL : [SELECT]
 PARAM NAME : [dbo]   VAL : [SABOK06]
 PARAM NAME : [corp_cd]   VAL : [SABOK06]
 PARAM NAME : [sys_reg_id]   VAL : [20190401]
2020-06-05 18:21:31 오후 DEBUG [egovframework.cbiz.service.impl.CommDBDAO] {call PR_INSTB_EMPL01 (? ,? ,? ,? ,? ,? ,? ,? ,? ,? ,? ,? ,? ,? ,? ,? ,? ,? ,? ,? ,? ,? ,? ,? ,? ,? ,? ,? ,? ,? ,? ,? ,? )}
 PARAM NAME : [action_type]   VAL : [SELECT]
 PARAM NAME : [dbo]   VAL : [SABOK06]
 PARAM NAME : [empl_no]   VAL : [20190401]
 PARAM NAME : [connect_ip]   VAL : [220.85.116.168]
 PARAM NAME : [sys_reg_id]   VAL : [20190401]
2020-06-05 18:21:31 오후 DEBUG [egovframework.cbiz.service.impl.CommDBDAO] {call PR_COMTB_NOTI01_LIST (? ,? ,? ,? ,? ,? ,? ,? ,? ,? ,? ,? ,? ,? ,? )}
 PARAM NAME : [action_type]   VAL : [LIST002]
 PARAM NAME : [dbo]   VAL : [SABOK06]
2020-06-05 18:21:31 오후 DEBUG [egovframework.cbiz.service.impl.CommDBDAO] {call PR_COMTB_MESG02 (? ,? ,? ,? ,? ,? ,? ,? ,? ,? ,? ,? ,? ,? )}
 PARAM NAME : [action_type]   VAL : [SELECT_RECEIVE_COUNT]
 PARAM NAME : [dbo]   VAL : [SABOK06]
 PARAM NAME : [sign_empl_no]   VAL : [20190401]
 PARAM NAME : [sys_reg_id]   VAL : [20190401]
2020-06-05 18:21:31 오후 DEBUG [egovframework.cbiz.service.impl.CommDBDAO] {call PR_COMTB_MESG01_LIST (? ,? ,? ,? ,? ,? ,? ,? ,? ,? ,? ,? ,? ,? ,? )}
 PARAM NAME : [action_type]   VAL : [LIST001]
 PARAM NAME : [dbo]   VAL : [SABOK06]
 PARAM NAME : [param01]   VAL : [20190401]
 PARAM NAME : [param07]   VAL : [1,2]
2020-06-05 18:21:31 오후 DEBUG [egovframework.cbiz.service.impl.CommDBDAO] {call PR_BOKTB_MAST01_LIST (? ,? ,? ,? ,? ,? ,? ,? ,? ,? ,? ,? ,? ,? ,? )}
 PARAM NAME : [action_type]   VAL : [LIST004]
 PARAM NAME : [dbo]   VAL : [SABOK06]
 PARAM NAME : [param01]   VAL : [20190401]
 PARAM NAME : [param07]   VAL : [1,2]
2020-06-05 18:21:31 오후 DEBUG [egovframework.cbiz.service.impl.CommDBDAO] {call PR_SYSTB_MEMO01_LIST (? ,? ,? ,? ,? ,? ,? ,? ,? ,? ,? ,? ,? ,? ,? )}
 PARAM NAME : [action_type]   VAL : [LIST002]
 PARAM NAME : [dbo]   VAL : [SABOK06]
 PARAM NAME : [param01]   VAL : [20190401]
 PARAM NAME : [param02]   VAL : [202006]
 PARAM NAME : [param07]   VAL : [1,2]
2020-06-05 18:21:31 오후 DEBUG [egovframework.cbiz.service.impl.CommDBDAO] {call PR_SYSTB_DATE01 (? ,? ,? ,? ,? ,? ,? ,? )}
 PARAM NAME : [action_type]   VAL : [SELECT_WEEKLY]
 PARAM NAME : [dbo]   VAL : [SABOK06]
 PARAM NAME : [sys_ymd]   VAL : [20200605]
 PARAM NAME : [sys_reg_id]   VAL : [20190401]
2020-06-05 18:21:32 오후 DEBUG [egovframework.cbiz.service.impl.CommDBDAO] {call PR_BUDTB_CODE01_LIST (? ,? ,? ,? ,? ,? ,? ,? ,? ,? ,? ,? ,? ,? ,? )}
 PARAM NAME : [action_type]   VAL : [LIST001]
 PARAM NAME : [dbo]   VAL : [SABOK06]
2020-06-05 18:21:34 오후 DEBUG [egovframework.cbiz.service.impl.CommDBDAO] {call PR_BOKTB_MAST01_LIST (? ,? ,? ,? ,? ,? ,? ,? ,? ,? ,? ,? ,? ,? ,? )}
 PARAM NAME : [action_type]   VAL : [LIST001]
 PARAM NAME : [dbo]   VAL : [SABOK06]
 PARAM NAME : [param01]   VAL : [S00400]
 PARAM NAME : [param06]   VAL : [20190401]
2020-06-05 18:21:34 오후 DEBUG [egovframework.cbiz.service.impl.CommDBDAO] {call PR_COMTB_CODE02_LIST (? ,? ,? ,? ,? ,? ,? ,? ,? ,? ,? ,? ,? ,? )}
 PARAM NAME : [action_type]   VAL : [LISTCODE]
 PARAM NAME : [param01]   VAL : [sign_status]
2020-06-05 18:21:34 오후 DEBUG [egovframework.cbiz.service.impl.CommDBDAO] {call PR_BUDTB_CODE01 (? ,? ,? ,? ,? ,? ,? ,? ,? ,? ,? ,? ,? )}
 PARAM NAME : [action_type]   VAL : [SELECT]
 PARAM NAME : [dbo]   VAL : [SABOK06]
 PARAM NAME : [bugt_cd]   VAL : [S00400]
 PARAM NAME : [sys_reg_id]   VAL : [20190401]
2020-06-05 18:21:34 오후 DEBUG [egovframework.cbiz.service.impl.CommDBDAO] {call PR_INSTB_EMPL01 (? ,? ,? ,? ,? ,? ,? ,? ,? ,? ,? ,? ,? ,? ,? ,? ,? ,? ,? ,? ,? ,? ,? ,? ,? ,? ,? ,? ,? ,? ,? ,? ,? )}
 PARAM NAME : [action_type]   VAL : [SELECT]
 PARAM NAME : [dbo]   VAL : [SABOK06]
 PARAM NAME : [empl_no]   VAL : [20190401]
 PARAM NAME : [connect_ip]   VAL : [220.85.116.168]
 PARAM NAME : [sys_reg_id]   VAL : [20190401]
2020-06-05 18:21:34 오후 DEBUG [egovframework.cbiz.service.impl.CommDBDAO] {call PR_COMTB_CODE02_LIST (? ,? ,? ,? ,? ,? ,? ,? ,? ,? ,? ,? ,? ,? )}
 PARAM NAME : [action_type]   VAL : [MULTCODE]
 PARAM NAME : [param01]   VAL : [tel_no|bank_cd@@@@A|]
2020-06-05 18:21:36 오후 DEBUG [egovframework.cbiz.service.impl.CommDBDAO] {call PR_BOKTB_MAST01_LIST (? ,? ,? ,? ,? ,? ,? ,? ,? ,? ,? ,? ,? ,? ,? )}
 PARAM NAME : [action_type]   VAL : [LIST001]
 PARAM NAME : [dbo]   VAL : [SABOK06]
 PARAM NAME : [param01]   VAL : [S02600]
 PARAM NAME : [param06]   VAL : [20190401]
2020-06-05 18:21:36 오후 DEBUG [egovframework.cbiz.service.impl.CommDBDAO] {call PR_COMTB_CODE02_LIST (? ,? ,? ,? ,? ,? ,? ,? ,? ,? ,? ,? ,? ,? )}
 PARAM NAME : [action_type]   VAL : [LISTCODE]
 PARAM NAME : [param01]   VAL : [sign_status]
2020-06-05 18:21:36 오후 DEBUG [egovframework.cbiz.service.impl.CommDBDAO] {call PR_BUDTB_CODE01 (? ,? ,? ,? ,? ,? ,? ,? ,? ,? ,? ,? ,? )}
 PARAM NAME : [action_type]   VAL : [SELECT]
 PARAM NAME : [dbo]   VAL : [SABOK06]
 PARAM NAME : [bugt_cd]   VAL : [S02600]
 PARAM NAME : [sys_reg_id]   VAL : [20190401]
2020-06-05 18:21:36 오후 DEBUG [egovframework.cbiz.service.impl.CommDBDAO] {call PR_INSTB_EMPL01 (? ,? ,? ,? ,? ,? ,? ,? ,? ,? ,? ,? ,? ,? ,? ,? ,? ,? ,? ,? ,? ,? ,? ,? ,? ,? ,? ,? ,? ,? ,? ,? ,? )}
 PARAM NAME : [action_type]   VAL : [SELECT]
 PARAM NAME : [dbo]   VAL : [SABOK06]
 PARAM NAME : [empl_no]   VAL : [20190401]
 PARAM NAME : [connect_ip]   VAL : [220.85.116.168]
 PARAM NAME : [sys_reg_id]   VAL : [20190401]
2020-06-05 18:21:37 오후 DEBUG [egovframework.cbiz.service.impl.CommDBDAO] {call PR_COMTB_CODE02_LIST (? ,? ,? ,? ,? ,? ,? ,? ,? ,? ,? ,? ,? ,? )}
 PARAM NAME : [action_type]   VAL : [MULTCODE]
 PARAM NAME : [param01]   VAL : [tel_no|bank_cd@@@@A|]
2020-06-05 18:21:37 오후 DEBUG [egovframework.cbiz.service.impl.CommDBDAO] {call PR_BOKTB_MAST01 (? ,? ,? ,? ,? ,? ,? ,? ,? ,? ,? ,? ,? ,? ,? ,? ,? ,? ,? ,? ,? ,? ,? ,? ,? ,? ,? ,? ,? )}
 PARAM NAME : [action_type]   VAL : [SELECT]
 PARAM NAME : [dbo]   VAL : [SABOK06]
 PARAM NAME : [apply_no]   VAL : [2020050024]
 PARAM NAME : [bugt_cd]   VAL : [S02600]
 PARAM NAME : [sys_reg_id]   VAL : [20190401]
