2021-04-17 20:19:32 오후 DEBUG [egovframework.cbiz.service.impl.CommDBDAO] {call PR_COMTB_NOTI01_LIST (? ,? ,? ,? ,? ,? ,? ,? ,? ,? ,? ,? ,? ,? ,? )}
 PARAM NAME : [action_type]   VAL : [LIST002]
2021-04-17 20:19:42 오후 DEBUG [egovframework.cbiz.service.impl.CommDBDAO] {call PR_INSTB_EMPL01 (? ,? ,? ,? ,? ,? ,? ,? ,? ,? ,? ,? ,? ,? ,? ,? ,? ,? ,? ,? ,? ,? ,? ,? ,? ,? ,? ,? ,? ,? ,? ,? ,? )}
 PARAM NAME : [action_type]   VAL : [SELECT_LOGIN]
 PARAM NAME : [dbo]   VAL : [SABOK59]
 PARAM NAME : [user_id]   VAL : [1001]
 PARAM NAME : [pswd]   VAL : [1001]
 PARAM NAME : [connect_ip]   VAL : [202.8.191.103]
2021-04-17 20:19:42 오후 DEBUG [egovframework.cbiz.service.impl.CommDBDAO] {call PR_INSTB_EMPL01 (? ,? ,? ,? ,? ,? ,? ,? ,? ,? ,? ,? ,? ,? ,? ,? ,? ,? ,? ,? ,? ,? ,? ,? ,? ,? ,? ,? ,? ,? ,? ,? ,? )}
 PARAM NAME : [action_type]   VAL : [UPDATE_CNT]
 PARAM NAME : [dbo]   VAL : [SABOK59]
 PARAM NAME : [empl_no]   VAL : [1001]
 PARAM NAME : [user_id]   VAL : [1001]
 PARAM NAME : [pswd]   VAL : [1001]
 PARAM NAME : [connect_ip]   VAL : [202.8.191.103]
2021-04-17 20:19:42 오후 DEBUG [egovframework.cbiz.service.impl.CommDBDAO] {call PR_SYSTB_DATE01 (? ,? ,? ,? ,? ,? ,? ,? )}
 PARAM NAME : [action_type]   VAL : [UPDATE_CNT]
 PARAM NAME : [dbo]   VAL : [SABOK59]
2021-04-17 20:19:43 오후 DEBUG [egovframework.cbiz.service.impl.CommDBDAO] {call PR_SYSTB_MENU01_LIST (? ,? ,? ,? ,? ,? ,? ,? ,? ,? ,? ,? ,? ,? ,? )}
 PARAM NAME : [action_type]   VAL : [LIST001]
 PARAM NAME : [dbo]   VAL : [SABOK59]
 PARAM NAME : [param01]   VAL : [1001]
2021-04-17 20:19:43 오후 DEBUG [egovframework.cbiz.service.impl.CommDBDAO] {call PR_COMTB_MESG02 (? ,? ,? ,? ,? ,? ,? ,? ,? ,? ,? ,? ,? ,? )}
 PARAM NAME : [action_type]   VAL : [SELECT_RECEIVE_COUNT]
 PARAM NAME : [dbo]   VAL : [SABOK59]
 PARAM NAME : [sign_empl_no]   VAL : [1001]
 PARAM NAME : [sys_reg_id]   VAL : [1001]
2021-04-17 20:19:43 오후 DEBUG [egovframework.cbiz.service.impl.CommDBDAO] {call PR_INSTB_EMPL01 (? ,? ,? ,? ,? ,? ,? ,? ,? ,? ,? ,? ,? ,? ,? ,? ,? ,? ,? ,? ,? ,? ,? ,? ,? ,? ,? ,? ,? ,? ,? ,? ,? )}
 PARAM NAME : [action_type]   VAL : [SELECT]
 PARAM NAME : [dbo]   VAL : [SABOK59]
 PARAM NAME : [empl_no]   VAL : [1001]
 PARAM NAME : [connect_ip]   VAL : [202.8.191.103]
 PARAM NAME : [sys_reg_id]   VAL : [1001]
2021-04-17 20:19:43 오후 DEBUG [egovframework.cbiz.service.impl.CommDBDAO] {call PR_COMTB_CORP01 (? ,? ,? ,? ,? ,? ,? ,? ,? ,? ,? ,? ,? ,? ,? ,? ,? ,? ,? ,? ,? ,? ,? ,? ,? ,? ,? ,? ,? ,? ,? ,? ,? ,? ,? ,? ,? ,? ,? ,? ,? ,? ,? ,? ,? ,? ,? ,? ,? ,? ,? ,? ,? ,? ,? ,? ,? )}
 PARAM NAME : [action_type]   VAL : [SELECT]
 PARAM NAME : [dbo]   VAL : [SABOK59]
 PARAM NAME : [corp_cd]   VAL : [SABOK59]
 PARAM NAME : [sys_reg_id]   VAL : [1001]
2021-04-17 20:19:43 오후 DEBUG [egovframework.cbiz.service.impl.CommDBDAO] {call PR_COMTB_NOTI01_LIST (? ,? ,? ,? ,? ,? ,? ,? ,? ,? ,? ,? ,? ,? ,? )}
 PARAM NAME : [action_type]   VAL : [LIST002]
 PARAM NAME : [dbo]   VAL : [SABOK59]
2021-04-17 20:19:43 오후 DEBUG [egovframework.cbiz.service.impl.CommDBDAO] {call PR_COMTB_MESG01_LIST (? ,? ,? ,? ,? ,? ,? ,? ,? ,? ,? ,? ,? ,? ,? )}
 PARAM NAME : [action_type]   VAL : [LIST001]
 PARAM NAME : [dbo]   VAL : [SABOK59]
 PARAM NAME : [param01]   VAL : [1001]
 PARAM NAME : [param07]   VAL : [1,2]
2021-04-17 20:19:43 오후 DEBUG [egovframework.cbiz.service.impl.CommDBDAO] {call PR_BOKTB_MAST01_LIST (? ,? ,? ,? ,? ,? ,? ,? ,? ,? ,? ,? ,? ,? ,? )}
 PARAM NAME : [action_type]   VAL : [LIST004]
 PARAM NAME : [dbo]   VAL : [SABOK59]
 PARAM NAME : [param01]   VAL : [1001]
 PARAM NAME : [param07]   VAL : [1,2]
2021-04-17 20:19:43 오후 DEBUG [egovframework.cbiz.service.impl.CommDBDAO] {call PR_SYSTB_MEMO01_LIST (? ,? ,? ,? ,? ,? ,? ,? ,? ,? ,? ,? ,? ,? ,? )}
 PARAM NAME : [action_type]   VAL : [LIST002]
 PARAM NAME : [dbo]   VAL : [SABOK59]
 PARAM NAME : [param01]   VAL : [1001]
 PARAM NAME : [param02]   VAL : [202104]
 PARAM NAME : [param07]   VAL : [1,2]
2021-04-17 20:19:43 오후 DEBUG [egovframework.cbiz.service.impl.CommDBDAO] {call PR_SYSTB_DATE01 (? ,? ,? ,? ,? ,? ,? ,? )}
 PARAM NAME : [action_type]   VAL : [SELECT_WEEKLY]
 PARAM NAME : [dbo]   VAL : [SABOK59]
 PARAM NAME : [sys_ymd]   VAL : [20210417]
 PARAM NAME : [sys_reg_id]   VAL : [1001]
2021-04-17 20:19:44 오후 DEBUG [egovframework.cbiz.service.impl.CommDBDAO] {call PR_BUDTB_CODE01_LIST (? ,? ,? ,? ,? ,? ,? ,? ,? ,? ,? ,? ,? ,? ,? )}
 PARAM NAME : [action_type]   VAL : [LIST001]
 PARAM NAME : [dbo]   VAL : [SABOK59]
2021-04-17 20:19:50 오후 DEBUG [egovframework.cbiz.service.impl.CommDBDAO] {call PR_INSTB_DEPT01_LIST (? ,? ,? ,? ,? ,? ,? ,? ,? ,? ,? ,? ,? ,? ,? )}
 PARAM NAME : [action_type]   VAL : [LISTCODE]
 PARAM NAME : [dbo]   VAL : [SABOK59]
 PARAM NAME : [param05]   VAL : [Y]
2021-04-17 20:19:50 오후 DEBUG [egovframework.cbiz.service.impl.CommDBDAO] {call PR_COMTB_CODE02_LIST (? ,? ,? ,? ,? ,? ,? ,? ,? ,? ,? ,? ,? ,? )}
 PARAM NAME : [action_type]   VAL : [LISTCODE]
 PARAM NAME : [param01]   VAL : [vat_cd]
2021-04-17 20:19:50 오후 DEBUG [egovframework.cbiz.service.impl.CommDBDAO] {call PR_ACCTB_SLIP01_LIST (? ,? ,? ,? ,? ,? ,? ,? ,? ,? ,? ,? ,? ,? ,? )}
 PARAM NAME : [action_type]   VAL : [LIST002]
 PARAM NAME : [dbo]   VAL : [SABOK59]
 PARAM NAME : [param01]   VAL : [20210318]
 PARAM NAME : [param02]   VAL : [20210417]
 PARAM NAME : [param03]   VAL : [A]
 PARAM NAME : [param04]   VAL : [1140000]
2021-04-17 20:19:55 오후 DEBUG [egovframework.cbiz.service.impl.CommDBDAO] {call PR_COMTB_CODE02_LIST (? ,? ,? ,? ,? ,? ,? ,? ,? ,? ,? ,? ,? ,? )}
 PARAM NAME : [action_type]   VAL : [LISTCODE]
 PARAM NAME : [param01]   VAL : [rel_no_type]
2021-04-17 20:20:31 오후 DEBUG [egovframework.cbiz.service.impl.CommDBDAO] {call PR_ACCTB_SLIP02_LIST (? ,? ,? ,? ,? ,? ,? ,? ,? ,? ,? ,? ,? ,? ,? )}
 PARAM NAME : [action_type]   VAL : [LIST005]
 PARAM NAME : [dbo]   VAL : [SABOK59]
 PARAM NAME : [param01]   VAL : [20200101]
 PARAM NAME : [param02]   VAL : [20201231]
 PARAM NAME : [param03]   VAL : [|]
 PARAM NAME : [param04]   VAL : [|]
2021-04-17 20:23:42 오후 DEBUG [egovframework.cbiz.service.impl.CommDBDAO] {call PR_ACCTB_SLIP01_LIST (? ,? ,? ,? ,? ,? ,? ,? ,? ,? ,? ,? ,? ,? ,? )}
 PARAM NAME : [action_type]   VAL : [LIST004A]
 PARAM NAME : [dbo]   VAL : [SABOK59]
 PARAM NAME : [param01]   VAL : [2021]
2021-04-17 20:23:44 오후 DEBUG [egovframework.cbiz.service.impl.CommDBDAO] {call PR_ACCTB_SLIP01_LIST (? ,? ,? ,? ,? ,? ,? ,? ,? ,? ,? ,? ,? ,? ,? )}
 PARAM NAME : [action_type]   VAL : [LIST004A]
 PARAM NAME : [dbo]   VAL : [SABOK59]
 PARAM NAME : [param01]   VAL : [2020]
2021-04-17 20:23:51 오후 DEBUG [egovframework.cbiz.service.impl.CommDBDAO] {call PR_ACCTB_SLIP01 (? ,? ,? ,? ,? ,? ,? ,? ,? ,? ,? ,? ,? ,? ,? ,? ,? )}
 PARAM NAME : [action_type]   VAL : [SELECT_DETAIL]
 PARAM NAME : [dbo]   VAL : [SABOK59]
 PARAM NAME : [slip_no]   VAL : [20201231Y0009]
 PARAM NAME : [sys_reg_id]   VAL : [1001]
2021-04-17 20:23:51 오후 DEBUG [egovframework.cbiz.service.impl.CommDBDAO] {call PR_ACCTB_SLIP02_LIST (? ,? ,? ,? ,? ,? ,? ,? ,? ,? ,? ,? ,? ,? ,? )}
 PARAM NAME : [action_type]   VAL : [LIST002]
 PARAM NAME : [dbo]   VAL : [SABOK59]
 PARAM NAME : [param01]   VAL : [20201231Y0009]
2021-04-17 20:24:15 오후 DEBUG [egovframework.cbiz.service.impl.CommDBDAO] {call PR_COMTB_CODE02_LIST (? ,? ,? ,? ,? ,? ,? ,? ,? ,? ,? ,? ,? ,? )}
 PARAM NAME : [action_type]   VAL : [LISTCODE]
 PARAM NAME : [param01]   VAL : [rel_no_type]
2021-04-17 20:24:18 오후 DEBUG [egovframework.cbiz.service.impl.CommDBDAO] {call PR_ACCTB_SUMM01_LIST (? ,? ,? ,? ,? ,? ,? ,? ,? ,? ,? ,? ,? ,? ,? )}
 PARAM NAME : [action_type]   VAL : [LIST001]
 PARAM NAME : [dbo]   VAL : [SABOK59]
 PARAM NAME : [param01]   VAL : [202012]
 PARAM NAME : [param05]   VAL : [1]
2021-04-17 20:24:19 오후 DEBUG [egovframework.cbiz.service.impl.CommDBDAO] {call PR_ACCTB_SUMM01_LIST (? ,? ,? ,? ,? ,? ,? ,? ,? ,? ,? ,? ,? ,? ,? )}
 PARAM NAME : [action_type]   VAL : [LIST001]
 PARAM NAME : [dbo]   VAL : [SABOK59]
 PARAM NAME : [param01]   VAL : [202012]
 PARAM NAME : [param05]   VAL : [1]
2021-04-17 20:24:24 오후 DEBUG [egovframework.cbiz.service.impl.CommDBDAO] {call PR_ACCTB_SLIP02_LIST (? ,? ,? ,? ,? ,? ,? ,? ,? ,? ,? ,? ,? ,? ,? )}
 PARAM NAME : [action_type]   VAL : [LIST003A]
 PARAM NAME : [dbo]   VAL : [SABOK59]
 PARAM NAME : [param01]   VAL : [20210101]
 PARAM NAME : [param02]   VAL : [20210417]
 PARAM NAME : [param03]   VAL : [2200801|고유목적사업준비금1]
 PARAM NAME : [param04]   VAL : [|]
 PARAM NAME : [param06]   VAL : [|]
2021-04-17 20:24:24 오후 DEBUG [egovframework.cbiz.service.impl.CommDBDAO] {call PR_ACCTB_SLIP02_LIST (? ,? ,? ,? ,? ,? ,? ,? ,? ,? ,? ,? ,? ,? ,? )}
 PARAM NAME : [action_type]   VAL : [LIST003B]
 PARAM NAME : [dbo]   VAL : [SABOK59]
 PARAM NAME : [param01]   VAL : [20210101]
 PARAM NAME : [param02]   VAL : [20210417]
 PARAM NAME : [param03]   VAL : [2200801|고유목적사업준비금1]
 PARAM NAME : [param04]   VAL : [|]
 PARAM NAME : [param06]   VAL : [|]
2021-04-17 20:24:24 오후 DEBUG [egovframework.cbiz.service.impl.CommDBDAO] {call PR_COMTB_CODE02_LIST (? ,? ,? ,? ,? ,? ,? ,? ,? ,? ,? ,? ,? ,? )}
 PARAM NAME : [action_type]   VAL : [LISTCODE]
 PARAM NAME : [param01]   VAL : [rel_no_type]
2021-04-17 20:24:31 오후 DEBUG [egovframework.cbiz.service.impl.CommDBDAO] {call PR_ACCTB_SLIP01_LIST (? ,? ,? ,? ,? ,? ,? ,? ,? ,? ,? ,? ,? ,? ,? )}
 PARAM NAME : [action_type]   VAL : [LIST004B]
 PARAM NAME : [dbo]   VAL : [SABOK59]
 PARAM NAME : [param01]   VAL : [2021]
2021-04-17 20:24:31 오후 DEBUG [egovframework.cbiz.service.impl.CommDBDAO] {call PR_DUAL (? ,? ,? ,? ,? ,? ,? ,? ,? ,? ,? ,? ,? ,? )}
 PARAM NAME : [action_type]   VAL : [EXEC_QUERY]
 PARAM NAME : [param01]   VAL : [COMTB_CORP01]
 PARAM NAME : [param02]   VAL : [repl_cycle]
 PARAM NAME : [param03]   VAL : [corp_cd='SABOK59']
2021-04-17 20:24:38 오후 DEBUG [egovframework.cbiz.service.impl.CommDBDAO] {call PR_ACCTB_SLIP01_LIST (? ,? ,? ,? ,? ,? ,? ,? ,? ,? ,? ,? ,? ,? ,? )}
 PARAM NAME : [action_type]   VAL : [LIST004B]
 PARAM NAME : [dbo]   VAL : [SABOK59]
 PARAM NAME : [param01]   VAL : [2020]
2021-04-17 20:24:38 오후 DEBUG [egovframework.cbiz.service.impl.CommDBDAO] {call PR_DUAL (? ,? ,? ,? ,? ,? ,? ,? ,? ,? ,? ,? ,? ,? )}
 PARAM NAME : [action_type]   VAL : [EXEC_QUERY]
 PARAM NAME : [param01]   VAL : [COMTB_CORP01]
 PARAM NAME : [param02]   VAL : [repl_cycle]
 PARAM NAME : [param03]   VAL : [corp_cd='SABOK59']
2021-04-17 20:26:15 오후 DEBUG [egovframework.cbiz.service.impl.CommDBDAO] {call PR_ACCTB_SLIP01_LIST (? ,? ,? ,? ,? ,? ,? ,? ,? ,? ,? ,? ,? ,? ,? )}
 PARAM NAME : [action_type]   VAL : [LIST004A]
 PARAM NAME : [dbo]   VAL : [SABOK59]
 PARAM NAME : [param01]   VAL : [2021]
2021-04-17 20:26:18 오후 DEBUG [egovframework.cbiz.service.impl.CommDBDAO] {call PR_ACCTB_SLIP01_LIST (? ,? ,? ,? ,? ,? ,? ,? ,? ,? ,? ,? ,? ,? ,? )}
 PARAM NAME : [action_type]   VAL : [LIST004A]
 PARAM NAME : [dbo]   VAL : [SABOK59]
 PARAM NAME : [param01]   VAL : [2020]
2021-04-17 20:26:18 오후 DEBUG [egovframework.cbiz.service.impl.CommDBDAO] {call PR_ACCTB_SLIP01_LIST (? ,? ,? ,? ,? ,? ,? ,? ,? ,? ,? ,? ,? ,? ,? )}
 PARAM NAME : [action_type]   VAL : [LIST004A]
 PARAM NAME : [dbo]   VAL : [SABOK59]
 PARAM NAME : [param01]   VAL : [2020]
2021-04-17 20:26:24 오후 DEBUG [egovframework.cbiz.service.impl.CommDBDAO] {call PR_COMTB_CODE02_LIST (? ,? ,? ,? ,? ,? ,? ,? ,? ,? ,? ,? ,? ,? )}
 PARAM NAME : [action_type]   VAL : [LISTCODE]
 PARAM NAME : [param01]   VAL : [rel_no_type]
2021-04-17 20:26:32 오후 DEBUG [egovframework.cbiz.service.impl.CommDBDAO] {call PR_ACCTB_CODE01_LIST (? ,? ,? ,? ,? ,? ,? ,? ,? ,? ,? ,? ,? ,? ,? )}
 PARAM NAME : [action_type]   VAL : [LIST001]
 PARAM NAME : [dbo]   VAL : [SABOK59]
 PARAM NAME : [param02]   VAL : [A]
2021-04-17 20:26:35 오후 DEBUG [egovframework.cbiz.service.impl.CommDBDAO] {call PR_ACCTB_CODE01_LIST (? ,? ,? ,? ,? ,? ,? ,? ,? ,? ,? ,? ,? ,? ,? )}
 PARAM NAME : [action_type]   VAL : [LIST001]
 PARAM NAME : [dbo]   VAL : [SABOK59]
 PARAM NAME : [param02]   VAL : [A]
 PARAM NAME : [param05]   VAL : [2]
 PARAM NAME : [param06]   VAL : [고유목적]
2021-04-17 20:26:38 오후 DEBUG [egovframework.cbiz.service.impl.CommDBDAO] {call PR_ACCTB_SLIP02_LIST (? ,? ,? ,? ,? ,? ,? ,? ,? ,? ,? ,? ,? ,? ,? )}
 PARAM NAME : [action_type]   VAL : [LIST005]
 PARAM NAME : [dbo]   VAL : [SABOK59]
 PARAM NAME : [param01]   VAL : [20210101]
 PARAM NAME : [param02]   VAL : [20210417]
 PARAM NAME : [param03]   VAL : [2200801|고유목적사업준비금1]
 PARAM NAME : [param04]   VAL : [|]
2021-04-17 20:26:44 오후 DEBUG [egovframework.cbiz.service.impl.CommDBDAO] {call PR_ACCTB_SLIP02_LIST (? ,? ,? ,? ,? ,? ,? ,? ,? ,? ,? ,? ,? ,? ,? )}
 PARAM NAME : [action_type]   VAL : [LIST005]
 PARAM NAME : [dbo]   VAL : [SABOK59]
 PARAM NAME : [param01]   VAL : [20200101]
 PARAM NAME : [param02]   VAL : [20201231]
 PARAM NAME : [param03]   VAL : [2200801|고유목적사업준비금1]
 PARAM NAME : [param04]   VAL : [|]
2021-04-17 20:27:56 오후 DEBUG [egovframework.cbiz.service.impl.CommDBDAO] {call PR_ACCTB_SLIP01 (? ,? ,? ,? ,? ,? ,? ,? ,? ,? ,? ,? ,? ,? ,? ,? ,? )}
 PARAM NAME : [action_type]   VAL : [SELECT_DETAIL]
 PARAM NAME : [dbo]   VAL : [SABOK59]
 PARAM NAME : [slip_no]   VAL : [20201231Y0009]
 PARAM NAME : [sys_reg_id]   VAL : [1001]
2021-04-17 20:27:56 오후 DEBUG [egovframework.cbiz.service.impl.CommDBDAO] {call PR_ACCTB_SLIP02_LIST (? ,? ,? ,? ,? ,? ,? ,? ,? ,? ,? ,? ,? ,? ,? )}
 PARAM NAME : [action_type]   VAL : [LIST002]
 PARAM NAME : [dbo]   VAL : [SABOK59]
 PARAM NAME : [param01]   VAL : [20201231Y0009]
2021-04-17 20:28:10 오후 DEBUG [egovframework.cbiz.service.impl.CommDBDAO] {call PR_ACCTB_SLIP01 (? ,? ,? ,? ,? ,? ,? ,? ,? ,? ,? ,? ,? ,? ,? ,? ,? )}
 PARAM NAME : [action_type]   VAL : [SELECT_DETAIL]
 PARAM NAME : [dbo]   VAL : [SABOK59]
 PARAM NAME : [slip_no]   VAL : [20201231Y0010]
 PARAM NAME : [sys_reg_id]   VAL : [1001]
2021-04-17 20:28:10 오후 DEBUG [egovframework.cbiz.service.impl.CommDBDAO] {call PR_ACCTB_SLIP02_LIST (? ,? ,? ,? ,? ,? ,? ,? ,? ,? ,? ,? ,? ,? ,? )}
 PARAM NAME : [action_type]   VAL : [LIST002]
 PARAM NAME : [dbo]   VAL : [SABOK59]
 PARAM NAME : [param01]   VAL : [20201231Y0010]
