2021-01-09 10:27:58 오전 DEBUG [egovframework.cbiz.service.impl.CommDBDAO] {call PR_COMTB_NOTI01_LIST (? ,? ,? ,? ,? ,? ,? ,? ,? ,? ,? ,? ,? ,? ,? )}
 PARAM NAME : [action_type]   VAL : [LIST002]
2021-01-09 10:31:04 오전 DEBUG [egovframework.cbiz.service.impl.CommDBDAO] {call PR_INSTB_EMPL01 (? ,? ,? ,? ,? ,? ,? ,? ,? ,? ,? ,? ,? ,? ,? ,? ,? ,? ,? ,? ,? ,? ,? ,? ,? ,? ,? ,? ,? ,? ,? ,? ,? )}
 PARAM NAME : [action_type]   VAL : [SELECT_LOGIN]
 PARAM NAME : [dbo]   VAL : [SABOK38]
 PARAM NAME : [user_id]   VAL : [11900713]
 PARAM NAME : [pswd]   VAL : [1483510]
 PARAM NAME : [connect_ip]   VAL : [122.39.25.224]
2021-01-09 10:31:04 오전 DEBUG [egovframework.cbiz.service.impl.CommDBDAO] {call PR_INSTB_EMPL01 (? ,? ,? ,? ,? ,? ,? ,? ,? ,? ,? ,? ,? ,? ,? ,? ,? ,? ,? ,? ,? ,? ,? ,? ,? ,? ,? ,? ,? ,? ,? ,? ,? )}
 PARAM NAME : [action_type]   VAL : [SELECT_LOGIN]
 PARAM NAME : [dbo]   VAL : [SABOK38]
 PARAM NAME : [user_id]   VAL : [11900713]
 PARAM NAME : [pswd]   VAL : [1483510]
 PARAM NAME : [connect_ip]   VAL : [122.39.25.224]
2021-01-09 10:31:11 오전 DEBUG [egovframework.cbiz.service.impl.CommDBDAO] {call PR_INSTB_EMPL01 (? ,? ,? ,? ,? ,? ,? ,? ,? ,? ,? ,? ,? ,? ,? ,? ,? ,? ,? ,? ,? ,? ,? ,? ,? ,? ,? ,? ,? ,? ,? ,? ,? )}
 PARAM NAME : [action_type]   VAL : [SELECT_LOGIN]
 PARAM NAME : [dbo]   VAL : [SABOK38]
 PARAM NAME : [user_id]   VAL : [11900713]
 PARAM NAME : [pswd]   VAL : [871203]
 PARAM NAME : [connect_ip]   VAL : [122.39.25.224]
2021-01-09 10:31:30 오전 DEBUG [egovframework.cbiz.service.impl.CommDBDAO] {call PR_INSTB_EMPL01 (? ,? ,? ,? ,? ,? ,? ,? ,? ,? ,? ,? ,? ,? ,? ,? ,? ,? ,? ,? ,? ,? ,? ,? ,? ,? ,? ,? ,? ,? ,? ,? ,? )}
 PARAM NAME : [action_type]   VAL : [SELECT_LOGIN]
 PARAM NAME : [dbo]   VAL : [SABOK38]
 PARAM NAME : [user_id]   VAL : [11900713]
 PARAM NAME : [pswd]   VAL : [11900713]
 PARAM NAME : [connect_ip]   VAL : [122.39.25.224]
2021-01-09 10:31:30 오전 DEBUG [egovframework.cbiz.service.impl.CommDBDAO] {call PR_INSTB_EMPL01 (? ,? ,? ,? ,? ,? ,? ,? ,? ,? ,? ,? ,? ,? ,? ,? ,? ,? ,? ,? ,? ,? ,? ,? ,? ,? ,? ,? ,? ,? ,? ,? ,? )}
 PARAM NAME : [action_type]   VAL : [UPDATE_CNT]
 PARAM NAME : [dbo]   VAL : [SABOK38]
 PARAM NAME : [empl_no]   VAL : [11900713]
 PARAM NAME : [user_id]   VAL : [11900713]
 PARAM NAME : [pswd]   VAL : [11900713]
 PARAM NAME : [connect_ip]   VAL : [122.39.25.224]
2021-01-09 10:31:30 오전 DEBUG [egovframework.cbiz.service.impl.CommDBDAO] {call PR_SYSTB_DATE01 (? ,? ,? ,? ,? ,? ,? ,? )}
 PARAM NAME : [action_type]   VAL : [UPDATE_CNT]
 PARAM NAME : [dbo]   VAL : [SABOK38]
2021-01-09 10:31:30 오전 DEBUG [egovframework.cbiz.service.impl.CommDBDAO] {call PR_SYSTB_MENU01_LIST (? ,? ,? ,? ,? ,? ,? ,? ,? ,? ,? ,? ,? ,? ,? )}
 PARAM NAME : [action_type]   VAL : [LIST001]
 PARAM NAME : [dbo]   VAL : [SABOK38]
 PARAM NAME : [param01]   VAL : [11900713]
2021-01-09 10:31:30 오전 DEBUG [egovframework.cbiz.service.impl.CommDBDAO] {call PR_COMTB_CORP01 (? ,? ,? ,? ,? ,? ,? ,? ,? ,? ,? ,? ,? ,? ,? ,? ,? ,? ,? ,? ,? ,? ,? ,? ,? ,? ,? ,? ,? ,? ,? ,? ,? ,? ,? ,? ,? ,? ,? ,? ,? ,? ,? ,? ,? ,? ,? ,? ,? ,? ,? ,? ,? ,? ,? ,? ,? )}
 PARAM NAME : [action_type]   VAL : [SELECT]
 PARAM NAME : [dbo]   VAL : [SABOK38]
 PARAM NAME : [corp_cd]   VAL : [SABOK38]
 PARAM NAME : [sys_reg_id]   VAL : [11900713]
2021-01-09 10:31:30 오전 DEBUG [egovframework.cbiz.service.impl.CommDBDAO] {call PR_INSTB_EMPL01 (? ,? ,? ,? ,? ,? ,? ,? ,? ,? ,? ,? ,? ,? ,? ,? ,? ,? ,? ,? ,? ,? ,? ,? ,? ,? ,? ,? ,? ,? ,? ,? ,? )}
 PARAM NAME : [action_type]   VAL : [SELECT]
 PARAM NAME : [dbo]   VAL : [SABOK38]
 PARAM NAME : [empl_no]   VAL : [11900713]
 PARAM NAME : [connect_ip]   VAL : [122.39.25.224]
 PARAM NAME : [sys_reg_id]   VAL : [11900713]
2021-01-09 10:31:30 오전 DEBUG [egovframework.cbiz.service.impl.CommDBDAO] {call PR_COMTB_NOTI01_LIST (? ,? ,? ,? ,? ,? ,? ,? ,? ,? ,? ,? ,? ,? ,? )}
 PARAM NAME : [action_type]   VAL : [LIST002]
 PARAM NAME : [dbo]   VAL : [SABOK38]
2021-01-09 10:31:30 오전 DEBUG [egovframework.cbiz.service.impl.CommDBDAO] {call PR_COMTB_MESG02 (? ,? ,? ,? ,? ,? ,? ,? ,? ,? ,? ,? ,? ,? )}
 PARAM NAME : [action_type]   VAL : [SELECT_RECEIVE_COUNT]
 PARAM NAME : [dbo]   VAL : [SABOK38]
 PARAM NAME : [sign_empl_no]   VAL : [11900713]
 PARAM NAME : [sys_reg_id]   VAL : [11900713]
2021-01-09 10:31:30 오전 DEBUG [egovframework.cbiz.service.impl.CommDBDAO] {call PR_COMTB_MESG01_LIST (? ,? ,? ,? ,? ,? ,? ,? ,? ,? ,? ,? ,? ,? ,? )}
 PARAM NAME : [action_type]   VAL : [LIST001]
 PARAM NAME : [dbo]   VAL : [SABOK38]
 PARAM NAME : [param01]   VAL : [11900713]
 PARAM NAME : [param07]   VAL : [1,2]
2021-01-09 10:31:30 오전 DEBUG [egovframework.cbiz.service.impl.CommDBDAO] {call PR_BOKTB_MAST01_LIST (? ,? ,? ,? ,? ,? ,? ,? ,? ,? ,? ,? ,? ,? ,? )}
 PARAM NAME : [action_type]   VAL : [LIST004]
 PARAM NAME : [dbo]   VAL : [SABOK38]
 PARAM NAME : [param01]   VAL : [11900713]
 PARAM NAME : [param07]   VAL : [1,2]
2021-01-09 10:31:30 오전 DEBUG [egovframework.cbiz.service.impl.CommDBDAO] {call PR_SYSTB_MEMO01_LIST (? ,? ,? ,? ,? ,? ,? ,? ,? ,? ,? ,? ,? ,? ,? )}
 PARAM NAME : [action_type]   VAL : [LIST002]
 PARAM NAME : [dbo]   VAL : [SABOK38]
 PARAM NAME : [param01]   VAL : [11900713]
 PARAM NAME : [param02]   VAL : [202101]
 PARAM NAME : [param07]   VAL : [1,2]
2021-01-09 10:31:30 오전 DEBUG [egovframework.cbiz.service.impl.CommDBDAO] {call PR_SYSTB_DATE01 (? ,? ,? ,? ,? ,? ,? ,? )}
 PARAM NAME : [action_type]   VAL : [SELECT_WEEKLY]
 PARAM NAME : [dbo]   VAL : [SABOK38]
 PARAM NAME : [sys_ymd]   VAL : [20210109]
 PARAM NAME : [sys_reg_id]   VAL : [11900713]
2021-01-09 10:31:32 오전 DEBUG [egovframework.cbiz.service.impl.CommDBDAO] {call PR_BUDTB_CODE01_LIST (? ,? ,? ,? ,? ,? ,? ,? ,? ,? ,? ,? ,? ,? ,? )}
 PARAM NAME : [action_type]   VAL : [LIST001]
 PARAM NAME : [dbo]   VAL : [SABOK38]
2021-01-09 10:32:28 오전 DEBUG [egovframework.cbiz.service.impl.CommDBDAO] {call PR_SYSTB_DATE01 (? ,? ,? ,? ,? ,? ,? ,? )}
 PARAM NAME : [action_type]   VAL : [SELECT_WEEKLY]
 PARAM NAME : [dbo]   VAL : [SABOK38]
 PARAM NAME : [sys_ymd]   VAL : [20210109]
 PARAM NAME : [sys_reg_id]   VAL : [11900713]
2021-01-09 10:32:28 오전 DEBUG [egovframework.cbiz.service.impl.CommDBDAO] {call PR_COMTB_PLAN01_LIST (? ,? ,? ,? ,? ,? ,? ,? ,? ,? ,? ,? ,? ,? ,? )}
 PARAM NAME : [action_type]   VAL : [LIST001]
 PARAM NAME : [dbo]   VAL : [SABOK38]
 PARAM NAME : [param01]   VAL : [11900713]
 PARAM NAME : [param02]   VAL : [130010]
 PARAM NAME : [param03]   VAL : [20210103]
 PARAM NAME : [param04]   VAL : [20210109]
2021-01-09 10:32:48 오전 DEBUG [egovframework.cbiz.service.impl.CommDBDAO] {call PR_BOKTB_MAST01_LIST (? ,? ,? ,? ,? ,? ,? ,? ,? ,? ,? ,? ,? ,? ,? )}
 PARAM NAME : [action_type]   VAL : [LIST001]
 PARAM NAME : [dbo]   VAL : [SABOK38]
 PARAM NAME : [param01]   VAL : [S02800]
 PARAM NAME : [param06]   VAL : [11900713]
2021-01-09 10:32:48 오전 DEBUG [egovframework.cbiz.service.impl.CommDBDAO] {call PR_COMTB_CODE02_LIST (? ,? ,? ,? ,? ,? ,? ,? ,? ,? ,? ,? ,? ,? )}
 PARAM NAME : [action_type]   VAL : [LISTCODE]
 PARAM NAME : [param01]   VAL : [sign_status]
2021-01-09 10:32:49 오전 DEBUG [egovframework.cbiz.service.impl.CommDBDAO] {call PR_BUDTB_CODE01 (? ,? ,? ,? ,? ,? ,? ,? ,? ,? ,? ,? ,? )}
 PARAM NAME : [action_type]   VAL : [SELECT]
 PARAM NAME : [dbo]   VAL : [SABOK38]
 PARAM NAME : [bugt_cd]   VAL : [S02800]
 PARAM NAME : [sys_reg_id]   VAL : [11900713]
2021-01-09 10:32:49 오전 DEBUG [egovframework.cbiz.service.impl.CommDBDAO] {call PR_INSTB_EMPL01 (? ,? ,? ,? ,? ,? ,? ,? ,? ,? ,? ,? ,? ,? ,? ,? ,? ,? ,? ,? ,? ,? ,? ,? ,? ,? ,? ,? ,? ,? ,? ,? ,? )}
 PARAM NAME : [action_type]   VAL : [SELECT]
 PARAM NAME : [dbo]   VAL : [SABOK38]
 PARAM NAME : [empl_no]   VAL : [11900713]
 PARAM NAME : [connect_ip]   VAL : [122.39.25.224]
 PARAM NAME : [sys_reg_id]   VAL : [11900713]
2021-01-09 10:32:49 오전 DEBUG [egovframework.cbiz.service.impl.CommDBDAO] {call PR_COMTB_CODE02_LIST (? ,? ,? ,? ,? ,? ,? ,? ,? ,? ,? ,? ,? ,? )}
 PARAM NAME : [action_type]   VAL : [MULTCODE]
 PARAM NAME : [param01]   VAL : [family_rel_cd|bank_cd@@@@A|]
2021-01-09 10:32:53 오전 DEBUG [egovframework.cbiz.service.impl.CommDBDAO] {call PR_BOKTB_MAST01 (? ,? ,? ,? ,? ,? ,? ,? ,? ,? ,? ,? ,? ,? ,? ,? ,? ,? ,? ,? ,? ,? ,? ,? ,? ,? ,? ,? ,? )}
 PARAM NAME : [action_type]   VAL : [SELECT]
 PARAM NAME : [dbo]   VAL : [SABOK38]
 PARAM NAME : [apply_no]   VAL : [2020070009]
 PARAM NAME : [bugt_cd]   VAL : [S02800]
 PARAM NAME : [sys_reg_id]   VAL : [11900713]
2021-01-09 10:33:00 오전 DEBUG [egovframework.cbiz.service.impl.CommDBDAO] {call PR_BUDTB_CODE01 (? ,? ,? ,? ,? ,? ,? ,? ,? ,? ,? ,? ,? )}
 PARAM NAME : [action_type]   VAL : [SELECT]
 PARAM NAME : [dbo]   VAL : [SABOK38]
 PARAM NAME : [bugt_cd]   VAL : [S02800]
 PARAM NAME : [sys_reg_id]   VAL : [11900713]
2021-01-09 10:33:00 오전 DEBUG [egovframework.cbiz.service.impl.CommDBDAO] {call PR_INSTB_EMPL01 (? ,? ,? ,? ,? ,? ,? ,? ,? ,? ,? ,? ,? ,? ,? ,? ,? ,? ,? ,? ,? ,? ,? ,? ,? ,? ,? ,? ,? ,? ,? ,? ,? )}
 PARAM NAME : [action_type]   VAL : [SELECT]
 PARAM NAME : [dbo]   VAL : [SABOK38]
 PARAM NAME : [empl_no]   VAL : [11900713]
 PARAM NAME : [connect_ip]   VAL : [122.39.25.224]
 PARAM NAME : [sys_reg_id]   VAL : [11900713]
2021-01-09 10:33:00 오전 DEBUG [egovframework.cbiz.service.impl.CommDBDAO] {call PR_COMTB_CODE02_LIST (? ,? ,? ,? ,? ,? ,? ,? ,? ,? ,? ,? ,? ,? )}
 PARAM NAME : [action_type]   VAL : [MULTCODE]
 PARAM NAME : [param01]   VAL : [family_rel_cd|bank_cd@@@@A|]
2021-01-09 10:36:02 오전 DEBUG [egovframework.cbiz.service.impl.CommDBDAO] {call PR_BOKTB_MAST01 (? ,? ,? ,? ,? ,? ,? ,? ,? ,? ,? ,? ,? ,? ,? ,? ,? ,? ,? ,? ,? ,? ,? ,? ,? ,? ,? ,? ,? )}
 PARAM NAME : [action_type]   VAL : [INSERT]
 PARAM NAME : [dbo]   VAL : [SABOK38]
 PARAM NAME : [empl_no]   VAL : [11900713]
 PARAM NAME : [bugt_cd]   VAL : [S02800]
 PARAM NAME : [apply_ymd]   VAL : [20210109]
 PARAM NAME : [apply_amt]   VAL : [304500]
 PARAM NAME : [bank_cd]   VAL : [305]
 PARAM NAME : [account_no]   VAL : [67991042184807]
 PARAM NAME : [account_owner]   VAL : [도윤철]
 PARAM NAME : [etc_remark]   VAL : [3천만원 * 2.03% / 반년 = “304,500원 지원”]
 PARAM NAME : [sys_reg_id]   VAL : [11900713]
2021-01-09 10:36:02 오전 DEBUG [egovframework.cbiz.service.impl.CommDBDAO] {call PR_AUTO_SLIP (? ,? ,? ,? ,? ,? ,? ,? ,? ,? ,? )}
 PARAM NAME : [action_type]   VAL : [BOKTB_MAST01]
 PARAM NAME : [dbo]   VAL : [SABOK38]
 PARAM NAME : [search_key]   VAL : [2021010030]
 PARAM NAME : [account_no]   VAL : [67991042184807]
 PARAM NAME : [sys_reg_id]   VAL : [11900713]
2021-01-09 10:36:02 오전 DEBUG [egovframework.cbiz.service.impl.CommDBDAO] {call PR_BOKTB_MAST01_LIST (? ,? ,? ,? ,? ,? ,? ,? ,? ,? ,? ,? ,? ,? ,? )}
 PARAM NAME : [action_type]   VAL : [LIST001]
 PARAM NAME : [dbo]   VAL : [SABOK38]
 PARAM NAME : [param01]   VAL : [S02800]
 PARAM NAME : [param04]   VAL : [1]
 PARAM NAME : [param06]   VAL : [11900713]
2021-01-09 10:36:02 오전 DEBUG [egovframework.cbiz.service.impl.CommDBDAO] {call PR_BOKTB_MAST01 (? ,? ,? ,? ,? ,? ,? ,? ,? ,? ,? ,? ,? ,? ,? ,? ,? ,? ,? ,? ,? ,? ,? ,? ,? ,? ,? ,? ,? )}
 PARAM NAME : [action_type]   VAL : [SELECT]
 PARAM NAME : [dbo]   VAL : [SABOK38]
 PARAM NAME : [apply_no]   VAL : [2021010030]
 PARAM NAME : [bugt_cd]   VAL : [S02800]
 PARAM NAME : [sys_reg_id]   VAL : [11900713]
2021-01-09 10:36:05 오전 DEBUG [egovframework.cbiz.service.impl.CommDBDAO] {call PR_BOKTB_MAST01 (? ,? ,? ,? ,? ,? ,? ,? ,? ,? ,? ,? ,? ,? ,? ,? ,? ,? ,? ,? ,? ,? ,? ,? ,? ,? ,? ,? ,? )}
 PARAM NAME : [action_type]   VAL : [SELECT]
 PARAM NAME : [dbo]   VAL : [SABOK38]
 PARAM NAME : [apply_no]   VAL : [2020070009]
 PARAM NAME : [bugt_cd]   VAL : [S02800]
 PARAM NAME : [sys_reg_id]   VAL : [11900713]
2021-01-09 10:36:06 오전 DEBUG [egovframework.cbiz.service.impl.CommDBDAO] {call PR_BOKTB_MAST01 (? ,? ,? ,? ,? ,? ,? ,? ,? ,? ,? ,? ,? ,? ,? ,? ,? ,? ,? ,? ,? ,? ,? ,? ,? ,? ,? ,? ,? )}
 PARAM NAME : [action_type]   VAL : [SELECT]
 PARAM NAME : [dbo]   VAL : [SABOK38]
 PARAM NAME : [apply_no]   VAL : [2021010030]
 PARAM NAME : [bugt_cd]   VAL : [S02800]
 PARAM NAME : [sys_reg_id]   VAL : [11900713]
2021-01-09 10:36:06 오전 DEBUG [egovframework.cbiz.service.impl.CommDBDAO] {call PR_BOKTB_MAST01 (? ,? ,? ,? ,? ,? ,? ,? ,? ,? ,? ,? ,? ,? ,? ,? ,? ,? ,? ,? ,? ,? ,? ,? ,? ,? ,? ,? ,? )}
 PARAM NAME : [action_type]   VAL : [SELECT]
 PARAM NAME : [dbo]   VAL : [SABOK38]
 PARAM NAME : [apply_no]   VAL : [2020070009]
 PARAM NAME : [bugt_cd]   VAL : [S02800]
 PARAM NAME : [sys_reg_id]   VAL : [11900713]
2021-01-09 10:36:07 오전 DEBUG [egovframework.cbiz.service.impl.CommDBDAO] {call PR_BOKTB_MAST01 (? ,? ,? ,? ,? ,? ,? ,? ,? ,? ,? ,? ,? ,? ,? ,? ,? ,? ,? ,? ,? ,? ,? ,? ,? ,? ,? ,? ,? )}
 PARAM NAME : [action_type]   VAL : [SELECT]
 PARAM NAME : [dbo]   VAL : [SABOK38]
 PARAM NAME : [apply_no]   VAL : [2021010030]
 PARAM NAME : [bugt_cd]   VAL : [S02800]
 PARAM NAME : [sys_reg_id]   VAL : [11900713]
2021-01-09 10:36:07 오전 DEBUG [egovframework.cbiz.service.impl.CommDBDAO] {call PR_BOKTB_MAST01 (? ,? ,? ,? ,? ,? ,? ,? ,? ,? ,? ,? ,? ,? ,? ,? ,? ,? ,? ,? ,? ,? ,? ,? ,? ,? ,? ,? ,? )}
 PARAM NAME : [action_type]   VAL : [SELECT]
 PARAM NAME : [dbo]   VAL : [SABOK38]
 PARAM NAME : [apply_no]   VAL : [2020070009]
 PARAM NAME : [bugt_cd]   VAL : [S02800]
 PARAM NAME : [sys_reg_id]   VAL : [11900713]
2021-01-09 10:36:08 오전 DEBUG [egovframework.cbiz.service.impl.CommDBDAO] {call PR_BOKTB_MAST01 (? ,? ,? ,? ,? ,? ,? ,? ,? ,? ,? ,? ,? ,? ,? ,? ,? ,? ,? ,? ,? ,? ,? ,? ,? ,? ,? ,? ,? )}
 PARAM NAME : [action_type]   VAL : [SELECT]
 PARAM NAME : [dbo]   VAL : [SABOK38]
 PARAM NAME : [apply_no]   VAL : [2021010030]
 PARAM NAME : [bugt_cd]   VAL : [S02800]
 PARAM NAME : [sys_reg_id]   VAL : [11900713]
2021-01-09 10:36:09 오전 DEBUG [egovframework.cbiz.service.impl.CommDBDAO] {call PR_BOKTB_MAST01 (? ,? ,? ,? ,? ,? ,? ,? ,? ,? ,? ,? ,? ,? ,? ,? ,? ,? ,? ,? ,? ,? ,? ,? ,? ,? ,? ,? ,? )}
 PARAM NAME : [action_type]   VAL : [SELECT]
 PARAM NAME : [dbo]   VAL : [SABOK38]
 PARAM NAME : [apply_no]   VAL : [2020070009]
 PARAM NAME : [bugt_cd]   VAL : [S02800]
 PARAM NAME : [sys_reg_id]   VAL : [11900713]
2021-01-09 10:36:09 오전 DEBUG [egovframework.cbiz.service.impl.CommDBDAO] {call PR_BOKTB_MAST01 (? ,? ,? ,? ,? ,? ,? ,? ,? ,? ,? ,? ,? ,? ,? ,? ,? ,? ,? ,? ,? ,? ,? ,? ,? ,? ,? ,? ,? )}
 PARAM NAME : [action_type]   VAL : [SELECT]
 PARAM NAME : [dbo]   VAL : [SABOK38]
 PARAM NAME : [apply_no]   VAL : [2020010016]
 PARAM NAME : [bugt_cd]   VAL : [S02800]
 PARAM NAME : [sys_reg_id]   VAL : [11900713]
2021-01-09 10:36:12 오전 DEBUG [egovframework.cbiz.service.impl.CommDBDAO] {call PR_BOKTB_MAST01 (? ,? ,? ,? ,? ,? ,? ,? ,? ,? ,? ,? ,? ,? ,? ,? ,? ,? ,? ,? ,? ,? ,? ,? ,? ,? ,? ,? ,? )}
 PARAM NAME : [action_type]   VAL : [SELECT]
 PARAM NAME : [dbo]   VAL : [SABOK38]
 PARAM NAME : [apply_no]   VAL : [2020070009]
 PARAM NAME : [bugt_cd]   VAL : [S02800]
 PARAM NAME : [sys_reg_id]   VAL : [11900713]
2021-01-09 10:36:13 오전 DEBUG [egovframework.cbiz.service.impl.CommDBDAO] {call PR_BOKTB_MAST01 (? ,? ,? ,? ,? ,? ,? ,? ,? ,? ,? ,? ,? ,? ,? ,? ,? ,? ,? ,? ,? ,? ,? ,? ,? ,? ,? ,? ,? )}
 PARAM NAME : [action_type]   VAL : [SELECT]
 PARAM NAME : [dbo]   VAL : [SABOK38]
 PARAM NAME : [apply_no]   VAL : [2020010016]
 PARAM NAME : [bugt_cd]   VAL : [S02800]
 PARAM NAME : [sys_reg_id]   VAL : [11900713]
2021-01-09 10:36:14 오전 DEBUG [egovframework.cbiz.service.impl.CommDBDAO] {call PR_BOKTB_MAST01 (? ,? ,? ,? ,? ,? ,? ,? ,? ,? ,? ,? ,? ,? ,? ,? ,? ,? ,? ,? ,? ,? ,? ,? ,? ,? ,? ,? ,? )}
 PARAM NAME : [action_type]   VAL : [SELECT]
 PARAM NAME : [dbo]   VAL : [SABOK38]
 PARAM NAME : [apply_no]   VAL : [2021010030]
 PARAM NAME : [bugt_cd]   VAL : [S02800]
 PARAM NAME : [sys_reg_id]   VAL : [11900713]
2021-01-09 10:36:15 오전 DEBUG [egovframework.cbiz.service.impl.CommDBDAO] {call PR_BOKTB_MAST01 (? ,? ,? ,? ,? ,? ,? ,? ,? ,? ,? ,? ,? ,? ,? ,? ,? ,? ,? ,? ,? ,? ,? ,? ,? ,? ,? ,? ,? )}
 PARAM NAME : [action_type]   VAL : [SELECT]
 PARAM NAME : [dbo]   VAL : [SABOK38]
 PARAM NAME : [apply_no]   VAL : [2020010016]
 PARAM NAME : [bugt_cd]   VAL : [S02800]
 PARAM NAME : [sys_reg_id]   VAL : [11900713]
2021-01-09 10:36:16 오전 DEBUG [egovframework.cbiz.service.impl.CommDBDAO] {call PR_BOKTB_MAST01 (? ,? ,? ,? ,? ,? ,? ,? ,? ,? ,? ,? ,? ,? ,? ,? ,? ,? ,? ,? ,? ,? ,? ,? ,? ,? ,? ,? ,? )}
 PARAM NAME : [action_type]   VAL : [SELECT]
 PARAM NAME : [dbo]   VAL : [SABOK38]
 PARAM NAME : [apply_no]   VAL : [2020070009]
 PARAM NAME : [bugt_cd]   VAL : [S02800]
 PARAM NAME : [sys_reg_id]   VAL : [11900713]
2021-01-09 10:36:16 오전 DEBUG [egovframework.cbiz.service.impl.CommDBDAO] {call PR_BOKTB_MAST01 (? ,? ,? ,? ,? ,? ,? ,? ,? ,? ,? ,? ,? ,? ,? ,? ,? ,? ,? ,? ,? ,? ,? ,? ,? ,? ,? ,? ,? )}
 PARAM NAME : [action_type]   VAL : [SELECT]
 PARAM NAME : [dbo]   VAL : [SABOK38]
 PARAM NAME : [apply_no]   VAL : [2020010016]
 PARAM NAME : [bugt_cd]   VAL : [S02800]
 PARAM NAME : [sys_reg_id]   VAL : [11900713]
2021-01-09 10:36:17 오전 DEBUG [egovframework.cbiz.service.impl.CommDBDAO] {call PR_BOKTB_MAST01 (? ,? ,? ,? ,? ,? ,? ,? ,? ,? ,? ,? ,? ,? ,? ,? ,? ,? ,? ,? ,? ,? ,? ,? ,? ,? ,? ,? ,? )}
 PARAM NAME : [action_type]   VAL : [SELECT]
 PARAM NAME : [dbo]   VAL : [SABOK38]
 PARAM NAME : [apply_no]   VAL : [2020010016]
 PARAM NAME : [bugt_cd]   VAL : [S02800]
 PARAM NAME : [sys_reg_id]   VAL : [11900713]
2021-01-09 10:36:18 오전 DEBUG [egovframework.cbiz.service.impl.CommDBDAO] {call PR_BOKTB_MAST01 (? ,? ,? ,? ,? ,? ,? ,? ,? ,? ,? ,? ,? ,? ,? ,? ,? ,? ,? ,? ,? ,? ,? ,? ,? ,? ,? ,? ,? )}
 PARAM NAME : [action_type]   VAL : [SELECT]
 PARAM NAME : [dbo]   VAL : [SABOK38]
 PARAM NAME : [apply_no]   VAL : [2020070009]
 PARAM NAME : [bugt_cd]   VAL : [S02800]
 PARAM NAME : [sys_reg_id]   VAL : [11900713]
2021-01-09 10:36:18 오전 DEBUG [egovframework.cbiz.service.impl.CommDBDAO] {call PR_BOKTB_MAST01 (? ,? ,? ,? ,? ,? ,? ,? ,? ,? ,? ,? ,? ,? ,? ,? ,? ,? ,? ,? ,? ,? ,? ,? ,? ,? ,? ,? ,? )}
 PARAM NAME : [action_type]   VAL : [SELECT]
 PARAM NAME : [dbo]   VAL : [SABOK38]
 PARAM NAME : [apply_no]   VAL : [2020010016]
 PARAM NAME : [bugt_cd]   VAL : [S02800]
 PARAM NAME : [sys_reg_id]   VAL : [11900713]
2021-01-09 10:36:23 오전 DEBUG [egovframework.cbiz.service.impl.CommDBDAO] {call PR_BOKTB_MAST01 (? ,? ,? ,? ,? ,? ,? ,? ,? ,? ,? ,? ,? ,? ,? ,? ,? ,? ,? ,? ,? ,? ,? ,? ,? ,? ,? ,? ,? )}
 PARAM NAME : [action_type]   VAL : [SELECT]
 PARAM NAME : [dbo]   VAL : [SABOK38]
 PARAM NAME : [apply_no]   VAL : [2021010030]
 PARAM NAME : [bugt_cd]   VAL : [S02800]
 PARAM NAME : [sys_reg_id]   VAL : [11900713]
2021-01-09 10:38:59 오전 DEBUG [egovframework.cbiz.service.impl.CommDBDAO] {call PR_COMTB_MESG01 (? ,? ,? ,? ,? ,? ,? ,? ,? ,? ,? ,? ,? ,? ,? ,? ,? ,? ,? )}
 PARAM NAME : [action_type]   VAL : [SIGN_REQUEST]
 PARAM NAME : [dbo]   VAL : [SABOK38]
 PARAM NAME : [msg_type]   VAL : [SLP002]
 PARAM NAME : [search_key]   VAL : [ACCTB_SLIP01|20210109S0001|2021010030|S02800]
 PARAM NAME : [subject]   VAL : [주택대출이자 신청(도윤철)]
 PARAM NAME : [send_empl_no]   VAL : [11900713]
 PARAM NAME : [opinion]   VAL : [주택대출이자 신청(도윤철)<br>- 신청일자 : 2021-01-09<br>- 신청금액 : 304,500원<br>- 비고 : 3천만원 * 2.03% / 반년 = “304,500원 지원”]
 PARAM NAME : [open_scope]   VAL : [4]
 PARAM NAME : [sys_reg_id]   VAL : [11900713]
2021-01-09 10:38:59 오전 DEBUG [egovframework.cbiz.service.impl.CommDBDAO] {call PR_COMTB_FILE01 (? ,? ,? ,? ,? ,? ,? ,? ,? ,? ,? ,? )}
 PARAM NAME : [action_type]   VAL : [INSERT]
 PARAM NAME : [file_nm]   VAL : [금융거래확인서.jpg]
 PARAM NAME : [file_path]   VAL : [20210109103859900_0_202101090001.jpg]
 PARAM NAME : [file_type]   VAL : [jpg]
 PARAM NAME : [file_size]   VAL : [1988558]
 PARAM NAME : [ref_table]   VAL : [SABOK38.COMTB_MESG01]
 PARAM NAME : [ref_pk]   VAL : [202101090001]
 PARAM NAME : [sys_reg_id]   VAL : [11900713]
2021-01-09 10:38:59 오전 DEBUG [egovframework.cbiz.service.impl.CommDBDAO] {call PR_COMTB_FILE01 (? ,? ,? ,? ,? ,? ,? ,? ,? ,? ,? ,? )}
 PARAM NAME : [action_type]   VAL : [INSERT]
 PARAM NAME : [file_nm]   VAL : [등본.jpeg]
 PARAM NAME : [file_path]   VAL : [20210109103859931_1_202101090001.jpeg]
 PARAM NAME : [file_type]   VAL : [jpeg]
 PARAM NAME : [file_size]   VAL : [2404837]
 PARAM NAME : [ref_table]   VAL : [SABOK38.COMTB_MESG01]
 PARAM NAME : [ref_pk]   VAL : [202101090001]
 PARAM NAME : [sys_reg_id]   VAL : [11900713]
2021-01-09 10:38:59 오전 DEBUG [egovframework.cbiz.service.impl.CommDBDAO] {call PR_COMTB_FILE01 (? ,? ,? ,? ,? ,? ,? ,? ,? ,? ,? ,? )}
 PARAM NAME : [action_type]   VAL : [INSERT]
 PARAM NAME : [file_nm]   VAL : [이자납입명세서.jpg]
 PARAM NAME : [file_path]   VAL : [20210109103859931_2_202101090001.jpg]
 PARAM NAME : [file_type]   VAL : [jpg]
 PARAM NAME : [file_size]   VAL : [943233]
 PARAM NAME : [ref_table]   VAL : [SABOK38.COMTB_MESG01]
 PARAM NAME : [ref_pk]   VAL : [202101090001]
 PARAM NAME : [sys_reg_id]   VAL : [11900713]
2021-01-09 10:38:59 오전 DEBUG [egovframework.cbiz.service.impl.CommDBDAO] {call PR_COMTB_FILE01 (? ,? ,? ,? ,? ,? ,? ,? ,? ,? ,? ,? )}
 PARAM NAME : [action_type]   VAL : [INSERT]
 PARAM NAME : [file_nm]   VAL : [아파트 전세계약서.pdf]
 PARAM NAME : [file_path]   VAL : [20210109103859931_3_202101090001.pdf]
 PARAM NAME : [file_type]   VAL : [pdf]
 PARAM NAME : [file_size]   VAL : [1221581]
 PARAM NAME : [ref_table]   VAL : [SABOK38.COMTB_MESG01]
 PARAM NAME : [ref_pk]   VAL : [202101090001]
 PARAM NAME : [sys_reg_id]   VAL : [11900713]
2021-01-09 10:39:00 오전 DEBUG [egovframework.cbiz.service.impl.CommDBDAO] {call PR_BOKTB_MAST01 (? ,? ,? ,? ,? ,? ,? ,? ,? ,? ,? ,? ,? ,? ,? ,? ,? ,? ,? ,? ,? ,? ,? ,? ,? ,? ,? ,? ,? )}
 PARAM NAME : [action_type]   VAL : [SELECT]
 PARAM NAME : [dbo]   VAL : [SABOK38]
 PARAM NAME : [apply_no]   VAL : [2021010030]
 PARAM NAME : [empl_no]   VAL : [11900713]
 PARAM NAME : [bugt_cd]   VAL : [S02800]
 PARAM NAME : [slip_no]   VAL : [20210109S0001]
 PARAM NAME : [sys_reg_id]   VAL : [11900713]
2021-01-09 10:39:14 오전 DEBUG [egovframework.cbiz.service.impl.CommDBDAO] {call PR_BOKTB_MAST01_LIST (? ,? ,? ,? ,? ,? ,? ,? ,? ,? ,? ,? ,? ,? ,? )}
 PARAM NAME : [action_type]   VAL : [LIST001]
 PARAM NAME : [dbo]   VAL : [SABOK38]
 PARAM NAME : [param01]   VAL : [S00300]
 PARAM NAME : [param06]   VAL : [11900713]
2021-01-09 10:39:14 오전 DEBUG [egovframework.cbiz.service.impl.CommDBDAO] {call PR_COMTB_CODE02_LIST (? ,? ,? ,? ,? ,? ,? ,? ,? ,? ,? ,? ,? ,? )}
 PARAM NAME : [action_type]   VAL : [LISTCODE]
 PARAM NAME : [param01]   VAL : [sign_status]
2021-01-09 10:39:14 오전 DEBUG [egovframework.cbiz.service.impl.CommDBDAO] {call PR_BUDTB_CODE01 (? ,? ,? ,? ,? ,? ,? ,? ,? ,? ,? ,? ,? )}
 PARAM NAME : [action_type]   VAL : [SELECT]
 PARAM NAME : [dbo]   VAL : [SABOK38]
 PARAM NAME : [bugt_cd]   VAL : [S00300]
 PARAM NAME : [sys_reg_id]   VAL : [11900713]
2021-01-09 10:39:14 오전 DEBUG [egovframework.cbiz.service.impl.CommDBDAO] {call PR_INSTB_EMPL01 (? ,? ,? ,? ,? ,? ,? ,? ,? ,? ,? ,? ,? ,? ,? ,? ,? ,? ,? ,? ,? ,? ,? ,? ,? ,? ,? ,? ,? ,? ,? ,? ,? )}
 PARAM NAME : [action_type]   VAL : [SELECT]
 PARAM NAME : [dbo]   VAL : [SABOK38]
 PARAM NAME : [empl_no]   VAL : [11900713]
 PARAM NAME : [connect_ip]   VAL : [122.39.25.224]
 PARAM NAME : [sys_reg_id]   VAL : [11900713]
2021-01-09 10:39:14 오전 DEBUG [egovframework.cbiz.service.impl.CommDBDAO] {call PR_COMTB_CODE02_LIST (? ,? ,? ,? ,? ,? ,? ,? ,? ,? ,? ,? ,? ,? )}
 PARAM NAME : [action_type]   VAL : [MULTCODE]
 PARAM NAME : [param01]   VAL : [school_flag|bank_cd@@@@A|family_rel_cd|]
2021-01-09 10:39:14 오전 DEBUG [egovframework.cbiz.service.impl.CommDBDAO] {call PR_INSTB_EMPL12_LIST (? ,? ,? ,? ,? ,? ,? ,? ,? ,? ,? ,? ,? ,? ,? )}
 PARAM NAME : [action_type]   VAL : [LISTCODE]
 PARAM NAME : [dbo]   VAL : [SABOK38]
 PARAM NAME : [param01]   VAL : [11900713]
 PARAM NAME : [param02]   VAL : [00]
2021-01-09 10:39:18 오전 DEBUG [egovframework.cbiz.service.impl.CommDBDAO] {call PR_BOKTB_MAST01_LIST (? ,? ,? ,? ,? ,? ,? ,? ,? ,? ,? ,? ,? ,? ,? )}
 PARAM NAME : [action_type]   VAL : [LIST001]
 PARAM NAME : [dbo]   VAL : [SABOK38]
 PARAM NAME : [param01]   VAL : [S00900]
 PARAM NAME : [param06]   VAL : [11900713]
2021-01-09 10:39:18 오전 DEBUG [egovframework.cbiz.service.impl.CommDBDAO] {call PR_COMTB_CODE02_LIST (? ,? ,? ,? ,? ,? ,? ,? ,? ,? ,? ,? ,? ,? )}
 PARAM NAME : [action_type]   VAL : [LISTCODE]
 PARAM NAME : [param01]   VAL : [sign_status]
2021-01-09 10:39:18 오전 DEBUG [egovframework.cbiz.service.impl.CommDBDAO] {call PR_BUDTB_CODE01 (? ,? ,? ,? ,? ,? ,? ,? ,? ,? ,? ,? ,? )}
 PARAM NAME : [action_type]   VAL : [SELECT]
 PARAM NAME : [dbo]   VAL : [SABOK38]
 PARAM NAME : [bugt_cd]   VAL : [S00900]
 PARAM NAME : [sys_reg_id]   VAL : [11900713]
2021-01-09 10:39:18 오전 DEBUG [egovframework.cbiz.service.impl.CommDBDAO] {call PR_INSTB_EMPL01 (? ,? ,? ,? ,? ,? ,? ,? ,? ,? ,? ,? ,? ,? ,? ,? ,? ,? ,? ,? ,? ,? ,? ,? ,? ,? ,? ,? ,? ,? ,? ,? ,? )}
 PARAM NAME : [action_type]   VAL : [SELECT]
 PARAM NAME : [dbo]   VAL : [SABOK38]
 PARAM NAME : [empl_no]   VAL : [11900713]
 PARAM NAME : [connect_ip]   VAL : [122.39.25.224]
 PARAM NAME : [sys_reg_id]   VAL : [11900713]
2021-01-09 10:39:18 오전 DEBUG [egovframework.cbiz.service.impl.CommDBDAO] {call PR_COMTB_CODE02_LIST (? ,? ,? ,? ,? ,? ,? ,? ,? ,? ,? ,? ,? ,? )}
 PARAM NAME : [action_type]   VAL : [MULTCODE]
 PARAM NAME : [param01]   VAL : [family_rel_cd|bank_cd@@@@A|]
2021-01-09 10:39:34 오전 DEBUG [egovframework.cbiz.service.impl.CommDBDAO] {call PR_COMTB_NOTI01_LIST (? ,? ,? ,? ,? ,? ,? ,? ,? ,? ,? ,? ,? ,? ,? )}
 PARAM NAME : [action_type]   VAL : [LIST002]
 PARAM NAME : [dbo]   VAL : [SABOK38]
2021-01-09 10:39:39 오전 DEBUG [egovframework.cbiz.service.impl.CommDBDAO] {call PR_COMTB_CORP01 (? ,? ,? ,? ,? ,? ,? ,? ,? ,? ,? ,? ,? ,? ,? ,? ,? ,? ,? ,? ,? ,? ,? ,? ,? ,? ,? ,? ,? ,? ,? ,? ,? ,? ,? ,? ,? ,? ,? ,? ,? ,? ,? ,? ,? ,? ,? ,? ,? ,? ,? ,? ,? ,? ,? ,? ,? )}
 PARAM NAME : [action_type]   VAL : [SELECT]
 PARAM NAME : [dbo]   VAL : [SABOK38]
 PARAM NAME : [corp_cd]   VAL : [SABOK38]
 PARAM NAME : [sys_reg_id]   VAL : [11900713]
2021-01-09 10:39:39 오전 DEBUG [egovframework.cbiz.service.impl.CommDBDAO] {call PR_COMTB_MESG02 (? ,? ,? ,? ,? ,? ,? ,? ,? ,? ,? ,? ,? ,? )}
 PARAM NAME : [action_type]   VAL : [SELECT_RECEIVE_COUNT]
 PARAM NAME : [dbo]   VAL : [SABOK38]
 PARAM NAME : [sign_empl_no]   VAL : [11900713]
 PARAM NAME : [sys_reg_id]   VAL : [11900713]
2021-01-09 10:39:39 오전 DEBUG [egovframework.cbiz.service.impl.CommDBDAO] {call PR_INSTB_EMPL01 (? ,? ,? ,? ,? ,? ,? ,? ,? ,? ,? ,? ,? ,? ,? ,? ,? ,? ,? ,? ,? ,? ,? ,? ,? ,? ,? ,? ,? ,? ,? ,? ,? )}
 PARAM NAME : [action_type]   VAL : [SELECT]
 PARAM NAME : [dbo]   VAL : [SABOK38]
 PARAM NAME : [empl_no]   VAL : [11900713]
 PARAM NAME : [connect_ip]   VAL : [122.39.25.224]
 PARAM NAME : [sys_reg_id]   VAL : [11900713]
2021-01-09 10:39:39 오전 DEBUG [egovframework.cbiz.service.impl.CommDBDAO] {call PR_COMTB_NOTI01_LIST (? ,? ,? ,? ,? ,? ,? ,? ,? ,? ,? ,? ,? ,? ,? )}
 PARAM NAME : [action_type]   VAL : [LIST002]
 PARAM NAME : [dbo]   VAL : [SABOK38]
2021-01-09 10:39:39 오전 DEBUG [egovframework.cbiz.service.impl.CommDBDAO] {call PR_COMTB_MESG01_LIST (? ,? ,? ,? ,? ,? ,? ,? ,? ,? ,? ,? ,? ,? ,? )}
 PARAM NAME : [action_type]   VAL : [LIST001]
 PARAM NAME : [dbo]   VAL : [SABOK38]
 PARAM NAME : [param01]   VAL : [11900713]
 PARAM NAME : [param07]   VAL : [1,2]
2021-01-09 10:39:39 오전 DEBUG [egovframework.cbiz.service.impl.CommDBDAO] {call PR_BOKTB_MAST01_LIST (? ,? ,? ,? ,? ,? ,? ,? ,? ,? ,? ,? ,? ,? ,? )}
 PARAM NAME : [action_type]   VAL : [LIST004]
 PARAM NAME : [dbo]   VAL : [SABOK38]
 PARAM NAME : [param01]   VAL : [11900713]
 PARAM NAME : [param07]   VAL : [1,2]
2021-01-09 10:39:39 오전 DEBUG [egovframework.cbiz.service.impl.CommDBDAO] {call PR_SYSTB_MEMO01_LIST (? ,? ,? ,? ,? ,? ,? ,? ,? ,? ,? ,? ,? ,? ,? )}
 PARAM NAME : [action_type]   VAL : [LIST002]
 PARAM NAME : [dbo]   VAL : [SABOK38]
 PARAM NAME : [param01]   VAL : [11900713]
 PARAM NAME : [param02]   VAL : [202101]
 PARAM NAME : [param07]   VAL : [1,2]
2021-01-09 10:39:39 오전 DEBUG [egovframework.cbiz.service.impl.CommDBDAO] {call PR_SYSTB_DATE01 (? ,? ,? ,? ,? ,? ,? ,? )}
 PARAM NAME : [action_type]   VAL : [SELECT_WEEKLY]
 PARAM NAME : [dbo]   VAL : [SABOK38]
 PARAM NAME : [sys_ymd]   VAL : [20210109]
 PARAM NAME : [sys_reg_id]   VAL : [11900713]
2021-01-09 10:39:41 오전 DEBUG [egovframework.cbiz.service.impl.CommDBDAO] {call PR_BUDTB_CODE01_LIST (? ,? ,? ,? ,? ,? ,? ,? ,? ,? ,? ,? ,? ,? ,? )}
 PARAM NAME : [action_type]   VAL : [LIST001]
 PARAM NAME : [dbo]   VAL : [SABOK38]
2021-01-09 10:40:20 오전 DEBUG [egovframework.cbiz.service.impl.CommDBDAO] {call PR_COMTB_MESG02 (? ,? ,? ,? ,? ,? ,? ,? ,? ,? ,? ,? ,? ,? )}
 PARAM NAME : [action_type]   VAL : [SELECT_RECEIVE_COUNT]
 PARAM NAME : [dbo]   VAL : [SABOK38]
 PARAM NAME : [sign_empl_no]   VAL : [11900713]
 PARAM NAME : [sys_reg_id]   VAL : [11900713]
2021-01-09 10:40:20 오전 DEBUG [egovframework.cbiz.service.impl.CommDBDAO] {call PR_COMTB_CODE02_LIST (? ,? ,? ,? ,? ,? ,? ,? ,? ,? ,? ,? ,? ,? )}
 PARAM NAME : [action_type]   VAL : [LISTCODE]
 PARAM NAME : [param01]   VAL : [msg_type]
2021-01-09 10:40:23 오전 DEBUG [egovframework.cbiz.service.impl.CommDBDAO] {call PR_COMTB_MESG02 (? ,? ,? ,? ,? ,? ,? ,? ,? ,? ,? ,? ,? ,? )}
 PARAM NAME : [action_type]   VAL : [SELECT_RECEIVE_COUNT]
 PARAM NAME : [dbo]   VAL : [SABOK38]
 PARAM NAME : [sign_empl_no]   VAL : [11900713]
 PARAM NAME : [sys_reg_id]   VAL : [11900713]
2021-01-09 10:40:23 오전 DEBUG [egovframework.cbiz.service.impl.CommDBDAO] {call PR_COMTB_CODE02_LIST (? ,? ,? ,? ,? ,? ,? ,? ,? ,? ,? ,? ,? ,? )}
 PARAM NAME : [action_type]   VAL : [LISTCODE]
 PARAM NAME : [param01]   VAL : [msg_type]
2021-01-09 10:40:25 오전 DEBUG [egovframework.cbiz.service.impl.CommDBDAO] {call PR_COMTB_MESG01_LIST (? ,? ,? ,? ,? ,? ,? ,? ,? ,? ,? ,? ,? ,? ,? )}
 PARAM NAME : [action_type]   VAL : [LIST003]
 PARAM NAME : [dbo]   VAL : [SABOK38]
 PARAM NAME : [param01]   VAL : [11900713]
 PARAM NAME : [param03]   VAL : [20201209]
 PARAM NAME : [param04]   VAL : [20210109]
 PARAM NAME : [param07]   VAL : [2]
2021-01-09 10:40:25 오전 DEBUG [egovframework.cbiz.service.impl.CommDBDAO] {call PR_COMTB_CODE02_LIST (? ,? ,? ,? ,? ,? ,? ,? ,? ,? ,? ,? ,? ,? )}
 PARAM NAME : [action_type]   VAL : [LISTCODE]
 PARAM NAME : [param01]   VAL : [msg_type]
2021-01-09 10:40:25 오전 DEBUG [egovframework.cbiz.service.impl.CommDBDAO] {call PR_COMTB_MESG01 (? ,? ,? ,? ,? ,? ,? ,? ,? ,? ,? ,? ,? ,? ,? ,? ,? ,? ,? )}
 PARAM NAME : [action_type]   VAL : [SELECT]
 PARAM NAME : [dbo]   VAL : [SABOK38]
 PARAM NAME : [msg_no]   VAL : [202101090001]
 PARAM NAME : [sys_reg_id]   VAL : [11900713]
2021-01-09 10:40:25 오전 DEBUG [egovframework.cbiz.service.impl.CommDBDAO] {call PR_COMTB_FILE01_LIST (? ,? ,? ,? ,? ,? ,? ,? ,? ,? ,? ,? ,? ,? )}
 PARAM NAME : [action_type]   VAL : [LIST001]
 PARAM NAME : [param01]   VAL : [SABOK38.COMTB_MESG01]
 PARAM NAME : [param02]   VAL : [202101090001]
2021-01-09 10:40:25 오전 DEBUG [egovframework.cbiz.service.impl.CommDBDAO] {call PR_COMTB_MESG02_LIST (? ,? ,? ,? ,? ,? ,? ,? ,? ,? ,? ,? ,? ,? ,? )}
 PARAM NAME : [action_type]   VAL : [LIST001]
 PARAM NAME : [dbo]   VAL : [SABOK38]
 PARAM NAME : [param01]   VAL : [202101090001]
2021-01-09 10:40:25 오전 DEBUG [egovframework.cbiz.service.impl.CommDBDAO] {call PR_REPORT_SQL (? ,? ,? ,? ,? ,? ,? ,? ,? ,? ,? ,? ,? ,? ,? )}
 PARAM NAME : [action_type]   VAL : [SGN01002]
 PARAM NAME : [dbo]   VAL : [SABOK38]
 PARAM NAME : [param01]   VAL : [202101090001]
2021-01-09 10:40:25 오전 DEBUG [egovframework.cbiz.service.impl.CommDBDAO] {call PR_COMTB_MESG02_LIST (? ,? ,? ,? ,? ,? ,? ,? ,? ,? ,? ,? ,? ,? ,? )}
 PARAM NAME : [action_type]   VAL : [LIST001]
 PARAM NAME : [dbo]   VAL : [SABOK38]
 PARAM NAME : [param01]   VAL : [202101090001]
2021-01-09 15:13:37 오후 DEBUG [egovframework.ubiz.web.abstractController] java.lang.NullPointerException
	at egovframework.ubiz.web.menuController.mainFrame(menuController.java:58)
	at sun.reflect.GeneratedMethodAccessor74.invoke(Unknown Source)
	at sun.reflect.DelegatingMethodAccessorImpl.invoke(Unknown Source)
	at java.lang.reflect.Method.invoke(Unknown Source)
	at org.springframework.web.method.support.InvocableHandlerMethod.doInvoke(InvocableHandlerMethod.java:222)
	at org.springframework.web.method.support.InvocableHandlerMethod.invokeForRequest(InvocableHandlerMethod.java:137)
	at org.springframework.web.servlet.mvc.method.annotation.ServletInvocableHandlerMethod.invokeAndHandle(ServletInvocableHandlerMethod.java:110)
	at org.springframework.web.servlet.mvc.method.annotation.RequestMappingHandlerAdapter.invokeHandlerMethod(RequestMappingHandlerAdapter.java:814)
	at org.springframework.web.servlet.mvc.method.annotation.RequestMappingHandlerAdapter.handleInternal(RequestMappingHandlerAdapter.java:737)
	at org.springframework.web.servlet.mvc.method.AbstractHandlerMethodAdapter.handle(AbstractHandlerMethodAdapter.java:85)
	at org.springframework.web.servlet.DispatcherServlet.doDispatch(DispatcherServlet.java:959)
	at org.springframework.web.servlet.DispatcherServlet.doService(DispatcherServlet.java:893)
	at org.springframework.web.servlet.FrameworkServlet.processRequest(FrameworkServlet.java:970)
	at org.springframework.web.servlet.FrameworkServlet.doGet(FrameworkServlet.java:861)
	at javax.servlet.http.HttpServlet.service(HttpServlet.java:622)
	at org.springframework.web.servlet.FrameworkServlet.service(FrameworkServlet.java:846)
	at javax.servlet.http.HttpServlet.service(HttpServlet.java:729)
	at org.apache.catalina.core.ApplicationFilterChain.internalDoFilter(ApplicationFilterChain.java:292)
	at org.apache.catalina.core.ApplicationFilterChain.doFilter(ApplicationFilterChain.java:207)
	at org.apache.tomcat.websocket.server.WsFilter.doFilter(WsFilter.java:52)
	at org.apache.catalina.core.ApplicationFilterChain.internalDoFilter(ApplicationFilterChain.java:240)
	at org.apache.catalina.core.ApplicationFilterChain.doFilter(ApplicationFilterChain.java:207)
	at com.opensymphony.sitemesh.webapp.SiteMeshFilter.obtainContent(SiteMeshFilter.java:129)
	at com.opensymphony.sitemesh.webapp.SiteMeshFilter.doFilter(SiteMeshFilter.java:77)
	at org.apache.catalina.core.ApplicationFilterChain.internalDoFilter(ApplicationFilterChain.java:240)
	at org.apache.catalina.core.ApplicationFilterChain.doFilter(ApplicationFilterChain.java:207)
	at egovframework.rte.ptl.mvc.filter.HTMLTagFilter.doFilter(HTMLTagFilter.java:52)
	at org.apache.catalina.core.ApplicationFilterChain.internalDoFilter(ApplicationFilterChain.java:240)
	at org.apache.catalina.core.ApplicationFilterChain.doFilter(ApplicationFilterChain.java:207)
	at org.springframework.web.filter.CharacterEncodingFilter.doFilterInternal(CharacterEncodingFilter.java:121)
	at org.springframework.web.filter.OncePerRequestFilter.doFilter(OncePerRequestFilter.java:107)
	at org.apache.catalina.core.ApplicationFilterChain.internalDoFilter(ApplicationFilterChain.java:240)
	at org.apache.catalina.core.ApplicationFilterChain.doFilter(ApplicationFilterChain.java:207)
	at egovframework.cbiz.CORSFilter.doFilter(CORSFilter.java:24)
	at org.apache.catalina.core.ApplicationFilterChain.internalDoFilter(ApplicationFilterChain.java:240)
	at org.apache.catalina.core.ApplicationFilterChain.doFilter(ApplicationFilterChain.java:207)
	at org.apache.catalina.core.StandardWrapperValve.invoke(StandardWrapperValve.java:212)
	at org.apache.catalina.core.StandardContextValve.invoke(StandardContextValve.java:94)
	at org.apache.catalina.authenticator.AuthenticatorBase.invoke(AuthenticatorBase.java:504)
	at org.apache.catalina.core.StandardHostValve.invoke(StandardHostValve.java:141)
	at org.apache.catalina.valves.ErrorReportValve.invoke(ErrorReportValve.java:79)
	at org.apache.catalina.valves.AbstractAccessLogValve.invoke(AbstractAccessLogValve.java:620)
	at org.apache.catalina.core.StandardEngineValve.invoke(StandardEngineValve.java:88)
	at org.apache.catalina.connector.CoyoteAdapter.service(CoyoteAdapter.java:502)
	at org.apache.coyote.http11.AbstractHttp11Processor.process(AbstractHttp11Processor.java:1132)
	at org.apache.coyote.AbstractProtocol$AbstractConnectionHandler.process(AbstractProtocol.java:684)
	at org.apache.tomcat.util.net.NioEndpoint$SocketProcessor.doRun(NioEndpoint.java:1539)
	at org.apache.tomcat.util.net.NioEndpoint$SocketProcessor.run(NioEndpoint.java:1495)
	at java.util.concurrent.ThreadPoolExecutor.runWorker(Unknown Source)
	at java.util.concurrent.ThreadPoolExecutor$Worker.run(Unknown Source)
	at org.apache.tomcat.util.threads.TaskThread$WrappingRunnable.run(TaskThread.java:61)
	at java.lang.Thread.run(Unknown Source)

2021-01-09 16:46:15 오후 DEBUG [egovframework.cbiz.service.impl.CommDBDAO] {call PR_COMTB_NOTI01_LIST (? ,? ,? ,? ,? ,? ,? ,? ,? ,? ,? ,? ,? ,? ,? )}
 PARAM NAME : [action_type]   VAL : [LIST002]
2021-01-09 20:37:20 오후 DEBUG [egovframework.cbiz.service.impl.CommDBDAO] {call PR_COMTB_NOTI01_LIST (? ,? ,? ,? ,? ,? ,? ,? ,? ,? ,? ,? ,? ,? ,? )}
 PARAM NAME : [action_type]   VAL : [LIST002]
2021-01-09 20:37:33 오후 DEBUG [egovframework.cbiz.service.impl.CommDBDAO] {call PR_INSTB_EMPL01 (? ,? ,? ,? ,? ,? ,? ,? ,? ,? ,? ,? ,? ,? ,? ,? ,? ,? ,? ,? ,? ,? ,? ,? ,? ,? ,? ,? ,? ,? ,? ,? ,? )}
 PARAM NAME : [action_type]   VAL : [SELECT_LOGIN]
 PARAM NAME : [dbo]   VAL : [SABOK21]
 PARAM NAME : [user_id]   VAL : [00178]
 PARAM NAME : [pswd]   VAL : [xnTTjs1107!]
 PARAM NAME : [connect_ip]   VAL : [1.234.57.96]
2021-01-09 20:37:33 오후 DEBUG [egovframework.cbiz.service.impl.CommDBDAO] {call PR_INSTB_EMPL01 (? ,? ,? ,? ,? ,? ,? ,? ,? ,? ,? ,? ,? ,? ,? ,? ,? ,? ,? ,? ,? ,? ,? ,? ,? ,? ,? ,? ,? ,? ,? ,? ,? )}
 PARAM NAME : [action_type]   VAL : [UPDATE_CNT]
 PARAM NAME : [dbo]   VAL : [SABOK21]
 PARAM NAME : [empl_no]   VAL : [00178]
 PARAM NAME : [user_id]   VAL : [00178]
 PARAM NAME : [pswd]   VAL : [xnTTjs1107!]
 PARAM NAME : [connect_ip]   VAL : [1.234.57.96]
2021-01-09 20:37:33 오후 DEBUG [egovframework.cbiz.service.impl.CommDBDAO] {call PR_SYSTB_DATE01 (? ,? ,? ,? ,? ,? ,? ,? )}
 PARAM NAME : [action_type]   VAL : [UPDATE_CNT]
 PARAM NAME : [dbo]   VAL : [SABOK21]
2021-01-09 20:37:33 오후 DEBUG [egovframework.cbiz.service.impl.CommDBDAO] {call PR_SYSTB_MENU01_LIST (? ,? ,? ,? ,? ,? ,? ,? ,? ,? ,? ,? ,? ,? ,? )}
 PARAM NAME : [action_type]   VAL : [LIST001]
 PARAM NAME : [dbo]   VAL : [SABOK21]
 PARAM NAME : [param01]   VAL : [00178]
2021-01-09 20:37:33 오후 DEBUG [egovframework.cbiz.service.impl.CommDBDAO] {call PR_INSTB_EMPL01 (? ,? ,? ,? ,? ,? ,? ,? ,? ,? ,? ,? ,? ,? ,? ,? ,? ,? ,? ,? ,? ,? ,? ,? ,? ,? ,? ,? ,? ,? ,? ,? ,? )}
 PARAM NAME : [action_type]   VAL : [SELECT]
 PARAM NAME : [dbo]   VAL : [SABOK21]
 PARAM NAME : [empl_no]   VAL : [00178]
 PARAM NAME : [connect_ip]   VAL : [1.234.57.96]
 PARAM NAME : [sys_reg_id]   VAL : [00178]
2021-01-09 20:37:33 오후 DEBUG [egovframework.cbiz.service.impl.CommDBDAO] {call PR_COMTB_CORP01 (? ,? ,? ,? ,? ,? ,? ,? ,? ,? ,? ,? ,? ,? ,? ,? ,? ,? ,? ,? ,? ,? ,? ,? ,? ,? ,? ,? ,? ,? ,? ,? ,? ,? ,? ,? ,? ,? ,? ,? ,? ,? ,? ,? ,? ,? ,? ,? ,? ,? ,? ,? ,? ,? ,? ,? ,? )}
 PARAM NAME : [action_type]   VAL : [SELECT]
 PARAM NAME : [dbo]   VAL : [SABOK21]
 PARAM NAME : [corp_cd]   VAL : [SABOK21]
 PARAM NAME : [sys_reg_id]   VAL : [00178]
2021-01-09 20:37:33 오후 DEBUG [egovframework.cbiz.service.impl.CommDBDAO] {call PR_COMTB_NOTI01_LIST (? ,? ,? ,? ,? ,? ,? ,? ,? ,? ,? ,? ,? ,? ,? )}
 PARAM NAME : [action_type]   VAL : [LIST002]
 PARAM NAME : [dbo]   VAL : [SABOK21]
2021-01-09 20:37:33 오후 DEBUG [egovframework.cbiz.service.impl.CommDBDAO] {call PR_COMTB_MESG02 (? ,? ,? ,? ,? ,? ,? ,? ,? ,? ,? ,? ,? ,? )}
 PARAM NAME : [action_type]   VAL : [SELECT_RECEIVE_COUNT]
 PARAM NAME : [dbo]   VAL : [SABOK21]
 PARAM NAME : [sign_empl_no]   VAL : [00178]
 PARAM NAME : [sys_reg_id]   VAL : [00178]
2021-01-09 20:37:34 오후 DEBUG [egovframework.cbiz.service.impl.CommDBDAO] {call PR_COMTB_MESG01_LIST (? ,? ,? ,? ,? ,? ,? ,? ,? ,? ,? ,? ,? ,? ,? )}
 PARAM NAME : [action_type]   VAL : [LIST001]
 PARAM NAME : [dbo]   VAL : [SABOK21]
 PARAM NAME : [param01]   VAL : [00178]
 PARAM NAME : [param07]   VAL : [1,2]
2021-01-09 20:37:34 오후 DEBUG [egovframework.cbiz.service.impl.CommDBDAO] {call PR_BOKTB_MAST01_LIST (? ,? ,? ,? ,? ,? ,? ,? ,? ,? ,? ,? ,? ,? ,? )}
 PARAM NAME : [action_type]   VAL : [LIST004]
 PARAM NAME : [dbo]   VAL : [SABOK21]
 PARAM NAME : [param01]   VAL : [00178]
 PARAM NAME : [param07]   VAL : [1,2]
2021-01-09 20:37:34 오후 DEBUG [egovframework.cbiz.service.impl.CommDBDAO] {call PR_SYSTB_MEMO01_LIST (? ,? ,? ,? ,? ,? ,? ,? ,? ,? ,? ,? ,? ,? ,? )}
 PARAM NAME : [action_type]   VAL : [LIST002]
 PARAM NAME : [dbo]   VAL : [SABOK21]
 PARAM NAME : [param01]   VAL : [00178]
 PARAM NAME : [param02]   VAL : [202101]
 PARAM NAME : [param07]   VAL : [1,2]
2021-01-09 20:37:34 오후 DEBUG [egovframework.cbiz.service.impl.CommDBDAO] {call PR_SYSTB_DATE01 (? ,? ,? ,? ,? ,? ,? ,? )}
 PARAM NAME : [action_type]   VAL : [SELECT_WEEKLY]
 PARAM NAME : [dbo]   VAL : [SABOK21]
 PARAM NAME : [sys_ymd]   VAL : [20210109]
 PARAM NAME : [sys_reg_id]   VAL : [00178]
2021-01-09 20:37:36 오후 DEBUG [egovframework.cbiz.service.impl.CommDBDAO] {call PR_BUDTB_CODE01_LIST (? ,? ,? ,? ,? ,? ,? ,? ,? ,? ,? ,? ,? ,? ,? )}
 PARAM NAME : [action_type]   VAL : [LIST001]
 PARAM NAME : [dbo]   VAL : [SABOK21]
2021-01-09 20:37:42 오후 DEBUG [egovframework.cbiz.service.impl.CommDBDAO] {call PR_COMTB_MESG01_LIST (? ,? ,? ,? ,? ,? ,? ,? ,? ,? ,? ,? ,? ,? ,? )}
 PARAM NAME : [action_type]   VAL : [LIST003]
 PARAM NAME : [dbo]   VAL : [SABOK21]
 PARAM NAME : [param01]   VAL : [00178]
 PARAM NAME : [param03]   VAL : [20201209]
 PARAM NAME : [param04]   VAL : [20210109]
 PARAM NAME : [param07]   VAL : [2]
2021-01-09 20:37:42 오후 DEBUG [egovframework.cbiz.service.impl.CommDBDAO] {call PR_COMTB_CODE02_LIST (? ,? ,? ,? ,? ,? ,? ,? ,? ,? ,? ,? ,? ,? )}
 PARAM NAME : [action_type]   VAL : [LISTCODE]
 PARAM NAME : [param01]   VAL : [msg_type]
2021-01-09 20:37:43 오후 DEBUG [egovframework.cbiz.service.impl.CommDBDAO] {call PR_COMTB_MESG01 (? ,? ,? ,? ,? ,? ,? ,? ,? ,? ,? ,? ,? ,? ,? ,? ,? ,? ,? )}
 PARAM NAME : [action_type]   VAL : [SELECT]
 PARAM NAME : [dbo]   VAL : [SABOK21]
 PARAM NAME : [msg_no]   VAL : [202101070003]
 PARAM NAME : [sys_reg_id]   VAL : [00178]
2021-01-09 20:37:43 오후 DEBUG [egovframework.cbiz.service.impl.CommDBDAO] {call PR_COMTB_FILE01_LIST (? ,? ,? ,? ,? ,? ,? ,? ,? ,? ,? ,? ,? ,? )}
 PARAM NAME : [action_type]   VAL : [LIST001]
 PARAM NAME : [param01]   VAL : [SABOK21.COMTB_MESG01]
 PARAM NAME : [param02]   VAL : [202101070003]
2021-01-09 20:37:43 오후 DEBUG [egovframework.cbiz.service.impl.CommDBDAO] {call PR_COMTB_MESG02_LIST (? ,? ,? ,? ,? ,? ,? ,? ,? ,? ,? ,? ,? ,? ,? )}
 PARAM NAME : [action_type]   VAL : [LIST001]
 PARAM NAME : [dbo]   VAL : [SABOK21]
 PARAM NAME : [param01]   VAL : [202101070003]
2021-01-09 20:37:43 오후 DEBUG [egovframework.cbiz.service.impl.CommDBDAO] {call PR_REPORT_SQL (? ,? ,? ,? ,? ,? ,? ,? ,? ,? ,? ,? ,? ,? ,? )}
 PARAM NAME : [action_type]   VAL : [SGN01002]
 PARAM NAME : [dbo]   VAL : [SABOK21]
 PARAM NAME : [param01]   VAL : [202101070003]
2021-01-09 20:37:43 오후 DEBUG [egovframework.cbiz.service.impl.CommDBDAO] {call PR_COMTB_MESG02_LIST (? ,? ,? ,? ,? ,? ,? ,? ,? ,? ,? ,? ,? ,? ,? )}
 PARAM NAME : [action_type]   VAL : [LIST001]
 PARAM NAME : [dbo]   VAL : [SABOK21]
 PARAM NAME : [param01]   VAL : [202101070003]
2021-01-09 20:37:47 오후 DEBUG [egovframework.cbiz.service.impl.CommDBDAO] {call PR_COMTB_MESG01 (? ,? ,? ,? ,? ,? ,? ,? ,? ,? ,? ,? ,? ,? ,? ,? ,? ,? ,? )}
 PARAM NAME : [action_type]   VAL : [SELECT]
 PARAM NAME : [dbo]   VAL : [SABOK21]
 PARAM NAME : [msg_no]   VAL : [202101070001]
 PARAM NAME : [sys_reg_id]   VAL : [00178]
2021-01-09 20:37:47 오후 DEBUG [egovframework.cbiz.service.impl.CommDBDAO] {call PR_COMTB_FILE01_LIST (? ,? ,? ,? ,? ,? ,? ,? ,? ,? ,? ,? ,? ,? )}
 PARAM NAME : [action_type]   VAL : [LIST001]
 PARAM NAME : [param01]   VAL : [SABOK21.COMTB_MESG01]
 PARAM NAME : [param02]   VAL : [202101070001]
2021-01-09 20:37:47 오후 DEBUG [egovframework.cbiz.service.impl.CommDBDAO] {call PR_COMTB_MESG02_LIST (? ,? ,? ,? ,? ,? ,? ,? ,? ,? ,? ,? ,? ,? ,? )}
 PARAM NAME : [action_type]   VAL : [LIST001]
 PARAM NAME : [dbo]   VAL : [SABOK21]
 PARAM NAME : [param01]   VAL : [202101070001]
2021-01-09 20:37:47 오후 DEBUG [egovframework.cbiz.service.impl.CommDBDAO] {call PR_REPORT_SQL (? ,? ,? ,? ,? ,? ,? ,? ,? ,? ,? ,? ,? ,? ,? )}
 PARAM NAME : [action_type]   VAL : [SGN01002]
 PARAM NAME : [dbo]   VAL : [SABOK21]
 PARAM NAME : [param01]   VAL : [202101070001]
2021-01-09 20:37:47 오후 DEBUG [egovframework.cbiz.service.impl.CommDBDAO] {call PR_COMTB_MESG02_LIST (? ,? ,? ,? ,? ,? ,? ,? ,? ,? ,? ,? ,? ,? ,? )}
 PARAM NAME : [action_type]   VAL : [LIST001]
 PARAM NAME : [dbo]   VAL : [SABOK21]
 PARAM NAME : [param01]   VAL : [202101070001]
2021-01-09 20:37:51 오후 DEBUG [egovframework.cbiz.service.impl.CommDBDAO] {call PR_COMTB_MESG01 (? ,? ,? ,? ,? ,? ,? ,? ,? ,? ,? ,? ,? ,? ,? ,? ,? ,? ,? )}
 PARAM NAME : [action_type]   VAL : [SELECT]
 PARAM NAME : [dbo]   VAL : [SABOK21]
 PARAM NAME : [msg_no]   VAL : [202101070003]
 PARAM NAME : [sys_reg_id]   VAL : [00178]
2021-01-09 20:37:51 오후 DEBUG [egovframework.cbiz.service.impl.CommDBDAO] {call PR_COMTB_FILE01_LIST (? ,? ,? ,? ,? ,? ,? ,? ,? ,? ,? ,? ,? ,? )}
 PARAM NAME : [action_type]   VAL : [LIST001]
 PARAM NAME : [param01]   VAL : [SABOK21.COMTB_MESG01]
 PARAM NAME : [param02]   VAL : [202101070003]
2021-01-09 20:37:51 오후 DEBUG [egovframework.cbiz.service.impl.CommDBDAO] {call PR_COMTB_MESG02_LIST (? ,? ,? ,? ,? ,? ,? ,? ,? ,? ,? ,? ,? ,? ,? )}
 PARAM NAME : [action_type]   VAL : [LIST001]
 PARAM NAME : [dbo]   VAL : [SABOK21]
 PARAM NAME : [param01]   VAL : [202101070003]
2021-01-09 20:37:51 오후 DEBUG [egovframework.cbiz.service.impl.CommDBDAO] {call PR_REPORT_SQL (? ,? ,? ,? ,? ,? ,? ,? ,? ,? ,? ,? ,? ,? ,? )}
 PARAM NAME : [action_type]   VAL : [SGN01002]
 PARAM NAME : [dbo]   VAL : [SABOK21]
 PARAM NAME : [param01]   VAL : [202101070003]
2021-01-09 20:37:51 오후 DEBUG [egovframework.cbiz.service.impl.CommDBDAO] {call PR_COMTB_MESG02_LIST (? ,? ,? ,? ,? ,? ,? ,? ,? ,? ,? ,? ,? ,? ,? )}
 PARAM NAME : [action_type]   VAL : [LIST001]
 PARAM NAME : [dbo]   VAL : [SABOK21]
 PARAM NAME : [param01]   VAL : [202101070003]
