2021-02-13 18:43:52 오후 DEBUG [egovframework.cbiz.service.impl.CommDBDAO] {call PR_COMTB_NOTI01_LIST (? ,? ,? ,? ,? ,? ,? ,? ,? ,? ,? ,? ,? ,? ,? )}
 PARAM NAME : [action_type]   VAL : [LIST002]
2021-02-13 18:44:06 오후 DEBUG [egovframework.cbiz.service.impl.CommDBDAO] {call PR_INSTB_EMPL01 (? ,? ,? ,? ,? ,? ,? ,? ,? ,? ,? ,? ,? ,? ,? ,? ,? ,? ,? ,? ,? ,? ,? ,? ,? ,? ,? ,? ,? ,? ,? ,? ,? )}
 PARAM NAME : [action_type]   VAL : [SELECT_LOGIN]
 PARAM NAME : [dbo]   VAL : [SABOK06]
 PARAM NAME : [user_id]   VAL : [20190401]
 PARAM NAME : [pswd]   VAL : [20190401]
 PARAM NAME : [connect_ip]   VAL : [220.85.116.168]
2021-02-13 18:44:06 오후 DEBUG [egovframework.cbiz.service.impl.CommDBDAO] {call PR_INSTB_EMPL01 (? ,? ,? ,? ,? ,? ,? ,? ,? ,? ,? ,? ,? ,? ,? ,? ,? ,? ,? ,? ,? ,? ,? ,? ,? ,? ,? ,? ,? ,? ,? ,? ,? )}
 PARAM NAME : [action_type]   VAL : [UPDATE_CNT]
 PARAM NAME : [dbo]   VAL : [SABOK06]
 PARAM NAME : [empl_no]   VAL : [20190401]
 PARAM NAME : [user_id]   VAL : [20190401]
 PARAM NAME : [pswd]   VAL : [20190401]
 PARAM NAME : [connect_ip]   VAL : [220.85.116.168]
2021-02-13 18:44:06 오후 DEBUG [egovframework.cbiz.service.impl.CommDBDAO] {call PR_SYSTB_DATE01 (? ,? ,? ,? ,? ,? ,? ,? )}
 PARAM NAME : [action_type]   VAL : [UPDATE_CNT]
 PARAM NAME : [dbo]   VAL : [SABOK06]
2021-02-13 18:44:06 오후 DEBUG [egovframework.cbiz.service.impl.CommDBDAO] {call PR_SYSTB_MENU01_LIST (? ,? ,? ,? ,? ,? ,? ,? ,? ,? ,? ,? ,? ,? ,? )}
 PARAM NAME : [action_type]   VAL : [LIST001]
 PARAM NAME : [dbo]   VAL : [SABOK06]
 PARAM NAME : [param01]   VAL : [20190401]
2021-02-13 18:44:07 오후 DEBUG [egovframework.cbiz.service.impl.CommDBDAO] {call PR_COMTB_CORP01 (? ,? ,? ,? ,? ,? ,? ,? ,? ,? ,? ,? ,? ,? ,? ,? ,? ,? ,? ,? ,? ,? ,? ,? ,? ,? ,? ,? ,? ,? ,? ,? ,? ,? ,? ,? ,? ,? ,? ,? ,? ,? ,? ,? ,? ,? ,? ,? ,? ,? ,? ,? ,? ,? ,? ,? ,? )}
 PARAM NAME : [action_type]   VAL : [SELECT]
 PARAM NAME : [dbo]   VAL : [SABOK06]
 PARAM NAME : [corp_cd]   VAL : [SABOK06]
 PARAM NAME : [sys_reg_id]   VAL : [20190401]
2021-02-13 18:44:07 오후 DEBUG [egovframework.cbiz.service.impl.CommDBDAO] {call PR_INSTB_EMPL01 (? ,? ,? ,? ,? ,? ,? ,? ,? ,? ,? ,? ,? ,? ,? ,? ,? ,? ,? ,? ,? ,? ,? ,? ,? ,? ,? ,? ,? ,? ,? ,? ,? )}
 PARAM NAME : [action_type]   VAL : [SELECT]
 PARAM NAME : [dbo]   VAL : [SABOK06]
 PARAM NAME : [empl_no]   VAL : [20190401]
 PARAM NAME : [connect_ip]   VAL : [220.85.116.168]
 PARAM NAME : [sys_reg_id]   VAL : [20190401]
2021-02-13 18:44:07 오후 DEBUG [egovframework.cbiz.service.impl.CommDBDAO] {call PR_COMTB_NOTI01_LIST (? ,? ,? ,? ,? ,? ,? ,? ,? ,? ,? ,? ,? ,? ,? )}
 PARAM NAME : [action_type]   VAL : [LIST002]
 PARAM NAME : [dbo]   VAL : [SABOK06]
2021-02-13 18:44:07 오후 DEBUG [egovframework.cbiz.service.impl.CommDBDAO] {call PR_COMTB_MESG02 (? ,? ,? ,? ,? ,? ,? ,? ,? ,? ,? ,? ,? ,? )}
 PARAM NAME : [action_type]   VAL : [SELECT_RECEIVE_COUNT]
 PARAM NAME : [dbo]   VAL : [SABOK06]
 PARAM NAME : [sign_empl_no]   VAL : [20190401]
 PARAM NAME : [sys_reg_id]   VAL : [20190401]
2021-02-13 18:44:07 오후 DEBUG [egovframework.cbiz.service.impl.CommDBDAO] {call PR_COMTB_MESG01_LIST (? ,? ,? ,? ,? ,? ,? ,? ,? ,? ,? ,? ,? ,? ,? )}
 PARAM NAME : [action_type]   VAL : [LIST001]
 PARAM NAME : [dbo]   VAL : [SABOK06]
 PARAM NAME : [param01]   VAL : [20190401]
 PARAM NAME : [param07]   VAL : [1,2]
2021-02-13 18:44:08 오후 DEBUG [egovframework.cbiz.service.impl.CommDBDAO] {call PR_BOKTB_MAST01_LIST (? ,? ,? ,? ,? ,? ,? ,? ,? ,? ,? ,? ,? ,? ,? )}
 PARAM NAME : [action_type]   VAL : [LIST004]
 PARAM NAME : [dbo]   VAL : [SABOK06]
 PARAM NAME : [param01]   VAL : [20190401]
 PARAM NAME : [param07]   VAL : [1,2]
2021-02-13 18:44:08 오후 DEBUG [egovframework.cbiz.service.impl.CommDBDAO] {call PR_SYSTB_MEMO01_LIST (? ,? ,? ,? ,? ,? ,? ,? ,? ,? ,? ,? ,? ,? ,? )}
 PARAM NAME : [action_type]   VAL : [LIST002]
 PARAM NAME : [dbo]   VAL : [SABOK06]
 PARAM NAME : [param01]   VAL : [20190401]
 PARAM NAME : [param02]   VAL : [202102]
 PARAM NAME : [param07]   VAL : [1,2]
2021-02-13 18:44:08 오후 DEBUG [egovframework.cbiz.service.impl.CommDBDAO] {call PR_SYSTB_DATE01 (? ,? ,? ,? ,? ,? ,? ,? )}
 PARAM NAME : [action_type]   VAL : [SELECT_WEEKLY]
 PARAM NAME : [dbo]   VAL : [SABOK06]
 PARAM NAME : [sys_ymd]   VAL : [20210213]
 PARAM NAME : [sys_reg_id]   VAL : [20190401]
2021-02-13 18:44:09 오후 DEBUG [egovframework.cbiz.service.impl.CommDBDAO] {call PR_BUDTB_CODE01_LIST (? ,? ,? ,? ,? ,? ,? ,? ,? ,? ,? ,? ,? ,? ,? )}
 PARAM NAME : [action_type]   VAL : [LIST001]
 PARAM NAME : [dbo]   VAL : [SABOK06]
2021-02-13 18:44:18 오후 DEBUG [egovframework.cbiz.service.impl.CommDBDAO] {call PR_BOKTB_MAST01_LIST (? ,? ,? ,? ,? ,? ,? ,? ,? ,? ,? ,? ,? ,? ,? )}
 PARAM NAME : [action_type]   VAL : [LIST001]
 PARAM NAME : [dbo]   VAL : [SABOK06]
 PARAM NAME : [param01]   VAL : [S02600]
 PARAM NAME : [param06]   VAL : [20190401]
2021-02-13 18:44:18 오후 DEBUG [egovframework.cbiz.service.impl.CommDBDAO] {call PR_COMTB_CODE02_LIST (? ,? ,? ,? ,? ,? ,? ,? ,? ,? ,? ,? ,? ,? )}
 PARAM NAME : [action_type]   VAL : [LISTCODE]
 PARAM NAME : [param01]   VAL : [sign_status]
2021-02-13 18:44:18 오후 DEBUG [egovframework.cbiz.service.impl.CommDBDAO] {call PR_BUDTB_CODE01 (? ,? ,? ,? ,? ,? ,? ,? ,? ,? ,? ,? ,? )}
 PARAM NAME : [action_type]   VAL : [SELECT]
 PARAM NAME : [dbo]   VAL : [SABOK06]
 PARAM NAME : [bugt_cd]   VAL : [S02600]
 PARAM NAME : [sys_reg_id]   VAL : [20190401]
2021-02-13 18:44:18 오후 DEBUG [egovframework.cbiz.service.impl.CommDBDAO] {call PR_INSTB_EMPL01 (? ,? ,? ,? ,? ,? ,? ,? ,? ,? ,? ,? ,? ,? ,? ,? ,? ,? ,? ,? ,? ,? ,? ,? ,? ,? ,? ,? ,? ,? ,? ,? ,? )}
 PARAM NAME : [action_type]   VAL : [SELECT]
 PARAM NAME : [dbo]   VAL : [SABOK06]
 PARAM NAME : [empl_no]   VAL : [20190401]
 PARAM NAME : [connect_ip]   VAL : [220.85.116.168]
 PARAM NAME : [sys_reg_id]   VAL : [20190401]
2021-02-13 18:44:18 오후 DEBUG [egovframework.cbiz.service.impl.CommDBDAO] {call PR_COMTB_CODE02_LIST (? ,? ,? ,? ,? ,? ,? ,? ,? ,? ,? ,? ,? ,? )}
 PARAM NAME : [action_type]   VAL : [MULTCODE]
 PARAM NAME : [param01]   VAL : [tel_no|bank_cd@@@@A|]
2021-02-13 18:44:19 오후 DEBUG [egovframework.cbiz.service.impl.CommDBDAO] {call PR_BOKTB_MAST01 (? ,? ,? ,? ,? ,? ,? ,? ,? ,? ,? ,? ,? ,? ,? ,? ,? ,? ,? ,? ,? ,? ,? ,? ,? ,? ,? ,? ,? )}
 PARAM NAME : [action_type]   VAL : [SELECT]
 PARAM NAME : [dbo]   VAL : [SABOK06]
 PARAM NAME : [apply_no]   VAL : [2021020010]
 PARAM NAME : [bugt_cd]   VAL : [S02600]
 PARAM NAME : [sys_reg_id]   VAL : [20190401]
2021-02-13 18:44:22 오후 DEBUG [egovframework.cbiz.service.impl.CommDBDAO] {call PR_BUDTB_CODE01 (? ,? ,? ,? ,? ,? ,? ,? ,? ,? ,? ,? ,? )}
 PARAM NAME : [action_type]   VAL : [SELECT]
 PARAM NAME : [dbo]   VAL : [SABOK06]
 PARAM NAME : [bugt_cd]   VAL : [S02600]
 PARAM NAME : [sys_reg_id]   VAL : [20190401]
2021-02-13 18:44:22 오후 DEBUG [egovframework.cbiz.service.impl.CommDBDAO] {call PR_BOKTB_MAST01 (? ,? ,? ,? ,? ,? ,? ,? ,? ,? ,? ,? ,? ,? ,? ,? ,? ,? ,? ,? ,? ,? ,? ,? ,? ,? ,? ,? ,? )}
 PARAM NAME : [action_type]   VAL : [SELECT]
 PARAM NAME : [dbo]   VAL : [SABOK06]
 PARAM NAME : [apply_no]   VAL : [2021020010]
 PARAM NAME : [empl_no]   VAL : [20190401]
 PARAM NAME : [bugt_cd]   VAL : [S02600]
 PARAM NAME : [slip_no]   VAL : [20210210S0001]
 PARAM NAME : [sys_reg_id]   VAL : [20190401]
2021-02-13 18:44:22 오후 DEBUG [egovframework.cbiz.service.impl.CommDBDAO] {call PR_COMTB_CODE02_LIST (? ,? ,? ,? ,? ,? ,? ,? ,? ,? ,? ,? ,? ,? )}
 PARAM NAME : [action_type]   VAL : [MULTCODE]
 PARAM NAME : [param01]   VAL : [tel_no|bank_cd@@@@A|]
2021-02-13 18:45:07 오후 DEBUG [egovframework.cbiz.service.impl.CommDBDAO] {call PR_BOKTB_MAST01 (? ,? ,? ,? ,? ,? ,? ,? ,? ,? ,? ,? ,? ,? ,? ,? ,? ,? ,? ,? ,? ,? ,? ,? ,? ,? ,? ,? ,? )}
 PARAM NAME : [action_type]   VAL : [UPDATE]
 PARAM NAME : [dbo]   VAL : [SABOK06]
 PARAM NAME : [apply_no]   VAL : [2021020010]
 PARAM NAME : [empl_no]   VAL : [20190401]
 PARAM NAME : [bugt_cd]   VAL : [S02600]
 PARAM NAME : [apply_ymd]   VAL : [20210210]
 PARAM NAME : [apply_amt]   VAL : [72000]
 PARAM NAME : [data01]   VAL : [조원초등학교 수영장 자유수영 10회 쿠폰]
 PARAM NAME : [data02]   VAL : [(주)한국생존수영교육연맹]
 PARAM NAME : [data03]   VAL : [02-857-9400]
 PARAM NAME : [data04]   VAL : [서울시 관악구 조원로 67 조원초등학교 지하1층 수영장]
 PARAM NAME : [data05]   VAL : [20210210]
 PARAM NAME : [data06]   VAL : [20210227]
 PARAM NAME : [data07]   VAL : [18]
 PARAM NAME : [data08]   VAL : [72000]
 PARAM NAME : [bank_cd]   VAL : [308]
 PARAM NAME : [account_no]   VAL : [110307352790]
 PARAM NAME : [account_owner]   VAL : [박동주]
 PARAM NAME : [etc_remark]   VAL : [체력단련비 지원 신청 / 복지카드 결제]
 PARAM NAME : [slip_no]   VAL : [20210210S0001]
 PARAM NAME : [sys_reg_id]   VAL : [20190401]
2021-02-13 18:45:08 오후 DEBUG [egovframework.cbiz.service.impl.CommDBDAO] {call PR_AUTO_SLIP (? ,? ,? ,? ,? ,? ,? ,? ,? ,? ,? )}
 PARAM NAME : [action_type]   VAL : [BOKTB_MAST01]
 PARAM NAME : [dbo]   VAL : [SABOK06]
 PARAM NAME : [slip_no]   VAL : [20210210S0001]
 PARAM NAME : [search_key]   VAL : [2021020010]
 PARAM NAME : [account_no]   VAL : [110307352790]
 PARAM NAME : [sys_reg_id]   VAL : [20190401]
2021-02-13 18:45:08 오후 DEBUG [egovframework.cbiz.service.impl.CommDBDAO] {call PR_BOKTB_MAST01_LIST (? ,? ,? ,? ,? ,? ,? ,? ,? ,? ,? ,? ,? ,? ,? )}
 PARAM NAME : [action_type]   VAL : [LIST001]
 PARAM NAME : [dbo]   VAL : [SABOK06]
 PARAM NAME : [param01]   VAL : [S02600]
 PARAM NAME : [param04]   VAL : [1]
 PARAM NAME : [param06]   VAL : [20190401]
2021-02-13 18:45:08 오후 DEBUG [egovframework.cbiz.service.impl.CommDBDAO] {call PR_BOKTB_MAST01 (? ,? ,? ,? ,? ,? ,? ,? ,? ,? ,? ,? ,? ,? ,? ,? ,? ,? ,? ,? ,? ,? ,? ,? ,? ,? ,? ,? ,? )}
 PARAM NAME : [action_type]   VAL : [SELECT]
 PARAM NAME : [dbo]   VAL : [SABOK06]
 PARAM NAME : [apply_no]   VAL : [2021020010]
 PARAM NAME : [bugt_cd]   VAL : [S02600]
 PARAM NAME : [sys_reg_id]   VAL : [20190401]
2021-02-13 18:46:20 오후 DEBUG [egovframework.cbiz.service.impl.CommDBDAO] {call PR_COMTB_MESG01 (? ,? ,? ,? ,? ,? ,? ,? ,? ,? ,? ,? ,? ,? ,? ,? ,? ,? ,? )}
 PARAM NAME : [action_type]   VAL : [SIGN_REQUEST]
 PARAM NAME : [dbo]   VAL : [SABOK06]
 PARAM NAME : [msg_type]   VAL : [SLP002]
 PARAM NAME : [search_key]   VAL : [ACCTB_SLIP01|20210210S0001|2021020010|S02600]
 PARAM NAME : [subject]   VAL : [체력단련비 신청(박동주)]
 PARAM NAME : [send_empl_no]   VAL : [20190401]
 PARAM NAME : [opinion]   VAL : [체력단련비 신청(박동주)<br>- 신청일자 : 2021-02-10<br>- 신청금액 : 72,000원<br>- 비고 : 체력단련비 지원 신청 / 복지카드 결제]
 PARAM NAME : [open_scope]   VAL : [4]
 PARAM NAME : [sys_reg_id]   VAL : [20190401]
2021-02-13 18:46:21 오후 DEBUG [egovframework.cbiz.service.impl.CommDBDAO] {call PR_BOKTB_MAST01_LIST (? ,? ,? ,? ,? ,? ,? ,? ,? ,? ,? ,? ,? ,? ,? )}
 PARAM NAME : [action_type]   VAL : [LIST001]
 PARAM NAME : [dbo]   VAL : [SABOK06]
 PARAM NAME : [param01]   VAL : [S02600]
 PARAM NAME : [param04]   VAL : [1]
 PARAM NAME : [param06]   VAL : [20190401]
2021-02-13 18:46:21 오후 DEBUG [egovframework.cbiz.service.impl.CommDBDAO] {call PR_BOKTB_MAST01 (? ,? ,? ,? ,? ,? ,? ,? ,? ,? ,? ,? ,? ,? ,? ,? ,? ,? ,? ,? ,? ,? ,? ,? ,? ,? ,? ,? ,? )}
 PARAM NAME : [action_type]   VAL : [SELECT]
 PARAM NAME : [dbo]   VAL : [SABOK06]
 PARAM NAME : [apply_no]   VAL : [2021020010]
 PARAM NAME : [bugt_cd]   VAL : [S02600]
 PARAM NAME : [sys_reg_id]   VAL : [20190401]
